<?xml version="1.0" encoding="UTF-8"?>
<testsuites name="jest tests" tests="1512" failures="0" time="213.851">
  <testsuite name="apps/comphub/app/_main/containers/cards/data/data.card.component.spec.ts" errors="0" failures="0" skipped="0" timestamp="2019-08-05T19:47:19" time="45.267" tests="18">
    <testcase classname="Comphub - Main - Data Card Component should dispatch GetQuickPriceMarketData action when loading job results" name="Comphub - Main - Data Card Component should dispatch GetQuickPriceMarketData action when loading job results" time="0.93">
    </testcase>
    <testcase classname="Comphub - Main - Data Card Component should dispatch GetQuickPriceMarketData action when page changed" name="Comphub - Main - Data Card Component should dispatch GetQuickPriceMarketData action when page changed" time="1.334">
    </testcase>
    <testcase classname="Comphub - Main - Data Card Component should dispatch GetQuickPriceMarketData action when navigating to data page" name="Comphub - Main - Data Card Component should dispatch GetQuickPriceMarketData action when navigating to data page" time="0.276">
    </testcase>
    <testcase classname="Comphub - Main - Data Card Component should not dispatch GetQuickPriceMarketData action when navigating to other pages" name="Comphub - Main - Data Card Component should not dispatch GetQuickPriceMarketData action when navigating to other pages" time="0.403">
    </testcase>
    <testcase classname="Comphub - Main - Data Card Component should dispatch an action when job selected" name="Comphub - Main - Data Card Component should dispatch an action when job selected" time="0.215">
    </testcase>
    <testcase classname="Comphub - Main - Data Card Component should update the sort to descending when sorting a sorted field is clicked" name="Comphub - Main - Data Card Component should update the sort to descending when sorting a sorted field is clicked" time="0.189">
    </testcase>
    <testcase classname="Comphub - Main - Data Card Component should sort by new field when sorting changed" name="Comphub - Main - Data Card Component should sort by new field when sorting changed" time="0.194">
    </testcase>
    <testcase classname="Comphub - Main - Data Card Component should not sort by fields which are not supported" name="Comphub - Main - Data Card Component should not sort by fields which are not supported" time="0.159">
    </testcase>
    <testcase classname="Comphub - Main - Data Card Component should remove sorting when the field is sorted desc" name="Comphub - Main - Data Card Component should remove sorting when the field is sorted desc" time="0.135">
    </testcase>
    <testcase classname="Comphub - Main - Data Card Component should dispatch GetQuickPriceMarketData action when loading job results" name="Comphub - Main - Data Card Component should dispatch GetQuickPriceMarketData action when loading job results" time="0.137">
    </testcase>
    <testcase classname="Comphub - Main - Data Card Component should reset sorting and paging options before dispatching action to get grid data" name="Comphub - Main - Data Card Component should reset sorting and paging options before dispatching action to get grid data" time="0.128">
    </testcase>
    <testcase classname="Comphub - Main - Data Card Component should dispatch SetSelectedRate action when handling rate selection change" name="Comphub - Main - Data Card Component should dispatch SetSelectedRate action when handling rate selection change" time="0.149">
    </testcase>
    <testcase classname="Comphub - Main - Data Card Component should display base50 and tcc50 with 2 decimal places when rate is hourly" name="Comphub - Main - Data Card Component should display base50 and tcc50 with 2 decimal places when rate is hourly" time="0.174">
    </testcase>
    <testcase classname="Comphub - Main - Data Card Component should display base50 and tcc50 with thousand seperator when rate is annual" name="Comphub - Main - Data Card Component should display base50 and tcc50 with thousand seperator when rate is annual" time="0.148">
    </testcase>
    <testcase classname="Comphub - Main - Data Card Component should return correct value when selected rate is annual" name="Comphub - Main - Data Card Component should return correct value when selected rate is annual" time="0.169">
    </testcase>
    <testcase classname="Comphub - Main - Data Card Component should return correct value when selected rate is hourly" name="Comphub - Main - Data Card Component should return correct value when selected rate is hourly" time="0.179">
    </testcase>
    <testcase classname="Comphub - Main - Data Card Component should call window open, when handling the learn more button being clicked" name="Comphub - Main - Data Card Component should call window open, when handling the learn more button being clicked" time="0.141">
    </testcase>
    <testcase classname="Comphub - Main - Data Card Component should dispatch ToggleJobDescription action with the jobId when handling a Expand JD click" name="Comphub - Main - Data Card Component should dispatch ToggleJobDescription action with the jobId when handling a Expand JD click" time="0.165">
    </testcase>
  </testsuite>
  <testsuite name="apps/comphub/app/_main/containers/cards/summary/summary.card.component.spec.ts" errors="0" failures="0" skipped="0" timestamp="2019-08-05T19:47:19" time="46.345" tests="17">
    <testcase classname="Comphub - Main - Summary Card Component should dispatch a PriceNewJob action, when handling a Price New Job click" name="Comphub - Main - Summary Card Component should dispatch a PriceNewJob action, when handling a Price New Job click" time="1">
    </testcase>
    <testcase classname="Comphub - Main - Summary Card Component should return correct value when selected rate is hourly" name="Comphub - Main - Summary Card Component should return correct value when selected rate is hourly" time="0.386">
    </testcase>
    <testcase classname="Comphub - Main - Summary Card Component should return correct value when selected rate is annual" name="Comphub - Main - Summary Card Component should return correct value when selected rate is annual" time="0.441">
    </testcase>
    <testcase classname="Comphub - Main - Summary Card Component should call saveAs on the pdf export view child when handleDownloadPdfClicked clicked" name="Comphub - Main - Summary Card Component should call saveAs on the pdf export view child when handleDownloadPdfClicked clicked" time="0.31">
    </testcase>
    <testcase classname="Comphub - Main - Summary Card Component should call saveAs with the correct fileName on the pdf export view child when handleDownloadPdfClicked clicked" name="Comphub - Main - Summary Card Component should call saveAs with the correct fileName on the pdf export view child when handleDownloadPdfClicked clicked" time="0.318">
    </testcase>
    <testcase classname="Comphub - Main - Summary Card Component should remove periods from job title when saving pdf" name="Comphub - Main - Summary Card Component should remove periods from job title when saving pdf" time="0.318">
    </testcase>
    <testcase classname="Comphub - Main - Summary Card Component should dispatch OpenShareModal when Share button clicked" name="Comphub - Main - Summary Card Component should dispatch OpenShareModal when Share button clicked" time="0.413">
    </testcase>
    <testcase classname="Comphub - Main - Summary Card Component should dispatch CloseShareModal when Cancel button from share modal clicked" name="Comphub - Main - Summary Card Component should dispatch CloseShareModal when Cancel button from share modal clicked" time="0.36">
    </testcase>
    <testcase classname="Comphub - Main - Summary Card Component should dispatch CreateProject when create project button clicked" name="Comphub - Main - Summary Card Component should dispatch CreateProject when create project button clicked" time="0.309">
    </testcase>
    <testcase classname="Comphub - Main - Summary Card Component should hide create project button when no access to projects tile" name="Comphub - Main - Summary Card Component should hide create project button when no access to projects tile" time="0.29">
    </testcase>
    <testcase classname="Comphub - Main - Summary Card Component should show create project button when has access to projects tile" name="Comphub - Main - Summary Card Component should show create project button when has access to projects tile" time="0.281">
    </testcase>
    <testcase classname="Comphub - Main - Summary Card Component should hide create project button has access to projects tile but no paymarketId" name="Comphub - Main - Summary Card Component should hide create project button has access to projects tile but no paymarketId" time="0.268">
    </testcase>
    <testcase classname="Comphub - Main - Summary Card Component should dispatch load job trend chart and add new completed pricing record when selected page is Summary and job data has been changed" name="Comphub - Main - Summary Card Component should dispatch load job trend chart and add new completed pricing record when selected page is Summary and job data has been changed" time="0.241">
    </testcase>
    <testcase classname="Comphub - Main - Summary Card Component should NOT dispatch load job trend chart and add new completed pricing record when selected page is Summary and job data has NOT been changed" name="Comphub - Main - Summary Card Component should NOT dispatch load job trend chart and add new completed pricing record when selected page is Summary and job data has NOT been changed" time="0.238">
    </testcase>
    <testcase classname="Comphub - Main - Summary Card Component should NOT dispatch load job trend chart and add new completed pricing record when selected page is NOT Summary and job data has been changed" name="Comphub - Main - Summary Card Component should NOT dispatch load job trend chart and add new completed pricing record when selected page is NOT Summary and job data has been changed" time="0.287">
    </testcase>
    <testcase classname="Comphub - Main - Summary Card Component should display USD for currency when active market data is USA" name="Comphub - Main - Summary Card Component should display USD for currency when active market data is USA" time="0.278">
    </testcase>
    <testcase classname="Comphub - Main - Summary Card Component should display CAD for currency when active market data is Canada" name="Comphub - Main - Summary Card Component should display CAD for currency when active market data is Canada" time="0.845">
    </testcase>
  </testsuite>
  <testsuite name="apps/peer/app/_map/containers/export-data-cuts-modal/export-data-cuts-modal.component.spec.ts" errors="0" failures="0" skipped="0" timestamp="2019-08-05T19:47:19" time="50.2" tests="19">
    <testcase classname="Peer - Map - Export Data Cuts Modal should dispatch LoadExchangeCompanyJobs action when loadExchangeCompanyJobs is called" name="Peer - Map - Export Data Cuts Modal should dispatch LoadExchangeCompanyJobs action when loadExchangeCompanyJobs is called" time="1.704">
    </testcase>
    <testcase classname="Peer - Map - Export Data Cuts Modal should dispatch LoadExchangeCompanyJobsIds action when loadExchangeCompanyJobs is called" name="Peer - Map - Export Data Cuts Modal should dispatch LoadExchangeCompanyJobsIds action when loadExchangeCompanyJobs is called" time="0.76">
    </testcase>
    <testcase classname="Peer - Map - Export Data Cuts Modal should call loadingAvailableJobs onInit when the modal is opened" name="Peer - Map - Export Data Cuts Modal should call loadingAvailableJobs onInit when the modal is opened" time="0.405">
    </testcase>
    <testcase classname="Peer - Map - Export Data Cuts Modal should call selectionsControl.setErrors when exportingDataCutsError$ is true" name="Peer - Map - Export Data Cuts Modal should call selectionsControl.setErrors when exportingDataCutsError$ is true" time="0.391">
    </testcase>
    <testcase classname="Peer - Map - Export Data Cuts Modal should dispatch a ExportDataCuts action when the handleFormSubmit event is triggered" name="Peer - Map - Export Data Cuts Modal should dispatch a ExportDataCuts action when the handleFormSubmit event is triggered" time="0.452">
    </testcase>
    <testcase classname="Peer - Map - Export Data Cuts Modal should have attemptedSubmit of true once handleFormSubmit is triggered" name="Peer - Map - Export Data Cuts Modal should have attemptedSubmit of true once handleFormSubmit is triggered" time="0.433">
    </testcase>
    <testcase classname="Peer - Map - Export Data Cuts Modal should have attemptedSubmit of false once handleModalDismissed is triggered" name="Peer - Map - Export Data Cuts Modal should have attemptedSubmit of false once handleModalDismissed is triggered" time="0.412">
    </testcase>
    <testcase classname="Peer - Map - Export Data Cuts Modal should dispatch a CloseExportDataCutsModal event when handleModalDismissed is triggered" name="Peer - Map - Export Data Cuts Modal should dispatch a CloseExportDataCutsModal event when handleModalDismissed is triggered" time="0.624">
    </testcase>
    <testcase classname="Peer - Map - Export Data Cuts Modal should dispatch fromGridActions.ResetGrid action when handleModalDismissed is triggered" name="Peer - Map - Export Data Cuts Modal should dispatch fromGridActions.ResetGrid action when handleModalDismissed is triggered" time="0.605">
    </testcase>
    <testcase classname="Peer - Map - Export Data Cuts Modal should dispatch an UpdateGrid action when handleDataStateChange is called" name="Peer - Map - Export Data Cuts Modal should dispatch an UpdateGrid action when handleDataStateChange is called" time="0.581">
    </testcase>
    <testcase classname="Peer - Map - Export Data Cuts Modal should dispatch a LoadExchangeCompanyJobs action when handleDataStateChange is called" name="Peer - Map - Export Data Cuts Modal should dispatch a LoadExchangeCompanyJobs action when handleDataStateChange is called" time="0.376">
    </testcase>
    <testcase classname="Peer - Map - Export Data Cuts Modal should not dispatch fromGridActions.ToggleRowSelection action when the cellClick event is triggered
   if the job is not in the map scope" name="Peer - Map - Export Data Cuts Modal should not dispatch fromGridActions.ToggleRowSelection action when the cellClick event is triggered
   if the job is not in the map scope" time="0.429">
    </testcase>
    <testcase classname="Peer - Map - Export Data Cuts Modal should dispatch a fromGridActions.ToggleRowSelection action when the cellClick event is triggered and
   the job is in the map scope" name="Peer - Map - Export Data Cuts Modal should dispatch a fromGridActions.ToggleRowSelection action when the cellClick event is triggered and
   the job is in the map scope" time="0.34">
    </testcase>
    <testcase classname="Peer - Map - Export Data Cuts Modal should update primaryButtonText with the number of selections when selections change" name="Peer - Map - Export Data Cuts Modal should update primaryButtonText with the number of selections when selections change" time="0.394">
    </testcase>
    <testcase classname="Peer - Map - Export Data Cuts Modal should dispatch ToggleSelectAll action when onSelectAllChange is triggered" name="Peer - Map - Export Data Cuts Modal should dispatch ToggleSelectAll action when onSelectAllChange is triggered" time="0.362">
    </testcase>
    <testcase classname="Peer - Map - Export Data Cuts Modal should call handleDataStateChange with appropriate state after handlePageDropDownChanged is called" name="Peer - Map - Export Data Cuts Modal should call handleDataStateChange with appropriate state after handlePageDropDownChanged is called" time="0.711">
    </testcase>
    <testcase classname="Peer - Map - Export Data Cuts Modal should dispatch a SetSelections action when onSelectAllClick is called" name="Peer - Map - Export Data Cuts Modal should dispatch a SetSelections action when onSelectAllClick is called" time="2.391">
    </testcase>
    <testcase classname="Peer - Map - Export Data Cuts Modal should dispatch a SetSelections action with an empty array when onClearAllClick is called" name="Peer - Map - Export Data Cuts Modal should dispatch a SetSelections action with an empty array when onClearAllClick is called" time="1.46">
    </testcase>
    <testcase classname="Peer - Map - Export Data Cuts Modal should dispatch a SelectRate action when handleRateSelectionChange is called" name="Peer - Map - Export Data Cuts Modal should dispatch a SelectRate action when handleRateSelectionChange is called" time="0.323">
    </testcase>
  </testsuite>
  <testsuite name="libs/features/peer/map/containers/scope-selector/scope-selector.component.spec.ts" errors="0" failures="0" skipped="0" timestamp="2019-08-05T19:47:19" time="58.679" tests="24">
    <testcase classname="Features - Peer - Exchange Scope Selector Component should close the popover when clicking on an a scope" name="Features - Peer - Exchange Scope Selector Component should close the popover when clicking on an a scope" time="2.057">
    </testcase>
    <testcase classname="Features - Peer - Exchange Scope Selector Component should not close the popover when clicking on an a scope and in delete mode" name="Features - Peer - Exchange Scope Selector Component should not close the popover when clicking on an a scope and in delete mode" time="0.214">
    </testcase>
    <testcase classname="Features - Peer - Exchange Scope Selector Component should dispatch a SetExchangeScopeSelection action when clicking on a scope" name="Features - Peer - Exchange Scope Selector Component should dispatch a SetExchangeScopeSelection action when clicking on a scope" time="0.144">
    </testcase>
    <testcase classname="Features - Peer - Exchange Scope Selector Component should not dispatch a SetExchangeScopeSelection action when clicking on a scope if in delete mode" name="Features - Peer - Exchange Scope Selector Component should not dispatch a SetExchangeScopeSelection action when clicking on a scope if in delete mode" time="0.205">
    </testcase>
    <testcase classname="Features - Peer - Exchange Scope Selector Component should dispatch a LoadExchangeScopeDetails action when clicking on a scope" name="Features - Peer - Exchange Scope Selector Component should dispatch a LoadExchangeScopeDetails action when clicking on a scope" time="0.258">
    </testcase>
    <testcase classname="Features - Peer - Exchange Scope Selector Component should not dispatch a LoadExchangeScopeDetails action when clicking on a scope and in delete mode" name="Features - Peer - Exchange Scope Selector Component should not dispatch a LoadExchangeScopeDetails action when clicking on a scope and in delete mode" time="0.16">
    </testcase>
    <testcase classname="Features - Peer - Exchange Scope Selector Component should dispatch a LoadExchangeScopesByJobs action on init if the systemFilter has been loaded and we are in the add data cuts modal" name="Features - Peer - Exchange Scope Selector Component should dispatch a LoadExchangeScopesByJobs action on init if the systemFilter has been loaded and we are in the add data cuts modal" time="0.112">
    </testcase>
    <testcase classname="Features - Peer - Exchange Scope Selector Component should dispatch a LoadExchangeScopesByExchange action on init if the systemFilter has been loaded and we are not in theadd data cuts modal" name="Features - Peer - Exchange Scope Selector Component should dispatch a LoadExchangeScopesByExchange action on init if the systemFilter has been loaded and we are not in theadd data cuts modal" time="0.088">
    </testcase>
    <testcase classname="Features - Peer - Exchange Scope Selector Component should display the currently selected exchange scope" name="Features - Peer - Exchange Scope Selector Component should display the currently selected exchange scope" time="0.129">
    </testcase>
    <testcase classname="Features - Peer - Exchange Scope Selector Component should display &quot;No Selection&quot; message when there is no exchange scope selected" name="Features - Peer - Exchange Scope Selector Component should display &quot;No Selection&quot; message when there is no exchange scope selected" time="0.107">
    </testcase>
    <testcase classname="Features - Peer - Exchange Scope Selector Component should disable scope selector button when there are no scopes" name="Features - Peer - Exchange Scope Selector Component should disable scope selector button when there are no scopes" time="0.284">
    </testcase>
    <testcase classname="Features - Peer - Exchange Scope Selector Component should match snapshot when in add data cuts modal" name="Features - Peer - Exchange Scope Selector Component should match snapshot when in add data cuts modal" time="0.117">
    </testcase>
    <testcase classname="Features - Peer - Exchange Scope Selector Component should match snapshot when on big map" name="Features - Peer - Exchange Scope Selector Component should match snapshot when on big map" time="0.108">
    </testcase>
    <testcase classname="Features - Peer - Exchange Scope Selector Component should dispatch a SetExchangeScopeToDelete action when clicking on a delete icon" name="Features - Peer - Exchange Scope Selector Component should dispatch a SetExchangeScopeToDelete action when clicking on a delete icon" time="0.086">
    </testcase>
    <testcase classname="Features - Peer - Exchange Scope Selector Component should dispatch a EnterDeleteExchangeScopeMode action when clicking on a delete icon" name="Features - Peer - Exchange Scope Selector Component should dispatch a EnterDeleteExchangeScopeMode action when clicking on a delete icon" time="0.082">
    </testcase>
    <testcase classname="Features - Peer - Exchange Scope Selector Component should dispatch an ExitDeleteExchangeScopeMode action when clicking on the cancel delete button" name="Features - Peer - Exchange Scope Selector Component should dispatch an ExitDeleteExchangeScopeMode action when clicking on the cancel delete button" time="0.083">
    </testcase>
    <testcase classname="Features - Peer - Exchange Scope Selector Component should dispatch a SetExchangeScopeToDelete action when clicking on the cancel delete button" name="Features - Peer - Exchange Scope Selector Component should dispatch a SetExchangeScopeToDelete action when clicking on the cancel delete button" time="0.121">
    </testcase>
    <testcase classname="Features - Peer - Exchange Scope Selector Component should dispatch a DeleteExchangeScope action when clicking on the delete scope button" name="Features - Peer - Exchange Scope Selector Component should dispatch a DeleteExchangeScope action when clicking on the delete scope button" time="0.142">
    </testcase>
    <testcase classname="Features - Peer - Exchange Scope Selector Component highlight should be true when the scope ids match" name="Features - Peer - Exchange Scope Selector Component highlight should be true when the scope ids match" time="0.12">
    </testcase>
    <testcase classname="Features - Peer - Exchange Scope Selector Component highlight should be false when the scope ids do not match" name="Features - Peer - Exchange Scope Selector Component highlight should be false when the scope ids do not match" time="0.109">
    </testcase>
    <testcase classname="Features - Peer - Exchange Scope Selector Component should set the filtered exchange scopes to be the full list of exchange scopes, when showing the popover" name="Features - Peer - Exchange Scope Selector Component should set the filtered exchange scopes to be the full list of exchange scopes, when showing the popover" time="0.583">
    </testcase>
    <testcase classname="Features - Peer - Exchange Scope Selector Component should filter the exchange scope items by the name containing the search value, when the search value changes" name="Features - Peer - Exchange Scope Selector Component should filter the exchange scope items by the name containing the search value, when the search value changes" time="4.411">
    </testcase>
    <testcase classname="Features - Peer - Exchange Scope Selector Component should filter the exchange scope items case insensitively, when the search value changes" name="Features - Peer - Exchange Scope Selector Component should filter the exchange scope items case insensitively, when the search value changes" time="0.375">
    </testcase>
    <testcase classname="Features - Peer - Exchange Scope Selector Component should track by the exchange scope item id" name="Features - Peer - Exchange Scope Selector Component should track by the exchange scope item id" time="0.428">
    </testcase>
  </testsuite>
  <testsuite name="apps/comphub/app/_main/components/add-paymarket-form/add-paymarket-form.component.spec.ts" errors="0" failures="0" skipped="0" timestamp="2019-08-05T19:48:04" time="14.791" tests="8">
    <testcase classname="Comphub - Main - Add Pay Market Form Component should emit saveClick event when handling submit clicked" name="Comphub - Main - Add Pay Market Form Component should emit saveClick event when handling submit clicked" time="0.978">
    </testcase>
    <testcase classname="Comphub - Main - Add Pay Market Form Component should emit skipClick event when handling skip clicked" name="Comphub - Main - Add Pay Market Form Component should emit skipClick event when handling skip clicked" time="0.545">
    </testcase>
    <testcase classname="Comphub - Main - Add Pay Market Form Component should emit that the location filter has changed on change" name="Comphub - Main - Add Pay Market Form Component should emit that the location filter has changed on change" time="0.446">
    </testcase>
    <testcase classname="Comphub - Main - Add Pay Market Form Component should return results containing search term when handling industry filter" name="Comphub - Main - Add Pay Market Form Component should return results containing search term when handling industry filter" time="0.449">
    </testcase>
    <testcase classname="Comphub - Main - Add Pay Market Form Component should emit dismissInfoBannerClick event when handling dismiss info banner" name="Comphub - Main - Add Pay Market Form Component should emit dismissInfoBannerClick event when handling dismiss info banner" time="1.319">
    </testcase>
    <testcase classname="Comphub - Main - Add Pay Market Form Component should emit cancelClick event when cancel button clicked" name="Comphub - Main - Add Pay Market Form Component should emit cancelClick event when cancel button clicked" time="3.124">
    </testcase>
    <testcase classname="Comphub - Main - Add Pay Market Form Component should use All for location when submitting invalid location" name="Comphub - Main - Add Pay Market Form Component should use All for location when submitting invalid location" time="1.779">
    </testcase>
    <testcase classname="Comphub - Main - Add Pay Market Form Component should use default values for Industry and Size when none is selected" name="Comphub - Main - Add Pay Market Form Component should use default values for Industry and Size when none is selected" time="1.086">
    </testcase>
  </testsuite>
  <testsuite name="apps/peer/app/_manage/containers/company-jobs-grid/company-jobs-grid.component.spec.ts" errors="0" failures="0" skipped="0" timestamp="2019-08-05T19:48:17" time="8.776" tests="8">
    <testcase classname="CompanyJobsGridComponent should create" name="CompanyJobsGridComponent should create" time="0.998">
    </testcase>
    <testcase classname="CompanyJobsGridComponent should show a kendo grid with columns" name="CompanyJobsGridComponent should show a kendo grid with columns" time="0.904">
    </testcase>
    <testcase classname="CompanyJobsGridComponent should fire the right actions when the grid state is changed" name="CompanyJobsGridComponent should fire the right actions when the grid state is changed" time="0.783">
    </testcase>
    <testcase classname="CompanyJobsGridComponent should fire a page change action when the filters change" name="CompanyJobsGridComponent should fire a page change action when the filters change" time="0.675">
    </testcase>
    <testcase classname="CompanyJobsGridComponent should fire the expected actions when reloaded" name="CompanyJobsGridComponent should fire the expected actions when reloaded" time="0.653">
    </testcase>
    <testcase classname="CompanyJobsGridComponent should not do anything when handleCellClick is called for the already selected company job" name="CompanyJobsGridComponent should not do anything when handleCellClick is called for the already selected company job" time="0.816">
    </testcase>
    <testcase classname="CompanyJobsGridComponent should scroll and load mapped exchange jobs when an associated company job is selected" name="CompanyJobsGridComponent should scroll and load mapped exchange jobs when an associated company job is selected" time="0.495">
    </testcase>
    <testcase classname="CompanyJobsGridComponent should scroll and search exchange jobs when a new unassociated company job is selected" name="CompanyJobsGridComponent should scroll and search exchange jobs when a new unassociated company job is selected" time="0.535">
    </testcase>
  </testsuite>
  <testsuite name="apps/legacy-content/app/_peer/containers/pages/upsert-data-cut/upsert-data-cut.page.spec.ts" errors="0" failures="0" skipped="0" timestamp="2019-08-05T19:47:19" time="63.373" tests="18">
    <testcase classname="Legacy Content - Peer - Upsert Data Cut should display the upsert data cut page with an Add button" name="Legacy Content - Peer - Upsert Data Cut should display the upsert data cut page with an Add button" time="1.68">
    </testcase>
    <testcase classname="Legacy Content - Peer - Upsert Data Cut should display the upsert data cut page with an Update button" name="Legacy Content - Peer - Upsert Data Cut should display the upsert data cut page with an Update button" time="0.548">
    </testcase>
    <testcase classname="Legacy Content - Peer - Upsert Data Cut should dispatch the LoadSystemFilter action on init when dataCutGuid param is null" name="Legacy Content - Peer - Upsert Data Cut should dispatch the LoadSystemFilter action on init when dataCutGuid param is null" time="0.438">
    </testcase>
    <testcase classname="Legacy Content - Peer - Upsert Data Cut should dispatch the LoadDataCutDetails action on init when dataCutGuid param is NOT null" name="Legacy Content - Peer - Upsert Data Cut should dispatch the LoadDataCutDetails action on init when dataCutGuid param is NOT null" time="0.296">
    </testcase>
    <testcase classname="Legacy Content - Peer - Upsert Data Cut should dispatch the LoadDataCutValidation action on init" name="Legacy Content - Peer - Upsert Data Cut should dispatch the LoadDataCutValidation action on init" time="0.292">
    </testcase>
    <testcase classname="Legacy Content - Peer - Upsert Data Cut should dispatch the upsert data cut action when clicking add" name="Legacy Content - Peer - Upsert Data Cut should dispatch the upsert data cut action when clicking add" time="0.21">
    </testcase>
    <testcase classname="Legacy Content - Peer - Upsert Data Cut should dispatch the upsert data cut action when clicking update" name="Legacy Content - Peer - Upsert Data Cut should dispatch the upsert data cut action when clicking update" time="0.224">
    </testcase>
    <testcase classname="Legacy Content - Peer - Upsert Data Cut should dispatch the cancel action when clicking cancel" name="Legacy Content - Peer - Upsert Data Cut should dispatch the cancel action when clicking cancel" time="0.234">
    </testcase>
    <testcase classname="Legacy Content - Peer - Upsert Data Cut should enable the add button when passesGuidelines is true" name="Legacy Content - Peer - Upsert Data Cut should enable the add button when passesGuidelines is true" time="0.222">
    </testcase>
    <testcase classname="Legacy Content - Peer - Upsert Data Cut should enable the update button when passesGuidelines is true" name="Legacy Content - Peer - Upsert Data Cut should enable the update button when passesGuidelines is true" time="0.159">
    </testcase>
    <testcase classname="Legacy Content - Peer - Upsert Data Cut should call validateDataCut when map summary changes changes" name="Legacy Content - Peer - Upsert Data Cut should call validateDataCut when map summary changes changes" time="0.165">
    </testcase>
    <testcase classname="Legacy Content - Peer - Upsert Data Cut should disable the add/updated button when passesGuidelines is false" name="Legacy Content - Peer - Upsert Data Cut should disable the add/updated button when passesGuidelines is false" time="0.157">
    </testcase>
    <testcase classname="Legacy Content - Peer - Upsert Data Cut should display untagged incumbents filter when untaggedIncumbentCount$ &gt; 0" name="Legacy Content - Peer - Upsert Data Cut should display untagged incumbents filter when untaggedIncumbentCount$ &gt; 0" time="0.164">
    </testcase>
    <testcase classname="Legacy Content - Peer - Upsert Data Cut should dispatch a ToggleIncludeUntaggedEmployees action when handleUntaggedIncumbentsChecked is called" name="Legacy Content - Peer - Upsert Data Cut should dispatch a ToggleIncludeUntaggedEmployees action when handleUntaggedIncumbentsChecked is called" time="0.146">
    </testcase>
    <testcase classname="Legacy Content - Peer - Upsert Data Cut should dispatch a RequestAccess action when requestAccess is called" name="Legacy Content - Peer - Upsert Data Cut should dispatch a RequestAccess action when requestAccess is called" time="0.303">
    </testcase>
    <testcase classname="Legacy Content - Peer - Upsert Data Cut should show &apos;Request Access&apos; button and message when peer terms haven&apos;t been accepted" name="Legacy Content - Peer - Upsert Data Cut should show &apos;Request Access&apos; button and message when peer terms haven&apos;t been accepted" time="0.241">
    </testcase>
    <testcase classname="Legacy Content - Peer - Upsert Data Cut should show disabled &apos;Requesting Access&apos; button when peer terms haven&apos;t been accepted and access
  is being requested" name="Legacy Content - Peer - Upsert Data Cut should show disabled &apos;Requesting Access&apos; button when peer terms haven&apos;t been accepted and access
  is being requested" time="0.267">
    </testcase>
    <testcase classname="Legacy Content - Peer - Upsert Data Cut should show disabled &apos;Access Requested&apos; button and &apos;Access Requested&apos; message when
  peer terms haven&apos;t been accepted and access has been requested" name="Legacy Content - Peer - Upsert Data Cut should show disabled &apos;Access Requested&apos; button and &apos;Access Requested&apos; message when
  peer terms haven&apos;t been accepted and access has been requested" time="0.105">
    </testcase>
  </testsuite>
  <testsuite name="apps/peer/app/_dashboard/containers/exchange-job-comparison-grid/exchange-job-comparison-grid.component.spec.ts" errors="0" failures="0" skipped="0" timestamp="2019-08-05T19:47:19" time="66.668" tests="15">
    <testcase classname="Peer - Exchange Job Comparison Grid should dispatch an UpdateGrid action when handleDataStateChange is called" name="Peer - Exchange Job Comparison Grid should dispatch an UpdateGrid action when handleDataStateChange is called" time="2.08">
    </testcase>
    <testcase classname="Peer - Exchange Job Comparison Grid should dispatch a LoadExchangeJobComparisons action when handleDataStateChange is called" name="Peer - Exchange Job Comparison Grid should dispatch a LoadExchangeJobComparisons action when handleDataStateChange is called" time="1.094">
    </testcase>
    <testcase classname="Peer - Exchange Job Comparison Grid should dispatch a LoadExchangeJobComparisons action when handleMarketFilterChanged is called" name="Peer - Exchange Job Comparison Grid should dispatch a LoadExchangeJobComparisons action when handleMarketFilterChanged is called" time="0.516">
    </testcase>
    <testcase classname="Peer - Exchange Job Comparison Grid should return value with % as string when getExchangeIndexValue is called" name="Peer - Exchange Job Comparison Grid should return value with % as string when getExchangeIndexValue is called" time="0.315">
    </testcase>
    <testcase classname="Peer - Exchange Job Comparison Grid should return &quot;text-success&quot; string when getExchangeIndexFontColorClass is called with an index &gt;= 100" name="Peer - Exchange Job Comparison Grid should return &quot;text-success&quot; string when getExchangeIndexFontColorClass is called with an index &gt;= 100" time="0.338">
    </testcase>
    <testcase classname="Peer - Exchange Job Comparison Grid should return &quot;text-danger&quot; string when getExchangeIndexFontColorClass is called with an index &lt; 50" name="Peer - Exchange Job Comparison Grid should return &quot;text-danger&quot; string when getExchangeIndexFontColorClass is called with an index &lt; 50" time="0.522">
    </testcase>
    <testcase classname="Peer - Exchange Job Comparison Grid should clear selectedKeys when exchangeJobOrgsDetailVisible$ is false" name="Peer - Exchange Job Comparison Grid should clear selectedKeys when exchangeJobOrgsDetailVisible$ is false" time="0.479">
    </testcase>
    <testcase classname="Peer - Exchange Job Comparison Grid should NOT dispatch a LoadExchangeJobOrgs action when onSelectionChange is triggered and there are no selections" name="Peer - Exchange Job Comparison Grid should NOT dispatch a LoadExchangeJobOrgs action when onSelectionChange is triggered and there are no selections" time="0.245">
    </testcase>
    <testcase classname="Peer - Exchange Job Comparison Grid should dispatch a LoadExchangeJobOrgs action when onSelectionChange is triggered and there are selections" name="Peer - Exchange Job Comparison Grid should dispatch a LoadExchangeJobOrgs action when onSelectionChange is triggered and there are selections" time="0.49">
    </testcase>
    <testcase classname="Peer - Exchange Job Comparison Grid should use a 2 decimal format for digit info when the selectedRate is hourly" name="Peer - Exchange Job Comparison Grid should use a 2 decimal format for digit info when the selectedRate is hourly" time="0.439">
    </testcase>
    <testcase classname="Peer - Exchange Job Comparison Grid should use a 1 decimal format for digit info when the selectedRate is annual" name="Peer - Exchange Job Comparison Grid should use a 1 decimal format for digit info when the selectedRate is annual" time="0.261">
    </testcase>
    <testcase classname="Peer - Exchange Job Comparison Grid should format companyBaseAverageField as hourly when the selectedRate is hourly" name="Peer - Exchange Job Comparison Grid should format companyBaseAverageField as hourly when the selectedRate is hourly" time="0.53">
    </testcase>
    <testcase classname="Peer - Exchange Job Comparison Grid should format companyBaseAverageField as annual when the selectedRate is annual" name="Peer - Exchange Job Comparison Grid should format companyBaseAverageField as annual when the selectedRate is annual" time="0.626">
    </testcase>
    <testcase classname="Peer - Exchange Job Comparison Grid should format exchangeBaseAverageField as hourly when the selectedRate is hourly" name="Peer - Exchange Job Comparison Grid should format exchangeBaseAverageField as hourly when the selectedRate is hourly" time="0.45">
    </testcase>
    <testcase classname="Peer - Exchange Job Comparison Grid should format exchangeBaseAverageField as annual when the selectedRate is annual" name="Peer - Exchange Job Comparison Grid should format exchangeBaseAverageField as annual when the selectedRate is annual" time="0.385">
    </testcase>
  </testsuite>
  <testsuite name="apps/peer/app/_manage/containers/exchange-job-mapping-info/exchange-job-mapping-info.component.spec.ts" errors="0" failures="0" skipped="0" timestamp="2019-08-05T19:48:05" time="21.799" tests="21">
    <testcase classname="Peer - Exchange Job Mapping Info should emit a closeClicked event, when the close button is clicked" name="Peer - Exchange Job Mapping Info should emit a closeClicked event, when the close button is clicked" time="0.79">
    </testcase>
    <testcase classname="Peer - Exchange Job Mapping Info should set the selectedExchangeJobMapping to the selected mapping from the store" name="Peer - Exchange Job Mapping Info should set the selectedExchangeJobMapping to the selected mapping from the store" time="0.3">
    </testcase>
    <testcase classname="Peer - Exchange Job Mapping Info should set the companyJobQuery to an empty string when a new exchange job mapping is selected" name="Peer - Exchange Job Mapping Info should set the companyJobQuery to an empty string when a new exchange job mapping is selected" time="0.274">
    </testcase>
    <testcase classname="Peer - Exchange Job Mapping Info should dispatch a LoadCompanyJobsToMapToByQuery action when a exchange job mapping that is not mapped is selected" name="Peer - Exchange Job Mapping Info should dispatch a LoadCompanyJobsToMapToByQuery action when a exchange job mapping that is not mapped is selected" time="0.216">
    </testcase>
    <testcase classname="Peer - Exchange Job Mapping Info should build job models, when receiving a mapped company job" name="Peer - Exchange Job Mapping Info should build job models, when receiving a mapped company job" time="0.181">
    </testcase>
    <testcase classname="Peer - Exchange Job Mapping Info should dispatch a LoadCompanyJobsToMapToByQuery action, when handling the search value changing" name="Peer - Exchange Job Mapping Info should dispatch a LoadCompanyJobsToMapToByQuery action, when handling the search value changing" time="0.155">
    </testcase>
    <testcase classname="Peer - Exchange Job Mapping Info should dispatch a ApplyMapping action, when handling an apply mapping event" name="Peer - Exchange Job Mapping Info should dispatch a ApplyMapping action, when handling an apply mapping event" time="2.532">
    </testcase>
    <testcase classname="Peer - Exchange Job Mapping Info should dispatch a CancelAddMapping action, when we are adding a mapping and cancel adding is clicked" name="Peer - Exchange Job Mapping Info should dispatch a CancelAddMapping action, when we are adding a mapping and cancel adding is clicked" time="0.437">
    </testcase>
    <testcase classname="Peer - Exchange Job Mapping Info should dispatch a AddMapping action, when clicking the add mapping button" name="Peer - Exchange Job Mapping Info should dispatch a AddMapping action, when clicking the add mapping button" time="0.678">
    </testcase>
    <testcase classname="Peer - Exchange Job Mapping Info should dispatch a LoadCompanyJobsToMapToByQuery action, when clicking the add mapping button" name="Peer - Exchange Job Mapping Info should dispatch a LoadCompanyJobsToMapToByQuery action, when clicking the add mapping button" time="0.351">
    </testcase>
    <testcase classname="Peer - Exchange Job Mapping Info should display an add mapping button, when the selected exchange job mapping is mapped" name="Peer - Exchange Job Mapping Info should display an add mapping button, when the selected exchange job mapping is mapped" time="0.308">
    </testcase>
    <testcase classname="Peer - Exchange Job Mapping Info should NOT display an add mapping button, when the selected exchange job mapping is not mapped" name="Peer - Exchange Job Mapping Info should NOT display an add mapping button, when the selected exchange job mapping is not mapped" time="0.318">
    </testcase>
    <testcase classname="Peer - Exchange Job Mapping Info should display a carousel when more than one company job is mapped" name="Peer - Exchange Job Mapping Info should display a carousel when more than one company job is mapped" time="0.277">
    </testcase>
    <testcase classname="Peer - Exchange Job Mapping Info should NOT dispatch SetActiveMapping with the ExchangeJobToCompanyJobId of the first company job mapping on init
  when there are NO companyJobMappings" name="Peer - Exchange Job Mapping Info should NOT dispatch SetActiveMapping with the ExchangeJobToCompanyJobId of the first company job mapping on init
  when there are NO companyJobMappings" time="0.244">
    </testcase>
    <testcase classname="Peer - Exchange Job Mapping Info should NOT dispatch SetActiveMapping with the ExchangeJobToCompanyJobId of the first company job mapping on init
  when the selectedCompanyJobMapping is no longer mapped" name="Peer - Exchange Job Mapping Info should NOT dispatch SetActiveMapping with the ExchangeJobToCompanyJobId of the first company job mapping on init
  when the selectedCompanyJobMapping is no longer mapped" time="0.255">
    </testcase>
    <testcase classname="Peer - Exchange Job Mapping Info should update selectedCompanyJob when the activeExchangeJobToCompanyJobId$ is changed" name="Peer - Exchange Job Mapping Info should update selectedCompanyJob when the activeExchangeJobToCompanyJobId$ is changed" time="0.215">
    </testcase>
    <testcase classname="Peer - Exchange Job Mapping Info should dispatch an OpenDeleteConfirmationModal action when handleDeleteClick is triggered" name="Peer - Exchange Job Mapping Info should dispatch an OpenDeleteConfirmationModal action when handleDeleteClick is triggered" time="0.163">
    </testcase>
    <testcase classname="Peer - Exchange Job Mapping Info should call carousel.next when handleControlRightClick is triggered" name="Peer - Exchange Job Mapping Info should call carousel.next when handleControlRightClick is triggered" time="0.177">
    </testcase>
    <testcase classname="Peer - Exchange Job Mapping Info should call carousel.prev when handleControlLeftClick is triggered" name="Peer - Exchange Job Mapping Info should call carousel.prev when handleControlLeftClick is triggered" time="0.204">
    </testcase>
    <testcase classname="Peer - Exchange Job Mapping Info should call carousel.select when handleIndicatorClick is triggered" name="Peer - Exchange Job Mapping Info should call carousel.select when handleIndicatorClick is triggered" time="0.181">
    </testcase>
    <testcase classname="Peer - Exchange Job Mapping Info should dispatch a SetActiveMapping action with the slide event&apos;s current value when onCarouselSlideChange is triggered" name="Peer - Exchange Job Mapping Info should dispatch a SetActiveMapping action with the slide event&apos;s current value when onCarouselSlideChange is triggered" time="0.13">
    </testcase>
  </testsuite>
  <testsuite name="apps/comphub/app/_main/containers/cards/jobs/job-card.component.spec.ts" errors="0" failures="0" skipped="0" timestamp="2019-08-05T19:48:21" time="16.938" tests="8">
    <testcase classname="Comphub - Main - Jobs Card Component should dispatch an action to set the selected job, when valid search option selected" name="Comphub - Main - Jobs Card Component should dispatch an action to set the selected job, when valid search option selected" time="1.823">
    </testcase>
    <testcase classname="Comphub - Main - Jobs Card Component should NOT dispatch a set selected job action when invalid search option selected" name="Comphub - Main - Jobs Card Component should NOT dispatch a set selected job action when invalid search option selected" time="1.301">
    </testcase>
    <testcase classname="Comphub - Main - Jobs Card Component should dispatch an action to clear the selected job when invalid search option selected and there is a selected job" name="Comphub - Main - Jobs Card Component should dispatch an action to clear the selected job when invalid search option selected and there is a selected job" time="0.747">
    </testcase>
    <testcase classname="Comphub - Main - Jobs Card Component should NOT dispatch an action to clear the selected job when invalid search option selected and there is not a selected job" name="Comphub - Main - Jobs Card Component should NOT dispatch an action to clear the selected job when invalid search option selected and there is not a selected job" time="1.687">
    </testcase>
    <testcase classname="Comphub - Main - Jobs Card Component should dispatch an action to get the job search options with the search term, when there is a non empty search term" name="Comphub - Main - Jobs Card Component should dispatch an action to get the job search options with the search term, when there is a non empty search term" time="3.894">
    </testcase>
    <testcase classname="Comphub - Main - Jobs Card Component should NOT dispatch an action to get the job search options, when there is an empty search term" name="Comphub - Main - Jobs Card Component should NOT dispatch an action to get the job search options, when there is an empty search term" time="1.458">
    </testcase>
    <testcase classname="Comphub - Main - Jobs Card Component should dispatch a SetSelectedJob action with the job title and navigateToNextCard set to true, when handling a trending job being clicked" name="Comphub - Main - Jobs Card Component should dispatch a SetSelectedJob action with the job title and navigateToNextCard set to true, when handling a trending job being clicked" time="1.922">
    </testcase>
    <testcase classname="Comphub - Main - Jobs Card Component should dispatch a UpdateActiveCountryDataSet action with the country code when handling the country data set changes" name="Comphub - Main - Jobs Card Component should dispatch a UpdateActiveCountryDataSet action with the country code when handling the country data set changes" time="2.139">
    </testcase>
  </testsuite>
  <testsuite name="apps/admin/app/_company-admin/containers/pages/user-role/user-role.page.spec.ts" errors="0" failures="0" skipped="0" timestamp="2019-08-05T19:48:31" time="15.638" tests="10">
    <testcase classname="UserRolePageComponent should create" name="UserRolePageComponent should create" time="0.849">
    </testcase>
    <testcase classname="UserRolePageComponent should match snapshot" name="UserRolePageComponent should match snapshot" time="0.671">
    </testcase>
    <testcase classname="UserRolePageComponent should display user roles in role-list" name="UserRolePageComponent should display user roles in role-list" time="0.578">
    </testcase>
    <testcase classname="UserRolePageComponent should dispatch OpenAddCompanyRoleModal when create user clicked" name="UserRolePageComponent should dispatch OpenAddCompanyRoleModal when create user clicked" time="0.38">
    </testcase>
    <testcase classname="UserRolePageComponent should call UpdateUserTabCurrentUserRole and dispatch UpdateUserTabCurrentUserRole when click role" name="UserRolePageComponent should call UpdateUserTabCurrentUserRole and dispatch UpdateUserTabCurrentUserRole when click role" time="1.117">
    </testcase>
    <testcase classname="UserRolePageComponent should call UpdateCurrentUserRoleViewTabState and dispatch UpdateUserRoleTabState when tab click" name="UserRolePageComponent should call UpdateCurrentUserRoleViewTabState and dispatch UpdateUserRoleTabState when tab click" time="2.133">
    </testcase>
    <testcase classname="UserRolePageComponent should disable Save button when saveChanges is called" name="UserRolePageComponent should disable Save button when saveChanges is called" time="1.316">
    </testcase>
    <testcase classname="UserRolePageComponent should cancel all changes when cancelChanges is called" name="UserRolePageComponent should cancel all changes when cancelChanges is called" time="1.138">
    </testcase>
    <testcase classname="UserRolePageComponent should delete role when deleteRole is called and user confirms" name="UserRolePageComponent should delete role when deleteRole is called and user confirms" time="1.056">
    </testcase>
    <testcase classname="UserRolePageComponent should not delete role when user does not confirm" name="UserRolePageComponent should not delete role when user does not confirm" time="1.782">
    </testcase>
  </testsuite>
  <testsuite name="libs/features/peer/job-association/containers/exchange-jobs/exchange-jobs.component.spec.ts" errors="0" failures="0" skipped="0" timestamp="2019-08-05T19:48:09" time="27.369" tests="14">
    <testcase classname="ExchangeJobsComponent should create" name="ExchangeJobsComponent should create" time="1.128">
    </testcase>
    <testcase classname="ExchangeJobsComponent should show total exchange jobs" name="ExchangeJobsComponent should show total exchange jobs" time="0.53">
    </testcase>
    <testcase classname="ExchangeJobsComponent should fire the right actions when the grid state is changed" name="ExchangeJobsComponent should fire the right actions when the grid state is changed" time="0.284">
    </testcase>
    <testcase classname="ExchangeJobsComponent should fire the UpdateSearchTerm action when the search term is changed" name="ExchangeJobsComponent should fire the UpdateSearchTerm action when the search term is changed" time="0.295">
    </testcase>
    <testcase classname="ExchangeJobsComponent should not fire the LoadExchangeJobs action when the search term is one character" name="ExchangeJobsComponent should not fire the LoadExchangeJobs action when the search term is one character" time="0.339">
    </testcase>
    <testcase classname="ExchangeJobsComponent should fire the correct actions when the search term is more than one character" name="ExchangeJobsComponent should fire the correct actions when the search term is more than one character" time="0.691">
    </testcase>
    <testcase classname="ExchangeJobsComponent should fire the expected action when handleAssociateClick is clicked" name="ExchangeJobsComponent should fire the expected action when handleAssociateClick is clicked" time="2.94">
    </testcase>
    <testcase classname="ExchangeJobsComponent should not fire an action when handleAssociateClick is clicked and isAssociable returns false" name="ExchangeJobsComponent should not fire an action when handleAssociateClick is clicked and isAssociable returns false" time="1.296">
    </testcase>
    <testcase classname="ExchangeJobsComponent should create the correct associate button tooltip msg when no jobs are selected" name="ExchangeJobsComponent should create the correct associate button tooltip msg when no jobs are selected" time="0.388">
    </testcase>
    <testcase classname="ExchangeJobsComponent should create the correct associate button tooltip msg when the job is associable" name="ExchangeJobsComponent should create the correct associate button tooltip msg when the job is associable" time="0.503">
    </testcase>
    <testcase classname="ExchangeJobsComponent should create the correct associate button tooltip msg when there are &gt; 10 associations" name="ExchangeJobsComponent should create the correct associate button tooltip msg when there are &gt; 10 associations" time="0.614">
    </testcase>
    <testcase classname="ExchangeJobsComponent should create the correct associate button tooltip msg when the job is already associated to an exchange" name="ExchangeJobsComponent should create the correct associate button tooltip msg when the job is already associated to an exchange" time="0.716">
    </testcase>
    <testcase classname="ExchangeJobsComponent should not call the kendo api when collapseDetailRow is invoked and detailRowId is not set" name="ExchangeJobsComponent should not call the kendo api when collapseDetailRow is invoked and detailRowId is not set" time="0.691">
    </testcase>
    <testcase classname="ExchangeJobsComponent should call the kendo api when collapseDetailRow is invoked and detailRowId is set" name="ExchangeJobsComponent should call the kendo api when collapseDetailRow is invoked and detailRowId is set" time="0.589">
    </testcase>
  </testsuite>
  <testsuite name="apps/admin/app/_peer/containers/pages/exchange-job-association-utility/exchange-job-association-utility.page.spec.ts" errors="0" failures="0" skipped="0" timestamp="2019-08-05T19:47:19" time="80.92" tests="16">
    <testcase classname="Admin - Exchange Job Association Utility Page should dispatch LoadCompanyOptions action on init" name="Admin - Exchange Job Association Utility Page should dispatch LoadCompanyOptions action on init" time="3.761">
    </testcase>
    <testcase classname="Admin - Exchange Job Association Utility Page should only have 10 filteredCompanyOptions" name="Admin - Exchange Job Association Utility Page should only have 10 filteredCompanyOptions" time="1.379">
    </testcase>
    <testcase classname="Admin - Exchange Job Association Utility Page should only have 10 filteredCompanyOptions after handleCompanyFilterChange is triggered" name="Admin - Exchange Job Association Utility Page should only have 10 filteredCompanyOptions after handleCompanyFilterChange is triggered" time="1.11">
    </testcase>
    <testcase classname="Admin - Exchange Job Association Utility Page should filter companyOptions when handleCompanyFilterChange is triggered" name="Admin - Exchange Job Association Utility Page should filter companyOptions when handleCompanyFilterChange is triggered" time="1.345">
    </testcase>
    <testcase classname="Admin - Exchange Job Association Utility Page should filter exchangeOptions when handleExchangeFilterChange is triggered" name="Admin - Exchange Job Association Utility Page should filter exchangeOptions when handleExchangeFilterChange is triggered" time="1.322">
    </testcase>
    <testcase classname="Admin - Exchange Job Association Utility Page should toggle companyOptions combobox off when handleCompanyFilterChange is triggered and no options meet the
  criteria" name="Admin - Exchange Job Association Utility Page should toggle companyOptions combobox off when handleCompanyFilterChange is triggered and no options meet the
  criteria" time="1.294">
    </testcase>
    <testcase classname="Admin - Exchange Job Association Utility Page should toggle exchangeOptions combobox off when handleExchangeFilterChange is triggered and no options meet the
  criteria" name="Admin - Exchange Job Association Utility Page should toggle exchangeOptions combobox off when handleExchangeFilterChange is triggered and no options meet the
  criteria" time="0.94">
    </testcase>
    <testcase classname="Admin - Exchange Job Association Utility Page should display &apos;Run&apos; button as disabled on init" name="Admin - Exchange Job Association Utility Page should display &apos;Run&apos; button as disabled on init" time="0.687">
    </testcase>
    <testcase classname="Admin - Exchange Job Association Utility Page should NOT display &apos;Run&apos; button as disabled when there is both an exchangeSelection and companySelection" name="Admin - Exchange Job Association Utility Page should NOT display &apos;Run&apos; button as disabled when there is both an exchangeSelection and companySelection" time="0.879">
    </testcase>
    <testcase classname="Admin - Exchange Job Association Utility Page should trigger an AssociateJobs action when the &apos;Run&apos; button is clicked" name="Admin - Exchange Job Association Utility Page should trigger an AssociateJobs action when the &apos;Run&apos; button is clicked" time="1.861">
    </testcase>
    <testcase classname="Admin - Exchange Job Association Utility Page should enable exchange selection combobox when companySelection is valid" name="Admin - Exchange Job Association Utility Page should enable exchange selection combobox when companySelection is valid" time="2.459">
    </testcase>
    <testcase classname="Admin - Exchange Job Association Utility Page should reset the exchangeSelectionControl when handleCompanySelectionChange is triggered" name="Admin - Exchange Job Association Utility Page should reset the exchangeSelectionControl when handleCompanySelectionChange is triggered" time="1.151">
    </testcase>
    <testcase classname="Admin - Exchange Job Association Utility Page should dispatch a LoadExchangeOptions action when handleCompanySelectionChange is triggered and
  there is a selection" name="Admin - Exchange Job Association Utility Page should dispatch a LoadExchangeOptions action when handleCompanySelectionChange is triggered and
  there is a selection" time="1.123">
    </testcase>
    <testcase classname="Admin - Exchange Job Association Utility Page should NOT dispatch a LoadExchangeOptions action when handleCompanySelectionChange is triggered and
  there is no selection" name="Admin - Exchange Job Association Utility Page should NOT dispatch a LoadExchangeOptions action when handleCompanySelectionChange is triggered and
  there is no selection" time="1.257">
    </testcase>
    <testcase classname="Admin - Exchange Job Association Utility Page should display success alert when not currently associating, a run has been attempted, and there was NO error" name="Admin - Exchange Job Association Utility Page should display success alert when not currently associating, a run has been attempted, and there was NO error" time="1.408">
    </testcase>
    <testcase classname="Admin - Exchange Job Association Utility Page should display danger alert when not currently associating, a run has been attempted, and there was an error" name="Admin - Exchange Job Association Utility Page should display danger alert when not currently associating, a run has been attempted, and there was an error" time="2.094">
    </testcase>
  </testsuite>
  <testsuite name="apps/job-description-management/app/_job-description/components/popovers/filter-selector/filter-selector-popover.component.spec.ts" errors="0" failures="0" skipped="0" timestamp="2019-08-05T19:48:31" time="31.973" tests="8">
    <testcase classname="Job Description Management - Job Description - Filter Selector Popover should return an empty string, when calling displayFilterDescription and no columns exist in listAreaColumns/customListAreaColumns" name="Job Description Management - Job Description - Filter Selector Popover should return an empty string, when calling displayFilterDescription and no columns exist in listAreaColumns/customListAreaColumns" time="1.854">
    </testcase>
    <testcase classname="Job Description Management - Job Description - Filter Selector Popover should return a filter description, when calling displayFilterDescription and columns exist in listAreaColumns/customListAreaColumns" name="Job Description Management - Job Description - Filter Selector Popover should return a filter description, when calling displayFilterDescription and columns exist in listAreaColumns/customListAreaColumns" time="2.434">
    </testcase>
    <testcase classname="Job Description Management - Job Description - Filter Selector Popover should do nothing, when calling selectFilter and attemptedDelete or deleting are true" name="Job Description Management - Job Description - Filter Selector Popover should do nothing, when calling selectFilter and attemptedDelete or deleting are true" time="2.293">
    </testcase>
    <testcase classname="Job Description Management - Job Description - Filter Selector Popover should emit selected filter data and close popover, when calling selectFilter and attemptedDelete and deleting are false" name="Job Description Management - Job Description - Filter Selector Popover should emit selected filter data and close popover, when calling selectFilter and attemptedDelete and deleting are false" time="1.508">
    </testcase>
    <testcase classname="Job Description Management - Job Description - Filter Selector Popover should set preliminary values for filter deletion, when calling deleteFilter" name="Job Description Management - Job Description - Filter Selector Popover should set preliminary values for filter deletion, when calling deleteFilter" time="1.665">
    </testcase>
    <testcase classname="Job Description Management - Job Description - Filter Selector Popover should set attemptedDelete to false and then do nothing, when calling confirmDelete and idDeleting is null" name="Job Description Management - Job Description - Filter Selector Popover should set attemptedDelete to false and then do nothing, when calling confirmDelete and idDeleting is null" time="1.306">
    </testcase>
    <testcase classname="Job Description Management - Job Description - Filter Selector Popover should set attemptedDelete to false and then emit the id to delete, when calling confirmDelete and idDeleting is not null" name="Job Description Management - Job Description - Filter Selector Popover should set attemptedDelete to false and then emit the id to delete, when calling confirmDelete and idDeleting is not null" time="2.166">
    </testcase>
    <testcase classname="Job Description Management - Job Description - Filter Selector Popover should reset attemptedDelete &amp; idDeleting, when calling cancelDelete" name="Job Description Management - Job Description - Filter Selector Popover should reset attemptedDelete &amp; idDeleting, when calling cancelDelete" time="2.324">
    </testcase>
  </testsuite>
  <testsuite name="apps/community/app/_main/containers/community-text-area/community-text-area.component.spec.ts" errors="0" failures="0" skipped="0" timestamp="2019-08-05T19:48:31" time="40.48" tests="18">
    <testcase classname="CommunityTextAreaComponent should show community text area" name="CommunityTextAreaComponent should show community text area" time="2.223">
    </testcase>
    <testcase classname="CommunityTextAreaComponent should on arrow key down should set the selected tag" name="CommunityTextAreaComponent should on arrow key down should set the selected tag" time="1.171">
    </testcase>
    <testcase classname="CommunityTextAreaComponent should on arrow key down should set the selected tag when there are multiple tags" name="CommunityTextAreaComponent should on arrow key down should set the selected tag when there are multiple tags" time="6.368">
    </testcase>
    <testcase classname="CommunityTextAreaComponent should onKeyDown not invoke prevent default if suggested tags empty and container is not visible" name="CommunityTextAreaComponent should onKeyDown not invoke prevent default if suggested tags empty and container is not visible" time="1.266">
    </testcase>
    <testcase classname="CommunityTextAreaComponent should onKeyDown not invoke prevent default if suggested tags has value but container is not visible" name="CommunityTextAreaComponent should onKeyDown not invoke prevent default if suggested tags has value but container is not visible" time="0.626">
    </testcase>
    <testcase classname="CommunityTextAreaComponent should on arrow down it should prevent default" name="CommunityTextAreaComponent should on arrow down it should prevent default" time="1.648">
    </testcase>
    <testcase classname="CommunityTextAreaComponent should on arrow key up set suggested tag" name="CommunityTextAreaComponent should on arrow key up set suggested tag" time="0.939">
    </testcase>
    <testcase classname="CommunityTextAreaComponent should on arrow key up set suggested tag when multiple tags" name="CommunityTextAreaComponent should on arrow key up set suggested tag when multiple tags" time="0.423">
    </testcase>
    <testcase classname="CommunityTextAreaComponent should when selecting tag empty out suggestions" name="CommunityTextAreaComponent should when selecting tag empty out suggestions" time="0.274">
    </testcase>
    <testcase classname="CommunityTextAreaComponent should on key up empty tag suggestions " name="CommunityTextAreaComponent should on key up empty tag suggestions " time="0.23">
    </testcase>
    <testcase classname="CommunityTextAreaComponent should on key up get suggested matches " name="CommunityTextAreaComponent should on key up get suggested matches " time="0.32">
    </testcase>
    <testcase classname="CommunityTextAreaComponent should getMatches return empty array when slice of text empty " name="CommunityTextAreaComponent should getMatches return empty array when slice of text empty " time="0.152">
    </testcase>
    <testcase classname="CommunityTextAreaComponent should getMatches return array of matches when slice of text has hashtag " name="CommunityTextAreaComponent should getMatches return array of matches when slice of text has hashtag " time="0.111">
    </testcase>
    <testcase classname="CommunityTextAreaComponent should not call autogrow when the offset of text area with is 0" name="CommunityTextAreaComponent should not call autogrow when the offset of text area with is 0" time="0.088">
    </testcase>
    <testcase classname="CommunityTextAreaComponent should not call autogrow when the offset with of text area is greater than 0" name="CommunityTextAreaComponent should not call autogrow when the offset with of text area is greater than 0" time="0.104">
    </testcase>
    <testcase classname="CommunityTextAreaComponent should return false for  hasTextareaOffsetWidth with offset zero " name="CommunityTextAreaComponent should return false for  hasTextareaOffsetWidth with offset zero " time="0.142">
    </testcase>
    <testcase classname="CommunityTextAreaComponent should set text area height to the scroll height of the discussion text area" name="CommunityTextAreaComponent should set text area height to the scroll height of the discussion text area" time="0.163">
    </testcase>
    <testcase classname="CommunityTextAreaComponent should equal suggested tags on click out" name="CommunityTextAreaComponent should equal suggested tags on click out" time="0.126">
    </testcase>
  </testsuite>
  <testsuite name="apps/admin/app/_company-admin/containers/add-company-role-modal/add-company-role-modal.spec.ts" errors="0" failures="0" skipped="0" timestamp="2019-08-05T19:47:19" time="113.855" tests="5">
    <testcase classname="AddCompanyRoleModalComponent should create" name="AddCompanyRoleModalComponent should create" time="7.207">
    </testcase>
    <testcase classname="AddCompanyRoleModalComponent should match snapshot" name="AddCompanyRoleModalComponent should match snapshot" time="5.404">
    </testcase>
    <testcase classname="AddCompanyRoleModalComponent should dispatch the CloseAddCompanyRoleModal action when the modal is dismissed" name="AddCompanyRoleModalComponent should dispatch the CloseAddCompanyRoleModal action when the modal is dismissed" time="7.125">
    </testcase>
    <testcase classname="AddCompanyRoleModalComponent should dispatch AddCompanyRole action when the modal is submitted" name="AddCompanyRoleModalComponent should dispatch AddCompanyRole action when the modal is submitted" time="18.916">
    </testcase>
    <testcase classname="AddCompanyRoleModalComponent should trim entered text fields on blur" name="AddCompanyRoleModalComponent should trim entered text fields on blur" time="15.411">
    </testcase>
  </testsuite>
  <testsuite name="apps/job-description-management/app/_job-description/containers/pages/job-description-list/job-description-list.page.spec.ts" errors="0" failures="0" skipped="0" timestamp="2019-08-05T19:47:19" time="113.349" tests="25">
    <testcase classname="Job Description Management - Job Description - Job Description List Page should dispatch a CreateJobDescription action, when calling appliesToFormCompleted with templateId of -1" name="Job Description Management - Job Description - Job Description List Page should dispatch a CreateJobDescription action, when calling appliesToFormCompleted with templateId of -1" time="1.765">
    </testcase>
    <testcase classname="Job Description Management - Job Description - Job Description List Page should dispatch a SaveCompanyJobsJobDescriptionTemplateId action, when calling appliesToFormCompleted with templateId not -1" name="Job Description Management - Job Description - Job Description List Page should dispatch a SaveCompanyJobsJobDescriptionTemplateId action, when calling appliesToFormCompleted with templateId not -1" time="2.949">
    </testcase>
    <testcase classname="Job Description Management - Job Description - Job Description List Page should return a QueryListStateRequest object containing the latest listFilter and gridState, when getQueryListStateRequest is called" name="Job Description Management - Job Description - Job Description List Page should return a QueryListStateRequest object containing the latest listFilter and gridState, when getQueryListStateRequest is called" time="0.378">
    </testcase>
    <testcase classname="Job Description Management - Job Description - Job Description List Page should dispatch an OpenBulkExportPopover action, when calling handleBulkExportPopoverOpened" name="Job Description Management - Job Description - Job Description List Page should dispatch an OpenBulkExportPopover action, when calling handleBulkExportPopoverOpened" time="0.396">
    </testcase>
    <testcase classname="Job Description Management - Job Description - Job Description List Page should reset the gridState &amp; dispatch a LoadJobDescriptionGrid action, when calling handleClearAllFilters" name="Job Description Management - Job Description - Job Description List Page should reset the gridState &amp; dispatch a LoadJobDescriptionGrid action, when calling handleClearAllFilters" time="0.859">
    </testcase>
    <testcase classname="Job Description Management - Job Description - Job Description List Page should remove filter from the gridState, when calling handleClearFilter" name="Job Description Management - Job Description - Job Description List Page should remove filter from the gridState, when calling handleClearFilter" time="0.947">
    </testcase>
    <testcase classname="Job Description Management - Job Description - Job Description List Page should dispatch an UpdateListAreaColumn action, when calling handleColumnModified" name="Job Description Management - Job Description - Job Description List Page should dispatch an UpdateListAreaColumn action, when calling handleColumnModified" time="1.953">
    </testcase>
    <testcase classname="Job Description Management - Job Description - Job Description List Page should dispatch a CreateJobDescription action, when calling handleCreateCompanyJobComplete with addAndAssign equal to true" name="Job Description Management - Job Description - Job Description List Page should dispatch a CreateJobDescription action, when calling handleCreateCompanyJobComplete with addAndAssign equal to true" time="1.093">
    </testcase>
    <testcase classname="Job Description Management - Job Description - Job Description List Page should dispatch a LoadJobDescriptionGrid action, when calling handleCreateCompanyJobComplete with addAndAssign equal to false" name="Job Description Management - Job Description - Job Description List Page should dispatch a LoadJobDescriptionGrid action, when calling handleCreateCompanyJobComplete with addAndAssign equal to false" time="0.581">
    </testcase>
    <testcase classname="Job Description Management - Job Description - Job Description List Page should pass along filters to filterThrottle, when calling handleFilterChanged" name="Job Description Management - Job Description - Job Description List Page should pass along filters to filterThrottle, when calling handleFilterChanged" time="0.578">
    </testcase>
    <testcase classname="Job Description Management - Job Description - Job Description List Page should set the gridState skip value to that of the skip value in event, when calling handlePageChanged" name="Job Description Management - Job Description - Job Description List Page should set the gridState skip value to that of the skip value in event, when calling handlePageChanged" time="0.767">
    </testcase>
    <testcase classname="Job Description Management - Job Description - Job Description List Page should dispatch a SaveListAreaColumns action, when calling handleSaveColumns" name="Job Description Management - Job Description - Job Description List Page should dispatch a SaveListAreaColumns action, when calling handleSaveColumns" time="0.837">
    </testcase>
    <testcase classname="Job Description Management - Job Description - Job Description List Page should set the sort parameter to the gridState sort array, when calling handleSortChanged" name="Job Description Management - Job Description - Job Description List Page should set the sort parameter to the gridState sort array, when calling handleSortChanged" time="0.824">
    </testcase>
    <testcase classname="Job Description Management - Job Description - Job Description List Page should dispatch a LoadUserFilterList action, when calling handleSaveFilterModalOpened" name="Job Description Management - Job Description - Job Description List Page should dispatch a LoadUserFilterList action, when calling handleSaveFilterModalOpened" time="0.882">
    </testcase>
    <testcase classname="Job Description Management - Job Description - Job Description List Page should dispatch a SaveCompanyJobsJobDescriptionTemplateId action, when calling handleTemplateAssignedToJob" name="Job Description Management - Job Description - Job Description List Page should dispatch a SaveCompanyJobsJobDescriptionTemplateId action, when calling handleTemplateAssignedToJob" time="1.21">
    </testcase>
    <testcase classname="Job Description Management - Job Description - Job Description List Page should dispatch a DeleteUserFilter action, when calling handleUserFilterDeleteConfirmed" name="Job Description Management - Job Description - Job Description List Page should dispatch a DeleteUserFilter action, when calling handleUserFilterDeleteConfirmed" time="2.905">
    </testcase>
    <testcase classname="Job Description Management - Job Description - Job Description List Page should dispatch a LoadUserFilterList action, when calling handleUserFilterListPopoverOpened" name="Job Description Management - Job Description - Job Description List Page should dispatch a LoadUserFilterList action, when calling handleUserFilterListPopoverOpened" time="2.46">
    </testcase>
    <testcase classname="Job Description Management - Job Description - Job Description List Page should re-assign filters, when calling handleUserFilterSelected" name="Job Description Management - Job Description - Job Description List Page should re-assign filters, when calling handleUserFilterSelected" time="2.453">
    </testcase>
    <testcase classname="Job Description Management - Job Description - Job Description List Page should dispatch LoadControlLabels &amp; LoadJobInformationFieldsForBulkExport actions for handleViewSelectionChangedOnBulkExport" name="Job Description Management - Job Description - Job Description List Page should dispatch LoadControlLabels &amp; LoadJobInformationFieldsForBulkExport actions for handleViewSelectionChangedOnBulkExport" time="2.497">
    </testcase>
    <testcase classname="Job Description Management - Job Description - Job Description List Page should open assignJobToTemplateModalComponent, when calling openAssignJobModal" name="Job Description Management - Job Description - Job Description List Page should open assignJobToTemplateModalComponent, when calling openAssignJobModal" time="8.997">
    </testcase>
    <testcase classname="Job Description Management - Job Description - Job Description List Page should open jobDescriptionHistoryModalComponent, when calling openJobDescriptionHistoryModal" name="Job Description Management - Job Description - Job Description List Page should open jobDescriptionHistoryModalComponent, when calling openJobDescriptionHistoryModal" time="5.388">
    </testcase>
    <testcase classname="Job Description Management - Job Description - Job Description List Page should open jobDescriptionAppliesToModalComponent, when calling openNewJobDescModal" name="Job Description Management - Job Description - Job Description List Page should open jobDescriptionAppliesToModalComponent, when calling openNewJobDescModal" time="3.31">
    </testcase>
    <testcase classname="Job Description Management - Job Description - Job Description List Page should open saveFilterModalComponent, when calling saveFilterClicked" name="Job Description Management - Job Description - Job Description List Page should open saveFilterModalComponent, when calling saveFilterClicked" time="3.525">
    </testcase>
    <testcase classname="Job Description Management - Job Description - Job Description List Page should dispatch an AddUserFilter action, when calling saveFilterHandler" name="Job Description Management - Job Description - Job Description List Page should dispatch an AddUserFilter action, when calling saveFilterHandler" time="1.522">
    </testcase>
    <testcase classname="Job Description Management - Job Description - Job Description List Page should dispatch UpdateSearchTerm &amp; LoadJobDescriptionGrid actions, when calling updateSearchFilter" name="Job Description Management - Job Description - Job Description List Page should dispatch UpdateSearchTerm &amp; LoadJobDescriptionGrid actions, when calling updateSearchFilter" time="0.725">
    </testcase>
  </testsuite>
  <testsuite name="apps/data-insights/app/_main/containers/dashboards/dashboards.component.spec.ts" errors="0" failures="0" skipped="0" timestamp="2019-08-05T19:48:31" time="41.835" tests="5">
    <testcase classname="Data Insights - Dashboards Comopnent should dispatch AddWorkbookFavorite action when a workbook is marked as favorite" name="Data Insights - Dashboards Comopnent should dispatch AddWorkbookFavorite action when a workbook is marked as favorite" time="8.998">
    </testcase>
    <testcase classname="Data Insights - Dashboards Comopnent should dispatch RemoveWorkbookFavorite action when a workbook is unmarked as favorite" name="Data Insights - Dashboards Comopnent should dispatch RemoveWorkbookFavorite action when a workbook is unmarked as favorite" time="9.37">
    </testcase>
    <testcase classname="Data Insights - Dashboards Comopnent should dispatch ToggleDashboardView action with correct selected view" name="Data Insights - Dashboards Comopnent should dispatch ToggleDashboardView action with correct selected view" time="8.282">
    </testcase>
    <testcase classname="Data Insights - Dashboards Comopnent anyFavorites should returns true when there is a favorite workbook" name="Data Insights - Dashboards Comopnent anyFavorites should returns true when there is a favorite workbook" time="2.616">
    </testcase>
    <testcase classname="Data Insights - Dashboards Comopnent anyFavorites should returns false when there is none favorite workbooks" name="Data Insights - Dashboards Comopnent anyFavorites should returns false when there is none favorite workbooks" time="1.093">
    </testcase>
  </testsuite>
  <testsuite name="libs/features/peer/job-association/containers/company-jobs/company-jobs.component.spec.ts" errors="0" failures="0" skipped="0" timestamp="2019-08-05T19:49:04" time="10.746" tests="6">
    <testcase classname="CompanyJobsComponent should create" name="CompanyJobsComponent should create" time="0.891">
    </testcase>
    <testcase classname="CompanyJobsComponent should show total company jobs" name="CompanyJobsComponent should show total company jobs" time="0.639">
    </testcase>
    <testcase classname="CompanyJobsComponent should fire the right actions when the grid state is changed" name="CompanyJobsComponent should fire the right actions when the grid state is changed" time="0.467">
    </testcase>
    <testcase classname="CompanyJobsComponent should fire the UpdateSearchTerm action when the search term is changed" name="CompanyJobsComponent should fire the UpdateSearchTerm action when the search term is changed" time="0.258">
    </testcase>
    <testcase classname="CompanyJobsComponent should not fire the LoadCompanyJobs action when the search term is one character" name="CompanyJobsComponent should not fire the LoadCompanyJobs action when the search term is one character" time="0.288">
    </testcase>
    <testcase classname="CompanyJobsComponent should fire the updateSearchTermAction followed by loadExchangeJobsAction when the search term is more than one character" name="CompanyJobsComponent should fire the updateSearchTermAction followed by loadExchangeJobsAction when the search term is more than one character" time="0.362">
    </testcase>
  </testsuite>
  <testsuite name="apps/job-description-management/app/_job-description/components/popovers/bulk-export/bulk-export-popover.component.spec.ts" errors="0" failures="0" skipped="0" timestamp="2019-08-05T19:48:58" time="18.657" tests="6">
    <testcase classname="Job Description Management - Job Description - Bulk Export Popover should submit bulkExportForm and then close the popover, when calling export" name="Job Description Management - Job Description - Bulk Export Popover should submit bulkExportForm and then close the popover, when calling export" time="0.244">
    </testcase>
    <testcase classname="Job Description Management - Job Description - Bulk Export Popover should add label to control labels array, when calling toggleControlLabel with checked label" name="Job Description Management - Job Description - Bulk Export Popover should add label to control labels array, when calling toggleControlLabel with checked label" time="0.151">
    </testcase>
    <testcase classname="Job Description Management - Job Description - Bulk Export Popover should remove label from control labels array, when calling toggleControlLabel with unchecked label" name="Job Description Management - Job Description - Bulk Export Popover should remove label from control labels array, when calling toggleControlLabel with unchecked label" time="0.149">
    </testcase>
    <testcase classname="Job Description Management - Job Description - Bulk Export Popover should initialize component variables, when calling handlePopoverShown" name="Job Description Management - Job Description - Bulk Export Popover should initialize component variables, when calling handlePopoverShown" time="0.293">
    </testcase>
    <testcase classname="Job Description Management - Job Description - Bulk Export Popover should set and select view, when calling handleViewChanged with non-default view" name="Job Description Management - Job Description - Bulk Export Popover should set and select view, when calling handleViewChanged with non-default view" time="0.195">
    </testcase>
    <testcase classname="Job Description Management - Job Description - Bulk Export Popover should reset view variables, when calling handleViewChanged with default view" name="Job Description Management - Job Description - Bulk Export Popover should reset view variables, when calling handleViewChanged with default view" time="0.116">
    </testcase>
  </testsuite>
  <testsuite name="apps/admin/app/_peer/containers/add-companies-modal/add-companies-modal.component.spec.ts" errors="0" failures="0" skipped="0" timestamp="2019-08-05T19:48:57" time="19.347" tests="16">
    <testcase classname="Add Companies Modal should show a modal with a search bar and a companies grid when addCompaniesModalOpen$ is true" name="Add Companies Modal should show a modal with a search bar and a companies grid when addCompaniesModalOpen$ is true" time="1.223">
    </testcase>
    <testcase classname="Add Companies Modal should call loadAvailableCompanies onInit when the modal is opened" name="Add Companies Modal should call loadAvailableCompanies onInit when the modal is opened" time="0.39">
    </testcase>
    <testcase classname="Add Companies Modal should call selectionsControl.setErrors when addingCompaniesError$ is true" name="Add Companies Modal should call selectionsControl.setErrors when addingCompaniesError$ is true" time="0.54">
    </testcase>
    <testcase classname="Add Companies Modal should dispatch a AddingExchangeCompanies action when the handleFormSubmit event is triggered" name="Add Companies Modal should dispatch a AddingExchangeCompanies action when the handleFormSubmit event is triggered" time="0.588">
    </testcase>
    <testcase classname="Add Companies Modal should have attemptedSubmit of true once handleFormSubmit is triggered" name="Add Companies Modal should have attemptedSubmit of true once handleFormSubmit is triggered" time="0.27">
    </testcase>
    <testcase classname="Add Companies Modal should have attemptedSubmit of false once handleModalDismissed is triggered" name="Add Companies Modal should have attemptedSubmit of false once handleModalDismissed is triggered" time="0.319">
    </testcase>
    <testcase classname="Add Companies Modal should dispatch a CloseAddExchangeCompaniesModal event when handleModalDismissed is triggered" name="Add Companies Modal should dispatch a CloseAddExchangeCompaniesModal event when handleModalDismissed is triggered" time="0.253">
    </testcase>
    <testcase classname="Add Companies Modal should set the searchTerm to blank, when the modal is dismissed" name="Add Companies Modal should set the searchTerm to blank, when the modal is dismissed" time="0.283">
    </testcase>
    <testcase classname="Add Companies Modal should dispatch fromGridActions.ResetGrid when handleModalDismissed is triggered" name="Add Companies Modal should dispatch fromGridActions.ResetGrid when handleModalDismissed is triggered" time="0.246">
    </testcase>
    <testcase classname="Add Companies Modal should dispatch fromGridActions.UpdateFilter action and call loadAvailableCompanies when updateSearchFilter is triggered" name="Add Companies Modal should dispatch fromGridActions.UpdateFilter action and call loadAvailableCompanies when updateSearchFilter is triggered" time="0.23">
    </testcase>
    <testcase classname="Add Companies Modal should dispatch LoadingAvaliableCompanies action when loadAvailableCompanies is called" name="Add Companies Modal should dispatch LoadingAvaliableCompanies action when loadAvailableCompanies is called" time="0.188">
    </testcase>
    <testcase classname="Add Companies Modal should dispatch fromGridActions.PageChange action and call loadAvailableCompanies when the handlePageChange
  event is triggered" name="Add Companies Modal should dispatch fromGridActions.PageChange action and call loadAvailableCompanies when the handlePageChange
  event is triggered" time="0.189">
    </testcase>
    <testcase classname="Add Companies Modal should dispatch fromGridActions.SortChange action and call loadAvailableCompanies when the handleSortChange
   event is triggered" name="Add Companies Modal should dispatch fromGridActions.SortChange action and call loadAvailableCompanies when the handleSortChange
   event is triggered" time="0.232">
    </testcase>
    <testcase classname="Add Companies Modal should not dispatch fromGridActions.ToggleRowSelection action when the cellClick event
   is triggered if the company is already in the exchange" name="Add Companies Modal should not dispatch fromGridActions.ToggleRowSelection action when the cellClick event
   is triggered if the company is already in the exchange" time="0.351">
    </testcase>
    <testcase classname="Add Companies Modal should dispatch fromGridActions.ToggleRowSelection action when the cellClick event is triggered" name="Add Companies Modal should dispatch fromGridActions.ToggleRowSelection action when the cellClick event is triggered" time="0.234">
    </testcase>
    <testcase classname="Add Companies Modal should update primaryButtonText with the number of selections when selections change" name="Add Companies Modal should update primaryButtonText with the number of selections when selections change" time="0.193">
    </testcase>
  </testsuite>
  <testsuite name="apps/admin/app/_peer/containers/add-jobs-modal/add-jobs-modal.component.spec.ts" errors="0" failures="0" skipped="0" timestamp="2019-08-05T19:48:58" time="19.28" tests="16">
    <testcase classname="Add Jobs Modal should show a modal with a search bar and a companies grid when addJobsModalOpen$ is true" name="Add Jobs Modal should show a modal with a search bar and a companies grid when addJobsModalOpen$ is true" time="1.472">
    </testcase>
    <testcase classname="Add Jobs Modal should dispatch LoadingAvaliableJobs action when loadAvailableJobs is called" name="Add Jobs Modal should dispatch LoadingAvaliableJobs action when loadAvailableJobs is called" time="0.44">
    </testcase>
    <testcase classname="Add Jobs Modal should call loadingAvailableJobs onInit when the modal is opened" name="Add Jobs Modal should call loadingAvailableJobs onInit when the modal is opened" time="0.417">
    </testcase>
    <testcase classname="Add Jobs Modal should call selectionsControl.setErrors when addingJobsError$ is true" name="Add Jobs Modal should call selectionsControl.setErrors when addingJobsError$ is true" time="0.45">
    </testcase>
    <testcase classname="Add Jobs Modal should dispatch a AddingExchangeJobs action when the handleFormSubmit event is triggered" name="Add Jobs Modal should dispatch a AddingExchangeJobs action when the handleFormSubmit event is triggered" time="0.443">
    </testcase>
    <testcase classname="Add Jobs Modal should have attemptedSubmit of true once handleFormSubmit is triggered" name="Add Jobs Modal should have attemptedSubmit of true once handleFormSubmit is triggered" time="0.266">
    </testcase>
    <testcase classname="Add Jobs Modal should have attemptedSubmit of false once handleModalDismissed is triggered" name="Add Jobs Modal should have attemptedSubmit of false once handleModalDismissed is triggered" time="0.355">
    </testcase>
    <testcase classname="Add Jobs Modal should dispatch a CloseAddExchangeJobsModal event when handleModalDismissed is triggered" name="Add Jobs Modal should dispatch a CloseAddExchangeJobsModal event when handleModalDismissed is triggered" time="0.254">
    </testcase>
    <testcase classname="Add Jobs Modal should set the searchTerm to blank, when the modal is dismissed" name="Add Jobs Modal should set the searchTerm to blank, when the modal is dismissed" time="0.295">
    </testcase>
    <testcase classname="Add Jobs Modal should dispatch fromGridActions.ResetGrid action when handleModalDismissed is triggered" name="Add Jobs Modal should dispatch fromGridActions.ResetGrid action when handleModalDismissed is triggered" time="0.37">
    </testcase>
    <testcase classname="Add Jobs Modal should dispatch fromGridActions.UpdateFilter action and call loadAvailableJobs when updateSearchFilter is triggered" name="Add Jobs Modal should dispatch fromGridActions.UpdateFilter action and call loadAvailableJobs when updateSearchFilter is triggered" time="0.228">
    </testcase>
    <testcase classname="Add Jobs Modal should dispatch a fromGridActions.PageChange action and call loadAvailableJobs when the pageChange event is triggered" name="Add Jobs Modal should dispatch a fromGridActions.PageChange action and call loadAvailableJobs when the pageChange event is triggered" time="0.209">
    </testcase>
    <testcase classname="Add Jobs Modal should dispatch a fromGridActions.SortChange action and call loadAvailableJobs when the
    handleSortChange event is triggered" name="Add Jobs Modal should dispatch a fromGridActions.SortChange action and call loadAvailableJobs when the
    handleSortChange event is triggered" time="0.263">
    </testcase>
    <testcase classname="Add Jobs Modal should not dispatch fromGridActions.ToggleRowSelection action when the cellClick event is triggered
   if the job is already in the exchange" name="Add Jobs Modal should not dispatch fromGridActions.ToggleRowSelection action when the cellClick event is triggered
   if the job is already in the exchange" time="0.428">
    </testcase>
    <testcase classname="Add Jobs Modal should dispatch a fromGridActions.ToggleRowSelection action when the cellClick event is triggered" name="Add Jobs Modal should dispatch a fromGridActions.ToggleRowSelection action when the cellClick event is triggered" time="0.264">
    </testcase>
    <testcase classname="Add Jobs Modal should update primaryButtonText with the number of selections when selections change" name="Add Jobs Modal should update primaryButtonText with the number of selections when selections change" time="0.257">
    </testcase>
  </testsuite>
  <testsuite name="apps/admin/app/_community/containers/community-polls/community-polls.component.spec.ts" errors="0" failures="0" skipped="0" timestamp="2019-08-05T19:49:13" time="5.362" tests="3">
    <testcase classname="CommunityPollsComponent should create" name="CommunityPollsComponent should create" time="0.45">
    </testcase>
    <testcase classname="CommunityPollsComponent should dispatch an LoadingCommunityPolls on onInit" name="CommunityPollsComponent should dispatch an LoadingCommunityPolls on onInit" time="0.205">
    </testcase>
    <testcase classname="CommunityPollsComponent should dispatch an OpenCommunityPollModal action on openCommunityPollModal handler" name="CommunityPollsComponent should dispatch an OpenCommunityPollModal action on openCommunityPollModal handler" time="0.185">
    </testcase>
  </testsuite>
  <testsuite name="apps/peer/app/_map/containers/pages/exchange-map/exchange-map.page.spec.ts" errors="0" failures="0" skipped="0" timestamp="2019-08-05T19:49:18" time="12.153" tests="11">
    <testcase classname="Peer - Map - Exchange Map Page should show the exchange name as the page title" name="Peer - Map - Exchange Map Page should show the exchange name as the page title" time="1.142">
    </testcase>
    <testcase classname="Peer - Map - Exchange Map Page should dispatch a LimitToExchange action upon Init with the routes exchange Id" name="Peer - Map - Exchange Map Page should dispatch a LimitToExchange action upon Init with the routes exchange Id" time="0.864">
    </testcase>
    <testcase classname="Peer - Map - Exchange Map Page should dispatch a LoadPeerMapData action upon Init" name="Peer - Map - Exchange Map Page should dispatch a LoadPeerMapData action upon Init" time="0.459">
    </testcase>
    <testcase classname="Peer - Map - Exchange Map Page should dispatch a Reset action to the filterSidebar upon destroy" name="Peer - Map - Exchange Map Page should dispatch a Reset action to the filterSidebar upon destroy" time="0.427">
    </testcase>
    <testcase classname="Peer - Map - Exchange Map Page should dispatch a Reset action to the map upon destroy" name="Peer - Map - Exchange Map Page should dispatch a Reset action to the map upon destroy" time="0.25">
    </testcase>
    <testcase classname="Peer - Map - Exchange Map Page should dispatch an UpsertExchangeScope action when handleUpsertExchangeScopeEvent is triggered" name="Peer - Map - Exchange Map Page should dispatch an UpsertExchangeScope action when handleUpsertExchangeScopeEvent is triggered" time="0.623">
    </testcase>
    <testcase classname="Peer - Map - Exchange Map Page should dispatch an OpenSaveExchangeScopeModal action when handleSaveScopeClick is triggered" name="Peer - Map - Exchange Map Page should dispatch an OpenSaveExchangeScopeModal action when handleSaveScopeClick is triggered" time="0.687">
    </testcase>
    <testcase classname="Peer - Map - Exchange Map Page should display a disabled Create Scope button when numberOfCompanySelections$ is &gt; 0 and &lt; 5" name="Peer - Map - Exchange Map Page should display a disabled Create Scope button when numberOfCompanySelections$ is &gt; 0 and &lt; 5" time="0.262">
    </testcase>
    <testcase classname="Peer - Map - Exchange Map Page should display a disabled Create Scope button when numberOfSelections$ is  0" name="Peer - Map - Exchange Map Page should display a disabled Create Scope button when numberOfSelections$ is  0" time="0.183">
    </testcase>
    <testcase classname="Peer - Map - Exchange Map Page should display a disabled Export Data Cuts Button when peerMapCompaniesCount$ is &lt; 5" name="Peer - Map - Exchange Map Page should display a disabled Export Data Cuts Button when peerMapCompaniesCount$ is &lt; 5" time="0.267">
    </testcase>
    <testcase classname="Peer - Map - Exchange Map Page should display a disabled Export Data Cuts Button when exchangeJobIdsInScope$ is empty or null" name="Peer - Map - Exchange Map Page should display a disabled Export Data Cuts Button when exchangeJobIdsInScope$ is empty or null" time="0.183">
    </testcase>
  </testsuite>
  <testsuite name="apps/admin/app/_org-data-loader/containers/field-mapper/field-mapper.component.spec.ts" errors="0" failures="0" skipped="0" timestamp="2019-08-05T19:49:13" time="17.168" tests="26">
    <testcase classname="FieldMapperComponent should create" name="FieldMapperComponent should create" time="0.355">
    </testcase>
    <testcase classname="FieldMapperComponent should show a spinner when the company&apos;s mappings are being retrieved" name="FieldMapperComponent should show a spinner when the company&apos;s mappings are being retrieved" time="0.154">
    </testcase>
    <testcase classname="FieldMapperComponent should enable the Map button when a payfactors field AND client field have been selected" name="FieldMapperComponent should enable the Map button when a payfactors field AND client field have been selected" time="0.206">
    </testcase>
    <testcase classname="FieldMapperComponent should disable the Map button when a payfactors field OR client field have not been selected" name="FieldMapperComponent should disable the Map button when a payfactors field OR client field have not been selected" time="0.207">
    </testcase>
    <testcase classname="FieldMapperComponent should enable the Remove Mapping button when a mapping has been selected" name="FieldMapperComponent should enable the Remove Mapping button when a mapping has been selected" time="0.203">
    </testcase>
    <testcase classname="FieldMapperComponent should disable the Remove Mapping button when a mapping has NOT been selected" name="FieldMapperComponent should disable the Remove Mapping button when a mapping has NOT been selected" time="0.235">
    </testcase>
    <testcase classname="FieldMapperComponent should show a date format selector when the loader type is Employees" name="FieldMapperComponent should show a date format selector when the loader type is Employees" time="0.305">
    </testcase>
    <testcase classname="FieldMapperComponent should show a add/full replace toggle when the loader type is Employees" name="FieldMapperComponent should show a add/full replace toggle when the loader type is Employees" time="0.382">
    </testcase>
    <testcase classname="FieldMapperComponent should show a add/full replace toggle when the loader type is Structure Mappings" name="FieldMapperComponent should show a add/full replace toggle when the loader type is Structure Mappings" time="0.583">
    </testcase>
    <testcase classname="FieldMapperComponent should add a mapping to the list of mappings, and remove the fields from the Payfactors/CLient collections when ApplyMapping is called" name="FieldMapperComponent should add a mapping to the list of mappings, and remove the fields from the Payfactors/CLient collections when ApplyMapping is called" time="0.337">
    </testcase>
    <testcase classname="FieldMapperComponent should remove a mapping and add the fields back to the client/payfactors collections where RemoveMapping is called" name="FieldMapperComponent should remove a mapping and add the fields back to the client/payfactors collections where RemoveMapping is called" time="0.204">
    </testcase>
    <testcase classname="FieldMapperComponent should format a mapping with a caret for display instead of double underscores" name="FieldMapperComponent should format a mapping with a caret for display instead of double underscores" time="0.728">
    </testcase>
    <testcase classname="FieldMapperComponent should automatically map similar fields on a successful upload" name="FieldMapperComponent should automatically map similar fields on a successful upload" time="0.611">
    </testcase>
    <testcase classname="FieldMapperComponent should reset the mappings on upload" name="FieldMapperComponent should reset the mappings on upload" time="0.38">
    </testcase>
    <testcase classname="FieldMapperComponent should reset the mappings on removal of a file" name="FieldMapperComponent should reset the mappings on removal of a file" time="0.367">
    </testcase>
    <testcase classname="FieldMapperComponent should populate the mappings box with the company&apos;s existing mappings on init" name="FieldMapperComponent should populate the mappings box with the company&apos;s existing mappings on init" time="0.411">
    </testcase>
    <testcase classname="FieldMapperComponent Filename Pattern should read &quot;begin with&quot; if the pattern is start restricted" name="FieldMapperComponent Filename Pattern should read &quot;begin with&quot; if the pattern is start restricted" time="0.501">
    </testcase>
    <testcase classname="FieldMapperComponent Filename Pattern should read &quot;contain&quot; if the pattern is not start restricted" name="FieldMapperComponent Filename Pattern should read &quot;contain&quot; if the pattern is not start restricted" time="1.173">
    </testcase>
    <testcase classname="FieldMapperComponent Filename Pattern should display the filename pattern" name="FieldMapperComponent Filename Pattern should display the filename pattern" time="0.472">
    </testcase>
    <testcase classname="FieldMapperComponent mappingComplete LoaderEntityStatus payload should include Employees settings when mapping is complete" name="FieldMapperComponent mappingComplete LoaderEntityStatus payload should include Employees settings when mapping is complete" time="1.123">
    </testcase>
    <testcase classname="FieldMapperComponent mappingComplete LoaderEntityStatus payload should include Employees settings when mapping is not complete" name="FieldMapperComponent mappingComplete LoaderEntityStatus payload should include Employees settings when mapping is not complete" time="1.308">
    </testcase>
    <testcase classname="FieldMapperComponent mappingComplete LoaderEntityStatus payload should include StructureMapping settings when mapping is complete" name="FieldMapperComponent mappingComplete LoaderEntityStatus payload should include StructureMapping settings when mapping is complete" time="0.963">
    </testcase>
    <testcase classname="FieldMapperComponent mappingComplete LoaderEntityStatus payload should include StructureMapping settings when mapping is not complete" name="FieldMapperComponent mappingComplete LoaderEntityStatus payload should include StructureMapping settings when mapping is not complete" time="1.008">
    </testcase>
    <testcase classname="FieldMapperComponent mappingComplete LoaderEntityStatus payload should not include settings for entities without settings when mapping is complete" name="FieldMapperComponent mappingComplete LoaderEntityStatus payload should not include settings for entities without settings when mapping is complete" time="0.583">
    </testcase>
    <testcase classname="FieldMapperComponent mappingComplete LoaderEntityStatus payload should not include settings for entities without settings when mapping is not complete" name="FieldMapperComponent mappingComplete LoaderEntityStatus payload should not include settings for entities without settings when mapping is not complete" time="0.285">
    </testcase>
    <testcase classname="FieldMapperComponent mappingComplete LoaderEntityStatus payload should clear out any existing mappings and add new mappings on refresh" name="FieldMapperComponent mappingComplete LoaderEntityStatus payload should clear out any existing mappings and add new mappings on refresh" time="0.163">
    </testcase>
  </testsuite>
  <testsuite name="apps/community/app/_main/containers/community-filtered-tags/community-filtered-tags.component.spec.ts" errors="0" failures="0" skipped="0" timestamp="2019-08-05T19:49:18" time="13.01" tests="13">
    <testcase classname="CommunityFilteredTagsComponent should show trending tags" name="CommunityFilteredTagsComponent should show trending tags" time="1.225">
    </testcase>
    <testcase classname="CommunityFilteredTagsComponent should filtered by category return false if not filtered by categories" name="CommunityFilteredTagsComponent should filtered by category return false if not filtered by categories" time="1.161">
    </testcase>
    <testcase classname="CommunityFilteredTagsComponent should filtered by category return true if not filtered by categories" name="CommunityFilteredTagsComponent should filtered by category return true if not filtered by categories" time="0.863">
    </testcase>
    <testcase classname="CommunityFilteredTagsComponent should filtered by industry return false if not filtered by industries" name="CommunityFilteredTagsComponent should filtered by industry return false if not filtered by industries" time="1.079">
    </testcase>
    <testcase classname="CommunityFilteredTagsComponent should filtered by industry return true if not filtered by industries" name="CommunityFilteredTagsComponent should filtered by industry return true if not filtered by industries" time="1.457">
    </testcase>
    <testcase classname="CommunityFilteredTagsComponent should be true when non filtered tags selected" name="CommunityFilteredTagsComponent should be true when non filtered tags selected" time="1.031">
    </testcase>
    <testcase classname="CommunityFilteredTagsComponent should be false when non filtered are not selected" name="CommunityFilteredTagsComponent should be false when non filtered are not selected" time="0.785">
    </testcase>
    <testcase classname="CommunityFilteredTagsComponent should dispatch delete tags filter action when nonTrendingTag Clicked" name="CommunityFilteredTagsComponent should dispatch delete tags filter action when nonTrendingTag Clicked" time="0.345">
    </testcase>
    <testcase classname="CommunityFilteredTagsComponent should dispatch deleting category filter action when category filter Clicked" name="CommunityFilteredTagsComponent should dispatch deleting category filter action when category filter Clicked" time="0.209">
    </testcase>
    <testcase classname="CommunityFilteredTagsComponent should dispatch deleting industry filter action when industry filter Clicked" name="CommunityFilteredTagsComponent should dispatch deleting industry filter action when industry filter Clicked" time="0.166">
    </testcase>
    <testcase classname="CommunityFilteredTagsComponent should dispatch deletingallfilteroptions when view all is clicked" name="CommunityFilteredTagsComponent should dispatch deletingallfilteroptions when view all is clicked" time="0.185">
    </testcase>
    <testcase classname="CommunityFilteredTagsComponent should show filter title when filtering by single post" name="CommunityFilteredTagsComponent should show filter title when filtering by single post" time="0.198">
    </testcase>
    <testcase classname="CommunityFilteredTagsComponent should not show filter title when filtering by multiple posts" name="CommunityFilteredTagsComponent should not show filter title when filtering by multiple posts" time="0.171">
    </testcase>
  </testsuite>
  <testsuite name="apps/project/app/_add-jobs/containers/pages/add-jobs/add-jobs.page.spec.ts" errors="0" failures="0" skipped="0" timestamp="2019-08-05T19:48:57" time="33.237" tests="8">
    <testcase classname="Project - Add Jobs - Jobs Page should dispatch a set context action onSetContext" name="Project - Add Jobs - Jobs Page should dispatch a set context action onSetContext" time="1.205">
    </testcase>
    <testcase classname="Project - Add Jobs - Jobs Page should dispatch a load paymarkets action onSetContext" name="Project - Add Jobs - Jobs Page should dispatch a load paymarkets action onSetContext" time="4.548">
    </testcase>
    <testcase classname="Project - Add Jobs - Jobs Page should dispatch a set default paymarket action" name="Project - Add Jobs - Jobs Page should dispatch a set default paymarket action" time="0.709">
    </testcase>
    <testcase classname="Project - Add Jobs - Jobs Page should dispatch a clear paymarkets action onResetApp" name="Project - Add Jobs - Jobs Page should dispatch a clear paymarkets action onResetApp" time="0.806">
    </testcase>
    <testcase classname="Project - Add Jobs - Jobs Page should dispatch a clear job search results action onResetApp" name="Project - Add Jobs - Jobs Page should dispatch a clear job search results action onResetApp" time="0.378">
    </testcase>
    <testcase classname="Project - Add Jobs - Jobs Page should dispatch a clear job search results action when handling clear selections clicked" name="Project - Add Jobs - Jobs Page should dispatch a clear job search results action when handling clear selections clicked" time="0.231">
    </testcase>
    <testcase classname="Project - Add Jobs - Jobs Page should navigate to the create-new-job route relative to this one, when handling create new job clicked" name="Project - Add Jobs - Jobs Page should navigate to the create-new-job route relative to this one, when handling create new job clicked" time="0.166">
    </testcase>
    <testcase classname="Project - Add Jobs - Jobs Page should not display GUI features related to job count in non small biz companies, and should display the &quot;normal&quot; result count " name="Project - Add Jobs - Jobs Page should not display GUI features related to job count in non small biz companies, and should display the &quot;normal&quot; result count " time="0.218">
    </testcase>
  </testsuite>
  <testsuite name="apps/peer/app/_manage/containers/pages/exchange-job-mapping/exchange-job-mapping.page.spec.ts" errors="0" failures="0" skipped="0" timestamp="2019-08-05T19:49:18" time="12.977" tests="8">
    <testcase classname="Peer - Exchange Job Mapping Page should dispatch a reset grid action when destroying" name="Peer - Exchange Job Mapping Page should dispatch a reset grid action when destroying" time="1.185">
    </testcase>
    <testcase classname="Peer - Exchange Job Mapping Page should dispatch a UpdateFilter action when handleSearchBoxValueChanged is called" name="Peer - Exchange Job Mapping Page should dispatch a UpdateFilter action when handleSearchBoxValueChanged is called" time="1.07">
    </testcase>
    <testcase classname="Peer - Exchange Job Mapping Page should call loadExchangeJobMappings with the exchangeId when handleSearchBoxValueChanged is called" name="Peer - Exchange Job Mapping Page should call loadExchangeJobMappings with the exchangeId when handleSearchBoxValueChanged is called" time="1.886">
    </testcase>
    <testcase classname="Peer - Exchange Job Mapping Page should apply a collapse-grid class to the exchange-job-mapping-grid-container, when collapse is true" name="Peer - Exchange Job Mapping Page should apply a collapse-grid class to the exchange-job-mapping-grid-container, when collapse is true" time="1.278">
    </testcase>
    <testcase classname="Peer - Exchange Job Mapping Page should dispatch an UpdatePageRowIndexToScrollTo action with null, when handling exchange job mapping info closed" name="Peer - Exchange Job Mapping Page should dispatch an UpdatePageRowIndexToScrollTo action with null, when handling exchange job mapping info closed" time="0.758">
    </testcase>
    <testcase classname="Peer - Exchange Job Mapping Page should set collapse to false after the exchange job mapping info is closed" name="Peer - Exchange Job Mapping Page should set collapse to false after the exchange job mapping info is closed" time="0.316">
    </testcase>
    <testcase classname="Peer - Exchange Job Mapping Page should show the correct header message and company jobs grid when the company jobs grid is enabled" name="Peer - Exchange Job Mapping Page should show the correct header message and company jobs grid when the company jobs grid is enabled" time="0.303">
    </testcase>
    <testcase classname="Peer - Exchange Job Mapping Page should show the correct header message and exchange jobs grid when the company jobs grid is disabled" name="Peer - Exchange Job Mapping Page should show the correct header message and exchange jobs grid when the company jobs grid is disabled" time="1.473">
    </testcase>
  </testsuite>
  <testsuite name="apps/peer/app/_dashboard/containers/invite-company/new-company-form/new-company-form.component.spec.ts" errors="0" failures="0" skipped="0" timestamp="2019-08-05T19:49:18" time="13.708" tests="6">
    <testcase classname="Peer - Dashboard - Invite Company - New Company Form should provide correct values to the pf-modal-form component" name="Peer - Dashboard - Invite Company - New Company Form should provide correct values to the pf-modal-form component" time="3.256">
    </testcase>
    <testcase classname="Peer - Dashboard - Invite Company - New Company Form should apply the newCompanyForm to the requestCompanyForm on init" name="Peer - Dashboard - Invite Company - New Company Form should apply the newCompanyForm to the requestCompanyForm on init" time="0.899">
    </testcase>
    <testcase classname="Peer - Dashboard - Invite Company - New Company Form should dispatch a LoadCompanyIndustries action on init" name="Peer - Dashboard - Invite Company - New Company Form should dispatch a LoadCompanyIndustries action on init" time="0.328">
    </testcase>
    <testcase classname="Peer - Dashboard - Invite Company - New Company Form should set companyIndustries on init" name="Peer - Dashboard - Invite Company - New Company Form should set companyIndustries on init" time="0.17">
    </testcase>
    <testcase classname="Peer - Dashboard - Invite Company - New Company Form should update companyIndustriesFiltered when handleIndustryFilterChange is called" name="Peer - Dashboard - Invite Company - New Company Form should update companyIndustriesFiltered when handleIndustryFilterChange is called" time="0.185">
    </testcase>
    <testcase classname="Peer - Dashboard - Invite Company - New Company Form should set the value of the industry form control when handleCompanyIndustryValueChange is called" name="Peer - Dashboard - Invite Company - New Company Form should set the value of the industry form control when handleCompanyIndustryValueChange is called" time="0.376">
    </testcase>
  </testsuite>
  <testsuite name="apps/admin/app/_community/containers/community-poll-modal/community-poll-modal.component.spec.ts" errors="0" failures="0" skipped="0" timestamp="2019-08-05T19:49:18" time="13.86" tests="9">
    <testcase classname="CommunityPollModalComponent should create" name="CommunityPollModalComponent should create" time="1.306">
    </testcase>
    <testcase classname="CommunityPollModalComponent should show the form text and no error messages when a submit has not been attempted" name="CommunityPollModalComponent should show the form text and no error messages when a submit has not been attempted" time="3.19">
    </testcase>
    <testcase classname="CommunityPollModalComponent should not show the form text and should show a required error message once a submit has been attempted" name="CommunityPollModalComponent should not show the form text and should show a required error message once a submit has been attempted" time="0.149">
    </testcase>
    <testcase classname="CommunityPollModalComponent should dispatch fromCommunityPollActions.EditingCommunityPoll when calling handleFormSubmit with isEditMode equal to true" name="CommunityPollModalComponent should dispatch fromCommunityPollActions.EditingCommunityPoll when calling handleFormSubmit with isEditMode equal to true" time="0.092">
    </testcase>
    <testcase classname="CommunityPollModalComponent should dispatch fromCommunityPollActions.AddingCommunityPoll when calling handleFormSubmit with isEditMode equal to false" name="CommunityPollModalComponent should dispatch fromCommunityPollActions.AddingCommunityPoll when calling handleFormSubmit with isEditMode equal to false" time="0.106">
    </testcase>
    <testcase classname="CommunityPollModalComponent should dispatch an CloseAddCommunityPollModal action when handleModalDismissed is called" name="CommunityPollModalComponent should dispatch an CloseAddCommunityPollModal action when handleModalDismissed is called" time="0.088">
    </testcase>
    <testcase classname="CommunityPollModalComponent should call responses.push when calling addResponseOption" name="CommunityPollModalComponent should call responses.push when calling addResponseOption" time="0.131">
    </testcase>
    <testcase classname="CommunityPollModalComponent should return correct text when calling getTitle with editMode true" name="CommunityPollModalComponent should return correct text when calling getTitle with editMode true" time="0.309">
    </testcase>
    <testcase classname="CommunityPollModalComponent should return correct text when calling getTitle with editMode false" name="CommunityPollModalComponent should return correct text when calling getTitle with editMode false" time="0.16">
    </testcase>
  </testsuite>
  <testsuite name="apps/auth/app/_registration/containers/pages/registration-form/registration-form.page.spec.ts" errors="0" failures="0" skipped="0" timestamp="2019-08-05T19:47:19" time="133.272" tests="8">
    <testcase classname="RegistrationFormPageComponent should create" name="RegistrationFormPageComponent should create" time="8.808">
    </testcase>
    <testcase classname="RegistrationFormPageComponent should match snapshot" name="RegistrationFormPageComponent should match snapshot" time="5.763">
    </testcase>
    <testcase classname="RegistrationFormPageComponent should dispatch the right action when the form is submitted" name="RegistrationFormPageComponent should dispatch the right action when the form is submitted" time="7.606">
    </testcase>
    <testcase classname="RegistrationFormPageComponent should not dispatch the submit action when enter is clicked and the form is invalid" name="RegistrationFormPageComponent should not dispatch the submit action when enter is clicked and the form is invalid" time="18.012">
    </testcase>
    <testcase classname="RegistrationFormPageComponent should dispatch the submit action when enter is clicked and the form is valid" name="RegistrationFormPageComponent should dispatch the submit action when enter is clicked and the form is valid" time="18.554">
    </testcase>
    <testcase classname="RegistrationFormPageComponent should not auto populate website if the email is invalid" name="RegistrationFormPageComponent should not auto populate website if the email is invalid" time="3.638">
    </testcase>
    <testcase classname="RegistrationFormPageComponent should auto populate website from email if the email is valid" name="RegistrationFormPageComponent should auto populate website from email if the email is valid" time="7.034">
    </testcase>
    <testcase classname="RegistrationFormPageComponent should trim entered text fields on blur" name="RegistrationFormPageComponent should trim entered text fields on blur" time="7.738">
    </testcase>
  </testsuite>
  <testsuite name="apps/job-description-management/app/_job-description/components/modals/assign-jobs-to-template/assign-jobs-to-template-modal.component.spec.ts" errors="0" failures="0" skipped="0" timestamp="2019-08-05T19:49:30" time="1.642" tests="1">
    <testcase classname="Job Description Management - Job Description - Assign Jobs To Template Modal should dispatch LoadTemplateList action, open modal, emit current job and template id &amp; close modal, when calling open &amp; submit" name="Job Description Management - Job Description - Assign Jobs To Template Modal should dispatch LoadTemplateList action, open modal, emit current job and template id &amp; close modal, when calling open &amp; submit" time="0.226">
    </testcase>
  </testsuite>
  <testsuite name="apps/project/app/survey-search/components/data-cuts/data-cuts.component.spec.ts" errors="0" failures="0" skipped="0" timestamp="2019-08-05T19:49:18" time="14.6" tests="11">
    <testcase classname="Project - Survey Search - Data Cuts should display Scope, Country and Weight" name="Project - Survey Search - Data Cuts should display Scope, Country and Weight" time="1.1">
    </testcase>
    <testcase classname="Project - Survey Search - Data Cuts should handle empty currency fields" name="Project - Survey Search - Data Cuts should handle empty currency fields" time="0.268">
    </testcase>
    <testcase classname="Project - Survey Search - Data Cuts should show selected if the data cut has been selected" name="Project - Survey Search - Data Cuts should show selected if the data cut has been selected" time="0.142">
    </testcase>
    <testcase classname="Project - Survey Search - Data Cuts should emit matchesMouseEnter event when mouse enter Matches field" name="Project - Survey Search - Data Cuts should emit matchesMouseEnter event when mouse enter Matches field" time="0.201">
    </testcase>
    <testcase classname="Project - Survey Search - Data Cuts should emit matchesMouseLeave event when mouse leave Matches field" name="Project - Survey Search - Data Cuts should emit matchesMouseLeave event when mouse leave Matches field" time="0.293">
    </testcase>
    <testcase classname="Project - Survey Search - Data Cuts should show a message when there is no data cuts" name="Project - Survey Search - Data Cuts should show a message when there is no data cuts" time="0.236">
    </testcase>
    <testcase classname="Project - Survey Search - Data Cuts should have a draggable class if cuts draggable and cut is selected" name="Project - Survey Search - Data Cuts should have a draggable class if cuts draggable and cut is selected" time="0.193">
    </testcase>
    <testcase classname="Project - Survey Search - Data Cuts should not have a draggable class if cuts draggable and cut is not selected" name="Project - Survey Search - Data Cuts should not have a draggable class if cuts draggable and cut is not selected" time="0.204">
    </testcase>
    <testcase classname="Project - Survey Search - Data Cuts should not have a draggable class if cuts not draggable and cut is selected" name="Project - Survey Search - Data Cuts should not have a draggable class if cuts not draggable and cut is selected" time="0.158">
    </testcase>
    <testcase classname="Project - Survey Search - Data Cuts should pluralize drag cuts message if multiple data cuts selected" name="Project - Survey Search - Data Cuts should pluralize drag cuts message if multiple data cuts selected" time="0.167">
    </testcase>
    <testcase classname="Project - Survey Search - Data Cuts should display singular drag cuts message if single cut selected" name="Project - Survey Search - Data Cuts should display singular drag cuts message if single cut selected" time="0.178">
    </testcase>
  </testsuite>
  <testsuite name="apps/community/app/_main/components/community-post-header/community-post-header.component.spec.ts" errors="0" failures="0" skipped="0" timestamp="2019-08-05T19:49:32" time="2.346" tests="6">
    <testcase classname="CommunityPostHeaderComponent should show community post header" name="CommunityPostHeaderComponent should show community post header" time="0.211">
    </testcase>
    <testcase classname="CommunityPostHeaderComponent should show internal community post header" name="CommunityPostHeaderComponent should show internal community post header" time="0.108">
    </testcase>
    <testcase classname="CommunityPostHeaderComponent should call DeleteReply when isReply is true while calling delete" name="CommunityPostHeaderComponent should call DeleteReply when isReply is true while calling delete" time="0.109">
    </testcase>
    <testcase classname="CommunityPostHeaderComponent should call DeletePost when isReply is false while calling delete" name="CommunityPostHeaderComponent should call DeletePost when isReply is false while calling delete" time="0.078">
    </testcase>
    <testcase classname="CommunityPostHeaderComponent should dispatch DeletingCommunityPost when deletePost is called" name="CommunityPostHeaderComponent should dispatch DeletingCommunityPost when deletePost is called" time="0.287">
    </testcase>
    <testcase classname="CommunityPostHeaderComponent should dispatch DeletingCommunityPostReply when deleteReply is called" name="CommunityPostHeaderComponent should dispatch DeletingCommunityPostReply when deleteReply is called" time="0.121">
    </testcase>
  </testsuite>
  <testsuite name="apps/peer/app/_manage/components/company-job-detail/company-job-detail.component.spec.ts" errors="0" failures="0" skipped="0" timestamp="2019-08-05T19:49:32" time="2.719" tests="8">
    <testcase classname="CompanyJobDetailComponent should create" name="CompanyJobDetailComponent should create" time="0.258">
    </testcase>
    <testcase classname="CompanyJobDetailComponent should render the selected company jobs props" name="CompanyJobDetailComponent should render the selected company jobs props" time="0.142">
    </testcase>
    <testcase classname="CompanyJobDetailComponent should show a link to download the jdm description via the `show` class when one jdm description id exists" name="CompanyJobDetailComponent should show a link to download the jdm description via the `show` class when one jdm description id exists" time="0.265">
    </testcase>
    <testcase classname="CompanyJobDetailComponent should hide a link to download the jdm description via omitting the `show` class when no jdm descriptions exists" name="CompanyJobDetailComponent should hide a link to download the jdm description via omitting the `show` class when no jdm descriptions exists" time="0.161">
    </testcase>
    <testcase classname="CompanyJobDetailComponent should show an informational message when multiple jdm ids exist" name="CompanyJobDetailComponent should show an informational message when multiple jdm ids exist" time="0.105">
    </testcase>
    <testcase classname="CompanyJobDetailComponent should show a spinner when downloading a jdm description" name="CompanyJobDetailComponent should show a spinner when downloading a jdm description" time="0.129">
    </testcase>
    <testcase classname="CompanyJobDetailComponent should show an error message if the jdm description download fails" name="CompanyJobDetailComponent should show an error message if the jdm description download fails" time="0.157">
    </testcase>
    <testcase classname="CompanyJobDetailComponent should emit when the view full job description link is clicked" name="CompanyJobDetailComponent should emit when the view full job description link is clicked" time="0.268">
    </testcase>
  </testsuite>
  <testsuite name="apps/admin/app/_tickets/containers/filters/ticket-list-date-range-filter/ticket-list-date-range-filter.component.spec.ts" errors="0" failures="0" skipped="0" timestamp="2019-08-05T19:49:33" time="3.063" tests="2">
    <testcase classname="Admin - Tickets - Ticket Value Picker should emit an event on updateDateRange" name="Admin - Tickets - Ticket Value Picker should emit an event on updateDateRange" time="0.911">
    </testcase>
    <testcase classname="Admin - Tickets - Ticket Value Picker should emit an event on clearValue when valid range" name="Admin - Tickets - Ticket Value Picker should emit an event on clearValue when valid range" time="0.51">
    </testcase>
  </testsuite>
  <testsuite name="libs/features/search/components/filter-section/filter-section.component.spec.ts" errors="0" failures="0" skipped="0" timestamp="2019-08-05T19:49:33" time="4.382" tests="15">
    <testcase classname="Search Feature - Filter Section should display the given title in the header" name="Search Feature - Filter Section should display the given title in the header" time="0.224">
    </testcase>
    <testcase classname="Search Feature - Filter Section should display the transcluded content" name="Search Feature - Filter Section should display the transcluded content" time="0.139">
    </testcase>
    <testcase classname="Search Feature - Filter Section should show a fa-angle-down icon in the header, when collapsed" name="Search Feature - Filter Section should show a fa-angle-down icon in the header, when collapsed" time="0.214">
    </testcase>
    <testcase classname="Search Feature - Filter Section should set collapsed to true, when toggling" name="Search Feature - Filter Section should set collapsed to true, when toggling" time="0.584">
    </testcase>
    <testcase classname="Search Feature - Filter Section should set collapsed to false, when toggling" name="Search Feature - Filter Section should set collapsed to false, when toggling" time="0.238">
    </testcase>
    <testcase classname="Search Feature - Filter Section should stop propagation on the mouse event when handling the clear clicked" name="Search Feature - Filter Section should stop propagation on the mouse event when handling the clear clicked" time="0.145">
    </testcase>
    <testcase classname="Search Feature - Filter Section should emit a clear event with the filterId when handling the clear clicked" name="Search Feature - Filter Section should emit a clear event with the filterId when handling the clear clicked" time="0.22">
    </testcase>
    <testcase classname="Search Feature - Filter Section should emit a show more event with the filter when handling the show more clicked" name="Search Feature - Filter Section should emit a show more event with the filter when handling the show more clicked" time="0.105">
    </testcase>
    <testcase classname="Search Feature - Filter Section should emit a search event with the filter when handling the search clicked" name="Search Feature - Filter Section should emit a search event with the filter when handling the search clicked" time="0.252">
    </testcase>
    <testcase classname="Search Feature - Filter Section the selection count should give the # of selections when the filter is a MultiSelect" name="Search Feature - Filter Section the selection count should give the # of selections when the filter is a MultiSelect" time="0.091">
    </testcase>
    <testcase classname="Search Feature - Filter Section the selection count should be 0 when the filter is NOT a MultiSelect" name="Search Feature - Filter Section the selection count should be 0 when the filter is NOT a MultiSelect" time="0.158">
    </testcase>
    <testcase classname="Search Feature - Filter Section the filter section has text when it is a text filter and a non empty value" name="Search Feature - Filter Section the filter section has text when it is a text filter and a non empty value" time="0.168">
    </testcase>
    <testcase classname="Search Feature - Filter Section the filter section does not have text when it is NOT a text filter" name="Search Feature - Filter Section the filter section does not have text when it is NOT a text filter" time="0.123">
    </testcase>
    <testcase classname="Search Feature - Filter Section the filter section does not have text when it has an empty value" name="Search Feature - Filter Section the filter section does not have text when it has an empty value" time="0.206">
    </testcase>
    <testcase classname="Search Feature - Filter Section should show a search icon and show more link, when the filter is a multi select,
      not singled, and the number of options is &gt;= the max" name="Search Feature - Filter Section should show a search icon and show more link, when the filter is a multi select,
      not singled, and the number of options is &gt;= the max" time="0.197">
    </testcase>
  </testsuite>
  <testsuite name="apps/community/app/_main/components/community-post/community-post.component.spec.ts" errors="0" failures="0" skipped="0" timestamp="2019-08-05T19:49:32" time="6.155" tests="8">
    <testcase classname="CommunityPostComponent should show component" name="CommunityPostComponent should show component" time="0.352">
    </testcase>
    <testcase classname="CommunityPostComponent should show post" name="CommunityPostComponent should show post" time="0.683">
    </testcase>
    <testcase classname="CommunityPostComponent should show the replies when show replies clicked" name="CommunityPostComponent should show the replies when show replies clicked" time="1.98">
    </testcase>
    <testcase classname="CommunityPostComponent should hide the replies when hide replies clicked" name="CommunityPostComponent should hide the replies when hide replies clicked" time="0.269">
    </testcase>
    <testcase classname="CommunityPostComponent should show reply area when reply link clicked" name="CommunityPostComponent should show reply area when reply link clicked" time="0.268">
    </testcase>
    <testcase classname="CommunityPostComponent should show reply area when onreplysubmitted" name="CommunityPostComponent should show reply area when onreplysubmitted" time="0.161">
    </testcase>
    <testcase classname="CommunityPostComponent should dispatch on clearing the replies from the add view" name="CommunityPostComponent should dispatch on clearing the replies from the add view" time="0.128">
    </testcase>
    <testcase classname="CommunityPostComponent should dispatch on getting community post replies" name="CommunityPostComponent should dispatch on getting community post replies" time="0.304">
    </testcase>
  </testsuite>
  <testsuite name="apps/peer/app/_dashboard/containers/invite-company/existing-company-selection-form/existing-company-selection-form.component.spec.ts" errors="0" failures="0" skipped="0" timestamp="2019-08-05T19:49:34" time="4.538" tests="7">
    <testcase classname="Peer - Dashboard - Invite Company - Existing Company Selection Form should apply the companySelectionForm to the requestCompanyForm on init" name="Peer - Dashboard - Invite Company - Existing Company Selection Form should apply the companySelectionForm to the requestCompanyForm on init" time="0.401">
    </testcase>
    <testcase classname="Peer - Dashboard - Invite Company - Existing Company Selection Form should dispatch a LoadCandidates action of type ReferPayfactorsCompany when handleReloadCardsEvent is triggered" name="Peer - Dashboard - Invite Company - Existing Company Selection Form should dispatch a LoadCandidates action of type ReferPayfactorsCompany when handleReloadCardsEvent is triggered" time="0.245">
    </testcase>
    <testcase classname="Peer - Dashboard - Invite Company - Existing Company Selection Form should reset the reasonControl when handleCardSelectionEvent is triggered" name="Peer - Dashboard - Invite Company - Existing Company Selection Form should reset the reasonControl when handleCardSelectionEvent is triggered" time="0.218">
    </testcase>
    <testcase classname="Peer - Dashboard - Invite Company - Existing Company Selection Form should set the card selection when handleCardSelectionEvent is triggered" name="Peer - Dashboard - Invite Company - Existing Company Selection Form should set the card selection when handleCardSelectionEvent is triggered" time="0.186">
    </testcase>
    <testcase classname="Peer - Dashboard - Invite Company - Existing Company Selection Form should dispatch an UpdateSearchTerm action when updateSearchFilter is triggered" name="Peer - Dashboard - Invite Company - Existing Company Selection Form should dispatch an UpdateSearchTerm action when updateSearchFilter is triggered" time="0.259">
    </testcase>
    <testcase classname="Peer - Dashboard - Invite Company - Existing Company Selection Form should provide correct values to the pf-modal-form component" name="Peer - Dashboard - Invite Company - Existing Company Selection Form should provide correct values to the pf-modal-form component" time="0.244">
    </testcase>
    <testcase classname="Peer - Dashboard - Invite Company - Existing Company Selection Form should clear search term on init when the modal is not open" name="Peer - Dashboard - Invite Company - Existing Company Selection Form should clear search term on init when the modal is not open" time="0.215">
    </testcase>
  </testsuite>
  <testsuite name="apps/admin/app/_peer/containers/add-tag-categories-modal/add-tag-categories-modal.component.spec.ts" errors="0" failures="0" skipped="0" timestamp="2019-08-05T19:49:32" time="7.798" tests="6">
    <testcase classname="Add Tag Categories Modal should show a modal with a search bar and a tag categories grid when addTagCategoriesModalOpen$ is true" name="Add Tag Categories Modal should show a modal with a search bar and a tag categories grid when addTagCategoriesModalOpen$ is true" time="1.019">
    </testcase>
    <testcase classname="Add Tag Categories Modal should dispatch a CloseAddTagCategoriesModal action when handleModalDismissed is called" name="Add Tag Categories Modal should dispatch a CloseAddTagCategoriesModal action when handleModalDismissed is called" time="0.508">
    </testcase>
    <testcase classname="Add Tag Categories Modal should dispatch a ResetGrid action when handleModalDismissed is called" name="Add Tag Categories Modal should dispatch a ResetGrid action when handleModalDismissed is called" time="2.685">
    </testcase>
    <testcase classname="Add Tag Categories Modal should dispatch an AddTagCategoriesToExchange action when handleFormSubmit is called" name="Add Tag Categories Modal should dispatch an AddTagCategoriesToExchange action when handleFormSubmit is called" time="0.426">
    </testcase>
    <testcase classname="Add Tag Categories Modal should dispatch an UpdateFilter action when updateSearchFilter is called" name="Add Tag Categories Modal should dispatch an UpdateFilter action when updateSearchFilter is called" time="0.433">
    </testcase>
    <testcase classname="Add Tag Categories Modal should dispatch an LoadTagCategories action when LoadTagCategories is called" name="Add Tag Categories Modal should dispatch an LoadTagCategories action when LoadTagCategories is called" time="0.359">
    </testcase>
  </testsuite>
  <testsuite name="apps/admin/app/_peer/containers/create-tag-category-modal/create-tag-category-modal.component.spec.ts" errors="0" failures="0" skipped="0" timestamp="2019-08-05T19:49:18" time="21.849" tests="4">
    <testcase classname="Admin - Create Tag Category Modal (the modal) should match the snapshot" name="Admin - Create Tag Category Modal (the modal) should match the snapshot" time="2.278">
    </testcase>
    <testcase classname="Admin - Create Tag Category Modal should dispatch a CloseCreateTagCategoryModal action when handleModalDismissed is called" name="Admin - Create Tag Category Modal should dispatch a CloseCreateTagCategoryModal action when handleModalDismissed is called" time="1.149">
    </testcase>
    <testcase classname="Admin - Create Tag Category Modal should call setPlaceholderOnBlur method when the textarea focus is changed" name="Admin - Create Tag Category Modal should call setPlaceholderOnBlur method when the textarea focus is changed" time="0.997">
    </testcase>
    <testcase classname="Admin - Create Tag Category Modal should call CreateTagCategory action when handleFormSubmit called" name="Admin - Create Tag Category Modal should call CreateTagCategory action when handleFormSubmit called" time="1.069">
    </testcase>
  </testsuite>
  <testsuite name="apps/peer/app/_manage/containers/request-job/new-job-form/new-job-form.component.spec.ts" errors="0" failures="0" skipped="0" timestamp="2019-08-05T19:49:35" time="5.453" tests="6">
    <testcase classname="Peer - Manage - Request Job - New Job Form should provide correct values to the pf-modal-form component" name="Peer - Manage - Request Job - New Job Form should provide correct values to the pf-modal-form component" time="0.477">
    </testcase>
    <testcase classname="Peer - Manage - Request Job - New Job Form should apply the newJobForm to the exchangeJobRequestForm on init" name="Peer - Manage - Request Job - New Job Form should apply the newJobForm to the exchangeJobRequestForm on init" time="0.296">
    </testcase>
    <testcase classname="Peer - Manage - Request Job - New Job Form should dispatch a LoadJobFamilies action on init" name="Peer - Manage - Request Job - New Job Form should dispatch a LoadJobFamilies action on init" time="0.464">
    </testcase>
    <testcase classname="Peer - Manage - Request Job - New Job Form should set potentialJobFamilies on init" name="Peer - Manage - Request Job - New Job Form should set potentialJobFamilies on init" time="0.34">
    </testcase>
    <testcase classname="Peer - Manage - Request Job - New Job Form should update potentialJobFamiliesFiltered when handleJobFamilyFilterChange is called" name="Peer - Manage - Request Job - New Job Form should update potentialJobFamiliesFiltered when handleJobFamilyFilterChange is called" time="0.286">
    </testcase>
    <testcase classname="Peer - Manage - Request Job - New Job Form should set the value of the jobFamily form control when handleJobFamilyValueChange is called" name="Peer - Manage - Request Job - New Job Form should set the value of the jobFamily form control when handleJobFamilyValueChange is called" time="0.248">
    </testcase>
  </testsuite>
  <testsuite name="apps/admin/app/_tickets/containers/filters/ticket-list-filter/ticket-list-filter.component.spec.ts" errors="0" failures="0" skipped="0" timestamp="2019-08-05T19:49:32" time="8.411" tests="2">
    <testcase classname="Admin - Tickets - Ticket List Filter should create" name="Admin - Tickets - Ticket List Filter should create" time="0.308">
    </testcase>
    <testcase classname="Admin - Tickets - Ticket List Filter should emit an event onChange" name="Admin - Tickets - Ticket List Filter should emit an event onChange" time="0.114">
    </testcase>
  </testsuite>
  <testsuite name="apps/auth/app/_login/containers/pages/forgot-password/forgot-password.page.spec.ts" errors="0" failures="0" skipped="0" timestamp="2019-08-05T19:49:36" time="4.467" tests="5">
    <testcase classname="Auth - Forgot Password should show reset password section when page is loaded" name="Auth - Forgot Password should show reset password section when page is loaded" time="0.474">
    </testcase>
    <testcase classname="Auth - Forgot Password should disable reset password button and text when submitting" name="Auth - Forgot Password should disable reset password button and text when submitting" time="0.239">
    </testcase>
    <testcase classname="Auth - Forgot Password should show email sent notification on submitSuccess" name="Auth - Forgot Password should show email sent notification on submitSuccess" time="0.357">
    </testcase>
    <testcase classname="Auth - Forgot Password should show error notification on submitError" name="Auth - Forgot Password should show error notification on submitError" time="0.176">
    </testcase>
    <testcase classname="Auth - Forgot Password should dispatch SendingPasswordReset when reset password button is clicked" name="Auth - Forgot Password should dispatch SendingPasswordReset when reset password button is clicked" time="0.171">
    </testcase>
  </testsuite>
  <testsuite name="apps/pf-admin/app/_utilities/components/scope-selector/scope-selector.component.spec.ts" errors="0" failures="0" skipped="0" timestamp="2019-08-05T19:49:38" time="3.263" tests="6">
    <testcase classname="Pf-Admin - Utilities - Scope Selector Should emit that a survey scope was selected, when handling a survey scope clicked" name="Pf-Admin - Utilities - Scope Selector Should emit that a survey scope was selected, when handling a survey scope clicked" time="0.378">
    </testcase>
    <testcase classname="Pf-Admin - Utilities - Scope Selector Should emit that an apply scope was clicked, when handling an apply scope click" name="Pf-Admin - Utilities - Scope Selector Should emit that an apply scope was clicked, when handling an apply scope click" time="0.192">
    </testcase>
    <testcase classname="Pf-Admin - Utilities - Scope Selector Should track scopes by the scope Id" name="Pf-Admin - Utilities - Scope Selector Should track scopes by the scope Id" time="0.159">
    </testcase>
    <testcase classname="Pf-Admin - Utilities - Scope Selector Should set the filter, when handling the search value changed" name="Pf-Admin - Utilities - Scope Selector Should set the filter, when handling the search value changed" time="0.141">
    </testcase>
    <testcase classname="Pf-Admin - Utilities - Scope Selector Should return false for hasSelection, when we have no survey scopes" name="Pf-Admin - Utilities - Scope Selector Should return false for hasSelection, when we have no survey scopes" time="0.375">
    </testcase>
    <testcase classname="Pf-Admin - Utilities - Scope Selector Should return true for hasSelection, when we have any survey scopes that are selected" name="Pf-Admin - Utilities - Scope Selector Should return true for hasSelection, when we have any survey scopes that are selected" time="0.219">
    </testcase>
  </testsuite>
  <testsuite name="apps/community/app/_main/containers/community-posts/community-posts.component.spec.ts" errors="0" failures="0" skipped="0" timestamp="2019-08-05T19:49:33" time="9.23" tests="12">
    <testcase classname="CommunityPostsComponent should show community posts" name="CommunityPostsComponent should show community posts" time="2.099">
    </testcase>
    <testcase classname="CommunityPostsComponent should return the id for tracking purposes " name="CommunityPostsComponent should return the id for tracking purposes " time="0.59">
    </testcase>
    <testcase classname="CommunityPostsComponent should dispatch GettingPreviousBatchCommunityPosts when calling onScrollUp when hasPreviousBatchOnServer and not loadingPreviousBatchCommunityPosts" name="CommunityPostsComponent should dispatch GettingPreviousBatchCommunityPosts when calling onScrollUp when hasPreviousBatchOnServer and not loadingPreviousBatchCommunityPosts" time="0.267">
    </testcase>
    <testcase classname="CommunityPostsComponent should not dispatch GettingPreviousBatchCommunityPosts when calling onScrollUp when loadingPreviousBatchCommunityPosts" name="CommunityPostsComponent should not dispatch GettingPreviousBatchCommunityPosts when calling onScrollUp when loadingPreviousBatchCommunityPosts" time="0.111">
    </testcase>
    <testcase classname="CommunityPostsComponent should not dispatch GettingPreviousBatchCommunityPosts when calling onScrollUp when not hasPreviousBatchOnServer" name="CommunityPostsComponent should not dispatch GettingPreviousBatchCommunityPosts when calling onScrollUp when not hasPreviousBatchOnServer" time="0.128">
    </testcase>
    <testcase classname="CommunityPostsComponent should dispatch GettingNextBatchCommunityPosts when calling onScrollDownwhen hasNextBatchOnServer and not loadingNextBatchCommunityPosts" name="CommunityPostsComponent should dispatch GettingNextBatchCommunityPosts when calling onScrollDownwhen hasNextBatchOnServer and not loadingNextBatchCommunityPosts" time="0.085">
    </testcase>
    <testcase classname="CommunityPostsComponent should not dispatch GettingNextBatchCommunityPosts when calling onScrollDownwhen loadingNextBatchCommunityPosts" name="CommunityPostsComponent should not dispatch GettingNextBatchCommunityPosts when calling onScrollDownwhen loadingNextBatchCommunityPosts" time="0.083">
    </testcase>
    <testcase classname="CommunityPostsComponent should not dispatch GettingNextBatchCommunityPosts when calling onScrollDownwhen not hasNextBatchOnServer" name="CommunityPostsComponent should not dispatch GettingNextBatchCommunityPosts when calling onScrollDownwhen not hasNextBatchOnServer" time="0.097">
    </testcase>
    <testcase classname="CommunityPostsComponent should set show replies to empty when loadingNextBatchCommunityPosts$ is true" name="CommunityPostsComponent should set show replies to empty when loadingNextBatchCommunityPosts$ is true" time="0.342">
    </testcase>
    <testcase classname="CommunityPostsComponent should set show replies to empty when loadingPreviousBatchCommunityPosts is true" name="CommunityPostsComponent should set show replies to empty when loadingPreviousBatchCommunityPosts is true" time="0.248">
    </testcase>
    <testcase classname="CommunityPostsComponent should set show replies to empty when getHasNextBatchPostsOnServer is true" name="CommunityPostsComponent should set show replies to empty when getHasNextBatchPostsOnServer is true" time="0.247">
    </testcase>
    <testcase classname="CommunityPostsComponent should set show replies to empty when getHasPreviousBatchPostsOnServer is true" name="CommunityPostsComponent should set show replies to empty when getHasPreviousBatchPostsOnServer is true" time="0.373">
    </testcase>
  </testsuite>
  <testsuite name="apps/admin/app/_peer/containers/import-exchange-jobs-modal/import-exchange-jobs-modal.component.spec.ts" errors="0" failures="0" skipped="0" timestamp="2019-08-05T19:49:38" time="4.693" tests="9">
    <testcase classname="Import Exchange Jobs Modal should initialize an empty modal" name="Import Exchange Jobs Modal should initialize an empty modal" time="0.604">
    </testcase>
    <testcase classname="Import Exchange Jobs Modal should dispatch a FileCleared action when handleModalDismissed is called" name="Import Exchange Jobs Modal should dispatch a FileCleared action when handleModalDismissed is called" time="0.209">
    </testcase>
    <testcase classname="Import Exchange Jobs Modal should dispatch a FileCleared action when the file is changed to nothing" name="Import Exchange Jobs Modal should dispatch a FileCleared action when the file is changed to nothing" time="0.373">
    </testcase>
    <testcase classname="Import Exchange Jobs Modal should dispatch a UploadingFile action when the file is changed to a new file" name="Import Exchange Jobs Modal should dispatch a UploadingFile action when the file is changed to a new file" time="0.268">
    </testcase>
    <testcase classname="Import Exchange Jobs Modal should dispatch a ImportExchangeJobs action when submitted" name="Import Exchange Jobs Modal should dispatch a ImportExchangeJobs action when submitted" time="0.232">
    </testcase>
    <testcase classname="Import Exchange Jobs Modal should create an empty form" name="Import Exchange Jobs Modal should create an empty form" time="0.259">
    </testcase>
    <testcase classname="Import Exchange Jobs Modal should set attemptedSubmit correctly" name="Import Exchange Jobs Modal should set attemptedSubmit correctly" time="0.234">
    </testcase>
    <testcase classname="Import Exchange Jobs Modal should set the file to valid when the state changes" name="Import Exchange Jobs Modal should set the file to valid when the state changes" time="0.166">
    </testcase>
    <testcase classname="Import Exchange Jobs Modal should set the file to invalid when the state changes" name="Import Exchange Jobs Modal should set the file to invalid when the state changes" time="0.174">
    </testcase>
  </testsuite>
  <testsuite name="apps/admin/app/_peer/containers/manage-exchange-filters/manage-exchange-filters.component.spec.ts" errors="0" failures="0" skipped="0" timestamp="2019-08-05T19:49:40" time="4.444" tests="7">
    <testcase classname="Manage Exchange Filters should match snapshot" name="Manage Exchange Filters should match snapshot" time="0.653">
    </testcase>
    <testcase classname="Manage Exchange Filters should dispatch a LoadExchangeFilters action when handleExchangeFiltersGridReload is called" name="Manage Exchange Filters should dispatch a LoadExchangeFilters action when handleExchangeFiltersGridReload is called" time="0.382">
    </testcase>
    <testcase classname="Manage Exchange Filters should dispatch a PutFilter action when handleSwitchToggled is called" name="Manage Exchange Filters should dispatch a PutFilter action when handleSwitchToggled is called" time="0.269">
    </testcase>
    <testcase classname="Manage Exchange Filters should dispatch a PutFilter action when handleSaveFilterDisplayName is called" name="Manage Exchange Filters should dispatch a PutFilter action when handleSaveFilterDisplayName is called" time="0.282">
    </testcase>
    <testcase classname="Manage Exchange Filters should call GridHelperService LoadExchangeFilters when handleSearchChanged is called" name="Manage Exchange Filters should call GridHelperService LoadExchangeFilters when handleSearchChanged is called" time="0.167">
    </testcase>
    <testcase classname="Manage Exchange Filters should dispatch a ReorderFilters action when drop is called" name="Manage Exchange Filters should dispatch a ReorderFilters action when drop is called" time="0.235">
    </testcase>
    <testcase classname="Manage Exchange Filters should dispatch a OpenAddTagCategoriesModal action when openAddTagCategoriesModal is called" name="Manage Exchange Filters should dispatch a OpenAddTagCategoriesModal action when openAddTagCategoriesModal is called" time="0.212">
    </testcase>
  </testsuite>
  <testsuite name="apps/admin/app/_job-description-management/containers/bulk-export-schedule-form/bulk-export-scheduler-form.component.spec.ts" errors="0" failures="0" skipped="0" timestamp="2019-08-05T19:49:31" time="13.149" tests="11">
    <testcase classname="Bulk Export Schedule Form should add a day to daysOfWeekSelected if day is checked when onDayOfWeekChange is triggered" name="Bulk Export Schedule Form should add a day to daysOfWeekSelected if day is checked when onDayOfWeekChange is triggered" time="1.44">
    </testcase>
    <testcase classname="Bulk Export Schedule Form should remove a day from daysOfWeekSelected if day is unchecked when onDayOfWeekChange is triggered" name="Bulk Export Schedule Form should remove a day from daysOfWeekSelected if day is unchecked when onDayOfWeekChange is triggered" time="1.62">
    </testcase>
    <testcase classname="Bulk Export Schedule Form should reset the schedule parts when onFrequencyChange is triggered" name="Bulk Export Schedule Form should reset the schedule parts when onFrequencyChange is triggered" time="0.608">
    </testcase>
    <testcase classname="Bulk Export Schedule Form should call RemovingSchedule with a filename when removeSchedule is called" name="Bulk Export Schedule Form should call RemovingSchedule with a filename when removeSchedule is called" time="0.711">
    </testcase>
    <testcase classname="Bulk Export Schedule Form should return true if a fileName exists when fileNameExists is called" name="Bulk Export Schedule Form should return true if a fileName exists when fileNameExists is called" time="1.444">
    </testcase>
    <testcase classname="Bulk Export Schedule Form should return false if a fileName does not exists when fileNameExists is called" name="Bulk Export Schedule Form should return false if a fileName does not exists when fileNameExists is called" time="0.737">
    </testcase>
    <testcase classname="Bulk Export Schedule Form should return true if validSchedule is called and a valid schedule is submitted" name="Bulk Export Schedule Form should return true if validSchedule is called and a valid schedule is submitted" time="1.039">
    </testcase>
    <testcase classname="Bulk Export Schedule Form should return false if validSchedule is called and a invalid schedule is submitted" name="Bulk Export Schedule Form should return false if validSchedule is called and a invalid schedule is submitted" time="0.921">
    </testcase>
    <testcase classname="Bulk Export Schedule Form should generate a cron expression when generateCronExpression is called" name="Bulk Export Schedule Form should generate a cron expression when generateCronExpression is called" time="0.913">
    </testcase>
    <testcase classname="Bulk Export Schedule Form should call AddingSchedule when submitForm is triggered and a valid schedule is submitted" name="Bulk Export Schedule Form should call AddingSchedule when submitForm is triggered and a valid schedule is submitted" time="0.626">
    </testcase>
    <testcase classname="Bulk Export Schedule Form should show an error alert when a schedule save is unsuccessful" name="Bulk Export Schedule Form should show an error alert when a schedule save is unsuccessful" time="0.6">
    </testcase>
  </testsuite>
  <testsuite name="apps/community/app/_main/containers/community-new-poll/community-new-poll.component.spec.ts" errors="0" failures="0" skipped="0" timestamp="2019-08-05T19:49:41" time="4.121" tests="3">
    <testcase classname="CommunityStartPollComponent should show community start poll" name="CommunityStartPollComponent should show community start poll" time="0.478">
    </testcase>
    <testcase classname="CommunityStartPollComponent should dispatch AddingCommunityDiscussionPoll when calling submit" name="CommunityStartPollComponent should dispatch AddingCommunityDiscussionPoll when calling submit" time="0.258">
    </testcase>
    <testcase classname="CommunityStartPollComponent should show community poll duration choices" name="CommunityStartPollComponent should show community poll duration choices" time="0.242">
    </testcase>
  </testsuite>
  <testsuite name="apps/legacy-content/app/_peer/containers/pages/tagging-entities/tagging-entities.page.spec.ts" errors="0" failures="0" skipped="0" timestamp="2019-08-05T19:49:42" time="3.464" tests="10">
    <testcase classname="Legacy Content - Tags - Tagging Entities should match snapshot of page" name="Legacy Content - Tags - Tagging Entities should match snapshot of page" time="0.217">
    </testcase>
    <testcase classname="Legacy Content - Tags - Tagging Entities should dispatch a LoadTagInformation action when loadTagInformation is called" name="Legacy Content - Tags - Tagging Entities should dispatch a LoadTagInformation action when loadTagInformation is called" time="0.144">
    </testcase>
    <testcase classname="Legacy Content - Tags - Tagging Entities should dispatch an AddTag action when onValueChange is called" name="Legacy Content - Tags - Tagging Entities should dispatch an AddTag action when onValueChange is called" time="0.185">
    </testcase>
    <testcase classname="Legacy Content - Tags - Tagging Entities should dispatch a RemoveTag action when onRemoveTag is called" name="Legacy Content - Tags - Tagging Entities should dispatch a RemoveTag action when onRemoveTag is called" time="0.084">
    </testcase>
    <testcase classname="Legacy Content - Tags - Tagging Entities should dispatch a SaveTagInformation action when saveTagInformation is called" name="Legacy Content - Tags - Tagging Entities should dispatch a SaveTagInformation action when saveTagInformation is called" time="0.121">
    </testcase>
    <testcase classname="Legacy Content - Tags - Tagging Entities should dispatch a CloseTaggingEntitiesModal action when closeModal is called" name="Legacy Content - Tags - Tagging Entities should dispatch a CloseTaggingEntitiesModal action when closeModal is called" time="0.071">
    </testcase>
    <testcase classname="Legacy Content - Tags - Tagging Entities saveDisabled should be true if there are no entries in added and/or removed tag arrays" name="Legacy Content - Tags - Tagging Entities saveDisabled should be true if there are no entries in added and/or removed tag arrays" time="0.138">
    </testcase>
    <testcase classname="Legacy Content - Tags - Tagging Entities saveDisabled should be false if there are entries in added and/or removed tag arrays" name="Legacy Content - Tags - Tagging Entities saveDisabled should be false if there are entries in added and/or removed tag arrays" time="0.072">
    </testcase>
    <testcase classname="Legacy Content - Tags - Tagging Entities viewMore should turn true if false and link should be view less" name="Legacy Content - Tags - Tagging Entities viewMore should turn true if false and link should be view less" time="0.083">
    </testcase>
    <testcase classname="Legacy Content - Tags - Tagging Entities viewMore should turn false if true and link should be view more" name="Legacy Content - Tags - Tagging Entities viewMore should turn false if true and link should be view more" time="0.111">
    </testcase>
  </testsuite>
  <testsuite name="apps/admin/app/_peer/containers/tag-categories-list/tag-categories-list.component.spec.ts" errors="0" failures="0" skipped="0" timestamp="2019-08-05T19:49:41" time="4.795" tests="6">
    <testcase classname="Tag Categories List (the page) should match the snapshot" name="Tag Categories List (the page) should match the snapshot" time="0.278">
    </testcase>
    <testcase classname="Tag Categories List should dispatch a ToggleRowSelection action when handleCellClick is called" name="Tag Categories List should dispatch a ToggleRowSelection action when handleCellClick is called" time="0.156">
    </testcase>
    <testcase classname="Tag Categories List should dispatch an UpdateGrid action when handleDataStateChange is called" name="Tag Categories List should dispatch an UpdateGrid action when handleDataStateChange is called" time="1.608">
    </testcase>
    <testcase classname="Tag Categories List getEntityTypes should return &apos;None&apos; when types is 0" name="Tag Categories List getEntityTypes should return &apos;None&apos; when types is 0" time="0.075">
    </testcase>
    <testcase classname="Tag Categories List getEntityTypes should return all types when types is 7" name="Tag Categories List getEntityTypes should return all types when types is 7" time="0.076">
    </testcase>
    <testcase classname="Tag Categories List should dispatch an LoadTagCategories action when handleTagCategoriesGridReload is called" name="Tag Categories List should dispatch an LoadTagCategories action when handleTagCategoriesGridReload is called" time="0.095">
    </testcase>
  </testsuite>
  <testsuite name="libs/features/user-filter/containers/user-filter-popover/user-filter-popover.component.spec.ts" errors="0" failures="0" skipped="0" timestamp="2019-08-05T19:49:39" time="6.772" tests="15">
    <testcase classname="User Filter Feature - Saved Filters Popover should dispatch an CreateSavedFilter action if we can save filters, when handling a save click" name="User Filter Feature - Saved Filters Popover should dispatch an CreateSavedFilter action if we can save filters, when handling a save click" time="0.783">
    </testcase>
    <testcase classname="User Filter Feature - Saved Filters Popover should do nothing if we can&apos;t save filters, when handling a save click" name="User Filter Feature - Saved Filters Popover should do nothing if we can&apos;t save filters, when handling a save click" time="0.289">
    </testcase>
    <testcase classname="User Filter Feature - Saved Filters Popover should set filterIdToDelete when handling a delete button click" name="User Filter Feature - Saved Filters Popover should set filterIdToDelete when handling a delete button click" time="0.115">
    </testcase>
    <testcase classname="User Filter Feature - Saved Filters Popover should unset filterIdToDelete when handling a cancel delete button click" name="User Filter Feature - Saved Filters Popover should unset filterIdToDelete when handling a cancel delete button click" time="0.127">
    </testcase>
    <testcase classname="User Filter Feature - Saved Filters Popover should dispatch a CloseSaveFilterModal action, when handling a dismiss of the save filter modal" name="User Filter Feature - Saved Filters Popover should dispatch a CloseSaveFilterModal action, when handling a dismiss of the save filter modal" time="0.2">
    </testcase>
    <testcase classname="User Filter Feature - Saved Filters Popover should track saved filters by their Id" name="User Filter Feature - Saved Filters Popover should track saved filters by their Id" time="0.223">
    </testcase>
    <testcase classname="User Filter Feature - Saved Filters Popover should dispatch a SaveFilter action with a saveFilterObj, when handling a save filter event" name="User Filter Feature - Saved Filters Popover should dispatch a SaveFilter action with a saveFilterObj, when handling a save filter event" time="0.154">
    </testcase>
    <testcase classname="User Filter Feature - Saved Filters Popover should dispatch a ToggleSavedFilterSelection action if its not to be deleted or edited, when handling a filter clicked" name="User Filter Feature - Saved Filters Popover should dispatch a ToggleSavedFilterSelection action if its not to be deleted or edited, when handling a filter clicked" time="0.189">
    </testcase>
    <testcase classname="User Filter Feature - Saved Filters Popover should dispatch a DeleteSavedFilter action if its not to be deleted and not selected, when handling a filter clicked" name="User Filter Feature - Saved Filters Popover should dispatch a DeleteSavedFilter action if its not to be deleted and not selected, when handling a filter clicked" time="0.218">
    </testcase>
    <testcase classname="User Filter Feature - Saved Filters Popover should do nothing if the filter is to be deleted, when handling a filter clicked" name="User Filter Feature - Saved Filters Popover should do nothing if the filter is to be deleted, when handling a filter clicked" time="0.134">
    </testcase>
    <testcase classname="User Filter Feature - Saved Filters Popover should set the filteredSavedFilters to be the savedFilters containing the lowerCased searchSavedFiltersValue,
      when handling the search value changed" name="User Filter Feature - Saved Filters Popover should set the filteredSavedFilters to be the savedFilters containing the lowerCased searchSavedFiltersValue,
      when handling the search value changed" time="0.163">
    </testcase>
    <testcase classname="User Filter Feature - Saved Filters Popover should return a preview string with comma separated multi selection option names, when getting the filter preview" name="User Filter Feature - Saved Filters Popover should return a preview string with comma separated multi selection option names, when getting the filter preview" time="0.144">
    </testcase>
    <testcase classname="User Filter Feature - Saved Filters Popover should dispatch EditSavedFilter action when Edit button clicked" name="User Filter Feature - Saved Filters Popover should dispatch EditSavedFilter action when Edit button clicked" time="0.159">
    </testcase>
    <testcase classname="User Filter Feature - Saved Filters Popover should dispatch OpenSavedFiltersPopover action when popover is shown" name="User Filter Feature - Saved Filters Popover should dispatch OpenSavedFiltersPopover action when popover is shown" time="0.108">
    </testcase>
    <testcase classname="User Filter Feature - Saved Filters Popover should know when we have a selected saved filter" name="User Filter Feature - Saved Filters Popover should know when we have a selected saved filter" time="0.344">
    </testcase>
  </testsuite>
  <testsuite name="apps/community/app/_main/components/community-poll/community-poll.component.spec.ts" errors="0" failures="0" skipped="0" timestamp="2019-08-05T19:49:40" time="6.013" tests="10">
    <testcase classname="CommunityPollComponent should show component" name="CommunityPollComponent should show component" time="0.749">
    </testcase>
    <testcase classname="CommunityPollComponent should show poll" name="CommunityPollComponent should show poll" time="0.309">
    </testcase>
    <testcase classname="CommunityPollComponent should change selectedOption when calling selectOption" name="CommunityPollComponent should change selectedOption when calling selectOption" time="0.369">
    </testcase>
    <testcase classname="CommunityPollComponent should dispatch SubmittingCommunityPollRequest when calling submitPollResponse" name="CommunityPollComponent should dispatch SubmittingCommunityPollRequest when calling submitPollResponse" time="0.26">
    </testcase>
    <testcase classname="CommunityPollComponent should return true when calling isResponseDismissed with dismissed pollId" name="CommunityPollComponent should return true when calling isResponseDismissed with dismissed pollId" time="0.304">
    </testcase>
    <testcase classname="CommunityPollComponent should dispatch DismissingCommunityPollResponse when calling dismissPoll" name="CommunityPollComponent should dispatch DismissingCommunityPollResponse when calling dismissPoll" time="0.249">
    </testcase>
    <testcase classname="CommunityPollComponent should push dismissed poll id to dismissedPollIds when calling dismissPoll" name="CommunityPollComponent should push dismissed poll id to dismissedPollIds when calling dismissPoll" time="0.21">
    </testcase>
    <testcase classname="CommunityPollComponent should show polls as not expired when IsExpired = false" name="CommunityPollComponent should show polls as not expired when IsExpired = false" time="0.262">
    </testcase>
    <testcase classname="CommunityPollComponent should show polls as expired when IsExpired = true" name="CommunityPollComponent should show polls as expired when IsExpired = true" time="0.19">
    </testcase>
    <testcase classname="CommunityPollComponent should emit a pollHashTagClicked event, when hashtag is clicked" name="CommunityPollComponent should emit a pollHashTagClicked event, when hashtag is clicked" time="0.483">
    </testcase>
  </testsuite>
  <testsuite name="apps/admin/app/_data-insights/containers/pages/standard-reports-list-page/standard-reports-list.page.spec.ts" errors="0" failures="0" skipped="0" timestamp="2019-08-05T19:49:42" time="4.268" tests="7">
    <testcase classname="Data Insights Management - Standard Reports List Page should update the search term when it changes" name="Data Insights Management - Standard Reports List Page should update the search term when it changes" time="0.154">
    </testcase>
    <testcase classname="Data Insights Management - Standard Reports List Page sync standard reports" name="Data Insights Management - Standard Reports List Page sync standard reports" time="0.394">
    </testcase>
    <testcase classname="Data Insights Management - Standard Reports List Page onInit fetches list of standard reports" name="Data Insights Management - Standard Reports List Page onInit fetches list of standard reports" time="0.152">
    </testcase>
    <testcase classname="Data Insights Management - Standard Reports List Page filtered reports returns all workbooks if no search term provided" name="Data Insights Management - Standard Reports List Page filtered reports returns all workbooks if no search term provided" time="0.203">
    </testcase>
    <testcase classname="Data Insights Management - Standard Reports List Page filtered reports returns only matching workbooks if set" name="Data Insights Management - Standard Reports List Page filtered reports returns only matching workbooks if set" time="0.095">
    </testcase>
    <testcase classname="Data Insights Management - Standard Reports List Page filtered reports returns no workbooks if none match search term" name="Data Insights Management - Standard Reports List Page filtered reports returns no workbooks if none match search term" time="0.091">
    </testcase>
    <testcase classname="Data Insights Management - Standard Reports List Page filtered reports returns workbooks if display name or name match" name="Data Insights Management - Standard Reports List Page filtered reports returns workbooks if display name or name match" time="0.069">
    </testcase>
  </testsuite>
  <testsuite name="apps/admin/app/_tickets/containers/ticket-list/ticket-list.component.spec.ts" errors="0" failures="0" skipped="0" timestamp="2019-08-05T19:49:41" time="6.942" tests="2">
    <testcase classname="Admin - Tickets - Ticket List should dispatch a InitTickets action upon init" name="Admin - Tickets - Ticket List should dispatch a InitTickets action upon init" time="0.644">
    </testcase>
    <testcase classname="Admin - Tickets - Ticket List should dispatch an OpenTicket action when handleCellClick is triggered" name="Admin - Tickets - Ticket List should dispatch an OpenTicket action when handleCellClick is triggered" time="0.24">
    </testcase>
  </testsuite>
  <testsuite name="apps/jobs/app/_matches-modal/components/match-details/match-details.component.spec.ts" errors="0" failures="0" skipped="0" timestamp="2019-08-05T19:49:45" time="2.822" tests="4">
    <testcase classname="MatchesDetailsComponent should create" name="MatchesDetailsComponent should create" time="0.461">
    </testcase>
    <testcase classname="MatchesDetailsComponent should match snapshot" name="MatchesDetailsComponent should match snapshot" time="0.228">
    </testcase>
    <testcase classname="MatchesDetailsComponent should show collapsed matches" name="MatchesDetailsComponent should show collapsed matches" time="0.164">
    </testcase>
    <testcase classname="MatchesDetailsComponent should dispatch a show more toggle " name="MatchesDetailsComponent should dispatch a show more toggle " time="0.259">
    </testcase>
  </testsuite>
  <testsuite name="apps/admin/app/_peer/containers/exchange-companies/exchange-companies.component.spec.ts" errors="0" failures="0" skipped="0" timestamp="2019-08-05T19:49:45" time="3.381" tests="7">
    <testcase classname="Exchange Companies should dispatch a LoadingExchangeCompanies action when handleExchangeCompaniesGridReload is called" name="Exchange Companies should dispatch a LoadingExchangeCompanies action when handleExchangeCompaniesGridReload is called" time="0.298">
    </testcase>
    <testcase classname="Exchange Companies should dispatch a page change grid action when handlePageChanged is called" name="Exchange Companies should dispatch a page change grid action when handlePageChanged is called" time="0.21">
    </testcase>
    <testcase classname="Exchange Companies should call loadExchangeCompanies with the exchangeId when handlePageChanged is called" name="Exchange Companies should call loadExchangeCompanies with the exchangeId when handlePageChanged is called" time="0.161">
    </testcase>
    <testcase classname="Exchange Companies should dispatch a sort change grid action when handleSortChanged is called" name="Exchange Companies should dispatch a sort change grid action when handleSortChanged is called" time="0.164">
    </testcase>
    <testcase classname="Exchange Companies should call loadExchangeCompanies with the exchangeId when handleSortChanged is called" name="Exchange Companies should call loadExchangeCompanies with the exchangeId when handleSortChanged is called" time="0.155">
    </testcase>
    <testcase classname="Exchange Companies should dispatch a OpenAddExchangeCompaniesModal action when openAddExchangeCompaniesModal is called" name="Exchange Companies should dispatch a OpenAddExchangeCompaniesModal action when openAddExchangeCompaniesModal is called" time="0.131">
    </testcase>
    <testcase classname="Exchange Companies should dispatch a OpenDeleteExchangeCompanyModal action when openDeleteExchangeCompanyModal is called" name="Exchange Companies should dispatch a OpenDeleteExchangeCompanyModal action when openDeleteExchangeCompanyModal is called" time="0.152">
    </testcase>
  </testsuite>
  <testsuite name="apps/peer/app/_manage/components/exchange-job-detail/exchange-job-detail.component.spec.ts" errors="0" failures="0" skipped="0" timestamp="2019-08-05T19:49:46" time="2.683" tests="8">
    <testcase classname="ExchangeDetailComponent should create" name="ExchangeDetailComponent should create" time="0.168">
    </testcase>
    <testcase classname="ExchangeDetailComponent should render the selected exchange jobs props" name="ExchangeDetailComponent should render the selected exchange jobs props" time="0.091">
    </testcase>
    <testcase classname="ExchangeDetailComponent should show the approve/reject buttons when a company job with a pending match is selected" name="ExchangeDetailComponent should show the approve/reject buttons when a company job with a pending match is selected" time="0.136">
    </testcase>
    <testcase classname="ExchangeDetailComponent should hide the approve/reject buttons when a company job with a pending match is selected" name="ExchangeDetailComponent should hide the approve/reject buttons when a company job with a pending match is selected" time="0.186">
    </testcase>
    <testcase classname="ExchangeDetailComponent should show the unmatch button when a matched company job is selected" name="ExchangeDetailComponent should show the unmatch button when a matched company job is selected" time="0.146">
    </testcase>
    <testcase classname="ExchangeDetailComponent should emit when approve is clicked" name="ExchangeDetailComponent should emit when approve is clicked" time="0.194">
    </testcase>
    <testcase classname="ExchangeDetailComponent should emit when reject is clicked" name="ExchangeDetailComponent should emit when reject is clicked" time="0.196">
    </testcase>
    <testcase classname="ExchangeDetailComponent should emit when unmatch is clicked" name="ExchangeDetailComponent should emit when unmatch is clicked" time="0.11">
    </testcase>
  </testsuite>
  <testsuite name="libs/ui/common/content/cards/card-selector/card-selector.component.spec.ts" errors="0" failures="0" skipped="0" timestamp="2019-08-05T19:49:46" time="3.092" tests="10">
    <testcase classname="UI/Common/Content - CardSelector should transclude content and templates" name="UI/Common/Content - CardSelector should transclude content and templates" time="0.409">
    </testcase>
    <testcase classname="UI/Common/Content - CardSelector should render pf-card components for each dataItem" name="UI/Common/Content - CardSelector should render pf-card components for each dataItem" time="0.179">
    </testcase>
    <testcase classname="UI/Common/Content - CardSelector should render no results message when there is no cardData" name="UI/Common/Content - CardSelector should render no results message when there is no cardData" time="0.176">
    </testcase>
    <testcase classname="UI/Common/Content - CardSelector should not render no results message when cardDataLoading" name="UI/Common/Content - CardSelector should not render no results message when cardDataLoading" time="0.125">
    </testcase>
    <testcase classname="UI/Common/Content - CardSelector should show selection container when a card is selected" name="UI/Common/Content - CardSelector should show selection container when a card is selected" time="0.162">
    </testcase>
    <testcase classname="UI/Common/Content - CardSelector should emit an onReload event when handleReloadEvent is triggered" name="UI/Common/Content - CardSelector should emit an onReload event when handleReloadEvent is triggered" time="0.093">
    </testcase>
    <testcase classname="UI/Common/Content - CardSelector should emit an onCardSelection event when setCardSelection is triggered" name="UI/Common/Content - CardSelector should emit an onCardSelection event when setCardSelection is triggered" time="0.112">
    </testcase>
    <testcase classname="UI/Common/Content - CardSelector should not clear card selection on cardData$ change when there is no card selection" name="UI/Common/Content - CardSelector should not clear card selection on cardData$ change when there is no card selection" time="0.16">
    </testcase>
    <testcase classname="UI/Common/Content - CardSelector should not clear card selection on cardData$ change when cardDataLoading$" name="UI/Common/Content - CardSelector should not clear card selection on cardData$ change when cardDataLoading$" time="0.155">
    </testcase>
    <testcase classname="UI/Common/Content - CardSelector should clear card selection on cardData$ change selection not in cardData$" name="UI/Common/Content - CardSelector should clear card selection on cardData$ change selection not in cardData$" time="0.145">
    </testcase>
  </testsuite>
  <testsuite name="apps/admin/app/_peer/containers/exchange-job-requests/exchange-job-requests.component.spec.ts" errors="0" failures="0" skipped="0" timestamp="2019-08-05T19:49:44" time="5.038" tests="8">
    <testcase classname="Exchange Job Requests should match snapshot" name="Exchange Job Requests should match snapshot" time="0.223">
    </testcase>
    <testcase classname="Exchange Job Requests should dispatch a LoadExchangeJobRequests action when handleExchangeJobRequestsGridReload is called" name="Exchange Job Requests should dispatch a LoadExchangeJobRequests action when handleExchangeJobRequestsGridReload is called" time="0.338">
    </testcase>
    <testcase classname="Exchange Job Requests should dispatch an OpenJobRequestInfo action when a cell is clicked" name="Exchange Job Requests should dispatch an OpenJobRequestInfo action when a cell is clicked" time="2.397">
    </testcase>
    <testcase classname="Exchange Job Requests should dispatch a CloseJobRequestInfo action when the job request info is closed" name="Exchange Job Requests should dispatch a CloseJobRequestInfo action when the job request info is closed" time="0.255">
    </testcase>
    <testcase classname="Exchange Job Requests should dispatch a ApproveExchangeJobRequest action when handleApproveJobRequest is called" name="Exchange Job Requests should dispatch a ApproveExchangeJobRequest action when handleApproveJobRequest is called" time="0.282">
    </testcase>
    <testcase classname="Exchange Job Requests should dispatch a DenyExchangeJobRequest action when handleDenyJobRequest is called" name="Exchange Job Requests should dispatch a DenyExchangeJobRequest action when handleDenyJobRequest is called" time="0.145">
    </testcase>
    <testcase classname="Exchange Job Requests should dispatch a CloseJobRequestDenyModal action when handleCloseDenyModal is called" name="Exchange Job Requests should dispatch a CloseJobRequestDenyModal action when handleCloseDenyModal is called" time="0.202">
    </testcase>
    <testcase classname="Exchange Job Requests should dispatch a CloseJobRequestApproveModal action when handleCloseApproveModal is called" name="Exchange Job Requests should dispatch a CloseJobRequestApproveModal action when handleCloseApproveModal is called" time="0.147">
    </testcase>
  </testsuite>
  <testsuite name="apps/job-description-management/app/_job-description/components/popovers/column-selector/column-selector-popover.component.spec.ts" errors="0" failures="0" skipped="0" timestamp="2019-08-05T19:49:42" time="8.907" tests="2">
    <testcase classname="Job Description Management - Job Description - Column Selector Popover should emit checked column data, when calling columnChecked" name="Job Description Management - Job Description - Column Selector Popover should emit checked column data, when calling columnChecked" time="0.645">
    </testcase>
    <testcase classname="Job Description Management - Job Description - Column Selector Popover should emit array of List Area Columns and close the popover, when calling saveButtonClicked" name="Job Description Management - Job Description - Column Selector Popover should emit array of List Area Columns and close the popover, when calling saveButtonClicked" time="0.274">
    </testcase>
  </testsuite>
  <testsuite name="apps/auth/app/_login/containers/pages/reset-password/reset-password.page.spec.ts" errors="0" failures="0" skipped="0" timestamp="2019-08-05T19:49:48" time="3.017" tests="6">
    <testcase classname="Auth - Reset Password should show reset password section when page is loaded" name="Auth - Reset Password should show reset password section when page is loaded" time="0.508">
    </testcase>
    <testcase classname="Auth - Reset Password should disable reset password button and text when submitting" name="Auth - Reset Password should disable reset password button and text when submitting" time="0.261">
    </testcase>
    <testcase classname="Auth - Reset Password should show password reset success section " name="Auth - Reset Password should show password reset success section " time="0.155">
    </testcase>
    <testcase classname="Auth - Reset Password should show error section on resetError" name="Auth - Reset Password should show error section on resetError" time="0.161">
    </testcase>
    <testcase classname="Auth - Reset Password should show password used section on passwordAlreadyUsed" name="Auth - Reset Password should show password used section on passwordAlreadyUsed" time="0.128">
    </testcase>
    <testcase classname="Auth - Reset Password should dispatch ResetPassword action when reset password button is clicked" name="Auth - Reset Password should dispatch ResetPassword action when reset password button is clicked" time="0.243">
    </testcase>
  </testsuite>
  <testsuite name="apps/admin/app/_org-data-loader/containers/pages/manage-field-mappings.page.spec.ts" errors="0" failures="0" skipped="4" timestamp="2019-08-05T19:47:19" time="153.297" tests="34">
    <testcase classname="ManageFieldMapperPageComponent should create" name="ManageFieldMapperPageComponent should create" time="3.64">
    </testcase>
    <testcase classname="ManageFieldMapperPageComponent should hide the field mapper when a company has not been selected" name="ManageFieldMapperPageComponent should hide the field mapper when a company has not been selected" time="2.618">
    </testcase>
    <testcase classname="ManageFieldMapperPageComponent should show the field mapper when a company has been selected" name="ManageFieldMapperPageComponent should show the field mapper when a company has been selected" time="2.33">
    </testcase>
    <testcase classname="ManageFieldMapperPageComponent should display toast on save mappings success" name="ManageFieldMapperPageComponent should display toast on save mappings success" time="0">
      <skipped/>
    </testcase>
    <testcase classname="ManageFieldMapperPageComponent should display toast on save mappings error" name="ManageFieldMapperPageComponent should display toast on save mappings error" time="0">
      <skipped/>
    </testcase>
    <testcase classname="ManageFieldMapperPageComponent should display toast on save settings success" name="ManageFieldMapperPageComponent should display toast on save settings success" time="0">
      <skipped/>
    </testcase>
    <testcase classname="ManageFieldMapperPageComponent should display toast on save settings error" name="ManageFieldMapperPageComponent should display toast on save settings error" time="0.001">
      <skipped/>
    </testcase>
    <testcase classname="ManageFieldMapperPageComponent should disable the save button when not all mappings are complete" name="ManageFieldMapperPageComponent should disable the save button when not all mappings are complete" time="1.455">
    </testcase>
    <testcase classname="ManageFieldMapperPageComponent should disable the save button when no delimiter is specified" name="ManageFieldMapperPageComponent should disable the save button when no delimiter is specified" time="3.5">
    </testcase>
    <testcase classname="ManageFieldMapperPageComponent should enable the save button when all mappings are complete AND a delimiter is specified" name="ManageFieldMapperPageComponent should enable the save button when all mappings are complete AND a delimiter is specified" time="2.373">
    </testcase>
    <testcase classname="ManageFieldMapperPageComponent should add a paymarket mapping to the list of mappings when the paymarket mapping is complete and no paymarket mapping exists yet" name="ManageFieldMapperPageComponent should add a paymarket mapping to the list of mappings when the paymarket mapping is complete and no paymarket mapping exists yet" time="2.887">
    </testcase>
    <testcase classname="ManageFieldMapperPageComponent should replace a paymarket mapping in the list of mappings when the paymarket mapping is complete and a paymarket mapping exists" name="ManageFieldMapperPageComponent should replace a paymarket mapping in the list of mappings when the paymarket mapping is complete and a paymarket mapping exists" time="5.95">
    </testcase>
    <testcase classname="ManageFieldMapperPageComponent should add a job mapping to the list of mappings when the job mapping is complete and no job mapping exists yet" name="ManageFieldMapperPageComponent should add a job mapping to the list of mappings when the job mapping is complete and no job mapping exists yet" time="9.644">
    </testcase>
    <testcase classname="ManageFieldMapperPageComponent should replace a job mapping in the list of mappings when the job mapping is complete and a job mapping exists" name="ManageFieldMapperPageComponent should replace a job mapping in the list of mappings when the job mapping is complete and a job mapping exists" time="12.165">
    </testcase>
    <testcase classname="ManageFieldMapperPageComponent should add a structure mapping to the list of mappings when the structure mapping is complete and no structure mapping exists yet" name="ManageFieldMapperPageComponent should add a structure mapping to the list of mappings when the structure mapping is complete and no structure mapping exists yet" time="6.177">
    </testcase>
    <testcase classname="ManageFieldMapperPageComponent should replace a structure mapping in the list of mappings when the structure mapping is complete and a structure mapping exists" name="ManageFieldMapperPageComponent should replace a structure mapping in the list of mappings when the structure mapping is complete and a structure mapping exists" time="2.219">
    </testcase>
    <testcase classname="ManageFieldMapperPageComponent should add a structuremapping mapping to the list of mappings when the structuremapping mapping is complete and no structuremapping mapping exists yet" name="ManageFieldMapperPageComponent should add a structuremapping mapping to the list of mappings when the structuremapping mapping is complete and no structuremapping mapping exists yet" time="1.429">
    </testcase>
    <testcase classname="ManageFieldMapperPageComponent should replace a structuremapping mapping in the list of mappings when the structuremapping mapping is complete and a structuremapping mapping exists" name="ManageFieldMapperPageComponent should replace a structuremapping mapping in the list of mappings when the structuremapping mapping is complete and a structuremapping mapping exists" time="0.964">
    </testcase>
    <testcase classname="ManageFieldMapperPageComponent should add a employee mapping to the list of mappings when the employee mapping is complete and no employee mapping exists yet" name="ManageFieldMapperPageComponent should add a employee mapping to the list of mappings when the employee mapping is complete and no employee mapping exists yet" time="1.092">
    </testcase>
    <testcase classname="ManageFieldMapperPageComponent should replace a employee mapping in the list of mappings when the employee mapping is complete and an employee mapping exists" name="ManageFieldMapperPageComponent should replace a employee mapping in the list of mappings when the employee mapping is complete and an employee mapping exists" time="1.05">
    </testcase>
    <testcase classname="ManageFieldMapperPageComponent should call SavingFieldMappings action when SaveMappings has been called" name="ManageFieldMapperPageComponent should call SavingFieldMappings action when SaveMappings has been called" time="2.289">
    </testcase>
    <testcase classname="ManageFieldMapperPageComponent should not call SavingFieldMappings action when there are no mappings" name="ManageFieldMapperPageComponent should not call SavingFieldMappings action when there are no mappings" time="4.437">
    </testcase>
    <testcase classname="ManageFieldMapperPageComponent should add the delimiter to loaderSettingsToSave array on Save when company setting does not exist and dispatch SavingLoaderSettings action" name="ManageFieldMapperPageComponent should add the delimiter to loaderSettingsToSave array on Save when company setting does not exist and dispatch SavingLoaderSettings action" time="5.735">
    </testcase>
    <testcase classname="ManageFieldMapperPageComponent should add the delimiter to loaderSettingsToSave array on Save when the delimiter is different from the company setting and dispatch SavingLoaderSettings action" name="ManageFieldMapperPageComponent should add the delimiter to loaderSettingsToSave array on Save when the delimiter is different from the company setting and dispatch SavingLoaderSettings action" time="1.45">
    </testcase>
    <testcase classname="ManageFieldMapperPageComponent should add the dateFormat to loaderSettingsToSave array on Save when company setting does not exist and dispatch SavingLoaderSettings action" name="ManageFieldMapperPageComponent should add the dateFormat to loaderSettingsToSave array on Save when company setting does not exist and dispatch SavingLoaderSettings action" time="1.148">
    </testcase>
    <testcase classname="ManageFieldMapperPageComponent should add the dateFormat to loaderSettingsToSave array on Save when the dateFormat is different from the company setting and dispatch SavingLoaderSettings action" name="ManageFieldMapperPageComponent should add the dateFormat to loaderSettingsToSave array on Save when the dateFormat is different from the company setting and dispatch SavingLoaderSettings action" time="1.508">
    </testcase>
    <testcase classname="ManageFieldMapperPageComponent should add the IsEmployeesFullReplace to loaderSettingsToSave array on Save when company setting changes and dispatch SavingLoaderSettings action" name="ManageFieldMapperPageComponent should add the IsEmployeesFullReplace to loaderSettingsToSave array on Save when company setting changes and dispatch SavingLoaderSettings action" time="2.683">
    </testcase>
    <testcase classname="ManageFieldMapperPageComponent should add the IsStructureMappingsFullReplace to loaderSettingsToSave array on Save when company setting changes and dispatch SavingLoaderSettings action" name="ManageFieldMapperPageComponent should add the IsStructureMappingsFullReplace to loaderSettingsToSave array on Save when company setting changes and dispatch SavingLoaderSettings action" time="1.672">
    </testcase>
    <testcase classname="ManageFieldMapperPageComponent should add the IsEmployeesLoadEnabled to loaderSettingsToSave array on Save when company setting changes and dispatch SavingLoaderSettings action" name="ManageFieldMapperPageComponent should add the IsEmployeesLoadEnabled to loaderSettingsToSave array on Save when company setting changes and dispatch SavingLoaderSettings action" time="2.28">
    </testcase>
    <testcase classname="ManageFieldMapperPageComponent should add the IsJobsLoadEnabled to loaderSettingsToSave array on Save when company setting changes and dispatch SavingLoaderSettings action" name="ManageFieldMapperPageComponent should add the IsJobsLoadEnabled to loaderSettingsToSave array on Save when company setting changes and dispatch SavingLoaderSettings action" time="2.335">
    </testcase>
    <testcase classname="ManageFieldMapperPageComponent should add the IsPaymarketsLoadEnabled to loaderSettingsToSave array on Save when company setting changes and dispatch SavingLoaderSettings action" name="ManageFieldMapperPageComponent should add the IsPaymarketsLoadEnabled to loaderSettingsToSave array on Save when company setting changes and dispatch SavingLoaderSettings action" time="1.827">
    </testcase>
    <testcase classname="ManageFieldMapperPageComponent should add the IsStructuresLoadEnabled to loaderSettingsToSave array on Save when company setting changes and dispatch SavingLoaderSettings action" name="ManageFieldMapperPageComponent should add the IsStructuresLoadEnabled to loaderSettingsToSave array on Save when company setting changes and dispatch SavingLoaderSettings action" time="2.095">
    </testcase>
    <testcase classname="ManageFieldMapperPageComponent should add the IsStructureMappingsLoadEnabled to loaderSettingsToSave array on Save when company setting changes and dispatch SavingLoaderSettings action" name="ManageFieldMapperPageComponent should add the IsStructureMappingsLoadEnabled to loaderSettingsToSave array on Save when company setting changes and dispatch SavingLoaderSettings action" time="2.345">
    </testcase>
    <testcase classname="ManageFieldMapperPageComponent should not dispatch SavingLoaderSettings when there are no settings to be saved" name="ManageFieldMapperPageComponent should not dispatch SavingLoaderSettings when there are no settings to be saved" time="2.054">
    </testcase>
  </testsuite>
  <testsuite name="apps/comphub/app/_main/containers/cards/markets/markets.card.component.spec.ts" errors="0" failures="0" skipped="0" timestamp="2019-08-05T19:49:46" time="5.845" tests="11">
    <testcase classname="Comphub - Main - Markets Card Component should dispatch SetPaymarketFilter action when filter changed" name="Comphub - Main - Markets Card Component should dispatch SetPaymarketFilter action when filter changed" time="0.276">
    </testcase>
    <testcase classname="Comphub - Main - Markets Card Component should dispatch SavePayMarket action when handling save pay market" name="Comphub - Main - Markets Card Component should dispatch SavePayMarket action when handling save pay market" time="0.264">
    </testcase>
    <testcase classname="Comphub - Main - Markets Card Component should dispatch NavigateToNextCard action when handling skip add pay market" name="Comphub - Main - Markets Card Component should dispatch NavigateToNextCard action when handling skip add pay market" time="0.201">
    </testcase>
    <testcase classname="Comphub - Main - Markets Card Component should dispatch CloseInfoBanner when handling dismiss info banner" name="Comphub - Main - Markets Card Component should dispatch CloseInfoBanner when handling dismiss info banner" time="0.488">
    </testcase>
    <testcase classname="Comphub - Main - Markets Card Component should dispatch OpenForm from AddPayMarketForm actions when add new market clicked" name="Comphub - Main - Markets Card Component should dispatch OpenForm from AddPayMarketForm actions when add new market clicked" time="0.882">
    </testcase>
    <testcase classname="Comphub - Main - Markets Card Component should dispatch filter locations action when location filter changed" name="Comphub - Main - Markets Card Component should dispatch filter locations action when location filter changed" time="0.651">
    </testcase>
    <testcase classname="Comphub - Main - Markets Card Component should dispatch CloseForm from AddPayMarketForm actions when cancel button clicked" name="Comphub - Main - Markets Card Component should dispatch CloseForm from AddPayMarketForm actions when cancel button clicked" time="0.345">
    </testcase>
    <testcase classname="Comphub - Main - Markets Card Component should dispatch a SetSelectedPayMarket action, when handling a paymarket being checked" name="Comphub - Main - Markets Card Component should dispatch a SetSelectedPayMarket action, when handling a paymarket being checked" time="0.331">
    </testcase>
    <testcase classname="Comphub - Main - Markets Card Component should call handleSearchBoxValueChanged with an empty string, when clearing the search value" name="Comphub - Main - Markets Card Component should call handleSearchBoxValueChanged with an empty string, when clearing the search value" time="0.352">
    </testcase>
    <testcase classname="Comphub - Main - Markets Card Component should hide the add paymarkets button when restrictions exist" name="Comphub - Main - Markets Card Component should hide the add paymarkets button when restrictions exist" time="0.271">
    </testcase>
    <testcase classname="Comphub - Main - Markets Card Component should NOT hide the add paymarkets button when no restrictions exist" name="Comphub - Main - Markets Card Component should NOT hide the add paymarkets button when no restrictions exist" time="0.152">
    </testcase>
  </testsuite>
  <testsuite name="libs/features/peer/map/components/filter-aggregate-group/filter-aggregate-group.component.spec.ts" errors="0" failures="0" skipped="0" timestamp="2019-08-05T19:49:47" time="5.364" tests="10">
    <testcase classname="Features - Peer - Filter Aggregate Group Component should emit an aggregateToggled event with AggregateSelectionInfo when handling AggregateSelected" name="Features - Peer - Filter Aggregate Group Component should emit an aggregateToggled event with AggregateSelectionInfo when handling AggregateSelected" time="0.204">
    </testcase>
    <testcase classname="Features - Peer - Filter Aggregate Group Component should toggle collapsed when clicking on the .aggregate-group-header" name="Features - Peer - Filter Aggregate Group Component should toggle collapsed when clicking on the .aggregate-group-header" time="0.18">
    </testcase>
    <testcase classname="Features - Peer - Filter Aggregate Group Component should apply the collapsed class to the .aggregate-group when collapse is true" name="Features - Peer - Filter Aggregate Group Component should apply the collapsed class to the .aggregate-group when collapse is true" time="0.255">
    </testcase>
    <testcase classname="Features - Peer - Filter Aggregate Group Component should emit a searchEvent when the handleSearchClicked function is called" name="Features - Peer - Filter Aggregate Group Component should emit a searchEvent when the handleSearchClicked function is called" time="0.234">
    </testcase>
    <testcase classname="Features - Peer - Filter Aggregate Group Component should show the Options Toggle when the number of aggregates is greater than the preview limit" name="Features - Peer - Filter Aggregate Group Component should show the Options Toggle when the number of aggregates is greater than the preview limit" time="0.21">
    </testcase>
    <testcase classname="Features - Peer - Filter Aggregate Group Component should trigger the handleSearchClicked function when clicking on the .toggle-option-height" name="Features - Peer - Filter Aggregate Group Component should trigger the handleSearchClicked function when clicking on the .toggle-option-height" time="1.813">
    </testcase>
    <testcase classname="Features - Peer - Filter Aggregate Group Component should trigger the handleSearchClicked function when clicking on the .search icon" name="Features - Peer - Filter Aggregate Group Component should trigger the handleSearchClicked function when clicking on the .search icon" time="0.602">
    </testcase>
    <testcase classname="Features - Peer - Filter Aggregate Group Component should emit a aggregateGroupSelectionsToggled with shouldSelect equals false event when handling Reset Clicked" name="Features - Peer - Filter Aggregate Group Component should emit a aggregateGroupSelectionsToggled with shouldSelect equals false event when handling Reset Clicked" time="0.252">
    </testcase>
    <testcase classname="Features - Peer - Filter Aggregate Group Component should emit a aggregateGroupSelectionsToggled with shouldSelect equals true event when handleSelectAllChecked is called and
  there are no selections" name="Features - Peer - Filter Aggregate Group Component should emit a aggregateGroupSelectionsToggled with shouldSelect equals true event when handleSelectAllChecked is called and
  there are no selections" time="0.177">
    </testcase>
    <testcase classname="Features - Peer - Filter Aggregate Group Component should emit a aggregateGroupSelectionsToggled with shouldSelect equals false event when handleSelectAllChecked is called
  and all options are selected" name="Features - Peer - Filter Aggregate Group Component should emit a aggregateGroupSelectionsToggled with shouldSelect equals false event when handleSelectAllChecked is called
  and all options are selected" time="0.12">
    </testcase>
  </testsuite>
  <testsuite name="libs/ui/common/user-email-picker/user-or-email-picker.component.spec.ts" errors="0" failures="0" skipped="0" timestamp="2019-08-05T19:49:46" time="6.511" tests="4">
    <testcase classname="UserOrEmailPickerComponent should create" name="UserOrEmailPickerComponent should create" time="1.597">
    </testcase>
    <testcase classname="UserOrEmailPickerComponent should show a spinner when a search is in progress" name="UserOrEmailPickerComponent should show a spinner when a search is in progress" time="1.224">
    </testcase>
    <testcase classname="UserOrEmailPickerComponent should not show a spinner when no search is being performed" name="UserOrEmailPickerComponent should not show a spinner when no search is being performed" time="1.117">
    </testcase>
    <testcase classname="UserOrEmailPickerComponent should show an error message when a search failed" name="UserOrEmailPickerComponent should show an error message when a search failed" time="1.273">
    </testcase>
  </testsuite>
  <testsuite name="apps/community/app/_main/containers/community-new-post/community-new-post.component.spec.ts" errors="0" failures="0" skipped="0" timestamp="2019-08-05T19:49:48" time="4.998" tests="5">
    <testcase classname="CommunityNewPostComponent should show community start poll" name="CommunityNewPostComponent should show community start poll" time="0.208">
    </testcase>
    <testcase classname="CommunityNewPostComponent should dispatch SubmittingCommunityPost when calling submit" name="CommunityNewPostComponent should dispatch SubmittingCommunityPost when calling submit" time="0.221">
    </testcase>
    <testcase classname="CommunityNewPostComponent it should return true when form is valid" name="CommunityNewPostComponent it should return true when form is valid" time="2.043">
    </testcase>
    <testcase classname="CommunityNewPostComponent form invalid when empty" name="CommunityNewPostComponent form invalid when empty" time="0.578">
    </testcase>
    <testcase classname="CommunityNewPostComponent submitting invalid form does not submit post" name="CommunityNewPostComponent submitting invalid form does not submit post" time="0.35">
    </testcase>
  </testsuite>
  <testsuite name="apps/project/app/_multi-match/components/job-to-price/job-to-price.component.spec.ts" errors="0" failures="0" skipped="0" timestamp="2019-08-05T19:49:48" time="5.662" tests="9">
    <testcase classname="Project - MultiMatch - JobToPrice Component should display Title, code and paymarket" name="Project - MultiMatch - JobToPrice Component should display Title, code and paymarket" time="0.928">
    </testcase>
    <testcase classname="Project - MultiMatch - JobToPrice Component should display loading message when loading data cuts" name="Project - MultiMatch - JobToPrice Component should display loading message when loading data cuts" time="0.46">
    </testcase>
    <testcase classname="Project - MultiMatch - JobToPrice Component should display error message when error found loading data cuts" name="Project - MultiMatch - JobToPrice Component should display error message when error found loading data cuts" time="0.352">
    </testcase>
    <testcase classname="Project - MultiMatch - JobToPrice Component should display data cuts when data cuts loaded" name="Project - MultiMatch - JobToPrice Component should display data cuts when data cuts loaded" time="0.241">
    </testcase>
    <testcase classname="Project - MultiMatch - JobToPrice Component should display with 2 decimal precision if hourly" name="Project - MultiMatch - JobToPrice Component should display with 2 decimal precision if hourly" time="0.252">
    </testcase>
    <testcase classname="Project - MultiMatch - JobToPrice Component should show job detail when toggle clicked" name="Project - MultiMatch - JobToPrice Component should show job detail when toggle clicked" time="0.182">
    </testcase>
    <testcase classname="Project - MultiMatch - JobToPrice Component should show data cuts when toggle clicked" name="Project - MultiMatch - JobToPrice Component should show data cuts when toggle clicked" time="0.188">
    </testcase>
    <testcase classname="Project - MultiMatch - JobToPrice Component should show new job match cuts as highlighted" name="Project - MultiMatch - JobToPrice Component should show new job match cuts as highlighted" time="0.232">
    </testcase>
    <testcase classname="Project - MultiMatch - JobToPrice Component should hide data cuts when last data cut removed" name="Project - MultiMatch - JobToPrice Component should hide data cuts when last data cut removed" time="0.244">
    </testcase>
  </testsuite>
  <testsuite name="apps/admin/app/_peer/containers/approve-request-modal/approve-request-modal.component.spec.ts" errors="0" failures="0" skipped="0" timestamp="2019-08-05T19:49:49" time="4.946" tests="5">
    <testcase classname="Approve Request Modal modal and text area should match the snapshot" name="Approve Request Modal modal and text area should match the snapshot" time="0.317">
    </testcase>
    <testcase classname="Approve Request Modal should emit a closeClicked event, when the handleModalDismissed method is called" name="Approve Request Modal should emit a closeClicked event, when the handleModalDismissed method is called" time="0.42">
    </testcase>
    <testcase classname="Approve Request Modal should emit a approveClicked event, when the approve button is clicked" name="Approve Request Modal should emit a approveClicked event, when the approve button is clicked" time="1.107">
    </testcase>
    <testcase classname="Approve Request Modal should set peopleToNotify to NoOne, when the handleModalDismissed method is called" name="Approve Request Modal should set peopleToNotify to NoOne, when the handleModalDismissed method is called" time="1.199">
    </testcase>
    <testcase classname="Approve Request Modal should call setPlaceholderOnBlur method, when the textarea focus is changed" name="Approve Request Modal should call setPlaceholderOnBlur method, when the textarea focus is changed" time="0.551">
    </testcase>
  </testsuite>
  <testsuite name="libs/features/peer/map/containers/filter-sidebar/filter-sidebar.component.spec.ts" errors="0" failures="0" skipped="0" timestamp="2019-08-05T19:49:51" time="2.756" tests="6">
    <testcase classname="Features - Peer - Filter Sidebar Component should dispatch a LoadPayMarketInformation action when initialized" name="Features - Peer - Filter Sidebar Component should dispatch a LoadPayMarketInformation action when initialized" time="0.133">
    </testcase>
    <testcase classname="Features - Peer - Filter Sidebar Component should dispatch a ToggleLimitToPayMarket action when the handleLimitToPayMarketToggled method is triggered" name="Features - Peer - Filter Sidebar Component should dispatch a ToggleLimitToPayMarket action when the handleLimitToPayMarketToggled method is triggered" time="0.14">
    </testcase>
    <testcase classname="Features - Peer - Filter Sidebar Component should dispatch a ToggleAggregateSelected action when the handleAggregateToggled method is triggered" name="Features - Peer - Filter Sidebar Component should dispatch a ToggleAggregateSelected action when the handleAggregateToggled method is triggered" time="0.125">
    </testcase>
    <testcase classname="Features - Peer - Filter Sidebar Component should dispatch a ClearAllSelections action when handleClearAllSelections method is triggered" name="Features - Peer - Filter Sidebar Component should dispatch a ClearAllSelections action when handleClearAllSelections method is triggered" time="0.129">
    </testcase>
    <testcase classname="Features - Peer - Filter Sidebar Component should not display &quot;Pay Market Only&quot; filter when shouldShowPayMarketBoundsFilter is false" name="Features - Peer - Filter Sidebar Component should not display &quot;Pay Market Only&quot; filter when shouldShowPayMarketBoundsFilter is false" time="0.126">
    </testcase>
    <testcase classname="Features - Peer - Filter Sidebar Component should not display &quot;Exclude Indirect Matches&quot; filter when shouldShowExcludeIndirectJobMatchesFilter is false" name="Features - Peer - Filter Sidebar Component should not display &quot;Exclude Indirect Matches&quot; filter when shouldShowExcludeIndirectJobMatchesFilter is false" time="0.207">
    </testcase>
  </testsuite>
  <testsuite name="apps/project/app/survey-search/components/job-result/job-result.component.spec.ts" errors="0" failures="0" skipped="0" timestamp="2019-08-05T19:49:49" time="6.332" tests="11">
    <testcase classname="Project - Survey Search - Job Result should display Hide Cuts link when toggling the data cuts display" name="Project - Survey Search - Job Result should display Hide Cuts link when toggling the data cuts display" time="0.818">
    </testcase>
    <testcase classname="Project - Survey Search - Job Result should display Show Cuts link when toggling the data cuts display" name="Project - Survey Search - Job Result should display Show Cuts link when toggling the data cuts display" time="0.68">
    </testcase>
    <testcase classname="Project - Survey Search - Job Result should not request data cut results from store when show cuts clicked and cuts already loaded" name="Project - Survey Search - Job Result should not request data cut results from store when show cuts clicked and cuts already loaded" time="0.205">
    </testcase>
    <testcase classname="Project - Survey Search - Job Result should not request data cut results from store when hide cuts clicked" name="Project - Survey Search - Job Result should not request data cut results from store when hide cuts clicked" time="0.257">
    </testcase>
    <testcase classname="Project - Survey Search - Job Result should emit matchesMouseEnter when mouse enter job result Matches field" name="Project - Survey Search - Job Result should emit matchesMouseEnter when mouse enter job result Matches field" time="0.291">
    </testcase>
    <testcase classname="Project - Survey Search - Job Result should emit matchesMouseLeave event when mouse leave Matches field" name="Project - Survey Search - Job Result should emit matchesMouseLeave event when mouse leave Matches field" time="0.128">
    </testcase>
    <testcase classname="Project - Survey Search - Job Result should emit matchesMouseEnter event to search results component for data cut matches" name="Project - Survey Search - Job Result should emit matchesMouseEnter event to search results component for data cut matches" time="0.17">
    </testcase>
    <testcase classname="Project - Survey Search - Job Result should emit loadDataCuts event when Load More clicked" name="Project - Survey Search - Job Result should emit loadDataCuts event when Load More clicked" time="0.541">
    </testcase>
    <testcase classname="Project - Survey Search - Job Result should show Load More link when there are more data cuts from server" name="Project - Survey Search - Job Result should show Load More link when there are more data cuts from server" time="0.286">
    </testcase>
    <testcase classname="Project - Survey Search - Job Result should not show Load More link when there are no more data cuts results" name="Project - Survey Search - Job Result should not show Load More link when there are no more data cuts results" time="0.169">
    </testcase>
    <testcase classname="Project - Survey Search - Job Result should show error state if issue loading data cuts" name="Project - Survey Search - Job Result should show error state if issue loading data cuts" time="0.281">
    </testcase>
  </testsuite>
  <testsuite name="libs/features/search/components/filter-pills/filter-pills.component.spec.ts" errors="0" failures="0" skipped="0" timestamp="2019-08-05T19:49:51" time="4.552" tests="10">
    <testcase classname="Search Feature - Filter Pills should emit a clearPill event when handling a pill clicked" name="Search Feature - Filter Pills should emit a clearPill event when handling a pill clicked" time="0.336">
    </testcase>
    <testcase classname="Search Feature - Filter Pills should emit a clearPillGroup event when handling clear all clicked" name="Search Feature - Filter Pills should emit a clearPillGroup event when handling clear all clicked" time="0.248">
    </testcase>
    <testcase classname="Search Feature - Filter Pills should track pill groups by their name" name="Search Feature - Filter Pills should track pill groups by their name" time="0.279">
    </testcase>
    <testcase classname="Search Feature - Filter Pills should build a multi select pill group when receiving new filters" name="Search Feature - Filter Pills should build a multi select pill group when receiving new filters" time="0.232">
    </testcase>
    <testcase classname="Search Feature - Filter Pills should build a range filter pill group when receiving new filters" name="Search Feature - Filter Pills should build a range filter pill group when receiving new filters" time="0.18">
    </testcase>
    <testcase classname="Search Feature - Filter Pills should apply a locked class to the pill, the pill icon, and show a locked icon (fa-lock), when its locked" name="Search Feature - Filter Pills should apply a locked class to the pill, the pill icon, and show a locked icon (fa-lock), when its locked" time="0.329">
    </testcase>
    <testcase classname="Search Feature - Filter Pills should not add a locked class to the pill or icon, and show a (fa-angle-down) icon, when its not locked" name="Search Feature - Filter Pills should not add a locked class to the pill or icon, and show a (fa-angle-down) icon, when its not locked" time="0.139">
    </testcase>
    <testcase classname="Search Feature - Filter Pills should show a comma separated list of multi select option values for the pill value" name="Search Feature - Filter Pills should show a comma separated list of multi select option values for the pill value" time="0.259">
    </testcase>
    <testcase classname="Search Feature - Filter Pills should show a comma separated list of multi select option values with an ellipsis, when it exceeds the preview length" name="Search Feature - Filter Pills should show a comma separated list of multi select option values with an ellipsis, when it exceeds the preview length" time="0.236">
    </testcase>
    <testcase classname="Search Feature - Filter Pills should show range filters selected min and max as the pill value (min - max)" name="Search Feature - Filter Pills should show range filters selected min and max as the pill value (min - max)" time="0.298">
    </testcase>
  </testsuite>
  <testsuite name="apps/auth/app/_login/containers/pages/login/login.page.spec.ts" errors="0" failures="0" skipped="0" timestamp="2019-08-05T19:49:53" time="3.204" tests="6">
    <testcase classname="Auth - Login should show login when page is loaded" name="Auth - Login should show login when page is loaded" time="0.802">
    </testcase>
    <testcase classname="Auth - Login should show error notification on submitError" name="Auth - Login should show error notification on submitError" time="0.385">
    </testcase>
    <testcase classname="Auth - Login should disable and show correct login button text when logging in" name="Auth - Login should disable and show correct login button text when logging in" time="0.211">
    </testcase>
    <testcase classname="Auth - Login should show the Register button when the feature is on" name="Auth - Login should show the Register button when the feature is on" time="0.294">
    </testcase>
    <testcase classname="Auth - Login should hide the Register button when the feature is off" name="Auth - Login should hide the Register button when the feature is off" time="0.173">
    </testcase>
    <testcase classname="Auth - Login should show password expired notification on submitError" name="Auth - Login should show password expired notification on submitError" time="0.2">
    </testcase>
  </testsuite>
  <testsuite name="apps/community/app/_main/containers/pages/community-dashboard/community-dashboard.page.spec.ts" errors="0" failures="0" skipped="0" timestamp="2019-08-05T19:49:53" time="2.97" tests="2">
    <testcase classname="CommunityDashboardPageComponent should dispatch GettingBackToTopCommunityPosts when calling backToTop" name="CommunityDashboardPageComponent should dispatch GettingBackToTopCommunityPosts when calling backToTop" time="0.38">
    </testcase>
    <testcase classname="CommunityDashboardPageComponent should show community dashboard page" name="CommunityDashboardPageComponent should show community dashboard page" time="0.23">
    </testcase>
  </testsuite>
  <testsuite name="apps/admin/app/_peer/containers/exchange-job-request-info/exchange-job-request-info.component.spec.ts" errors="0" failures="0" skipped="0" timestamp="2019-08-05T19:49:54" time="2.313" tests="4">
    <testcase classname="Exchange Job Request Info should match snapshot" name="Exchange Job Request Info should match snapshot" time="0.239">
    </testcase>
    <testcase classname="Exchange Job Request Info should emit a closeClicked event, when the close button is clicked" name="Exchange Job Request Info should emit a closeClicked event, when the close button is clicked" time="0.189">
    </testcase>
    <testcase classname="Exchange Job Request Info should dispatch an OpenJobRequestApproveModal action, when the approve button is clicked" name="Exchange Job Request Info should dispatch an OpenJobRequestApproveModal action, when the approve button is clicked" time="0.287">
    </testcase>
    <testcase classname="Exchange Job Request Info should dispatch a OpenJobRequestDenyModal action, when the deny button is clicked" name="Exchange Job Request Info should dispatch a OpenJobRequestDenyModal action, when the deny button is clicked" time="0.167">
    </testcase>
  </testsuite>
  <testsuite name="apps/admin/app/_data-insights/components/edit-report-modal/edit-report-modal.component.spec.ts" errors="0" failures="0" skipped="0" timestamp="2019-08-05T19:49:54" time="2.443" tests="5">
    <testcase classname="Data Insights Management - Edit Report Modal Component should use the modal service to open the modal when open is called" name="Data Insights Management - Edit Report Modal Component should use the modal service to open the modal when open is called" time="0.271">
    </testcase>
    <testcase classname="Data Insights Management - Edit Report Modal Component should use the modal service to dismiss the modal, when close is called" name="Data Insights Management - Edit Report Modal Component should use the modal service to dismiss the modal, when close is called" time="0.123">
    </testcase>
    <testcase classname="Data Insights Management - Edit Report Modal Component should update form with data from report when updateForm is called" name="Data Insights Management - Edit Report Modal Component should update form with data from report when updateForm is called" time="0.323">
    </testcase>
    <testcase classname="Data Insights Management - Edit Report Modal Component should emit saveClicked when save is called" name="Data Insights Management - Edit Report Modal Component should emit saveClicked when save is called" time="0.251">
    </testcase>
    <testcase classname="Data Insights Management - Edit Report Modal Component should send form data with updated name when report name changed" name="Data Insights Management - Edit Report Modal Component should send form data with updated name when report name changed" time="0.172">
    </testcase>
  </testsuite>
  <testsuite name="apps/job-description-management/app/_job-description/components/modals/job-description-history/job-description-history-modal.component.spec.ts" errors="0" failures="0" skipped="0" timestamp="2019-08-05T19:49:52" time="4.158" tests="3">
    <testcase classname="Job Description Management - Job Description - Job Description Grid should dispatch LoadJobDescriptionHistoryListItems event and open modal, when calling open" name="Job Description Management - Job Description - Job Description Grid should dispatch LoadJobDescriptionHistoryListItems event and open modal, when calling open" time="0.54">
    </testcase>
    <testcase classname="Job Description Management - Job Description - Job Description Grid should go to current JD version for historyListItemClicked when historyListItem is the 1st item in jobDescriptionHistoryListItems" name="Job Description Management - Job Description - Job Description Grid should go to current JD version for historyListItemClicked when historyListItem is the 1st item in jobDescriptionHistoryListItems" time="1.81">
    </testcase>
    <testcase classname="Job Description Management - Job Description - Job Description Grid should go to specific JD version for historyListItemClicked when historyListItem is &gt; 1st item in jobDescriptionHistoryListItems" name="Job Description Management - Job Description - Job Description Grid should go to specific JD version for historyListItemClicked when historyListItem is &gt; 1st item in jobDescriptionHistoryListItems" time="0.306">
    </testcase>
  </testsuite>
  <testsuite name="apps/auth/app/_registration/containers/pages/validate-registration/validate-registration.page.spec.ts" errors="0" failures="0" skipped="0" timestamp="2019-08-05T19:49:50" time="6.929" tests="21">
    <testcase classname="ValidateRegistrationPage should show the loading message when the page is loading" name="ValidateRegistrationPage should show the loading message when the page is loading" time="0.855">
    </testcase>
    <testcase classname="ValidateRegistrationPage should show an error message when page is loaded if the token is invalid" name="ValidateRegistrationPage should show an error message when page is loaded if the token is invalid" time="0.339">
    </testcase>
    <testcase classname="ValidateRegistrationPage should show an error message when page is loaded if the token is expired" name="ValidateRegistrationPage should show an error message when page is loaded if the token is expired" time="0.316">
    </testcase>
    <testcase classname="ValidateRegistrationPage should show an error message when page is loaded if the account exists" name="ValidateRegistrationPage should show an error message when page is loaded if the account exists" time="0.306">
    </testcase>
    <testcase classname="ValidateRegistrationPage should show an error message when page is loaded if the company exists and is Enterprise" name="ValidateRegistrationPage should show an error message when page is loaded if the company exists and is Enterprise" time="0.2">
    </testcase>
    <testcase classname="ValidateRegistrationPage should show an error message when page is loaded if the company exists and is Small Business" name="ValidateRegistrationPage should show an error message when page is loaded if the company exists and is Small Business" time="0.313">
    </testcase>
    <testcase classname="ValidateRegistrationPage should should allow choosing password when page is loaded successfully" name="ValidateRegistrationPage should should allow choosing password when page is loaded successfully" time="0.346">
    </testcase>
    <testcase classname="ValidateRegistrationPage should dispatch an action to validate the token" name="ValidateRegistrationPage should dispatch an action to validate the token" time="0.14">
    </testcase>
    <testcase classname="ValidateRegistrationPage should show the spinner when resending token" name="ValidateRegistrationPage should show the spinner when resending token" time="0.142">
    </testcase>
    <testcase classname="ValidateRegistrationPage should show a message after resending successfully" name="ValidateRegistrationPage should show a message after resending successfully" time="0.236">
    </testcase>
    <testcase classname="ValidateRegistrationPage should show an error message after resending error" name="ValidateRegistrationPage should show an error message after resending error" time="0.24">
    </testcase>
    <testcase classname="ValidateRegistrationPage should dispatch the right action when the resend button is clicked" name="ValidateRegistrationPage should dispatch the right action when the resend button is clicked" time="0.189">
    </testcase>
    <testcase classname="ValidateRegistrationPage should disable Submit password button when password is not valid" name="ValidateRegistrationPage should disable Submit password button when password is not valid" time="0.343">
    </testcase>
    <testcase classname="ValidateRegistrationPage should enable Submit password button when password is valid" name="ValidateRegistrationPage should enable Submit password button when password is valid" time="0.171">
    </testcase>
    <testcase classname="ValidateRegistrationPage should disable the submit button when updatePassword is clicked" name="ValidateRegistrationPage should disable the submit button when updatePassword is clicked" time="0.165">
    </testcase>
    <testcase classname="ValidateRegistrationPage should not show the submit spinner when the form is not submitting" name="ValidateRegistrationPage should not show the submit spinner when the form is not submitting" time="0.115">
    </testcase>
    <testcase classname="ValidateRegistrationPage should show the submit spinner when the form is submitting" name="ValidateRegistrationPage should show the submit spinner when the form is submitting" time="0.183">
    </testcase>
    <testcase classname="ValidateRegistrationPage should fade the form when the form is submitting" name="ValidateRegistrationPage should fade the form when the form is submitting" time="0.21">
    </testcase>
    <testcase classname="ValidateRegistrationPage should hide the error message when there is no submit error" name="ValidateRegistrationPage should hide the error message when there is no submit error" time="0.183">
    </testcase>
    <testcase classname="ValidateRegistrationPage should show the error message when there is a submit error" name="ValidateRegistrationPage should show the error message when there is a submit error" time="0.182">
    </testcase>
    <testcase classname="ValidateRegistrationPage should dispatch the right action when the submit button is clicked" name="ValidateRegistrationPage should dispatch the right action when the submit button is clicked" time="0.092">
    </testcase>
  </testsuite>
  <testsuite name="apps/admin/app/_peer/components/editable-tag-category-display-name/editable-tag-category-display-name.component.spec.ts" errors="0" failures="0" skipped="0" timestamp="2019-08-05T19:49:54" time="2.236" tests="2">
    <testcase classname="Admin - Peer - Editable Tag Category Display Name should match snapshot" name="Admin - Peer - Editable Tag Category Display Name should match snapshot" time="0.31">
    </testcase>
    <testcase classname="Admin - Peer - Editable Tag Category Display Name should show edit form when toggleEdit is triggered" name="Admin - Peer - Editable Tag Category Display Name should show edit form when toggleEdit is triggered" time="0.157">
    </testcase>
  </testsuite>
  <testsuite name="apps/job-description-management/app/_job-description/components/modals/add-job/add-job-modal.component.spec.ts" errors="0" failures="0" skipped="0" timestamp="2019-08-05T19:49:53" time="4.166" tests="4">
    <testcase classname="Job Description Management - Job Description - Add Job Modal should dispatch SetDuplicateCompanyJobMessage, when calling handleJobCodeChanged" name="Job Description Management - Job Description - Add Job Modal should dispatch SetDuplicateCompanyJobMessage, when calling handleJobCodeChanged" time="0.616">
    </testcase>
    <testcase classname="Job Description Management - Job Description - Add Job Modal should set addAndAssign to false, when calling handleTemplateChanged with value equal to -1" name="Job Description Management - Job Description - Add Job Modal should set addAndAssign to false, when calling handleTemplateChanged with value equal to -1" time="1.85">
    </testcase>
    <testcase classname="Job Description Management - Job Description - Add Job Modal should set addAndAssign to true, when calling handleTemplateChanged with value greater than -1" name="Job Description Management - Job Description - Add Job Modal should set addAndAssign to true, when calling handleTemplateChanged with value greater than -1" time="0.198">
    </testcase>
    <testcase classname="Job Description Management - Job Description - Add Job Modal should reset variables, dispatch LoadTemplateList &amp; SetDuplicateCompanyJobMessage and open modal, when calling open" name="Job Description Management - Job Description - Add Job Modal should reset variables, dispatch LoadTemplateList &amp; SetDuplicateCompanyJobMessage and open modal, when calling open" time="0.3">
    </testcase>
  </testsuite>
  <testsuite name="apps/project/app/_add-data/containers/pages/add-survey-data/add-survey-data.page.spec.ts" errors="0" failures="0" skipped="0" timestamp="2019-08-05T19:49:55" time="2.587" tests="3">
    <testcase classname="Project - Add Data - Surveys Page should dispatch a close survey search action, when handling cancel clicked" name="Project - Add Data - Surveys Page should dispatch a close survey search action, when handling cancel clicked" time="0.226">
    </testcase>
    <testcase classname="Project - Add Data - Surveys Page should do nothing, when receiving message with no data" name="Project - Add Data - Surveys Page should do nothing, when receiving message with no data" time="0.186">
    </testcase>
    <testcase classname="Project - Add Data - Surveys Page should do nothing, when receiving message with non payfactors data" name="Project - Add Data - Surveys Page should do nothing, when receiving message with non payfactors data" time="0.136">
    </testcase>
  </testsuite>
  <testsuite name="apps/peer/app/_manage/components/apply-mapping-button/apply-mapping-button.component.spec.ts" errors="0" failures="0" skipped="0" timestamp="2019-08-05T19:49:57" time="1.842" tests="6">
    <testcase classname="Peer - Apply Mapping Button should show an apply mapping button, when using the defaults" name="Peer - Apply Mapping Button should show an apply mapping button, when using the defaults" time="0.174">
    </testcase>
    <testcase classname="Peer - Apply Mapping Button should show an apply mapping button with a .btn-primary class, when it is the selected mapping" name="Peer - Apply Mapping Button should show an apply mapping button with a .btn-primary class, when it is the selected mapping" time="0.1">
    </testcase>
    <testcase classname="Peer - Apply Mapping Button should show an applying mapping... button with a loading indicator,
      when it is the selected mapping and we are applying the mapping" name="Peer - Apply Mapping Button should show an applying mapping... button with a loading indicator,
      when it is the selected mapping and we are applying the mapping" time="0.113">
    </testcase>
    <testcase classname="Peer - Apply Mapping Button should show a disabled Mapped button, when mapped is true" name="Peer - Apply Mapping Button should show a disabled Mapped button, when mapped is true" time="0.051">
    </testcase>
    <testcase classname="Peer - Apply Mapping Button should show an error message under a Retry button, when an error has occurred and it is the selected mapping" name="Peer - Apply Mapping Button should show an error message under a Retry button, when an error has occurred and it is the selected mapping" time="0.064">
    </testcase>
    <testcase classname="Peer - Apply Mapping Button should emit an applyMapping event, when clicking a apply mapping button" name="Peer - Apply Mapping Button should emit an applyMapping event, when clicking a apply mapping button" time="0.053">
    </testcase>
  </testsuite>
  <testsuite name="apps/admin/app/_company-admin/containers/user-role-users-tab/user-role-users-tab.component.spec.ts" errors="0" failures="0" skipped="0" timestamp="2019-08-05T19:49:57" time="2.12" tests="3">
    <testcase classname="UserRoleUserTabComponent Page load" name="UserRoleUserTabComponent Page load" time="0.415">
    </testcase>
    <testcase classname="UserRoleUserTabComponent Update search and dispatch update action" name="UserRoleUserTabComponent Update search and dispatch update action" time="0.155">
    </testcase>
    <testcase classname="UserRoleUserTabComponent Add a user to the current role" name="UserRoleUserTabComponent Add a user to the current role" time="0.25">
    </testcase>
  </testsuite>
  <testsuite name="apps/pf-admin/app/_utilities/components/match-results/match-results.component.spec.ts" errors="0" failures="0" skipped="0" timestamp="2019-08-05T19:49:52" time="6.904" tests="11">
    <testcase classname="Pf-Admin - Utilities - Match Results Should emit that a filter was clicked with the type, when handling a filter click" name="Pf-Admin - Utilities - Match Results Should emit that a filter was clicked with the type, when handling a filter click" time="0.367">
    </testcase>
    <testcase classname="Pf-Admin - Utilities - Match Results Should emit that a match result was selected with the value, when handling a match result being clicked" name="Pf-Admin - Utilities - Match Results Should emit that a match result was selected with the value, when handling a match result being clicked" time="0.159">
    </testcase>
    <testcase classname="Pf-Admin - Utilities - Match Results Should track match results by the match result Id" name="Pf-Admin - Utilities - Match Results Should track match results by the match result Id" time="0.168">
    </testcase>
    <testcase classname="Pf-Admin - Utilities - Match Results Should emit that a apply exact match was clicked with the value, when handling a apply exact match being clicked" name="Pf-Admin - Utilities - Match Results Should emit that a apply exact match was clicked with the value, when handling a apply exact match being clicked" time="0.149">
    </testcase>
    <testcase classname="Pf-Admin - Utilities - Match Results Should stop propagation on the mouse event, when handling a apply exact match being clicked" name="Pf-Admin - Utilities - Match Results Should stop propagation on the mouse event, when handling a apply exact match being clicked" time="0.096">
    </testcase>
    <testcase classname="Pf-Admin - Utilities - Match Results Should return 0 for the match count when we have no match results" name="Pf-Admin - Utilities - Match Results Should return 0 for the match count when we have no match results" time="0.056">
    </testcase>
    <testcase classname="Pf-Admin - Utilities - Match Results Should return 0 for the exact match count when we have no match results" name="Pf-Admin - Utilities - Match Results Should return 0 for the exact match count when we have no match results" time="0.136">
    </testcase>
    <testcase classname="Pf-Admin - Utilities - Match Results Should return 0 for the non match count when we have no match results" name="Pf-Admin - Utilities - Match Results Should return 0 for the non match count when we have no match results" time="0.119">
    </testcase>
    <testcase classname="Pf-Admin - Utilities - Match Results Should return the length of the match results for the match count" name="Pf-Admin - Utilities - Match Results Should return the length of the match results for the match count" time="0.136">
    </testcase>
    <testcase classname="Pf-Admin - Utilities - Match Results Should return the exact match count, when we have match results" name="Pf-Admin - Utilities - Match Results Should return the exact match count, when we have match results" time="0.123">
    </testcase>
    <testcase classname="Pf-Admin - Utilities - Match Results Should return the length of match results minus the exact match count for the non match count" name="Pf-Admin - Utilities - Match Results Should return the length of match results minus the exact match count for the non match count" time="0.16">
    </testcase>
  </testsuite>
  <testsuite name="apps/community/app/_main/containers/community-search-results/community-search-results.component.spec.ts" errors="0" failures="0" skipped="0" timestamp="2019-08-05T19:49:57" time="2.749" tests="6">
    <testcase classname="CommunitySearchResultsComponent should create" name="CommunitySearchResultsComponent should create" time="0.259">
    </testcase>
    <testcase classname="CommunitySearchResultsComponent should dispatch SearchingCommunity when calling executeSearch" name="CommunitySearchResultsComponent should dispatch SearchingCommunity when calling executeSearch" time="0.322">
    </testcase>
    <testcase classname="CommunitySearchResultsComponent should dispatch GettingMoreCommunitySearchResults onScrollDown with more results true and not loading" name="CommunitySearchResultsComponent should dispatch GettingMoreCommunitySearchResults onScrollDown with more results true and not loading" time="0.217">
    </testcase>
    <testcase classname="CommunitySearchResultsComponent should not dispatch GettingMoreCommunitySearchResults if still loading more results" name="CommunitySearchResultsComponent should not dispatch GettingMoreCommunitySearchResults if still loading more results" time="0.216">
    </testcase>
    <testcase classname="CommunitySearchResultsComponent should not dispatch GettingMoreCommunitySearchResults onScrollDown with no more results and not loading" name="CommunitySearchResultsComponent should not dispatch GettingMoreCommunitySearchResults onScrollDown with no more results and not loading" time="0.181">
    </testcase>
    <testcase classname="CommunitySearchResultsComponent should not dispatch GettingMoreCommunitySearchResults onScrollDown without query" name="CommunitySearchResultsComponent should not dispatch GettingMoreCommunitySearchResults onScrollDown without query" time="0.121">
    </testcase>
  </testsuite>
  <testsuite name="apps/admin/app/_peer/containers/pages/manage-exchange/manage-exchange.page.spec.ts" errors="0" failures="0" skipped="0" timestamp="2019-08-05T19:49:57" time="2.584" tests="2">
    <testcase classname="Manage Exchange Page should pass the exchange name to the page title transclusion area" name="Manage Exchange Page should pass the exchange name to the page title transclusion area" time="0.518">
    </testcase>
    <testcase classname="Manage Exchange Page should dispatch a loadExchangeJobs, loadExchangeCompanies, loadExchangeAccessRequests,loadPayfactorsCompanyExchangeInvitations and loadNewCompanyExchangeInvitations action with exchange id on init" name="Manage Exchange Page should dispatch a loadExchangeJobs, loadExchangeCompanies, loadExchangeAccessRequests,loadPayfactorsCompanyExchangeInvitations and loadNewCompanyExchangeInvitations action with exchange id on init" time="0.378">
    </testcase>
  </testsuite>
  <testsuite name="apps/project/app/_add-jobs/components/job-result/job-result.component.spec.ts" errors="0" failures="0" skipped="0" timestamp="2019-08-05T19:49:57" time="2.488" tests="5">
    <testcase classname="Project - Add Jobs - Job Result should emit job selection toggle when clicking on job result" name="Project - Add Jobs - Job Result should emit job selection toggle when clicking on job result" time="0.148">
    </testcase>
    <testcase classname="Project - Add Jobs - Job Result should show the job detail when toggling the detail display" name="Project - Add Jobs - Job Result should show the job detail when toggling the detail display" time="0.194">
    </testcase>
    <testcase classname="Project - Add Jobs - Job Result should show a peer icon, when the jobs is mapped to an exchange" name="Project - Add Jobs - Job Result should show a peer icon, when the jobs is mapped to an exchange" time="0.255">
    </testcase>
    <testcase classname="Project - Add Jobs - Job Result should show the job detail" name="Project - Add Jobs - Job Result should show the job detail" time="0.254">
    </testcase>
    <testcase classname="Project - Add Jobs - Job Result should not show the job category or eeo, when the job is a company job" name="Project - Add Jobs - Job Result should not show the job category or eeo, when the job is a company job" time="0.135">
    </testcase>
  </testsuite>
  <testsuite name="apps/community/app/_main/containers/community-jobs/community-jobs.component.spec.ts" errors="0" failures="0" skipped="0" timestamp="2019-08-05T19:49:56" time="3.464" tests="15">
    <testcase classname="CommunityJobsComponent should show community jobs" name="CommunityJobsComponent should show community jobs" time="0.247">
    </testcase>
    <testcase classname="CommunityJobsComponent should dispatch get GettingMoreCommunityJobs when scroll down and has more results true and not loading" name="CommunityJobsComponent should dispatch get GettingMoreCommunityJobs when scroll down and has more results true and not loading" time="0.134">
    </testcase>
    <testcase classname="CommunityJobsComponent should not dispatch if still loading more results" name="CommunityJobsComponent should not dispatch if still loading more results" time="0.081">
    </testcase>
    <testcase classname="CommunityJobsComponent should not dispatch get GettingMoreCommunityJobs when scroll down and has no more results and not loading" name="CommunityJobsComponent should not dispatch get GettingMoreCommunityJobs when scroll down and has no more results and not loading" time="0.204">
    </testcase>
    <testcase classname="CommunityJobsComponent should call trackByJobId returns job Id" name="CommunityJobsComponent should call trackByJobId returns job Id" time="0.128">
    </testcase>
    <testcase classname="CommunityJobsComponent call setTimer should call set scroller timeout first time through" name="CommunityJobsComponent call setTimer should call set scroller timeout first time through" time="0.176">
    </testcase>
    <testcase classname="CommunityJobsComponent call setTimer should clear scroller timeout if one exists" name="CommunityJobsComponent call setTimer should clear scroller timeout if one exists" time="0.128">
    </testcase>
    <testcase classname="CommunityJobsComponent should dispatch GettingBackToTopCommunityJobs when back to top" name="CommunityJobsComponent should dispatch GettingBackToTopCommunityJobs when back to top" time="0.08">
    </testcase>
    <testcase classname="CommunityJobsComponent call clearTimeout should clear windows timeout" name="CommunityJobsComponent call clearTimeout should clear windows timeout" time="0.088">
    </testcase>
    <testcase classname="CommunityJobsComponent call setScrollTimer should set up window timer" name="CommunityJobsComponent call setScrollTimer should set up window timer" time="0.139">
    </testcase>
    <testcase classname="CommunityJobsComponent user scrolled up (by clicking on scroll bar) check navigation (back to top) button becomes visible" name="CommunityJobsComponent user scrolled up (by clicking on scroll bar) check navigation (back to top) button becomes visible" time="0.108">
    </testcase>
    <testcase classname="CommunityJobsComponent user scrolled up (by clicking back to top button) check the button is no longer visible and back to top reset" name="CommunityJobsComponent user scrolled up (by clicking back to top button) check the button is no longer visible and back to top reset" time="0.15">
    </testcase>
    <testcase classname="CommunityJobsComponent onScroll user scrolls down timer is set" name="CommunityJobsComponent onScroll user scrolls down timer is set" time="0.103">
    </testcase>
    <testcase classname="CommunityJobsComponent call setScrollDirection direction returns down" name="CommunityJobsComponent call setScrollDirection direction returns down" time="0.142">
    </testcase>
    <testcase classname="CommunityJobsComponent call setScrollDirection direction returns up" name="CommunityJobsComponent call setScrollDirection direction returns up" time="0.177">
    </testcase>
  </testsuite>
  <testsuite name="apps/peer/app/_dashboard/containers/access-modal/access-modal.component.spec.ts" errors="0" failures="0" skipped="0" timestamp="2019-08-05T19:49:57" time="3.366" tests="7">
    <testcase classname="Peer - Exchange Request - Access Modal should dispatch a LoadCandidates action of type Access when handleReloadCardsEvent is triggered" name="Peer - Exchange Request - Access Modal should dispatch a LoadCandidates action of type Access when handleReloadCardsEvent is triggered" time="0.39">
    </testcase>
    <testcase classname="Peer - Exchange Request - Access Modal should dispatch an UpdateFilterOptions action of type Access when
      handleSelectedCompanyChangeEvent is triggered" name="Peer - Exchange Request - Access Modal should dispatch an UpdateFilterOptions action of type Access when
      handleSelectedCompanyChangeEvent is triggered" time="0.296">
    </testcase>
    <testcase classname="Peer - Exchange Request - Access Modal should reset the reasonControl when handleCardSelectionEvent is triggered" name="Peer - Exchange Request - Access Modal should reset the reasonControl when handleCardSelectionEvent is triggered" time="0.217">
    </testcase>
    <testcase classname="Peer - Exchange Request - Access Modal should dispatch an UpdateSearchTerm action when updateSearchFilter is triggered" name="Peer - Exchange Request - Access Modal should dispatch an UpdateSearchTerm action when updateSearchFilter is triggered" time="0.34">
    </testcase>
    <testcase classname="Peer - Exchange Request - Access Modal should dispatch a CreateExchangeRequest action when handleFormSubmit is triggered" name="Peer - Exchange Request - Access Modal should dispatch a CreateExchangeRequest action when handleFormSubmit is triggered" time="0.316">
    </testcase>
    <testcase classname="Peer - Exchange Request - Access Modal should dispatch a CloseExchangeRequestModal action of type Access on modal dismissed" name="Peer - Exchange Request - Access Modal should dispatch a CloseExchangeRequestModal action of type Access on modal dismissed" time="0.26">
    </testcase>
    <testcase classname="Peer - Exchange Request - Access Modal should provide correct values to the pf-modal-form component" name="Peer - Exchange Request - Access Modal should provide correct values to the pf-modal-form component" time="0.178">
    </testcase>
  </testsuite>
  <testsuite name="apps/admin/app/_org-data-loader/containers/email-recipients/email-recipients.component.spec.ts" errors="0" failures="0" skipped="0" timestamp="2019-08-05T19:49:59" time="1.597" tests="3">
    <testcase classname="EmailRecipientsComponent should create" name="EmailRecipientsComponent should create" time="0.259">
    </testcase>
    <testcase classname="EmailRecipientsComponent should dispatch a SavingEmailRecipientAction when a recipient has been selected" name="EmailRecipientsComponent should dispatch a SavingEmailRecipientAction when a recipient has been selected" time="0.119">
    </testcase>
    <testcase classname="EmailRecipientsComponent should dispatch a RemovingEmailRecipientAction when the user clicks on the remove button" name="EmailRecipientsComponent should dispatch a RemovingEmailRecipientAction when the user clicks on the remove button" time="0.155">
    </testcase>
  </testsuite>
  <testsuite name="libs/ui/common/content/cards/card/card.component.spec.ts" errors="0" failures="0" skipped="0" timestamp="2019-08-05T19:50:00" time="1.529" tests="6">
    <testcase classname="UI/Common/Content - Card should have .selected class when the selectedCardIdentifier matches the cards identifier" name="UI/Common/Content - Card should have .selected class when the selectedCardIdentifier matches the cards identifier" time="0.165">
    </testcase>
    <testcase classname="UI/Common/Content - Card should show cardBodyTemplate template, with context, inside the card div" name="UI/Common/Content - Card should show cardBodyTemplate template, with context, inside the card div" time="0.151">
    </testcase>
    <testcase classname="UI/Common/Content - Card should have the .disabled class when the card matches the cardIsDisabled expression" name="UI/Common/Content - Card should have the .disabled class when the card matches the cardIsDisabled expression" time="0.107">
    </testcase>
    <testcase classname="UI/Common/Content - Card should not emit selected event when isDisabled" name="UI/Common/Content - Card should not emit selected event when isDisabled" time="0.118">
    </testcase>
    <testcase classname="UI/Common/Content - Card should emit selected event with null when isSelected and not disabled" name="UI/Common/Content - Card should emit selected event with null when isSelected and not disabled" time="0.054">
    </testcase>
    <testcase classname="UI/Common/Content - Card should emit selected event with a new cardSelection when not selected and not disabled" name="UI/Common/Content - Card should emit selected event with a new cardSelection when not selected and not disabled" time="0.055">
    </testcase>
  </testsuite>
  <testsuite name="libs/features/peer/job-association/components/associated-company-jobs/associated-company-jobs.component.spec.ts" errors="0" failures="0" skipped="0" timestamp="2019-08-05T19:49:57" time="4.095" tests="8">
    <testcase classname="AssociatedCompanyJobsComponent should create" name="AssociatedCompanyJobsComponent should create" time="0.371">
    </testcase>
    <testcase classname="AssociatedCompanyJobsComponent should display company jobs" name="AssociatedCompanyJobsComponent should display company jobs" time="0.303">
    </testcase>
    <testcase classname="AssociatedCompanyJobsComponent handleRemoveNewAssociate triggers removeNewAssociation output" name="AssociatedCompanyJobsComponent handleRemoveNewAssociate triggers removeNewAssociation output" time="0.264">
    </testcase>
    <testcase classname="AssociatedCompanyJobsComponent should show jobs after loading successfully" name="AssociatedCompanyJobsComponent should show jobs after loading successfully" time="0.265">
    </testcase>
    <testcase classname="AssociatedCompanyJobsComponent should show No Associations instead of the table if there are no jobs" name="AssociatedCompanyJobsComponent should show No Associations instead of the table if there are no jobs" time="0.206">
    </testcase>
    <testcase classname="AssociatedCompanyJobsComponent should render the table if there are only company jobs" name="AssociatedCompanyJobsComponent should render the table if there are only company jobs" time="0.123">
    </testcase>
    <testcase classname="AssociatedCompanyJobsComponent should render the table if there are only previous associations" name="AssociatedCompanyJobsComponent should render the table if there are only previous associations" time="0.129">
    </testcase>
    <testcase classname="AssociatedCompanyJobsComponent should render different messaging if there was an error" name="AssociatedCompanyJobsComponent should render different messaging if there was an error" time="0.16">
    </testcase>
  </testsuite>
  <testsuite name="libs/features/peer/job-association/containers/job-association-modal/job-association-modal.spec.ts" errors="0" failures="0" skipped="0" timestamp="2019-08-05T19:49:56" time="5.413" tests="7">
    <testcase classname="JobAssociationModalComponent should create" name="JobAssociationModalComponent should create" time="0.196">
    </testcase>
    <testcase classname="JobAssociationModalComponent should return isSaveButtonEnabled as true if there are job associations and no removals" name="JobAssociationModalComponent should return isSaveButtonEnabled as true if there are job associations and no removals" time="1.434">
    </testcase>
    <testcase classname="JobAssociationModalComponent should return isSaveButtonEnabled as true if there are removals and no associations" name="JobAssociationModalComponent should return isSaveButtonEnabled as true if there are removals and no associations" time="0.232">
    </testcase>
    <testcase classname="JobAssociationModalComponent should disable the save button if there are no saveable changes" name="JobAssociationModalComponent should disable the save button if there are no saveable changes" time="0.225">
    </testcase>
    <testcase classname="JobAssociationModalComponent should enable the save button if there are saveable changes" name="JobAssociationModalComponent should enable the save button if there are saveable changes" time="0.363">
    </testcase>
    <testcase classname="JobAssociationModalComponent should dispatch an event to open the warning dialog when cancel is clicked while there are saveable changes" name="JobAssociationModalComponent should dispatch an event to open the warning dialog when cancel is clicked while there are saveable changes" time="0.829">
    </testcase>
    <testcase classname="JobAssociationModalComponent should dispatch an event to close the modal when cancel is clicked and there are no saveable changes" name="JobAssociationModalComponent should dispatch an event to close the modal when cancel is clicked and there are no saveable changes" time="0.981">
    </testcase>
  </testsuite>
  <testsuite name="apps/job-description-management/app/_job-description/components/job-information-fields/job-information-fields.component.spec.ts" errors="0" failures="0" skipped="0" timestamp="2019-08-05T19:50:00" time="3.17" tests="2">
    <testcase classname="Job Description Management - Job Description - Job Description Grid should check all fields, when calling toggleAllJobInformationFields &amp; allJobInformationFieldsSelected is false" name="Job Description Management - Job Description - Job Description Grid should check all fields, when calling toggleAllJobInformationFields &amp; allJobInformationFieldsSelected is false" time="0.268">
    </testcase>
    <testcase classname="Job Description Management - Job Description - Job Description Grid should uncheck all non-required fields, when calling toggleAllJobInformationFields &amp; allJobInformationFieldsSelected is true" name="Job Description Management - Job Description - Job Description Grid should uncheck all non-required fields, when calling toggleAllJobInformationFields &amp; allJobInformationFieldsSelected is true" time="1.819">
    </testcase>
  </testsuite>
  <testsuite name="apps/admin/app/_peer/containers/exchange-access-requests/exchange-access-requests.component.spec.ts" errors="0" failures="0" skipped="0" timestamp="2019-08-05T19:50:01" time="2.545" tests="4">
    <testcase classname="Exchange Access Requests should match snapshot" name="Exchange Access Requests should match snapshot" time="0.331">
    </testcase>
    <testcase classname="Exchange Access Requests should dispatch a LoadingExchangeAccessRequests action when handleExchangeAccessRequestsGridReload is called" name="Exchange Access Requests should dispatch a LoadingExchangeAccessRequests action when handleExchangeAccessRequestsGridReload is called" time="0.293">
    </testcase>
    <testcase classname="Exchange Access Requests should set collapse, selectedAccessRequest, and pageRowIndex correctly in the component when a cell is clicked" name="Exchange Access Requests should set collapse, selectedAccessRequest, and pageRowIndex correctly in the component when a cell is clicked" time="0.238">
    </testcase>
    <testcase classname="Exchange Access Requests should set collapse to false and pageRowIndex to null after the exchange access request info is closed" name="Exchange Access Requests should set collapse to false and pageRowIndex to null after the exchange access request info is closed" time="0.145">
    </testcase>
  </testsuite>
  <testsuite name="apps/admin/app/_tickets/containers/ticket-value-picker/ticket-value-picker.component.spec.ts" errors="0" failures="0" skipped="0" timestamp="2019-08-05T19:50:00" time="3.834" tests="2">
    <testcase classname="Admin - Tickets - Ticket Value Picker should dispatch update ticket action when a field value is changed" name="Admin - Tickets - Ticket Value Picker should dispatch update ticket action when a field value is changed" time="0.695">
    </testcase>
    <testcase classname="Admin - Tickets - Ticket Value Picker should not dispatch update ticket action if picker type doesnt exist" name="Admin - Tickets - Ticket Value Picker should not dispatch update ticket action if picker type doesnt exist" time="0.401">
    </testcase>
  </testsuite>
  <testsuite name="apps/project/app/_add-jobs/containers/pages/create-new-job/create-new-job.page.spec.ts" errors="0" failures="0" skipped="0" timestamp="2019-08-05T19:50:00" time="4.435" tests="5">
    <testcase classname="Project - Add Jobs - Create New Job Page should dispatch an action to close the search page, when handling cancel being clicked" name="Project - Add Jobs - Create New Job Page should dispatch an action to close the search page, when handling cancel being clicked" time="0.621">
    </testcase>
    <testcase classname="Project - Add Jobs - Create New Job Page should go back to the previous location, when handling back to search clicked" name="Project - Add Jobs - Create New Job Page should go back to the previous location, when handling back to search clicked" time="0.316">
    </testcase>
    <testcase classname="Project - Add Jobs - Create New Job Page should dispatch an action to clear the job code exists error, when handling job code changed, and there is an error message showing" name="Project - Add Jobs - Create New Job Page should dispatch an action to clear the job code exists error, when handling job code changed, and there is an error message showing" time="0.325">
    </testcase>
    <testcase classname="Project - Add Jobs - Create New Job Page should NOT dispatch an action to clear the job code exists error, when handling job code changed, and there is no error message showing" name="Project - Add Jobs - Create New Job Page should NOT dispatch an action to clear the job code exists error, when handling job code changed, and there is no error message showing" time="0.244">
    </testcase>
    <testcase classname="Project - Add Jobs - Create New Job Page should dispatch an action to create a job with form data, when handling create clicked" name="Project - Add Jobs - Create New Job Page should dispatch an action to create a job with form data, when handling create clicked" time="0.286">
    </testcase>
  </testsuite>
  <testsuite name="apps/peer/app/_manage/containers/request-job/request-job-modal/request-job-modal.component.spec.ts" errors="0" failures="0" skipped="0" timestamp="2019-08-05T19:50:00" time="4.652" tests="12">
    <testcase classname="Peer - Manage - Request Job Modal should set exchange on init" name="Peer - Manage - Request Job Modal should set exchange on init" time="0.498">
    </testcase>
    <testcase classname="Peer - Manage - Request Job Modal should render job selection form component and a &apos;New Job&apos; link when newFormEnabled is false" name="Peer - Manage - Request Job Modal should render job selection form component and a &apos;New Job&apos; link when newFormEnabled is false" time="0.269">
    </testcase>
    <testcase classname="Peer - Manage - Request Job Modal should render new job form component and an &apos;Existing Jobs&apos; link when newFormEnabled is true" name="Peer - Manage - Request Job Modal should render new job form component and an &apos;Existing Jobs&apos; link when newFormEnabled is true" time="0.223">
    </testcase>
    <testcase classname="Peer - Manage - Request Job Modal should dispatch a CreateExchangeRequest action of type PayfactorsJob with an
  ExchangeRequestModel of type NewJob when newJobFormEnabled is true and handleFormSubmit is called" name="Peer - Manage - Request Job Modal should dispatch a CreateExchangeRequest action of type PayfactorsJob with an
  ExchangeRequestModel of type NewJob when newJobFormEnabled is true and handleFormSubmit is called" time="0.154">
    </testcase>
    <testcase classname="Peer - Manage - Request Job Modal should dispatch a CreateExchangeRequest action of type PayfactorsJob with an
  ExchangeRequestModel of type PayfactorsJob when newJobFormEnabled is false and handleFormSubmit is called" name="Peer - Manage - Request Job Modal should dispatch a CreateExchangeRequest action of type PayfactorsJob with an
  ExchangeRequestModel of type PayfactorsJob when newJobFormEnabled is false and handleFormSubmit is called" time="0.121">
    </testcase>
    <testcase classname="Peer - Manage - Request Job Modal should dispatch CloseExchangeRequestModal action of type PayfactorsJob and set newFormEnabled to false
  when handleModalDismissed is called" name="Peer - Manage - Request Job Modal should dispatch CloseExchangeRequestModal action of type PayfactorsJob and set newFormEnabled to false
  when handleModalDismissed is called" time="0.122">
    </testcase>
    <testcase classname="Peer - Manage - Request Job Modal should dispatch ResetExchangeRequest action of type PayfactorsJob when newJobFormEnabled is toggled off" name="Peer - Manage - Request Job Modal should dispatch ResetExchangeRequest action of type PayfactorsJob when newJobFormEnabled is toggled off" time="0.183">
    </testcase>
    <testcase classname="Peer - Manage - Request Job Modal should not dispatch ResetExchangeRequest action of type PayfactorsJob when newJobFormEnabled is toggled on" name="Peer - Manage - Request Job Modal should not dispatch ResetExchangeRequest action of type PayfactorsJob when newJobFormEnabled is toggled on" time="0.297">
    </testcase>
    <testcase classname="Peer - Manage - Request Job Modal should clear the newJobForm when newJobFormEnabled is toggled off" name="Peer - Manage - Request Job Modal should clear the newJobForm when newJobFormEnabled is toggled off" time="0.338">
    </testcase>
    <testcase classname="Peer - Manage - Request Job Modal should clear the jobSelectionForm when newJobFormEnabled is toggled on" name="Peer - Manage - Request Job Modal should clear the jobSelectionForm when newJobFormEnabled is toggled on" time="0.064">
    </testcase>
    <testcase classname="Peer - Manage - Request Job Modal should clear the childFormGroup from the exchangeJobRequestForm after form submits" name="Peer - Manage - Request Job Modal should clear the childFormGroup from the exchangeJobRequestForm after form submits" time="0.113">
    </testcase>
    <testcase classname="Peer - Manage - Request Job Modal should have the exchange name in the modalSubtitle" name="Peer - Manage - Request Job Modal should have the exchange name in the modalSubtitle" time="0.129">
    </testcase>
  </testsuite>
  <testsuite name="apps/admin/app/_peer/containers/new-company-exchange-invitations/new-company-exchange-invitations.component.spec.ts" errors="0" failures="0" skipped="0" timestamp="2019-08-05T19:50:00" time="4.912" tests="4">
    <testcase classname="New Company Exchange Invitations should match snapshot" name="New Company Exchange Invitations should match snapshot" time="0.638">
    </testcase>
    <testcase classname="New Company Exchange Invitations should dispatch a LoadNewCompanyExchangeInvitations action when handleNewCompanyExchangeInvitationsGridReload is called" name="New Company Exchange Invitations should dispatch a LoadNewCompanyExchangeInvitations action when handleNewCompanyExchangeInvitationsGridReload is called" time="0.235">
    </testcase>
    <testcase classname="New Company Exchange Invitations should dispatch an OpenCompanyInvitationInfo action when a cell is clicked" name="New Company Exchange Invitations should dispatch an OpenCompanyInvitationInfo action when a cell is clicked" time="2.74">
    </testcase>
    <testcase classname="New Company Exchange Invitations should dispatch a CloseCompanyInvitationInfo action when the company invitation info is closed" name="New Company Exchange Invitations should dispatch a CloseCompanyInvitationInfo action when the company invitation info is closed" time="0.084">
    </testcase>
  </testsuite>
  <testsuite name="apps/peer/app/_manage/containers/exchange-job-mapping-grid/exchange-job-mapping-grid.component.spec.ts" errors="0" failures="0" skipped="0" timestamp="2019-08-05T19:50:01" time="4.27" tests="8">
    <testcase classname="Peer - Exchange Job Mapping Grid should call loadExchangeJobMappings with the exchangeId when the component is initialized" name="Peer - Exchange Job Mapping Grid should call loadExchangeJobMappings with the exchangeId when the component is initialized" time="0.487">
    </testcase>
    <testcase classname="Peer - Exchange Job Mapping Grid should dispatch a page change grid action when handlePageChanged is called" name="Peer - Exchange Job Mapping Grid should dispatch a page change grid action when handlePageChanged is called" time="0.339">
    </testcase>
    <testcase classname="Peer - Exchange Job Mapping Grid should call loadExchangeJobMappings with the exchangeId when handlePageChanged is called" name="Peer - Exchange Job Mapping Grid should call loadExchangeJobMappings with the exchangeId when handlePageChanged is called" time="0.248">
    </testcase>
    <testcase classname="Peer - Exchange Job Mapping Grid should dispatch a sort change grid action when handleSortChanged is called" name="Peer - Exchange Job Mapping Grid should dispatch a sort change grid action when handleSortChanged is called" time="0.123">
    </testcase>
    <testcase classname="Peer - Exchange Job Mapping Grid should call loadExchangeJobMappings with the exchangeId when handleSortChanged is called" name="Peer - Exchange Job Mapping Grid should call loadExchangeJobMappings with the exchangeId when handleSortChanged is called" time="0.149">
    </testcase>
    <testcase classname="Peer - Exchange Job Mapping Grid should dispatch a SetActiveExchangeJob action with the dataItem received, when handling a cell click" name="Peer - Exchange Job Mapping Grid should dispatch a SetActiveExchangeJob action with the dataItem received, when handling a cell click" time="0.122">
    </testcase>
    <testcase classname="Peer - Exchange Job Mapping Grid should not dispatch a SetActiveExchangeJob action when the dataItem received is a PendingRequest,
  when handling a cell click" name="Peer - Exchange Job Mapping Grid should not dispatch a SetActiveExchangeJob action when the dataItem received is a PendingRequest,
  when handling a cell click" time="0.562">
    </testcase>
    <testcase classname="Peer - Exchange Job Mapping Grid should dispatch a UpdatePageRowIndexToScrollTo action with the pageRowIndex (rowIndex - skip), when handling a cell click" name="Peer - Exchange Job Mapping Grid should dispatch a UpdatePageRowIndexToScrollTo action with the pageRowIndex (rowIndex - skip), when handling a cell click" time="0.251">
    </testcase>
  </testsuite>
  <testsuite name="libs/ui/common/content/multi-select/multi-select.component.spec.ts" errors="0" failures="0" skipped="0" timestamp="2019-08-05T19:50:01" time="4.681" tests="10">
    <testcase classname="UI/Common/Content - Multi Select should create" name="UI/Common/Content - Multi Select should create" time="0.632">
    </testcase>
    <testcase classname="UI/Common/Content - Multi Select should hide checkbox panel when not expanded" name="UI/Common/Content - Multi Select should hide checkbox panel when not expanded" time="0.297">
    </testcase>
    <testcase classname="UI/Common/Content - Multi Select should show the checkbox panel when expanded" name="UI/Common/Content - Multi Select should show the checkbox panel when expanded" time="0.447">
    </testcase>
    <testcase classname="UI/Common/Content - Multi Select should hide the loading indicator when not loading" name="UI/Common/Content - Multi Select should hide the loading indicator when not loading" time="0.303">
    </testcase>
    <testcase classname="UI/Common/Content - Multi Select should show the loading indicator when loading" name="UI/Common/Content - Multi Select should show the loading indicator when loading" time="0.12">
    </testcase>
    <testcase classname="UI/Common/Content - Multi Select should render the correct primary label text" name="UI/Common/Content - Multi Select should render the correct primary label text" time="0.139">
    </testcase>
    <testcase classname="UI/Common/Content - Multi Select should render its options when expanded" name="UI/Common/Content - Multi Select should render its options when expanded" time="0.472">
    </testcase>
    <testcase classname="UI/Common/Content - Multi Select should emit when the select facade is clicked" name="UI/Common/Content - Multi Select should emit when the select facade is clicked" time="0.54">
    </testcase>
    <testcase classname="UI/Common/Content - Multi Select should emit when the clear selections button is clicked" name="UI/Common/Content - Multi Select should emit when the clear selections button is clicked" time="0.391">
    </testcase>
    <testcase classname="UI/Common/Content - Multi Select should emit with the right object when a checkbox form value is changed" name="UI/Common/Content - Multi Select should emit with the right object when a checkbox form value is changed" time="0.209">
    </testcase>
  </testsuite>
  <testsuite name="libs/ui/layout-wrapper/containers/left-sidebar/left-sidebar.component.spec.ts" errors="0" failures="0" skipped="0" timestamp="2019-08-05T19:50:01" time="5.215" tests="5">
    <testcase classname="Left Sidebar should dispatch a GetLeftSidebarNavigationLinks action upon Init" name="Left Sidebar should dispatch a GetLeftSidebarNavigationLinks action upon Init" time="0.381">
    </testcase>
    <testcase classname="Left Sidebar should dispatch a GetLeftSidebarNavigationLinks action upon reload" name="Left Sidebar should dispatch a GetLeftSidebarNavigationLinks action upon reload" time="0.118">
    </testcase>
    <testcase classname="Left Sidebar it should contain url from sidebar link " name="Left Sidebar it should contain url from sidebar link " time="2.478">
    </testcase>
    <testcase classname="Left Sidebar should show ul of sidebar closed" name="Left Sidebar should show ul of sidebar closed" time="0.207">
    </testcase>
    <testcase classname="Left Sidebar should show ul of sidebar open" name="Left Sidebar should show ul of sidebar open" time="0.101">
    </testcase>
  </testsuite>
  <testsuite name="libs/features/smallbiz/job-limit-counter/job-limit-counter.component.spec.ts" errors="0" failures="0" skipped="0" timestamp="2019-08-05T19:50:04" time="2.415" tests="4">
    <testcase classname="Project - Add Jobs - Job Counter should show the job count and progress bar should be green when job count is under the warning threshold" name="Project - Add Jobs - Job Counter should show the job count and progress bar should be green when job count is under the warning threshold" time="0.808">
    </testcase>
    <testcase classname="Project - Add Jobs - Job Counter progress bar should be yellow when job count is at or over the warning threshold but under the max limit" name="Project - Add Jobs - Job Counter progress bar should be yellow when job count is at or over the warning threshold but under the max limit" time="0.295">
    </testcase>
    <testcase classname="Project - Add Jobs - Job Counter progress bar should be red/orange when job count is at the max limit" name="Project - Add Jobs - Job Counter progress bar should be red/orange when job count is at the max limit" time="0.142">
    </testcase>
    <testcase classname="Project - Add Jobs - Job Counter should hide the job count and progress bar, and show &quot;hit max allowed jobs, contact your service rep&quot; message for small biz companies when job limit is reached" name="Project - Add Jobs - Job Counter should hide the job count and progress bar, and show &quot;hit max allowed jobs, contact your service rep&quot; message for small biz companies when job limit is reached" time="0.141">
    </testcase>
  </testsuite>
  <testsuite name="apps/admin/app/_peer/containers/payfactors-company-exchange-invitations/payfactors-company-exchange-invitations.component.spec.ts" errors="0" failures="0" skipped="0" timestamp="2019-08-05T19:50:01" time="5.631" tests="8">
    <testcase classname="Payfactors Company Exchange Invitations should match snapshot" name="Payfactors Company Exchange Invitations should match snapshot" time="0.471">
    </testcase>
    <testcase classname="Payfactors Company Exchange Invitations should dispatch a LoadPayfactorsCompanyExchangeInvitations action when handlePayfactorsCompanyExchangeInvitationsGridReload is called" name="Payfactors Company Exchange Invitations should dispatch a LoadPayfactorsCompanyExchangeInvitations action when handlePayfactorsCompanyExchangeInvitationsGridReload is called" time="0.336">
    </testcase>
    <testcase classname="Payfactors Company Exchange Invitations should dispatch an OpenCompanyInvitationInfo action when a cell is clicked" name="Payfactors Company Exchange Invitations should dispatch an OpenCompanyInvitationInfo action when a cell is clicked" time="2.479">
    </testcase>
    <testcase classname="Payfactors Company Exchange Invitations should dispatch a CloseCompanyInvitationInfo action when the company invitation info is closed" name="Payfactors Company Exchange Invitations should dispatch a CloseCompanyInvitationInfo action when the company invitation info is closed" time="0.266">
    </testcase>
    <testcase classname="Payfactors Company Exchange Invitations should dispatch an ApproveCompanyExchangeInvitation action when handleApproveCompanyInvitation is called" name="Payfactors Company Exchange Invitations should dispatch an ApproveCompanyExchangeInvitation action when handleApproveCompanyInvitation is called" time="0.19">
    </testcase>
    <testcase classname="Payfactors Company Exchange Invitations should dispatch a DenyCompanyExchangeInvitation action when handleDenyCompanyInvitation is called" name="Payfactors Company Exchange Invitations should dispatch a DenyCompanyExchangeInvitation action when handleDenyCompanyInvitation is called" time="0.106">
    </testcase>
    <testcase classname="Payfactors Company Exchange Invitations should dispatch a CloseCompanyInvitationApproveModal action when handleCloseApproveModal is called" name="Payfactors Company Exchange Invitations should dispatch a CloseCompanyInvitationApproveModal action when handleCloseApproveModal is called" time="0.111">
    </testcase>
    <testcase classname="Payfactors Company Exchange Invitations should dispatch a CloseCompanyInvitationDenyModal action when handleCloseDenyModal is called" name="Payfactors Company Exchange Invitations should dispatch a CloseCompanyInvitationDenyModal action when handleCloseDenyModal is called" time="0.168">
    </testcase>
  </testsuite>
  <testsuite name="apps/job-description-management/app/_job-description/components/job-description-grid/job-description-grid.component.spec.ts" errors="0" failures="0" skipped="0" timestamp="2019-08-05T19:49:58" time="9.335" tests="3">
    <testcase classname="Job Description Management - Job Description - Job Description Grid should emit companyJobViewListItem found at specified rowIndex, when calling handleRowClick" name="Job Description Management - Job Description - Job Description Grid should emit companyJobViewListItem found at specified rowIndex, when calling handleRowClick" time="0.701">
    </testcase>
    <testcase classname="Job Description Management - Job Description - Job Description Grid should emit job description data, when calling handleJobDescriptionHistoryClick" name="Job Description Management - Job Description - Job Description Grid should emit job description data, when calling handleJobDescriptionHistoryClick" time="0.563">
    </testcase>
    <testcase classname="Job Description Management - Job Description - Job Description Grid should emit company job view list item data, when calling handleNewJobDescriptionClick" name="Job Description Management - Job Description - Job Description Grid should emit company job view list item data, when calling handleNewJobDescriptionClick" time="0.113">
    </testcase>
  </testsuite>
  <testsuite name="libs/features/peer/job-association/components/grid-detail-panel/grid-detail-panel.component.spec.ts" errors="0" failures="0" skipped="0" timestamp="2019-08-05T19:50:03" time="3.911" tests="11">
    <testcase classname="GridDetailPanelComponent should create" name="GridDetailPanelComponent should create" time="0.535">
    </testcase>
    <testcase classname="GridDetailPanelComponent should render input props" name="GridDetailPanelComponent should render input props" time="0.316">
    </testcase>
    <testcase classname="GridDetailPanelComponent should render a falsy job family as No Family" name="GridDetailPanelComponent should render a falsy job family as No Family" time="0.29">
    </testcase>
    <testcase classname="GridDetailPanelComponent should emit when the close link is clicked" name="GridDetailPanelComponent should emit when the close link is clicked" time="0.253">
    </testcase>
    <testcase classname="GridDetailPanelComponent should not render jdm controls when checkForJdmDescription is false" name="GridDetailPanelComponent should not render jdm controls when checkForJdmDescription is false" time="0.163">
    </testcase>
    <testcase classname="GridDetailPanelComponent should show a link to download the jdm description via the `show` class when one jdm description id exists" name="GridDetailPanelComponent should show a link to download the jdm description via the `show` class when one jdm description id exists" time="0.12">
    </testcase>
    <testcase classname="GridDetailPanelComponent should hide a link to download the jdm description via omitting the `show` class when no jdm descriptions exists" name="GridDetailPanelComponent should hide a link to download the jdm description via omitting the `show` class when no jdm descriptions exists" time="0.179">
    </testcase>
    <testcase classname="GridDetailPanelComponent should show an informational message when multiple jdm ids exist" name="GridDetailPanelComponent should show an informational message when multiple jdm ids exist" time="0.151">
    </testcase>
    <testcase classname="GridDetailPanelComponent should show a spinner when downloading a jdm description" name="GridDetailPanelComponent should show a spinner when downloading a jdm description" time="0.208">
    </testcase>
    <testcase classname="GridDetailPanelComponent should show an error message if the jdm description download fails" name="GridDetailPanelComponent should show an error message if the jdm description download fails" time="0.277">
    </testcase>
    <testcase classname="GridDetailPanelComponent should emit when the view full job description link is clicked" name="GridDetailPanelComponent should emit when the view full job description link is clicked" time="0.143">
    </testcase>
  </testsuite>
  <testsuite name="libs/forms/components/pf-modal-form/pf-modal-form.component.spec.ts" errors="0" failures="0" skipped="0" timestamp="2019-08-05T19:50:05" time="2.768" tests="4">
    <testcase classname="Pf Modal Form should not have modal html when isOpen$ is false" name="Pf Modal Form should not have modal html when isOpen$ is false" time="0.365">
    </testcase>
    <testcase classname="Pf Modal Form should emit a onDismiss event, when dismiss is triggered" name="Pf Modal Form should emit a onDismiss event, when dismiss is triggered" time="0.437">
    </testcase>
    <testcase classname="Pf Modal Form should emit a onSubmit event, when submit is triggered" name="Pf Modal Form should emit a onSubmit event, when submit is triggered" time="0.236">
    </testcase>
    <testcase classname="Pf Modal Form should show subTitle in modal header if a subTitle is provided" name="Pf Modal Form should show subTitle in modal header if a subTitle is provided" time="0.271">
    </testcase>
  </testsuite>
  <testsuite name="apps/admin/app/_peer/containers/create-exchange-modal/create-exchange-modal.component.spec.ts" errors="0" failures="0" skipped="0" timestamp="2019-08-05T19:50:06" time="2.157" tests="4">
    <testcase classname="Create Exchange Modal should show the form text and no error messages when a submit has not been attempted" name="Create Exchange Modal should show the form text and no error messages when a submit has not been attempted" time="0.362">
    </testcase>
    <testcase classname="Create Exchange Modal should not show the form text and should show a required error message once a submit has been attempted" name="Create Exchange Modal should not show the form text and should show a required error message once a submit has been attempted" time="0.167">
    </testcase>
    <testcase classname="Create Exchange Modal should dispatch an CloseCreateExchangeModal action when handleModalDismissed is called" name="Create Exchange Modal should dispatch an CloseCreateExchangeModal action when handleModalDismissed is called" time="0.21">
    </testcase>
    <testcase classname="Create Exchange Modal should dispatch an UpsertingExchange action with payload when handleFormSubmit is called" name="Create Exchange Modal should dispatch an UpsertingExchange action with payload when handleFormSubmit is called" time="0.214">
    </testcase>
  </testsuite>
  <testsuite name="apps/admin/app/_company-admin/containers/pages/password-management/password-management.page.spec.ts" errors="0" failures="0" skipped="0" timestamp="2019-08-05T19:50:05" time="3.597" tests="3">
    <testcase classname="PasswordManagementComponent should create" name="PasswordManagementComponent should create" time="0.799">
    </testcase>
    <testcase classname="PasswordManagementComponent PasswordManagementComponent - save() should call trySubmit on child" name="PasswordManagementComponent PasswordManagementComponent - save() should call trySubmit on child" time="0.255">
    </testcase>
    <testcase classname="PasswordManagementComponent PasswordManagementComponent - cancel() should call resetForm on child" name="PasswordManagementComponent PasswordManagementComponent - cancel() should call resetForm on child" time="0.226">
    </testcase>
  </testsuite>
  <testsuite name="apps/community/app/_main/containers/community-post-add-reply/community-post-add-reply.component.spec.ts" errors="0" failures="0" skipped="0" timestamp="2019-08-05T19:50:07" time="2.241" tests="2">
    <testcase classname="CommunityPostAddReplyComponent should show community add reply" name="CommunityPostAddReplyComponent should show community add reply" time="0.172">
    </testcase>
    <testcase classname="CommunityPostAddReplyComponent should dispatch AddingCommunityPostReply when calling submitReply" name="CommunityPostAddReplyComponent should dispatch AddingCommunityPostReply when calling submitReply" time="0.09">
    </testcase>
  </testsuite>
  <testsuite name="apps/auth/app/_login/containers/pages/first-login/first-login.page.spec.ts" errors="0" failures="0" skipped="0" timestamp="2019-08-05T19:50:07" time="1.898" tests="4">
    <testcase classname="Auth - First Time Login should show reset password section when page is loaded" name="Auth - First Time Login should show reset password section when page is loaded" time="0.138">
    </testcase>
    <testcase classname="Auth - First Time Login should show the loading message when the page is loading" name="Auth - First Time Login should show the loading message when the page is loading" time="0.1">
    </testcase>
    <testcase classname="Auth - First Time Login should disable Submit password button when password is not valid" name="Auth - First Time Login should disable Submit password button when password is not valid" time="0.105">
    </testcase>
    <testcase classname="Auth - First Time Login should show error notification on updatingPasswordError" name="Auth - First Time Login should show error notification on updatingPasswordError" time="0.132">
    </testcase>
  </testsuite>
  <testsuite name="apps/admin/app/_peer/containers/exchange-jobs/exchange-jobs.component.spec.ts" errors="0" failures="0" skipped="0" timestamp="2019-08-05T19:50:05" time="3.977" tests="9">
    <testcase classname="Exchange Jobs should dispatch a LoadingExchangeJobs action when handleExchangeJobsGridReload is called" name="Exchange Jobs should dispatch a LoadingExchangeJobs action when handleExchangeJobsGridReload is called" time="0.596">
    </testcase>
    <testcase classname="Exchange Jobs should dispatch a page change grid action when handlePageChanged is called" name="Exchange Jobs should dispatch a page change grid action when handlePageChanged is called" time="0.463">
    </testcase>
    <testcase classname="Exchange Jobs should call loadExchangeJobs with the exchangeId when handlePageChanged is called" name="Exchange Jobs should call loadExchangeJobs with the exchangeId when handlePageChanged is called" time="0.201">
    </testcase>
    <testcase classname="Exchange Jobs should dispatch a sort change grid action when handleSortChanged is called" name="Exchange Jobs should dispatch a sort change grid action when handleSortChanged is called" time="0.143">
    </testcase>
    <testcase classname="Exchange Jobs should call loadExchangeJobs with the exchangeId when handleSortChanged is called" name="Exchange Jobs should call loadExchangeJobs with the exchangeId when handleSortChanged is called" time="0.178">
    </testcase>
    <testcase classname="Exchange Jobs should dispatch an OpeningImportExchangeJobsModal action when openCreateExchangeModal is called" name="Exchange Jobs should dispatch an OpeningImportExchangeJobsModal action when openCreateExchangeModal is called" time="0.13">
    </testcase>
    <testcase classname="Exchange Jobs should dispatch an ClosingImportExchangeJobsModal action when handleImportExchangeJobsModalDismissed is called" name="Exchange Jobs should dispatch an ClosingImportExchangeJobsModal action when handleImportExchangeJobsModalDismissed is called" time="0.068">
    </testcase>
    <testcase classname="Exchange Jobs should dispatch an ClosingImportExchangeJobsModal action when handleImportExchangeJobs is called" name="Exchange Jobs should dispatch an ClosingImportExchangeJobsModal action when handleImportExchangeJobs is called" time="0.135">
    </testcase>
    <testcase classname="Exchange Jobs should dispatch a OpenAddExchangeJobsModal action when openAddExchangeJobsModal is called" name="Exchange Jobs should dispatch a OpenAddExchangeJobsModal action when openAddExchangeJobsModal is called" time="0.094">
    </testcase>
  </testsuite>
  <testsuite name="apps/admin/app/_marketing/containers/marketing-image.component.spec.ts" errors="0" failures="0" skipped="0" timestamp="2019-08-05T19:50:07" time="2.782" tests="5">
    <testcase classname="MarketingComponent should create" name="MarketingComponent should create" time="0.35">
    </testcase>
    <testcase classname="MarketingComponent should NOT show the preview image, when previewFileUri is empty" name="MarketingComponent should NOT show the preview image, when previewFileUri is empty" time="0.339">
    </testcase>
    <testcase classname="MarketingComponent should show the preview image, when previewFileUri is NOT empty" name="MarketingComponent should show the preview image, when previewFileUri is NOT empty" time="0.221">
    </testcase>
    <testcase classname="MarketingComponent should NOT show error message, when errorMessage is empty" name="MarketingComponent should NOT show error message, when errorMessage is empty" time="0.161">
    </testcase>
    <testcase classname="MarketingComponent should show error message, when errorMessage is NOT empty" name="MarketingComponent should show error message, when errorMessage is NOT empty" time="0.171">
    </testcase>
  </testsuite>
  <testsuite name="apps/community/app/_main/containers/pages/community-search-results/community-search-results.page.spec.ts" errors="0" failures="0" skipped="0" timestamp="2019-08-05T19:50:06" time="3.227" tests="3">
    <testcase classname="CommunitySearchResultsPageComponent should create" name="CommunitySearchResultsPageComponent should create" time="0.858">
    </testcase>
    <testcase classname="CommunitySearchResultsPageComponent should dispatch SearchingCommunity when calling dateSelectionChange" name="CommunitySearchResultsPageComponent should dispatch SearchingCommunity when calling dateSelectionChange" time="0.438">
    </testcase>
    <testcase classname="CommunitySearchResultsPageComponent should dispatch SearchingCommunity when calling sortBySelectionChange" name="CommunitySearchResultsPageComponent should dispatch SearchingCommunity when calling sortBySelectionChange" time="0.251">
    </testcase>
  </testsuite>
  <testsuite name="apps/peer/app/_manage/containers/request-job/pf-job-selection-form/pf-job-selection-form.component.spec.ts" errors="0" failures="0" skipped="0" timestamp="2019-08-05T19:50:05" time="5.391" tests="8">
    <testcase classname="Peer - Manage - Request Job - Payfactors Job Selection Form should apply the jobSelectionForm to the exchangeJobRequestForm on init" name="Peer - Manage - Request Job - Payfactors Job Selection Form should apply the jobSelectionForm to the exchangeJobRequestForm on init" time="0.959">
    </testcase>
    <testcase classname="Peer - Manage - Request Job - Payfactors Job Selection Form should dispatch a LoadCandidates action of type PayfactorsJob when handleReloadCardsEvent is triggered" name="Peer - Manage - Request Job - Payfactors Job Selection Form should dispatch a LoadCandidates action of type PayfactorsJob when handleReloadCardsEvent is triggered" time="0.668">
    </testcase>
    <testcase classname="Peer - Manage - Request Job - Payfactors Job Selection Form should dispatch an UpdateFilterOptions action of type PayfactorsJob when
      updateJDSearchFilter is triggered" name="Peer - Manage - Request Job - Payfactors Job Selection Form should dispatch an UpdateFilterOptions action of type PayfactorsJob when
      updateJDSearchFilter is triggered" time="0.36">
    </testcase>
    <testcase classname="Peer - Manage - Request Job - Payfactors Job Selection Form should reset the reasonControl when handleCardSelectionEvent is triggered" name="Peer - Manage - Request Job - Payfactors Job Selection Form should reset the reasonControl when handleCardSelectionEvent is triggered" time="0.213">
    </testcase>
    <testcase classname="Peer - Manage - Request Job - Payfactors Job Selection Form should set the card selection when handleCardSelectionEvent is triggered" name="Peer - Manage - Request Job - Payfactors Job Selection Form should set the card selection when handleCardSelectionEvent is triggered" time="0.327">
    </testcase>
    <testcase classname="Peer - Manage - Request Job - Payfactors Job Selection Form should dispatch an UpdateSearchTerm action when updateJobTitleSearchFilter is triggered" name="Peer - Manage - Request Job - Payfactors Job Selection Form should dispatch an UpdateSearchTerm action when updateJobTitleSearchFilter is triggered" time="0.169">
    </testcase>
    <testcase classname="Peer - Manage - Request Job - Payfactors Job Selection Form should provide correct values to the pf-modal-form component" name="Peer - Manage - Request Job - Payfactors Job Selection Form should provide correct values to the pf-modal-form component" time="0.184">
    </testcase>
    <testcase classname="Peer - Manage - Request Job - Payfactors Job Selection Form should clear search terms on init when the modal is not open" name="Peer - Manage - Request Job - Payfactors Job Selection Form should clear search terms on init when the modal is not open" time="0.366">
    </testcase>
  </testsuite>
  <testsuite name="apps/community/app/_main/components/community-search-result-content/community-search-result-content.component.spec.ts" errors="0" failures="0" skipped="0" timestamp="2019-08-05T19:50:08" time="2.308" tests="2">
    <testcase classname="CommunitySearchResultContentComponent should create" name="CommunitySearchResultContentComponent should create" time="0.214">
    </testcase>
    <testcase classname="CommunitySearchResultContentComponent should display" name="CommunitySearchResultContentComponent should display" time="0.225">
    </testcase>
  </testsuite>
  <testsuite name="apps/smallbiz/app/_job-search/components/related-jobs/related-jobs.component.spec.ts" errors="0" failures="0" skipped="0" timestamp="2019-08-05T19:50:07" time="2.94" tests="9">
    <testcase classname="RelatedJobsComponent should create" name="RelatedJobsComponent should create" time="0.195">
    </testcase>
    <testcase classname="RelatedJobsComponent should match snapshot on init" name="RelatedJobsComponent should match snapshot on init" time="0.297">
    </testcase>
    <testcase classname="RelatedJobsComponent should show the job family in the header" name="RelatedJobsComponent should show the job family in the header" time="0.103">
    </testcase>
    <testcase classname="RelatedJobsComponent should show an empty table body if there are no related jobs" name="RelatedJobsComponent should show an empty table body if there are no related jobs" time="0.084">
    </testcase>
    <testcase classname="RelatedJobsComponent should show a table row for each related job" name="RelatedJobsComponent should show a table row for each related job" time="0.099">
    </testcase>
    <testcase classname="RelatedJobsComponent should show each field in the expected column" name="RelatedJobsComponent should show each field in the expected column" time="0.086">
    </testcase>
    <testcase classname="RelatedJobsComponent should show an anchor tag with the expected properties in the table" name="RelatedJobsComponent should show an anchor tag with the expected properties in the table" time="0.26">
    </testcase>
    <testcase classname="RelatedJobsComponent should emit the expected event when a related job is clicked" name="RelatedJobsComponent should emit the expected event when a related job is clicked" time="0.203">
    </testcase>
    <testcase classname="RelatedJobsComponent should not emit an event when a related job is ctl clicked" name="RelatedJobsComponent should not emit an event when a related job is ctl clicked" time="0.168">
    </testcase>
  </testsuite>
  <testsuite name="apps/admin/app/_tickets/containers/attachment-upload/attachment-upload.component.spec.ts" errors="0" failures="0" skipped="0" timestamp="2019-08-05T19:50:08" time="3.481" tests="3">
    <testcase classname="Admin - Tickets - Attachment Upload Should emit an event on succesful upload" name="Admin - Tickets - Attachment Upload Should emit an event on succesful upload" time="0.297">
    </testcase>
    <testcase classname="Admin - Tickets - Attachment Upload Select event should add to the list of uploaded files" name="Admin - Tickets - Attachment Upload Select event should add to the list of uploaded files" time="0.235">
    </testcase>
    <testcase classname="Admin - Tickets - Attachment Upload Remove click should remove the item from the uploaded files" name="Admin - Tickets - Attachment Upload Remove click should remove the item from the uploaded files" time="0.202">
    </testcase>
  </testsuite>
  <testsuite name="libs/ui/layout-wrapper/components/user-menu/user-menu.component.spec.ts" errors="0" failures="0" skipped="0" timestamp="2019-08-05T19:50:09" time="2.094" tests="7">
    <testcase classname="User Menu should show the app users name" name="User Menu should show the app users name" time="0.163">
    </testcase>
    <testcase classname="User Menu should show a list of dropdown navigation links, when provided" name="User Menu should show a list of dropdown navigation links, when provided" time="0.124">
    </testcase>
    <testcase classname="User Menu should prepend /ng/ to the dropdown url, when the navigation link is an NgAppLink" name="User Menu should prepend /ng/ to the dropdown url, when the navigation link is an NgAppLink" time="0.14">
    </testcase>
    <testcase classname="User Menu should show an icon for log out" name="User Menu should show an icon for log out" time="0.1">
    </testcase>
    <testcase classname="User Menu should show a divider for referrals" name="User Menu should show a divider for referrals" time="0.054">
    </testcase>
    <testcase classname="User Menu should show a divider for log out" name="User Menu should show a divider for log out" time="0.113">
    </testcase>
    <testcase classname="User Menu should show the app users name with client name if user is impersonated" name="User Menu should show the app users name with client name if user is impersonated" time="0.099">
    </testcase>
  </testsuite>
  <testsuite name="apps/admin/app/_tickets/containers/attachment-delete-modal/attachment-delete-modal.component.spec.ts" errors="0" failures="0" skipped="0" timestamp="2019-08-05T19:50:10" time="1.642" tests="3">
    <testcase classname="AttachmentDeleteModalComponent should create" name="AttachmentDeleteModalComponent should create" time="0.136">
    </testcase>
    <testcase classname="AttachmentDeleteModalComponent should dispatch delete attachment action on handleDeleteConfirmed" name="AttachmentDeleteModalComponent should dispatch delete attachment action on handleDeleteConfirmed" time="0.102">
    </testcase>
    <testcase classname="AttachmentDeleteModalComponent should dispatch delete attachment close action on handleDeleteDenied" name="AttachmentDeleteModalComponent should dispatch delete attachment close action on handleDeleteDenied" time="0.067">
    </testcase>
  </testsuite>
  <testsuite name="libs/ui/layout-wrapper/containers/layout-wrapper/layout-wrapper.spec.ts" errors="0" failures="0" skipped="0" timestamp="2019-08-05T19:50:10" time="1.718" tests="4">
    <testcase classname="Layout Wrapper should transclude" name="Layout Wrapper should transclude" time="0.373">
    </testcase>
    <testcase classname="Layout Wrapper should dispatch a GetHeaderDropdownNavigationLinks action upon Init" name="Layout Wrapper should dispatch a GetHeaderDropdownNavigationLinks action upon Init" time="0.09">
    </testcase>
    <testcase classname="Layout Wrapper rightSideBar should be hidden when displayRightSideBar is false" name="Layout Wrapper rightSideBar should be hidden when displayRightSideBar is false" time="0.18">
    </testcase>
    <testcase classname="Layout Wrapper rightSideBar should be displayed when displayRightSideBar is true" name="Layout Wrapper rightSideBar should be displayed when displayRightSideBar is true" time="0.112">
    </testcase>
  </testsuite>
  <testsuite name="libs/features/community/containers/community-poll-choices/community-poll-choices.component.spec.ts" errors="0" failures="0" skipped="0" timestamp="2019-08-05T19:50:10" time="1.137" tests="3">
    <testcase classname="CommunityPollChoicesComponent should show community start poll" name="CommunityPollChoicesComponent should show community start poll" time="0.224">
    </testcase>
    <testcase classname="CommunityPollChoicesComponent should not allow to update poll choices if !enableEditingResponseOptions" name="CommunityPollChoicesComponent should not allow to update poll choices if !enableEditingResponseOptions" time="0.161">
    </testcase>
    <testcase classname="CommunityPollChoicesComponent should not allow to update poll choices if enableEditingResponseOptions === true" name="CommunityPollChoicesComponent should not allow to update poll choices if enableEditingResponseOptions === true" time="0.079">
    </testcase>
  </testsuite>
  <testsuite name="libs/features/search/containers/search-results/search-results.component.spec.ts" errors="0" failures="0" skipped="0" timestamp="2019-08-05T19:50:10" time="1.789" tests="4">
    <testcase classname="Search Feature - Search Results should show a message, when loading more results" name="Search Feature - Search Results should show a message, when loading more results" time="0.211">
    </testcase>
    <testcase classname="Search Feature - Search Results should dispatch a GetMoreResults action onScroll when not already loading more results and it has results on the server" name="Search Feature - Search Results should dispatch a GetMoreResults action onScroll when not already loading more results and it has results on the server" time="0.143">
    </testcase>
    <testcase classname="Search Feature - Search Results should Not dispatch a GetMoreResults action onScroll when already loading more results" name="Search Feature - Search Results should Not dispatch a GetMoreResults action onScroll when already loading more results" time="0.107">
    </testcase>
    <testcase classname="Search Feature - Search Results should Not dispatch a GetMoreResults action onScroll when there is no more results on the server" name="Search Feature - Search Results should Not dispatch a GetMoreResults action onScroll when there is no more results on the server" time="0.047">
    </testcase>
  </testsuite>
  <testsuite name="apps/community/app/_main/containers/community-filters/community-filters.component.spec.ts" errors="0" failures="0" skipped="0" timestamp="2019-08-05T19:50:11" time="0.723" tests="1">
    <testcase classname="CommunityFiltersComponent should show community filters" name="CommunityFiltersComponent should show community filters" time="0.08">
    </testcase>
  </testsuite>
  <testsuite name="apps/admin/app/_peer/containers/exchange-list/exchange-list.component.spec.ts" errors="0" failures="0" skipped="0" timestamp="2019-08-05T19:50:10" time="2.418" tests="5">
    <testcase classname="Peer Features - Exchange List Component should dispatch a LoadingExchanges action upon Init" name="Peer Features - Exchange List Component should dispatch a LoadingExchanges action upon Init" time="0.221">
    </testcase>
    <testcase classname="Peer Features - Exchange List Component should dispatch a LoadingExchanges action when handleExchangeGridReload is called" name="Peer Features - Exchange List Component should dispatch a LoadingExchanges action when handleExchangeGridReload is called" time="0.421">
    </testcase>
    <testcase classname="Peer Features - Exchange List Component should emit an onCellClick event with the exchangeId when handleCellClick is triggered" name="Peer Features - Exchange List Component should emit an onCellClick event with the exchangeId when handleCellClick is triggered" time="0.25">
    </testcase>
    <testcase classname="Peer Features - Exchange List Component should dispatch a OpenDeleteExchangeModal action when openDeleteExchangeModal is called" name="Peer Features - Exchange List Component should dispatch a OpenDeleteExchangeModal action when openDeleteExchangeModal is called" time="0.17">
    </testcase>
    <testcase classname="Peer Features - Exchange List Component should set the selectedExchange when openDeleteExchangeModal is called" name="Peer Features - Exchange List Component should set the selectedExchange when openDeleteExchangeModal is called" time="0.101">
    </testcase>
  </testsuite>
  <testsuite name="apps/legacy-content/app/_peer/containers/pages/paymarket-exchange-scope/paymarket-exchange-scope.page.spec.ts" errors="0" failures="0" skipped="0" timestamp="2019-08-05T19:50:11" time="2.02" tests="7">
    <testcase classname="Legacy Content - Peer - PayMarket Exchange Scope should display the PayMarket exchange Scope page" name="Legacy Content - Peer - PayMarket Exchange Scope should display the PayMarket exchange Scope page" time="0.355">
    </testcase>
    <testcase classname="Legacy Content - Peer - PayMarket Exchange Scope should dispatch the LoadExchangeScopes action on page init" name="Legacy Content - Peer - PayMarket Exchange Scope should dispatch the LoadExchangeScopes action on page init" time="0.104">
    </testcase>
    <testcase classname="Legacy Content - Peer - PayMarket Exchange Scope should dispatch the LoadExchangeScopesSelection action on page init" name="Legacy Content - Peer - PayMarket Exchange Scope should dispatch the LoadExchangeScopesSelection action on page init" time="0.078">
    </testcase>
    <testcase classname="Legacy Content - Peer - PayMarket Exchange Scope should dispatch the add row action when clicking add row button" name="Legacy Content - Peer - PayMarket Exchange Scope should dispatch the add row action when clicking add row button" time="0.096">
    </testcase>
    <testcase classname="Legacy Content - Peer - PayMarket Exchange Scope should dispatch the delete row action when clicking delete row button" name="Legacy Content - Peer - PayMarket Exchange Scope should dispatch the delete row action when clicking delete row button" time="0.073">
    </testcase>
    <testcase classname="Legacy Content - Peer - PayMarket Exchange Scope should dispatch the SelectExchange action when exchange is selected" name="Legacy Content - Peer - PayMarket Exchange Scope should dispatch the SelectExchange action when exchange is selected" time="0.086">
    </testcase>
    <testcase classname="Legacy Content - Peer - PayMarket Exchange Scope should dispatch the SelectScope action when scope is selected" name="Legacy Content - Peer - PayMarket Exchange Scope should dispatch the SelectScope action when scope is selected" time="0.096">
    </testcase>
  </testsuite>
  <testsuite name="libs/data/payfactors-api/file/file-api.service.spec.ts" errors="0" failures="0" skipped="0" timestamp="2019-08-05T19:50:11" time="1.559" tests="11">
    <testcase classname="FileApiService should be created" name="FileApiService should be created" time="0.052">
    </testcase>
    <testcase classname="FileApiService should save blobs as files" name="FileApiService should save blobs as files" time="0.041">
    </testcase>
    <testcase classname="FileApiService should return false if unable to save a blob as file" name="FileApiService should return false if unable to save a blob as file" time="0.013">
    </testcase>
    <testcase classname="FileApiService should create an anchor tag with modified attributes when openInNewTab is true" name="FileApiService should create an anchor tag with modified attributes when openInNewTab is true" time="0.021">
    </testcase>
    <testcase classname="FileApiService should return a FileDownloadSuccess action when downloading a file succeeds" name="FileApiService should return a FileDownloadSuccess action when downloading a file succeeds" time="0.022">
    </testcase>
    <testcase classname="FileApiService should return a FileDownloadProgress action when progress is made on a file download" name="FileApiService should return a FileDownloadProgress action when progress is made on a file download" time="0.019">
    </testcase>
    <testcase classname="FileApiService should return a FileDownloadError action when downloading a file fails with an HTTP error" name="FileApiService should return a FileDownloadError action when downloading a file fails with an HTTP error" time="0.019">
    </testcase>
    <testcase classname="FileApiService should return a FileDownloadError action when downloading a file fails on save" name="FileApiService should return a FileDownloadError action when downloading a file fails on save" time="0.395">
    </testcase>
    <testcase classname="FileApiService should extract token values from header" name="FileApiService should extract token values from header" time="0.015">
    </testcase>
    <testcase classname="FileApiService should return null when extracting invalid token values from header" name="FileApiService should return null when extracting invalid token values from header" time="0.013">
    </testcase>
    <testcase classname="FileApiService should return null when extracting token values from missing header" name="FileApiService should return null when extracting token values from missing header" time="0.044">
    </testcase>
  </testsuite>
  <testsuite name="apps/data-insights/app/_main/components/workbook-card/workbook-card.component.spec.ts" errors="0" failures="0" skipped="0" timestamp="2019-08-05T19:50:11" time="1.659" tests="6">
    <testcase classname="Data Insights - Workbook Card Component should display overlay when mouse over workbook container" name="Data Insights - Workbook Card Component should display overlay when mouse over workbook container" time="0.126">
    </testcase>
    <testcase classname="Data Insights - Workbook Card Component should NOT display overlay when mouse leave workbook container" name="Data Insights - Workbook Card Component should NOT display overlay when mouse leave workbook container" time="0.081">
    </testcase>
    <testcase classname="Data Insights - Workbook Card Component should emit favoriteClicked when clicking on star icon" name="Data Insights - Workbook Card Component should emit favoriteClicked when clicking on star icon" time="0.103">
    </testcase>
    <testcase classname="Data Insights - Workbook Card Component should display overlay when mouse leave workbook container if views open" name="Data Insights - Workbook Card Component should display overlay when mouse leave workbook container if views open" time="0.144">
    </testcase>
    <testcase classname="Data Insights - Workbook Card Component should display overlay when views closed but still hovering over container" name="Data Insights - Workbook Card Component should display overlay when views closed but still hovering over container" time="0.163">
    </testcase>
    <testcase classname="Data Insights - Workbook Card Component should NOT display overlay when views closed and not hovering container" name="Data Insights - Workbook Card Component should NOT display overlay when views closed and not hovering container" time="0.126">
    </testcase>
  </testsuite>
  <testsuite name="apps/peer/app/_dashboard/containers/pages/exchange-dashboard/exchange-dashboard.page.spec.ts" errors="0" failures="0" skipped="0" timestamp="2019-08-05T19:50:10" time="3.527" tests="3">
    <testcase classname="Peer - Exchange Dashboard should navigate to the job mapping page when clicking the manage jobs button" name="Peer - Exchange Dashboard should navigate to the job mapping page when clicking the manage jobs button" time="0.195">
    </testcase>
    <testcase classname="Peer - Exchange Dashboard should return expected strings after api result" name="Peer - Exchange Dashboard should return expected strings after api result" time="1.645">
    </testcase>
    <testcase classname="Peer - Exchange Dashboard should dispatch a CloseSidebar action on init" name="Peer - Exchange Dashboard should dispatch a CloseSidebar action on init" time="0.29">
    </testcase>
  </testsuite>
  <testsuite name="apps/admin/app/_tickets/containers/ticket-fields/ticket-fields.component.spec.ts" errors="0" failures="0" skipped="0" timestamp="2019-08-05T19:50:11" time="2.154" tests="1">
    <testcase classname="Admin - Tickets - Ticket - TicketFields should call getPfServiceRepsByCompany upon init.  pfServiceReps should contain API result" name="Admin - Tickets - Ticket - TicketFields should call getPfServiceRepsByCompany upon init.  pfServiceReps should contain API result" time="0.493">
    </testcase>
  </testsuite>
  <testsuite name="apps/admin/app/_peer/containers/company-exchange-invitation-info/company-exchange-invitation-info.component.spec.ts" errors="0" failures="0" skipped="0" timestamp="2019-08-05T19:50:12" time="1.975" tests="4">
    <testcase classname="Company Exchange Invitation Info info area should match snapshot" name="Company Exchange Invitation Info info area should match snapshot" time="0.421">
    </testcase>
    <testcase classname="Company Exchange Invitation Info should emit a closeClicked event, when the close button is clicked" name="Company Exchange Invitation Info should emit a closeClicked event, when the close button is clicked" time="0.242">
    </testcase>
    <testcase classname="Company Exchange Invitation Info should dispatch an OpenCompanyInvitationApproveModal action, when the approve button is clicked" name="Company Exchange Invitation Info should dispatch an OpenCompanyInvitationApproveModal action, when the approve button is clicked" time="0.199">
    </testcase>
    <testcase classname="Company Exchange Invitation Info should dispatch an OpenCompanyInvitationDenyModal action, when the deny button is clicked" name="Company Exchange Invitation Info should dispatch an OpenCompanyInvitationDenyModal action, when the deny button is clicked" time="0.138">
    </testcase>
  </testsuite>
  <testsuite name="apps/admin/app/_company-admin/containers/user-role-data-access-tab/user-role-data-access-tab.component.spec.ts" errors="0" failures="0" skipped="0" timestamp="2019-08-05T19:50:13" time="1.687" tests="3">
    <testcase classname="UserRoleDataAccessTabComponent should create" name="UserRoleDataAccessTabComponent should create" time="0.277">
    </testcase>
    <testcase classname="UserRoleDataAccessTabComponent should show data access tab on company role" name="UserRoleDataAccessTabComponent should show data access tab on company role" time="0.239">
    </testcase>
    <testcase classname="UserRoleDataAccessTabComponent should display message on system role" name="UserRoleDataAccessTabComponent should display message on system role" time="0.167">
    </testcase>
  </testsuite>
  <testsuite name="apps/comphub/app/_main/components/share-pricing-summary-modal/share-pricing-summary-modal.component.spec.ts" errors="0" failures="0" skipped="0" timestamp="2019-08-05T19:50:11" time="3.419" tests="2">
    <testcase classname="Comphub - Main - Share Pricing Summary Modal Component should emit sendClick with the correct email address when send button clicked" name="Comphub - Main - Share Pricing Summary Modal Component should emit sendClick with the correct email address when send button clicked" time="0.369">
    </testcase>
    <testcase classname="Comphub - Main - Share Pricing Summary Modal Component should emit cancelClick when cancel button clicked" name="Comphub - Main - Share Pricing Summary Modal Component should emit cancelClick when cancel button clicked" time="0.734">
    </testcase>
  </testsuite>
  <testsuite name="libs/features/pf-admin/users/components/users-list/users-list.component.spec.ts" errors="0" failures="0" skipped="0" timestamp="2019-08-05T19:50:12" time="2.886" tests="2">
    <testcase classname="Pf-Admin - Users - Users List Component Should show the users list grid when usersList is populated" name="Pf-Admin - Users - Users List Component Should show the users list grid when usersList is populated" time="0.991">
    </testcase>
    <testcase classname="Pf-Admin - Users - Users List Component Should navigate to the user page when the row is clicked" name="Pf-Admin - Users - Users List Component Should navigate to the user page when the row is clicked" time="0.285">
    </testcase>
  </testsuite>
  <testsuite name="apps/pf-admin/app/_utilities/containers/pages/yoy-default-scopes/yoy-default-scopes.page.spec.ts" errors="0" failures="0" skipped="0" timestamp="2019-08-05T19:50:10" time="5.399" tests="9">
    <testcase classname="Pf-Admin - Utilities - YoY Default Scopes Page Should dispatch a SetSelectedSurvey action with a data list item, when handling a survey clicked" name="Pf-Admin - Utilities - YoY Default Scopes Page Should dispatch a SetSelectedSurvey action with a data list item, when handling a survey clicked" time="0.232">
    </testcase>
    <testcase classname="Pf-Admin - Utilities - YoY Default Scopes Page Should dispatch a SetSelectedMatchResult action with a match result, when handling a match result selected" name="Pf-Admin - Utilities - YoY Default Scopes Page Should dispatch a SetSelectedMatchResult action with a match result, when handling a match result selected" time="0.217">
    </testcase>
    <testcase classname="Pf-Admin - Utilities - YoY Default Scopes Page Should dispatch a FilterMatchResults action with a type, when handling a filter match results clicked" name="Pf-Admin - Utilities - YoY Default Scopes Page Should dispatch a FilterMatchResults action with a type, when handling a filter match results clicked" time="0.244">
    </testcase>
    <testcase classname="Pf-Admin - Utilities - YoY Default Scopes Page Should dispatch a SetSelectedSurveyScope action with a survey scope, when handling a survey scope selected" name="Pf-Admin - Utilities - YoY Default Scopes Page Should dispatch a SetSelectedSurveyScope action with a survey scope, when handling a survey scope selected" time="0.586">
    </testcase>
    <testcase classname="Pf-Admin - Utilities - YoY Default Scopes Page Should dispatch an ApplyMatch action with a match result, when handling an apply exact match clicked" name="Pf-Admin - Utilities - YoY Default Scopes Page Should dispatch an ApplyMatch action with a match result, when handling an apply exact match clicked" time="0.221">
    </testcase>
    <testcase classname="Pf-Admin - Utilities - YoY Default Scopes Page Should dispatch an ApplyMatch action with no payload, when handling an apply scope clicked" name="Pf-Admin - Utilities - YoY Default Scopes Page Should dispatch an ApplyMatch action with no payload, when handling an apply scope clicked" time="0.166">
    </testcase>
    <testcase classname="Pf-Admin - Utilities - YoY Default Scopes Page Should dispatch a Reset action, upon Init" name="Pf-Admin - Utilities - YoY Default Scopes Page Should dispatch a Reset action, upon Init" time="0.088">
    </testcase>
    <testcase classname="Pf-Admin - Utilities - YoY Default Scopes Page Should dispatch a Load Company action with the route id as the company Id, upon Init" name="Pf-Admin - Utilities - YoY Default Scopes Page Should dispatch a Load Company action with the route id as the company Id, upon Init" time="0.106">
    </testcase>
    <testcase classname="Pf-Admin - Utilities - YoY Default Scopes Page Should dispatch a Load Default Scope Surveys action with the route id as the company Id, upon Init" name="Pf-Admin - Utilities - YoY Default Scopes Page Should dispatch a Load Default Scope Surveys action with the route id as the company Id, upon Init" time="0.066">
    </testcase>
  </testsuite>
  <testsuite name="libs/ui/common/content/peer-association-color-block/peer-association-color-block.component.spec.ts" errors="0" failures="0" skipped="0" timestamp="2019-08-05T19:50:14" time="1.598" tests="5">
    <testcase classname="AssociationColorBlockComponent should create" name="AssociationColorBlockComponent should create" time="0.103">
    </testcase>
    <testcase classname="AssociationColorBlockComponent should return the pending css class when the association is pending" name="AssociationColorBlockComponent should return the pending css class when the association is pending" time="0.044">
    </testcase>
    <testcase classname="AssociationColorBlockComponent should return the associated css class when the association is not pending" name="AssociationColorBlockComponent should return the associated css class when the association is not pending" time="0.158">
    </testcase>
    <testcase classname="AssociationColorBlockComponent should return the associated css class for unsaved associations" name="AssociationColorBlockComponent should return the associated css class for unsaved associations" time="0.037">
    </testcase>
    <testcase classname="AssociationColorBlockComponent should return the not-associated css class when there are no matching unsaved associations" name="AssociationColorBlockComponent should return the not-associated css class when there are no matching unsaved associations" time="0.044">
    </testcase>
  </testsuite>
  <testsuite name="apps/community/app/_main/components/community-like/community-like.component.spec.ts" errors="0" failures="0" skipped="0" timestamp="2019-08-05T19:50:13" time="2.348" tests="5">
    <testcase classname="CommunityLikeComponent should show like component" name="CommunityLikeComponent should show like component" time="0.571">
    </testcase>
    <testcase classname="CommunityLikeComponent should display as liked if LikedByCurrentUser === true" name="CommunityLikeComponent should display as liked if LikedByCurrentUser === true" time="0.162">
    </testcase>
    <testcase classname="CommunityLikeComponent should display as not liked if LikedByCurrentUser === false" name="CommunityLikeComponent should display as not liked if LikedByCurrentUser === false" time="0.351">
    </testcase>
    <testcase classname="CommunityLikeComponent should dispatch UpdatingCommunityPostLike when calling updateLike and ReplyId === undefined" name="CommunityLikeComponent should dispatch UpdatingCommunityPostLike when calling updateLike and ReplyId === undefined" time="0.08">
    </testcase>
    <testcase classname="CommunityLikeComponent should dispatch UpdatingCommunityPostReplyLike when calling updateLike and ReplyId != undefined" name="CommunityLikeComponent should dispatch UpdatingCommunityPostReplyLike when calling updateLike and ReplyId != undefined" time="0.054">
    </testcase>
  </testsuite>
  <testsuite name="apps/admin/app/_tickets/containers/pages/ticket-list/ticket-list.page.spec.ts" errors="0" failures="0" skipped="0" timestamp="2019-08-05T19:50:07" time="8.882" tests="4">
    <testcase classname="Admin - Tickets - Ticket List Page should call window location, when handling the back button being clicked" name="Admin - Tickets - Ticket List Page should call window location, when handling the back button being clicked" time="0.576">
    </testcase>
    <testcase classname="Admin - Tickets - Ticket List Page should remove &quot;2&quot; tab if userTicketId is 2 when handleCloseTabClick is called" name="Admin - Tickets - Ticket List Page should remove &quot;2&quot; tab if userTicketId is 2 when handleCloseTabClick is called" time="0.226">
    </testcase>
    <testcase classname="Admin - Tickets - Ticket List Page should open tab in front of other tabs if not currently opened when handleOpenTicketEvent is called" name="Admin - Tickets - Ticket List Page should open tab in front of other tabs if not currently opened when handleOpenTicketEvent is called" time="0.52">
    </testcase>
    <testcase classname="Admin - Tickets - Ticket List Page should not open a new tab if tab currently exists when handleOpenTicketEvent is called" name="Admin - Tickets - Ticket List Page should not open a new tab if tab currently exists when handleOpenTicketEvent is called" time="0.226">
    </testcase>
  </testsuite>
  <testsuite name="libs/features/search/containers/search-filters/search-filters.component.spec.ts" errors="0" failures="0" skipped="0" timestamp="2019-08-05T19:50:13" time="2.975" tests="5">
    <testcase classname="Search Feature - Search Filters should dispatch a UpdateFilterValue action, when handling a value changed" name="Search Feature - Search Filters should dispatch a UpdateFilterValue action, when handling a value changed" time="0.26">
    </testcase>
    <testcase classname="Search Feature - Search Filters should return the filter id for tracking purposes " name="Search Feature - Search Filters should return the filter id for tracking purposes " time="0.21">
    </testcase>
    <testcase classname="Search Feature - Search Filters should dispatch a ToggleMultiSelectOption action, when handling a multi select option selected" name="Search Feature - Search Filters should dispatch a ToggleMultiSelectOption action, when handling a multi select option selected" time="0.147">
    </testcase>
    <testcase classname="Search Feature - Search Filters should set the focused filter to the filterId when handling a clear section" name="Search Feature - Search Filters should set the focused filter to the filterId when handling a clear section" time="0.112">
    </testcase>
    <testcase classname="Search Feature - Search Filters should should dispatch a ClearFilter action with the filterId, when handling a clear section" name="Search Feature - Search Filters should should dispatch a ClearFilter action with the filterId, when handling a clear section" time="0.067">
    </testcase>
  </testsuite>
  <testsuite name="libs/ui/common/content/ellipsis-view-more/ellipsis-view-more.component.spec.ts" errors="0" failures="0" skipped="0" timestamp="2019-08-05T19:50:14" time="2.037" tests="4">
    <testcase classname="UI/Common/Content - Ellipsis View More should show the full content, when its length is less than the max" name="UI/Common/Content - Ellipsis View More should show the full content, when its length is less than the max" time="0.338">
    </testcase>
    <testcase classname="UI/Common/Content - Ellipsis View More should show the full content and a view less link, when we are showing full" name="UI/Common/Content - Ellipsis View More should show the full content and a view less link, when we are showing full" time="0.279">
    </testcase>
    <testcase classname="UI/Common/Content - Ellipsis View More should ellipsis the content and show a view more link, when the length exceeds the max length" name="UI/Common/Content - Ellipsis View More should ellipsis the content and show a view more link, when the length exceeds the max length" time="0.111">
    </testcase>
    <testcase classname="UI/Common/Content - Ellipsis View More should toggle showFull, when toggling the view" name="UI/Common/Content - Ellipsis View More should toggle showFull, when toggling the view" time="0.085">
    </testcase>
  </testsuite>
  <testsuite name="apps/community/app/_main/containers/community-start-discussion/community-start-discussion.component.spec.ts" errors="0" failures="0" skipped="0" timestamp="2019-08-05T19:50:13" time="3.989" tests="3">
    <testcase classname="CommunityStartDiscussionComponent should show community start discussion" name="CommunityStartDiscussionComponent should show community start discussion" time="0.351">
    </testcase>
    <testcase classname="CommunityStartDiscussionComponent should show community start poll" name="CommunityStartDiscussionComponent should show community start poll" time="0.244">
    </testcase>
    <testcase classname="CommunityStartDiscussionComponent should set the post type to when clicking post type button" name="CommunityStartDiscussionComponent should set the post type to when clicking post type button" time="0.106">
    </testcase>
  </testsuite>
  <testsuite name="libs/features/peer/job-association/components/unsaved-changes-warning/unsaved-changes-warning.component.spec.ts" errors="0" failures="0" skipped="0" timestamp="2019-08-05T19:50:15" time="1.68" tests="5">
    <testcase classname="UnsavedChangesWarningComponent should create" name="UnsavedChangesWarningComponent should create" time="0.086">
    </testcase>
    <testcase classname="UnsavedChangesWarningComponent should not render when isVisible is false" name="UnsavedChangesWarningComponent should not render when isVisible is false" time="0.04">
    </testcase>
    <testcase classname="UnsavedChangesWarningComponent should render when isVisible is true" name="UnsavedChangesWarningComponent should render when isVisible is true" time="0.109">
    </testcase>
    <testcase classname="UnsavedChangesWarningComponent should emit on leave clicked" name="UnsavedChangesWarningComponent should emit on leave clicked" time="0.055">
    </testcase>
    <testcase classname="UnsavedChangesWarningComponent should emit on cancel clicked" name="UnsavedChangesWarningComponent should emit on cancel clicked" time="0.046">
    </testcase>
  </testsuite>
  <testsuite name="apps/community/app/_main/components/community-post-edit/community-post-edit.component.spec.ts" errors="0" failures="0" skipped="0" timestamp="2019-08-05T19:50:16" time="1.384" tests="1">
    <testcase classname="CommunityPostEditComponent should show component" name="CommunityPostEditComponent should show component" time="0.175">
    </testcase>
  </testsuite>
  <testsuite name="apps/data-insights/app/_main/components/tag-workbook-modal/tag-workbook-modal.component.spec.ts" errors="0" failures="0" skipped="0" timestamp="2019-08-05T19:50:14" time="3.189" tests="10">
    <testcase classname="Data Insights - Tag Workbook Modal Component should use the modal service to open the modal when open is called" name="Data Insights - Tag Workbook Modal Component should use the modal service to open the modal when open is called" time="0.288">
    </testcase>
    <testcase classname="Data Insights - Tag Workbook Modal Component should reset the saveWorkbookTagObj to null, when opening" name="Data Insights - Tag Workbook Modal Component should reset the saveWorkbookTagObj to null, when opening" time="0.197">
    </testcase>
    <testcase classname="Data Insights - Tag Workbook Modal Component should emit a save clicked event with the saveWorkbookTagObj, when handling a save click" name="Data Insights - Tag Workbook Modal Component should emit a save clicked event with the saveWorkbookTagObj, when handling a save click" time="0.097">
    </testcase>
    <testcase classname="Data Insights - Tag Workbook Modal Component should use the modal service to dismiss the modal, when close is called" name="Data Insights - Tag Workbook Modal Component should use the modal service to dismiss the modal, when close is called" time="0.084">
    </testcase>
    <testcase classname="Data Insights - Tag Workbook Modal Component should build a saveWorkbookTagObj, when handling the tag value changed" name="Data Insights - Tag Workbook Modal Component should build a saveWorkbookTagObj, when handling the tag value changed" time="0.112">
    </testcase>
    <testcase classname="Data Insights - Tag Workbook Modal Component should build a saveWorkbookTagObj, when handling the filter value changed" name="Data Insights - Tag Workbook Modal Component should build a saveWorkbookTagObj, when handling the filter value changed" time="0.108">
    </testcase>
    <testcase classname="Data Insights - Tag Workbook Modal Component should return false for noFilteredTags, when we dont have a saveWorkbookTagObj" name="Data Insights - Tag Workbook Modal Component should return false for noFilteredTags, when we dont have a saveWorkbookTagObj" time="0.116">
    </testcase>
    <testcase classname="Data Insights - Tag Workbook Modal Component should return false for noFilteredTags, when the saveWorkbookTagObj tag does exist in the collection of tags" name="Data Insights - Tag Workbook Modal Component should return false for noFilteredTags, when the saveWorkbookTagObj tag does exist in the collection of tags" time="0.101">
    </testcase>
    <testcase classname="Data Insights - Tag Workbook Modal Component should ignore case, when looking up the saveWorkbookTagObj tag" name="Data Insights - Tag Workbook Modal Component should ignore case, when looking up the saveWorkbookTagObj tag" time="0.103">
    </testcase>
    <testcase classname="Data Insights - Tag Workbook Modal Component should return true for noFilteredTags, when the saveWorkbookTagObj tag does not exist in the collection of tags" name="Data Insights - Tag Workbook Modal Component should return true for noFilteredTags, when the saveWorkbookTagObj tag does not exist in the collection of tags" time="0.157">
    </testcase>
  </testsuite>
  <testsuite name="apps/admin/app/_org-data-loader/containers/sftp-account-status/sftp-account-status.component.spec.ts" errors="0" failures="0" skipped="0" timestamp="2019-08-05T19:50:16" time="1.49" tests="4">
    <testcase classname="SftpAccountStatusComponent should show a spinner when LoadingLoaderSettings is true" name="SftpAccountStatusComponent should show a spinner when LoadingLoaderSettings is true" time="0.088">
    </testcase>
    <testcase classname="SftpAccountStatusComponent should show Sftp information when LoadingLoaderSettings is false" name="SftpAccountStatusComponent should show Sftp information when LoadingLoaderSettings is false" time="0.252">
    </testcase>
    <testcase classname="SftpAccountStatusComponent should show an active status if CompanyAutoloaderStatus is true" name="SftpAccountStatusComponent should show an active status if CompanyAutoloaderStatus is true" time="0.066">
    </testcase>
    <testcase classname="SftpAccountStatusComponent should show an inactive status if CompanyAutoloaderStatus is false" name="SftpAccountStatusComponent should show an inactive status if CompanyAutoloaderStatus is false" time="0.046">
    </testcase>
  </testsuite>
  <testsuite name="apps/admin/app/_tickets/containers/ticket-comments-detail/ticket-comments-detail.component.spec.ts" errors="0" failures="0" skipped="0" timestamp="2019-08-05T19:50:15" time="1.987" tests="5">
    <testcase classname="Admin - Tickets - Comments Detail Add click should add a new ticket item" name="Admin - Tickets - Comments Detail Add click should add a new ticket item" time="0.182">
    </testcase>
    <testcase classname="Admin - Tickets - Comments Detail Remove click on a new comment should remove the comment from the current list" name="Admin - Tickets - Comments Detail Remove click on a new comment should remove the comment from the current list" time="0.153">
    </testcase>
    <testcase classname="Admin - Tickets - Comments Detail Remove click on an existing comment should dispatch a remove action" name="Admin - Tickets - Comments Detail Remove click on an existing comment should dispatch a remove action" time="0.14">
    </testcase>
    <testcase classname="Admin - Tickets - Comments Detail Upsert should dispatcgith an update event for an existing ticket" name="Admin - Tickets - Comments Detail Upsert should dispatcgith an update event for an existing ticket" time="0.061">
    </testcase>
    <testcase classname="Admin - Tickets - Comments Detail Upsert should dispatch a create event for a new ticket" name="Admin - Tickets - Comments Detail Upsert should dispatch a create event for a new ticket" time="0.085">
    </testcase>
  </testsuite>
  <testsuite name="libs/ui/layout-wrapper/components/right-sidebar/right-sidebar.component.spec.ts" errors="0" failures="0" skipped="0" timestamp="2019-08-05T19:50:17" time="1.362" tests="3">
    <testcase classname="Right Sidebar should transclude" name="Right Sidebar should transclude" time="0.159">
    </testcase>
    <testcase classname="Right Sidebar Should apply the correct visibility styles and classes when rightSidebarToggle is true" name="Right Sidebar Should apply the correct visibility styles and classes when rightSidebarToggle is true" time="0.26">
    </testcase>
    <testcase classname="Right Sidebar Should apply the correct visibility styles and classes when rightSidebarToggle is false" name="Right Sidebar Should apply the correct visibility styles and classes when rightSidebarToggle is false" time="0.162">
    </testcase>
  </testsuite>
  <testsuite name="apps/peer/app/_dashboard/containers/exchange-selector/exchange-selector.component.spec.ts" errors="0" failures="0" skipped="0" timestamp="2019-08-05T19:50:16" time="2.52" tests="7">
    <testcase classname="Peer Dashboard - Exchange Selector should dispatch OpenExchangeAccessModal action when openRequestAccessModal is called" name="Peer Dashboard - Exchange Selector should dispatch OpenExchangeAccessModal action when openRequestAccessModal is called" time="0.252">
    </testcase>
    <testcase classname="Peer Dashboard - Exchange Selector should close the popover when clicking on an exchange" name="Peer Dashboard - Exchange Selector should close the popover when clicking on an exchange" time="0.217">
    </testcase>
    <testcase classname="Peer Dashboard - Exchange Selector should dispatch a SaveUiPersistenceSetting when clicking on an exchange" name="Peer Dashboard - Exchange Selector should dispatch a SaveUiPersistenceSetting when clicking on an exchange" time="0.167">
    </testcase>
    <testcase classname="Peer Dashboard - Exchange Selector should navigate to the exchangeId of the exchange that was clicked on" name="Peer Dashboard - Exchange Selector should navigate to the exchangeId of the exchange that was clicked on" time="0.164">
    </testcase>
    <testcase classname="Peer Dashboard - Exchange Selector should close the popover when opening the request access modal" name="Peer Dashboard - Exchange Selector should close the popover when opening the request access modal" time="0.11">
    </testcase>
    <testcase classname="Peer Dashboard - Exchange Selector should dispatch a LoadExchanges action if when upon init there is no exchanges" name="Peer Dashboard - Exchange Selector should dispatch a LoadExchanges action if when upon init there is no exchanges" time="0.138">
    </testcase>
    <testcase classname="Peer Dashboard - Exchange Selector should display the currently selected exchange name" name="Peer Dashboard - Exchange Selector should display the currently selected exchange name" time="0.127">
    </testcase>
  </testsuite>
  <testsuite name="apps/admin/app/_company-admin/containers/user-role-functions-tab/user-role-function-tab.component.spec.ts" errors="0" failures="0" skipped="0" timestamp="2019-08-05T19:50:17" time="1.386" tests="2">
    <testcase classname="UserRoleFunctionTabComponent Page load" name="UserRoleFunctionTabComponent Page load" time="0.229">
    </testcase>
    <testcase classname="UserRoleFunctionTabComponent Check parents checkbox" name="UserRoleFunctionTabComponent Check parents checkbox" time="0.091">
    </testcase>
  </testsuite>
  <testsuite name="apps/comphub/app/_main/containers/pages/comphub/comphub.page.spec.ts" errors="0" failures="0" skipped="0" timestamp="2019-08-05T19:50:15" time="3.645" tests="3">
    <testcase classname="Comphub - Main - Comphub Page should dispatch a NavigateToCard action, when handling a card change and the page is enabled" name="Comphub - Main - Comphub Page should dispatch a NavigateToCard action, when handling a card change and the page is enabled" time="0.27">
    </testcase>
    <testcase classname="Comphub - Main - Comphub Page should NOT dispatch a NavigateToCard action, when handling a card change and the page is not enabled" name="Comphub - Main - Comphub Page should NOT dispatch a NavigateToCard action, when handling a card change and the page is not enabled" time="1.683">
    </testcase>
    <testcase classname="Comphub - Main - Comphub Page should track by the accordion Id" name="Comphub - Main - Comphub Page should track by the accordion Id" time="0.158">
    </testcase>
  </testsuite>
  <testsuite name="apps/admin/app/_org-data-loader/containers/company-selector/company-selector.component.spec.ts" errors="0" failures="0" skipped="0" timestamp="2019-08-05T19:50:17" time="1.244" tests="3">
    <testcase classname="CompanySelectorComponent should create" name="CompanySelectorComponent should create" time="0.149">
    </testcase>
    <testcase classname="CompanySelectorComponent should show a spinner when Companies are loading" name="CompanySelectorComponent should show a spinner when Companies are loading" time="0.276">
    </testcase>
    <testcase classname="CompanySelectorComponent should show a dropdown with companies when Companies are done loading" name="CompanySelectorComponent should show a dropdown with companies when Companies are done loading" time="0.065">
    </testcase>
  </testsuite>
  <testsuite name="apps/community/app/_main/components/community-search/community-search.component.spec.ts" errors="0" failures="0" skipped="0" timestamp="2019-08-05T19:50:17" time="1.133" tests="1">
    <testcase classname="CommunitySearchComponent should show community search component" name="CommunitySearchComponent should show community search component" time="0.352">
    </testcase>
  </testsuite>
  <testsuite name="libs/features/peer/map/components/exclude-indirect-matches-filter/exclude-indirect-matches-filter.component.spec.ts" errors="0" failures="0" skipped="0" timestamp="2019-08-05T19:50:17" time="1.627" tests="2">
    <testcase classname="Features - Peer - Exclude Indirect Matches Filter should display appropriate label" name="Features - Peer - Exclude Indirect Matches Filter should display appropriate label" time="0.428">
    </testcase>
    <testcase classname="Features - Peer - Exclude Indirect Matches Filter should emit a filterToggled event when handling the switch toggle" name="Features - Peer - Exclude Indirect Matches Filter should emit a filterToggled event when handling the switch toggle" time="0.13">
    </testcase>
  </testsuite>
  <testsuite name="apps/data-insights/app/_main/containers/search-workbook-modal/search-workbook-modal.component.spec.ts" errors="0" failures="0" skipped="0" timestamp="2019-08-05T19:50:17" time="2.191" tests="7">
    <testcase classname="Data Insights - Search Workbook Modal Component should use the modal service to open the modal when open is called" name="Data Insights - Search Workbook Modal Component should use the modal service to open the modal when open is called" time="0.131">
    </testcase>
    <testcase classname="Data Insights - Search Workbook Modal Component should use the modal service to dismiss the modal, when close is called" name="Data Insights - Search Workbook Modal Component should use the modal service to dismiss the modal, when close is called" time="0.182">
    </testcase>
    <testcase classname="Data Insights - Search Workbook Modal Component should return workbooks contains search value when search value changed" name="Data Insights - Search Workbook Modal Component should return workbooks contains search value when search value changed" time="0.14">
    </testcase>
    <testcase classname="Data Insights - Search Workbook Modal Component should return no workbooks when no matching workbook name found" name="Data Insights - Search Workbook Modal Component should return no workbooks when no matching workbook name found" time="0.083">
    </testcase>
    <testcase classname="Data Insights - Search Workbook Modal Component should return top 5 workbooks in alphabetical order when matching found" name="Data Insights - Search Workbook Modal Component should return top 5 workbooks in alphabetical order when matching found" time="0.072">
    </testcase>
    <testcase classname="Data Insights - Search Workbook Modal Component should dispatch GetCompanyWorkbookViews when open views clicked and views has not been loaded" name="Data Insights - Search Workbook Modal Component should dispatch GetCompanyWorkbookViews when open views clicked and views has not been loaded" time="0.052">
    </testcase>
    <testcase classname="Data Insights - Search Workbook Modal Component should NOT dispatch GetCompanyWorkbookViews when open views clicked and views already loaded" name="Data Insights - Search Workbook Modal Component should NOT dispatch GetCompanyWorkbookViews when open views clicked and views already loaded" time="0.059">
    </testcase>
  </testsuite>
  <testsuite name="apps/community/app/_main/components/community-avatar/community-avatar.component.spec.ts" errors="0" failures="0" skipped="0" timestamp="2019-08-05T19:50:17" time="2.329" tests="5">
    <testcase classname="CommunityAvatarComponent should show avatar component" name="CommunityAvatarComponent should show avatar component" time="0.259">
    </testcase>
    <testcase classname="CommunityAvatarComponent should display reply-size avatar if IsReply === true " name="CommunityAvatarComponent should display reply-size avatar if IsReply === true " time="0.168">
    </testcase>
    <testcase classname="CommunityAvatarComponent should display post-size avatar if IsReply === false " name="CommunityAvatarComponent should display post-size avatar if IsReply === false " time="0.304">
    </testcase>
    <testcase classname="CommunityAvatarComponent should display CompanyLogoSource if AvatarSource === default_user.png and CompanyLogoSource !== null" name="CommunityAvatarComponent should display CompanyLogoSource if AvatarSource === default_user.png and CompanyLogoSource !== null" time="0.087">
    </testcase>
    <testcase classname="CommunityAvatarComponent should display default avatar if AvatarSource === default_user.png" name="CommunityAvatarComponent should display default avatar if AvatarSource === default_user.png" time="0.086">
    </testcase>
  </testsuite>
  <testsuite name="apps/admin/app/_peer/containers/exchange-access-request-info/exchange-access-request-info.component.spec.ts" errors="0" failures="0" skipped="0" timestamp="2019-08-05T19:50:18" time="1.606" tests="2">
    <testcase classname="Exchange Access Requests Info should match snapshot" name="Exchange Access Requests Info should match snapshot" time="0.11">
    </testcase>
    <testcase classname="Exchange Access Requests Info should emit a closeClicked event, when the close button is clicked" name="Exchange Access Requests Info should emit a closeClicked event, when the close button is clicked" time="0.276">
    </testcase>
  </testsuite>
  <testsuite name="libs/forms/components/location-search/location-search.component.spec.ts" errors="0" failures="0" skipped="0" timestamp="2019-08-05T19:50:19" time="1.178" tests="2">
    <testcase classname="LocationSearchComponent should call suggestedLocationsSelectionMoveUp when onKeyDown with ArrowUp key" name="LocationSearchComponent should call suggestedLocationsSelectionMoveUp when onKeyDown with ArrowUp key" time="0.1">
    </testcase>
    <testcase classname="LocationSearchComponent should call suggestedLocationsSelectionMoveDown when onKeyDown with ArrowDown key" name="LocationSearchComponent should call suggestedLocationsSelectionMoveDown when onKeyDown with ArrowDown key" time="0.063">
    </testcase>
  </testsuite>
  <testsuite name="apps/project/app/_multi-match/containers/jobs-to-price-container/job-to-price-container.component.spec.ts" errors="0" failures="0" skipped="0" timestamp="2019-08-05T19:50:15" time="5.101" tests="4">
    <testcase classname="Project - MultiMatch - JobToPrice Container Component should get job match cuts when load cuts clicked" name="Project - MultiMatch - JobToPrice Container Component should get job match cuts when load cuts clicked" time="0.256">
    </testcase>
    <testcase classname="Project - MultiMatch - JobToPrice Container Component should not get job match cuts when load cuts clicked but job has no cuts" name="Project - MultiMatch - JobToPrice Container Component should not get job match cuts when load cuts clicked but job has no cuts" time="0.121">
    </testcase>
    <testcase classname="Project - MultiMatch - JobToPrice Container Component should not get job match cuts when load cuts clicked but job cuts already loaded" name="Project - MultiMatch - JobToPrice Container Component should not get job match cuts when load cuts clicked but job cuts already loaded" time="0.148">
    </testcase>
    <testcase classname="Project - MultiMatch - JobToPrice Container Component should dispatch a delete cut action when job cut deleted" name="Project - MultiMatch - JobToPrice Container Component should dispatch a delete cut action when job cut deleted" time="0.223">
    </testcase>
  </testsuite>
  <testsuite name="apps/peer/app/_dashboard/containers/chart-detail/chart-detail.component.spec.ts" errors="0" failures="0" skipped="0" timestamp="2019-08-05T19:50:18" time="2.47" tests="4">
    <testcase classname="Peer Dashboard - Chart Detail should show the chart detail component" name="Peer Dashboard - Chart Detail should show the chart detail component" time="0.228">
    </testcase>
    <testcase classname="Peer Dashboard - Chart Detail should dispatch the CloseSidebar action when clicking the close button" name="Peer Dashboard - Chart Detail should dispatch the CloseSidebar action when clicking the close button" time="0.303">
    </testcase>
    <testcase classname="Peer Dashboard - Chart Detail should NOT show card body header when detailChartType$ is Company" name="Peer Dashboard - Chart Detail should NOT show card body header when detailChartType$ is Company" time="0.125">
    </testcase>
    <testcase classname="Peer Dashboard - Chart Detail should show a card header of &apos;Exchange Job Orgs&apos; when the detailCharType$ is ExchangeJobOrgs" name="Peer Dashboard - Chart Detail should show a card header of &apos;Exchange Job Orgs&apos; when the detailCharType$ is ExchangeJobOrgs" time="0.132">
    </testcase>
  </testsuite>
  <testsuite name="apps/admin/app/_peer/containers/delete-exchange-modal/delete-exchange-modal.component.spec.ts" errors="0" failures="0" skipped="0" timestamp="2019-08-05T19:50:18" time="1.791" tests="3">
    <testcase classname="Delete Exchange Modal should match snapshot on init" name="Delete Exchange Modal should match snapshot on init" time="0.191">
    </testcase>
    <testcase classname="Delete Exchange Modal should dispatch DeleteExchange action when handleDeleteConfirmed is triggered" name="Delete Exchange Modal should dispatch DeleteExchange action when handleDeleteConfirmed is triggered" time="0.178">
    </testcase>
    <testcase classname="Delete Exchange Modal should dispatch CloseDeleteExchangeModal action when handleDeleteDenied is triggered" name="Delete Exchange Modal should dispatch CloseDeleteExchangeModal action when handleDeleteDenied is triggered" time="0.064">
    </testcase>
  </testsuite>
  <testsuite name="apps/pf-admin/app/_utilities/components/data-list-card/data-list-card.component.spec.ts" errors="0" failures="0" skipped="0" timestamp="2019-08-05T19:50:19" time="1.587" tests="4">
    <testcase classname="Pf-Admin - Utilities - Data List Card Should emit that an item was clicked with the value, when handling a company click" name="Pf-Admin - Utilities - Data List Card Should emit that an item was clicked with the value, when handling a company click" time="0.139">
    </testcase>
    <testcase classname="Pf-Admin - Utilities - Data List Card Should emit that the filter has changed with the value when handling the search term changing" name="Pf-Admin - Utilities - Data List Card Should emit that the filter has changed with the value when handling the search term changing" time="0.067">
    </testcase>
    <testcase classname="Pf-Admin - Utilities - Data List Card Should set the filter when handling the search term changing" name="Pf-Admin - Utilities - Data List Card Should set the filter when handling the search term changing" time="0.167">
    </testcase>
    <testcase classname="Pf-Admin - Utilities - Data List Card Should track items by the data list items Id" name="Pf-Admin - Utilities - Data List Card Should track items by the data list items Id" time="0.078">
    </testcase>
  </testsuite>
  <testsuite name="apps/peer/app/_manage/containers/company-job-and-exchange-detail/company-job-and-exchange-detail.component.spec.ts" errors="0" failures="0" skipped="0" timestamp="2019-08-05T19:50:18" time="2.276" tests="4">
    <testcase classname="CompanyJobAndExchangeDetailComponent should create" name="CompanyJobAndExchangeDetailComponent should create" time="0.206">
    </testcase>
    <testcase classname="CompanyJobAndExchangeDetailComponent should render the exchange job detail panel when the selected company job is associated" name="CompanyJobAndExchangeDetailComponent should render the exchange job detail panel when the selected company job is associated" time="0.237">
    </testcase>
    <testcase classname="CompanyJobAndExchangeDetailComponent should render the exchange job search panel when the selected company job is not associated" name="CompanyJobAndExchangeDetailComponent should render the exchange job search panel when the selected company job is not associated" time="0.233">
    </testcase>
    <testcase classname="CompanyJobAndExchangeDetailComponent should dispatch the expected action when the close link is clicked" name="CompanyJobAndExchangeDetailComponent should dispatch the expected action when the close link is clicked" time="0.095">
    </testcase>
  </testsuite>
  <testsuite name="libs/features/peer/map/components/pay-market-bounds-filter/pay-market-bounds-filter.component.spec.ts" errors="0" failures="0" skipped="0" timestamp="2019-08-05T19:50:19" time="2.024" tests="3">
    <testcase classname="Features - Peer - Pay Market Bounds Filter should build a paymarket bounds filter label with &apos;Metro&apos; appended when the GeoLabel is &apos;Metro&apos;" name="Features - Peer - Pay Market Bounds Filter should build a paymarket bounds filter label with &apos;Metro&apos; appended when the GeoLabel is &apos;Metro&apos;" time="0.464">
    </testcase>
    <testcase classname="Features - Peer - Pay Market Bounds Filter should build a paymarket bounds filter label with &apos;USA&apos; appended when the Country Code is &apos;USA&apos;" name="Features - Peer - Pay Market Bounds Filter should build a paymarket bounds filter label with &apos;USA&apos; appended when the Country Code is &apos;USA&apos;" time="0.359">
    </testcase>
    <testcase classname="Features - Peer - Pay Market Bounds Filter should emit a limitToPayMarketToggled event when handling the switch toggle" name="Features - Peer - Pay Market Bounds Filter should emit a limitToPayMarketToggled event when handling the switch toggle" time="0.097">
    </testcase>
  </testsuite>
  <testsuite name="apps/community/app/_main/containers/community-search-result-modal/community-search-result-modal.component.spec.ts" errors="0" failures="0" skipped="0" timestamp="2019-08-05T19:50:18" time="3.052" tests="8">
    <testcase classname="CommunityPostSearchResultComponent should show a modal with when communityPost has value" name="CommunityPostSearchResultComponent should show a modal with when communityPost has value" time="0.281">
    </testcase>
    <testcase classname="CommunityPostSearchResultComponent should dispatch GettingCommunityPost actions when getting communitySearchResultModal$ with valid result" name="CommunityPostSearchResultComponent should dispatch GettingCommunityPost actions when getting communitySearchResultModal$ with valid result" time="0.282">
    </testcase>
    <testcase classname="CommunityPostSearchResultComponent should dispatch CloseSearchResultModal action when handleModalDismissed() is called" name="CommunityPostSearchResultComponent should dispatch CloseSearchResultModal action when handleModalDismissed() is called" time="0.152">
    </testcase>
    <testcase classname="CommunityPostSearchResultComponent should dismiss modal when hash tag clicked" name="CommunityPostSearchResultComponent should dismiss modal when hash tag clicked" time="0.194">
    </testcase>
    <testcase classname="CommunityPostSearchResultComponent should route to community dashboard when hash tag clicked" name="CommunityPostSearchResultComponent should route to community dashboard when hash tag clicked" time="0.171">
    </testcase>
    <testcase classname="CommunityPostSearchResultComponent should not route to community dashboard if hash is null" name="CommunityPostSearchResultComponent should not route to community dashboard if hash is null" time="0.075">
    </testcase>
    <testcase classname="CommunityPostSearchResultComponent should not route to community dashboard if hash is empty" name="CommunityPostSearchResultComponent should not route to community dashboard if hash is empty" time="0.123">
    </testcase>
    <testcase classname="CommunityPostSearchResultComponent should not route to community dashboard if hash string does not contain hashtag" name="CommunityPostSearchResultComponent should not route to community dashboard if hash string does not contain hashtag" time="0.07">
    </testcase>
  </testsuite>
  <testsuite name="apps/comphub/app/_main/components/salary-bar-chart/salary-bar-chart.component.spec.ts" errors="0" failures="0" skipped="0" timestamp="2019-08-05T19:50:19" time="2.19" tests="4">
    <testcase classname="Comphub - Salary Bar Chart Component should values to 2 decimal places when using hourly" name="Comphub - Salary Bar Chart Component should values to 2 decimal places when using hourly" time="0.21">
    </testcase>
    <testcase classname="Comphub - Salary Bar Chart Component should display values to 1 decimal place when using annual" name="Comphub - Salary Bar Chart Component should display values to 1 decimal place when using annual" time="0.269">
    </testcase>
    <testcase classname="Comphub - Salary Bar Chart Component should convert annual values to hourly values" name="Comphub - Salary Bar Chart Component should convert annual values to hourly values" time="0.086">
    </testcase>
    <testcase classname="Comphub - Salary Bar Chart Component should convert annual values to thousands when annual" name="Comphub - Salary Bar Chart Component should convert annual values to thousands when annual" time="0.245">
    </testcase>
  </testsuite>
  <testsuite name="libs/features/peer/map/components/filter-aggregate/filter-aggregate.component.spec.ts" errors="0" failures="0" skipped="0" timestamp="2019-08-05T19:50:20" time="1.698" tests="4">
    <testcase classname="Legacy Content - Peer - Filter Aggregate Component should emit an aggregateSelected event with a FilterAggregateItem when handling AggregateSelected" name="Legacy Content - Peer - Filter Aggregate Component should emit an aggregateSelected event with a FilterAggregateItem when handling AggregateSelected" time="0.271">
    </testcase>
    <testcase classname="Legacy Content - Peer - Filter Aggregate Component should NOT emit an aggregateSelected event with a FilterAggregateItem when handling AggregateSelected
  and Count is 0 and Selected is false" name="Legacy Content - Peer - Filter Aggregate Component should NOT emit an aggregateSelected event with a FilterAggregateItem when handling AggregateSelected
  and Count is 0 and Selected is false" time="0.063">
    </testcase>
    <testcase classname="Legacy Content - Peer - Filter Aggregate Component should be disabled if the aggregate Count is 0 and Selected is false" name="Legacy Content - Peer - Filter Aggregate Component should be disabled if the aggregate Count is 0 and Selected is false" time="0.099">
    </testcase>
    <testcase classname="Legacy Content - Peer - Filter Aggregate Component should NOT be disabled if the aggregate Count is 0 and Selected is true" name="Legacy Content - Peer - Filter Aggregate Component should NOT be disabled if the aggregate Count is 0 and Selected is true" time="0.089">
    </testcase>
  </testsuite>
  <testsuite name="apps/admin/app/_peer/containers/toggle-exchange-status-confirmation-modal/toggle-exchange-status-confirmation-modal.component.spec.ts" errors="0" failures="0" skipped="0" timestamp="2019-08-05T19:50:20" time="1.513" tests="4">
    <testcase classname="Exchange Management - Toggle Exchange Status Confirmation Modal should display &apos;Deactivate&apos; verbiage when exchange is active" name="Exchange Management - Toggle Exchange Status Confirmation Modal should display &apos;Deactivate&apos; verbiage when exchange is active" time="0.128">
    </testcase>
    <testcase classname="Exchange Management - Toggle Exchange Status Confirmation Modal should display &apos;Activate&apos; verbiage when exchange is inactive" name="Exchange Management - Toggle Exchange Status Confirmation Modal should display &apos;Activate&apos; verbiage when exchange is inactive" time="0.17">
    </testcase>
    <testcase classname="Exchange Management - Toggle Exchange Status Confirmation Modal should dispatch an UpdateExchangeStatus action when handleToggleConfirmed is triggered" name="Exchange Management - Toggle Exchange Status Confirmation Modal should dispatch an UpdateExchangeStatus action when handleToggleConfirmed is triggered" time="0.04">
    </testcase>
    <testcase classname="Exchange Management - Toggle Exchange Status Confirmation Modal should dispatch CloseToggleExchangeStatusModal action when handleModalDismissed is triggered" name="Exchange Management - Toggle Exchange Status Confirmation Modal should dispatch CloseToggleExchangeStatusModal action when handleModalDismissed is triggered" time="0.053">
    </testcase>
  </testsuite>
  <testsuite name="libs/features/peer/map/components/peer-filter-info/peer-filter-info.component.spec.ts" errors="0" failures="0" skipped="0" timestamp="2019-08-05T19:50:21" time="1.28" tests="2">
    <testcase classname="Feature - Peer - Pay Market Filter Info Component should provide correct values to the pf-peer-filter-info component" name="Feature - Peer - Pay Market Filter Info Component should provide correct values to the pf-peer-filter-info component" time="0.134">
    </testcase>
    <testcase classname="Feature - Peer - Pay Market Filter Info Component should emit a resetAllFiltersClicked event when handling ResetFiltersLinkClicked" name="Feature - Peer - Pay Market Filter Info Component should emit a resetAllFiltersClicked event when handling ResetFiltersLinkClicked" time="0.147">
    </testcase>
  </testsuite>
  <testsuite name="libs/features/search/containers/single-filter/single-filter.component.spec.ts" errors="0" failures="0" skipped="0" timestamp="2019-08-05T19:50:21" time="1.412" tests="7">
    <testcase classname="Search Feature - Single Filter should dispatch a SearchAggregation action upon init" name="Search Feature - Single Filter should dispatch a SearchAggregation action upon init" time="0.099">
    </testcase>
    <testcase classname="Search Feature - Single Filter should dispatch a ToggleFilterSearch action when going back to all filters" name="Search Feature - Single Filter should dispatch a ToggleFilterSearch action when going back to all filters" time="0.066">
    </testcase>
    <testcase classname="Search Feature - Single Filter should dispatch a ToggleMultiSelectOption action for the singled filter" name="Search Feature - Single Filter should dispatch a ToggleMultiSelectOption action for the singled filter" time="0.058">
    </testcase>
    <testcase classname="Search Feature - Single Filter should dispatch a ToggleMultiSelectOption action for the search filters when handling an option selected" name="Search Feature - Single Filter should dispatch a ToggleMultiSelectOption action for the search filters when handling an option selected" time="0.106">
    </testcase>
    <testcase classname="Search Feature - Single Filter should dispatch a ClearFilter action for the search filters when handling a clear section" name="Search Feature - Single Filter should dispatch a ClearFilter action for the search filters when handling a clear section" time="0.099">
    </testcase>
    <testcase classname="Search Feature - Single Filter should dispatch a ClearSelections action for the singled filter when handling a clear section" name="Search Feature - Single Filter should dispatch a ClearSelections action for the singled filter when handling a clear section" time="0.105">
    </testcase>
    <testcase classname="Search Feature - Single Filter should dispatch a SearchAggregation action for the singled filter when handling a search value changed" name="Search Feature - Single Filter should dispatch a SearchAggregation action for the singled filter when handling a search value changed" time="0.067">
    </testcase>
  </testsuite>
  <testsuite name="libs/ui/common/loading/async-container/async-container.component.spec.ts" errors="0" failures="0" skipped="0" timestamp="2019-08-05T19:50:21" time="1.396" tests="6">
    <testcase classname="Async Container should not show the .loading-blanket, when it is not loading, and there is no loading error" name="Async Container should not show the .loading-blanket, when it is not loading, and there is no loading error" time="0.08">
    </testcase>
    <testcase classname="Async Container should show the pf-loading-indicator, when we are loading" name="Async Container should show the pf-loading-indicator, when we are loading" time="0.119">
    </testcase>
    <testcase classname="Async Container should show the pf-error-indicator and reload button, when there is a loading error" name="Async Container should show the pf-error-indicator and reload button, when there is a loading error" time="0.105">
    </testcase>
    <testcase classname="Async Container should show the pf-error-indicator and no reload button, when there is a loading error and hiding reload button" name="Async Container should show the pf-error-indicator and no reload button, when there is a loading error and hiding reload button" time="0.101">
    </testcase>
    <testcase classname="Async Container should transclude" name="Async Container should transclude" time="0.198">
    </testcase>
    <testcase classname="Async Container should emit a reload event, when the reload button is clicked" name="Async Container should emit a reload event, when the reload button is clicked" time="0.13">
    </testcase>
  </testsuite>
  <testsuite name="apps/admin/app/_company-admin/components/data-field-filter/data-field-filter.component.spec.ts" errors="0" failures="0" skipped="0" timestamp="2019-08-05T19:50:21" time="1.43" tests="1">
    <testcase classname="DataFieldFilterComponent should create" name="DataFieldFilterComponent should create" time="0.386">
    </testcase>
  </testsuite>
  <testsuite name="apps/legacy-content/app/_peer/components/guidelines-badge/guidelines-badge.component.spec.ts" errors="0" failures="0" skipped="0" timestamp="2019-08-05T19:50:20" time="2.318" tests="3">
    <testcase classname="Legacy Content - Peer - Guidelines Badge Component should NOT display failing label when passingGuidelines is true" name="Legacy Content - Peer - Guidelines Badge Component should NOT display failing label when passingGuidelines is true" time="0.273">
    </testcase>
    <testcase classname="Legacy Content - Peer - Guidelines Badge Component should display failing label when passingGuidelines is false" name="Legacy Content - Peer - Guidelines Badge Component should display failing label when passingGuidelines is false" time="0.226">
    </testcase>
    <testcase classname="Legacy Content - Peer - Guidelines Badge Component should display warning label when hasNoDominatingData is false and passingGuidelines is true" name="Legacy Content - Peer - Guidelines Badge Component should display warning label when hasNoDominatingData is false and passingGuidelines is true" time="0.191">
    </testcase>
  </testsuite>
  <testsuite name="apps/peer/app/_dashboard/containers/pages/no-exchanges/no-exchanges.page.spec.ts" errors="0" failures="0" skipped="0" timestamp="2019-08-05T19:50:20" time="2.249" tests="1">
    <testcase classname="Peer Dashboard - Exchange Selector should dispatch OpenExchangeAccessModal action when openRequestAccessModal is called" name="Peer Dashboard - Exchange Selector should dispatch OpenExchangeAccessModal action when openRequestAccessModal is called" time="0.162">
    </testcase>
  </testsuite>
  <testsuite name="apps/comphub/app/_main/containers/cards/card-layout/card-layout.component.spec.ts" errors="0" failures="0" skipped="0" timestamp="2019-08-05T19:50:20" time="2.595" tests="7">
    <testcase classname="Comphub - Main - Card Layout should dispatch a NavigateToNextCard action, when handling the next button click" name="Comphub - Main - Card Layout should dispatch a NavigateToNextCard action, when handling the next button click" time="0.225">
    </testcase>
    <testcase classname="Comphub - Main - Card Layout should dispatch a NavigateToPreviousCard action, when handling the back button click" name="Comphub - Main - Card Layout should dispatch a NavigateToPreviousCard action, when handling the back button click" time="0.24">
    </testcase>
    <testcase classname="Comphub - Main - Card Layout should hide the back button, when told to" name="Comphub - Main - Card Layout should hide the back button, when told to" time="0.217">
    </testcase>
    <testcase classname="Comphub - Main - Card Layout should hide the next button, when told to" name="Comphub - Main - Card Layout should hide the next button, when told to" time="0.136">
    </testcase>
    <testcase classname="Comphub - Main - Card Layout should disable next button, when told to" name="Comphub - Main - Card Layout should disable next button, when told to" time="0.136">
    </testcase>
    <testcase classname="Comphub - Main - Card Layout should open the modal via the modal service when handling a close button click" name="Comphub - Main - Card Layout should open the modal via the modal service when handling a close button click" time="0.198">
    </testcase>
    <testcase classname="Comphub - Main - Card Layout should set the window location to the dashboard, when handling the confirm close app click" name="Comphub - Main - Card Layout should set the window location to the dashboard, when handling the confirm close app click" time="0.092">
    </testcase>
  </testsuite>
  <testsuite name="apps/admin/app/_tickets/containers/ticket-comment/ticket-comment.component.spec.ts" errors="0" failures="0" skipped="0" timestamp="2019-08-05T19:50:22" time="1.373" tests="3">
    <testcase classname="Admin - Tickets - Comments Detail Should emit a remove event on remove click" name="Admin - Tickets - Comments Detail Should emit a remove event on remove click" time="0.233">
    </testcase>
    <testcase classname="Admin - Tickets - Comments Detail Should emit a save event on save button click" name="Admin - Tickets - Comments Detail Should emit a save event on save button click" time="0.122">
    </testcase>
    <testcase classname="Admin - Tickets - Comments Detail Should not emit a save event on save button click when ticket has no value" name="Admin - Tickets - Comments Detail Should not emit a save event on save button click when ticket has no value" time="0.102">
    </testcase>
  </testsuite>
  <testsuite name="libs/ui/layout-wrapper/components/user-menu/user-menu-avatar.component.spec.ts" errors="0" failures="0" skipped="0" timestamp="2019-08-05T19:50:22" time="1.034" tests="3">
    <testcase classname="User Menu Avatar should show the user avatar when one exists" name="User Menu Avatar should show the user avatar when one exists" time="0.078">
    </testcase>
    <testcase classname="User Menu Avatar should show the users initials when user picture is set to default avatar" name="User Menu Avatar should show the users initials when user picture is set to default avatar" time="0.06">
    </testcase>
    <testcase classname="User Menu Avatar should show the users initials when user picture is null" name="User Menu Avatar should show the users initials when user picture is null" time="0.114">
    </testcase>
  </testsuite>
  <testsuite name="libs/features/pf-admin/users/containers/pages/users-list/users-list.page.spec.ts" errors="0" failures="0" skipped="0" timestamp="2019-08-05T19:50:22" time="1.199" tests="3">
    <testcase classname="Pf-Admin - Users - Users List Page Should show the page with search bar" name="Pf-Admin - Users - Users List Page Should show the page with search bar" time="0.105">
    </testcase>
    <testcase classname="Pf-Admin - Users - Users List Page Should dispatch an updateUserSearchTerm action when updateUserSearchterm is triggered" name="Pf-Admin - Users - Users List Page Should dispatch an updateUserSearchTerm action when updateUserSearchterm is triggered" time="0.128">
    </testcase>
    <testcase classname="Pf-Admin - Users - Users List Page Should navigate to the add user page when the add user button is clicked" name="Pf-Admin - Users - Users List Page Should navigate to the add user page when the add user button is clicked" time="0.056">
    </testcase>
  </testsuite>
  <testsuite name="libs/features/search/components/filter-types/multi-select-filter/multi-select-filter.component.spec.ts" errors="0" failures="0" skipped="0" timestamp="2019-08-05T19:50:22" time="2.146" tests="2">
    <testcase classname="Search Feature - Multi Select Filter should emit an object with a filterId and an option when handling an option selected" name="Search Feature - Multi Select Filter should emit an object with a filterId and an option when handling an option selected" time="0.113">
    </testcase>
    <testcase classname="Search Feature - Multi Select Filter should not emit anything when the option selected is disabled" name="Search Feature - Multi Select Filter should not emit anything when the option selected is disabled" time="0.075">
    </testcase>
  </testsuite>
  <testsuite name="apps/admin/app/_company-admin/containers/save-password-settings-modal/save-password-settings-modal.component.spec.ts" errors="0" failures="0" skipped="0" timestamp="2019-08-05T19:50:22" time="2.282" tests="3">
    <testcase classname="SavePasswordSettingsModalComponent should create" name="SavePasswordSettingsModalComponent should create" time="0.094">
    </testcase>
    <testcase classname="SavePasswordSettingsModalComponent SavePasswordSettingsModalComponent - should dispatch SaveCompanyAdminPasswordSettings on confirmation" name="SavePasswordSettingsModalComponent SavePasswordSettingsModalComponent - should dispatch SaveCompanyAdminPasswordSettings on confirmation" time="0.044">
    </testcase>
    <testcase classname="SavePasswordSettingsModalComponent SavePasswordSettingsModalComponent - should dispatch SaveCompanyAdminPasswordSettingsPromptClose on cancel" name="SavePasswordSettingsModalComponent SavePasswordSettingsModalComponent - should dispatch SaveCompanyAdminPasswordSettingsPromptClose on cancel" time="0.085">
    </testcase>
  </testsuite>
  <testsuite name="apps/community/app/_main/components/community-post-content/community-post-content.component.spec.ts" errors="0" failures="0" skipped="0" timestamp="2019-08-05T19:50:23" time="1.634" tests="2">
    <testcase classname="CommunityPostContentComponent should show community post content" name="CommunityPostContentComponent should show community post content" time="0.081">
    </testcase>
    <testcase classname="CommunityPostContentComponent should emit tag clicked on tagClicked" name="CommunityPostContentComponent should emit tag clicked on tagClicked" time="0.024">
    </testcase>
  </testsuite>
  <testsuite name="apps/admin/app/_peer/containers/delete-company-modal/delete-company-modal.component.spec.ts" errors="0" failures="0" skipped="0" timestamp="2019-08-05T19:50:22" time="2.825" tests="3">
    <testcase classname="Delete Company Modal should match snapshot on init" name="Delete Company Modal should match snapshot on init" time="0.132">
    </testcase>
    <testcase classname="Delete Company Modal should dispatch DeletingExchangeCompany action when handleDeleteConfirmed is triggered" name="Delete Company Modal should dispatch DeletingExchangeCompany action when handleDeleteConfirmed is triggered" time="0.078">
    </testcase>
    <testcase classname="Delete Company Modal should dispatch CloseDeleteExchangeCompanyModal action when handleDeleteDenied is triggered" name="Delete Company Modal should dispatch CloseDeleteExchangeCompanyModal action when handleDeleteDenied is triggered" time="0.467">
    </testcase>
  </testsuite>
  <testsuite name="apps/admin/app/_tickets/containers/attachment-detail-card/attachment-detail-card.component.spec.ts" errors="0" failures="0" skipped="0" timestamp="2019-08-05T19:50:22" time="2.956" tests="2">
    <testcase classname="Admin - Tickets - Attachment Detail Card Should display details about a ticket" name="Admin - Tickets - Attachment Detail Card Should display details about a ticket" time="0.455">
    </testcase>
    <testcase classname="Admin - Tickets - Attachment Detail Card should dispatch a model open action on a delete request" name="Admin - Tickets - Attachment Detail Card should dispatch a model open action on a delete request" time="0.207">
    </testcase>
  </testsuite>
  <testsuite name="apps/community/app/_main/containers/community-categories/community-categories.component.spec.ts" errors="0" failures="0" skipped="0" timestamp="2019-08-05T19:50:21" time="4.02" tests="5">
    <testcase classname="CommunityCategoriesComponent should show community categories" name="CommunityCategoriesComponent should show community categories" time="0.327">
    </testcase>
    <testcase classname="CommunityCategoriesComponent should dispatch a Get Community Categories on init" name="CommunityCategoriesComponent should dispatch a Get Community Categories on init" time="0.106">
    </testcase>
    <testcase classname="CommunityCategoriesComponent should navigate to the job postings if job postings category clicked" name="CommunityCategoriesComponent should navigate to the job postings if job postings category clicked" time="0.107">
    </testcase>
    <testcase classname="CommunityCategoriesComponent should dispatch if My Posts Category clicked" name="CommunityCategoriesComponent should dispatch if My Posts Category clicked" time="0.133">
    </testcase>
    <testcase classname="CommunityCategoriesComponent should set filtered by post to true when observable returns true" name="CommunityCategoriesComponent should set filtered by post to true when observable returns true" time="0.101">
    </testcase>
  </testsuite>
  <testsuite name="apps/community/app/_main/containers/community-polls/community-polls.component.spec.ts" errors="0" failures="0" skipped="0" timestamp="2019-08-05T19:50:23" time="2.695" tests="3">
    <testcase classname="ItemFormControlComponent should show polls" name="ItemFormControlComponent should show polls" time="0.199">
    </testcase>
    <testcase classname="ItemFormControlComponent should show the form text" name="ItemFormControlComponent should show the form text" time="0.188">
    </testcase>
    <testcase classname="ItemFormControlComponent should return true when calling getPollResponse with included CommunityPollId" name="ItemFormControlComponent should return true when calling getPollResponse with included CommunityPollId" time="0.049">
    </testcase>
  </testsuite>
  <testsuite name="apps/peer/app/_manage/containers/exchange-job-search/exchange-job-search.component.spec.ts" errors="0" failures="0" skipped="0" timestamp="2019-08-05T19:50:23" time="2.488" tests="4">
    <testcase classname="ExchangeJobSearchComponent should create" name="ExchangeJobSearchComponent should create" time="0.209">
    </testcase>
    <testcase classname="ExchangeJobSearchComponent should show a no results message when no matches are found" name="ExchangeJobSearchComponent should show a no results message when no matches are found" time="0.177">
    </testcase>
    <testcase classname="ExchangeJobSearchComponent should search results when matches are found" name="ExchangeJobSearchComponent should search results when matches are found" time="0.172">
    </testcase>
    <testcase classname="ExchangeJobSearchComponent should fire the expected actions when no search results are found and reload is clicked" name="ExchangeJobSearchComponent should fire the expected actions when no search results are found and reload is clicked" time="0.135">
    </testcase>
  </testsuite>
  <testsuite name="apps/peer/app/_manage/containers/confirm-unmatch-modal/confirm-unmatch-modal.component.spec.ts" errors="0" failures="0" skipped="0" timestamp="2019-08-05T19:50:25" time="1.178" tests="5">
    <testcase classname="ConfirmUnmatchModalComponent should create" name="ConfirmUnmatchModalComponent should create" time="0.153">
    </testcase>
    <testcase classname="ConfirmUnmatchModalComponent should not render job details if the exchange and company jobs are falsy" name="ConfirmUnmatchModalComponent should not render job details if the exchange and company jobs are falsy" time="0.056">
    </testcase>
    <testcase classname="ConfirmUnmatchModalComponent should render job details if the exchange job and company job are truthy" name="ConfirmUnmatchModalComponent should render job details if the exchange job and company job are truthy" time="0.047">
    </testcase>
    <testcase classname="ConfirmUnmatchModalComponent should dispatch the expected action when the cancel method is invoked" name="ConfirmUnmatchModalComponent should dispatch the expected action when the cancel method is invoked" time="0.069">
    </testcase>
    <testcase classname="ConfirmUnmatchModalComponent should dispatch the expected action when the confirm unmatch method is invoked" name="ConfirmUnmatchModalComponent should dispatch the expected action when the confirm unmatch method is invoked" time="0.065">
    </testcase>
  </testsuite>
  <testsuite name="apps/peer/app/_dashboard/containers/exchange-job-family-chart/exchange-job-family-chart.component.spec.ts" errors="0" failures="0" skipped="0" timestamp="2019-08-05T19:50:25" time="1.551" tests="7">
    <testcase classname="Peer Dashboard - Job Family Chart should show the job family chart and title" name="Peer Dashboard - Job Family Chart should show the job family chart and title" time="0.132">
    </testcase>
    <testcase classname="Peer Dashboard - Job Family Chart should dispatch a LoadDetailChart for the job family on seriesClick" name="Peer Dashboard - Job Family Chart should dispatch a LoadDetailChart for the job family on seriesClick" time="0.048">
    </testcase>
    <testcase classname="Peer Dashboard - Job Family Chart should rotate the category label when there is more than 3 or more items in the chart" name="Peer Dashboard - Job Family Chart should rotate the category label when there is more than 3 or more items in the chart" time="0.057">
    </testcase>
    <testcase classname="Peer Dashboard - Job Family Chart should not rotate the category label when there is less than 3 items in the chart" name="Peer Dashboard - Job Family Chart should not rotate the category label when there is less than 3 items in the chart" time="0.089">
    </testcase>
    <testcase classname="Peer Dashboard - Job Family Chart should show 100% as the max when there is only one item" name="Peer Dashboard - Job Family Chart should show 100% as the max when there is only one item" time="0.061">
    </testcase>
    <testcase classname="Peer Dashboard - Job Family Chart should show 100% as the max when there is no items" name="Peer Dashboard - Job Family Chart should show 100% as the max when there is no items" time="0.048">
    </testcase>
    <testcase classname="Peer Dashboard - Job Family Chart should scale the percentage axis label when there is multiple items" name="Peer Dashboard - Job Family Chart should scale the percentage axis label when there is multiple items" time="0.064">
    </testcase>
  </testsuite>
  <testsuite name="apps/peer/app/_dashboard/containers/invite-company/invite-company-modal/invite-company-modal.component.spec.ts" errors="0" failures="0" skipped="0" timestamp="2019-08-05T19:50:23" time="3.186" tests="12">
    <testcase classname="Peer - Dashboard - Invite Company Modal should set exchange on init" name="Peer - Dashboard - Invite Company Modal should set exchange on init" time="0.19">
    </testcase>
    <testcase classname="Peer - Dashboard - Invite Company Modal should render company selection form component and a &apos;New Company&apos; link when newCompanyFormEnabled is false" name="Peer - Dashboard - Invite Company Modal should render company selection form component and a &apos;New Company&apos; link when newCompanyFormEnabled is false" time="0.113">
    </testcase>
    <testcase classname="Peer - Dashboard - Invite Company Modal should render new company form component and an &apos;Existing Companies&apos; link when newCompanyFormEnabled is true" name="Peer - Dashboard - Invite Company Modal should render new company form component and an &apos;Existing Companies&apos; link when newCompanyFormEnabled is true" time="0.131">
    </testcase>
    <testcase classname="Peer - Dashboard - Invite Company Modal should dispatch a CreateExchangeRequest action of type ReferPayfactorsCompany with an
  ExchangeRequestModel of type ReferNewCompany when newCompanyFormEnabled is true and handleFormSubmit is called" name="Peer - Dashboard - Invite Company Modal should dispatch a CreateExchangeRequest action of type ReferPayfactorsCompany with an
  ExchangeRequestModel of type ReferNewCompany when newCompanyFormEnabled is true and handleFormSubmit is called" time="0.097">
    </testcase>
    <testcase classname="Peer - Dashboard - Invite Company Modal should dispatch a CreateExchangeRequest action of type ReferPayfactorsCompany with an
  ExchangeRequestModel of type ReferPayfactorsCompany when newCompanyFormEnabled is false and handleFormSubmit is called" name="Peer - Dashboard - Invite Company Modal should dispatch a CreateExchangeRequest action of type ReferPayfactorsCompany with an
  ExchangeRequestModel of type ReferPayfactorsCompany when newCompanyFormEnabled is false and handleFormSubmit is called" time="0.161">
    </testcase>
    <testcase classname="Peer - Dashboard - Invite Company Modal should dispatch CloseExchangeRequestModal action of type ReferPayfactorsCompany and set newCompanyFormEnabled to false
  when handleModalDismissed is called" name="Peer - Dashboard - Invite Company Modal should dispatch CloseExchangeRequestModal action of type ReferPayfactorsCompany and set newCompanyFormEnabled to false
  when handleModalDismissed is called" time="0.07">
    </testcase>
    <testcase classname="Peer - Dashboard - Invite Company Modal should dispatch ResetExchangeRequest action of type ReferPayfactorsCompany when newCompanyFormEnabled is toggled off" name="Peer - Dashboard - Invite Company Modal should dispatch ResetExchangeRequest action of type ReferPayfactorsCompany when newCompanyFormEnabled is toggled off" time="0.11">
    </testcase>
    <testcase classname="Peer - Dashboard - Invite Company Modal should not dispatch ResetExchangeRequest action of type ReferPayfactorsCompany when newCompanyFormEnabled is toggled on" name="Peer - Dashboard - Invite Company Modal should not dispatch ResetExchangeRequest action of type ReferPayfactorsCompany when newCompanyFormEnabled is toggled on" time="0.097">
    </testcase>
    <testcase classname="Peer - Dashboard - Invite Company Modal should clear the newCompanyForm when newCompanyFormEnabled is toggled off" name="Peer - Dashboard - Invite Company Modal should clear the newCompanyForm when newCompanyFormEnabled is toggled off" time="0.119">
    </testcase>
    <testcase classname="Peer - Dashboard - Invite Company Modal should clear the companySelectionForm when newCompanyFormEnabled is toggled on" name="Peer - Dashboard - Invite Company Modal should clear the companySelectionForm when newCompanyFormEnabled is toggled on" time="0.075">
    </testcase>
    <testcase classname="Peer - Dashboard - Invite Company Modal should clear the childFormGroup from the requestCompanyForm after form submits" name="Peer - Dashboard - Invite Company Modal should clear the childFormGroup from the requestCompanyForm after form submits" time="0.108">
    </testcase>
    <testcase classname="Peer - Dashboard - Invite Company Modal should have the exchange name in the modalSubtitle" name="Peer - Dashboard - Invite Company Modal should have the exchange name in the modalSubtitle" time="0.078">
    </testcase>
  </testsuite>
  <testsuite name="libs/ui/common/page-layout/page-with-title-bar/page-with-title-bar.component.spec.ts" errors="0" failures="0" skipped="0" timestamp="2019-08-05T19:50:26" time="1.219" tests="3">
    <testcase classname="Page With Title Bar should show the back button, when provided a return Url" name="Page With Title Bar should show the back button, when provided a return Url" time="0.117">
    </testcase>
    <testcase classname="Page With Title Bar should show the back button, when provided an absolute Url" name="Page With Title Bar should show the back button, when provided an absolute Url" time="0.107">
    </testcase>
    <testcase classname="Page With Title Bar should transclude into slots" name="Page With Title Bar should transclude into slots" time="0.206">
    </testcase>
  </testsuite>
  <testsuite name="apps/data-insights/app/_main/components/workbook-views/workbook-views.component.spec.ts" errors="0" failures="0" skipped="0" timestamp="2019-08-05T19:50:26" time="1.298" tests="3">
    <testcase classname="Data Insights - Workbook Views Component should return no views when filtering views and workbook has no views" name="Data Insights - Workbook Views Component should return no views when filtering views and workbook has no views" time="0.154">
    </testcase>
    <testcase classname="Data Insights - Workbook Views Component should return views matching filter text only when filter text provided" name="Data Insights - Workbook Views Component should return views matching filter text only when filter text provided" time="0.202">
    </testcase>
    <testcase classname="Data Insights - Workbook Views Component should return no views when no view names match provided filter text" name="Data Insights - Workbook Views Component should return no views when no view names match provided filter text" time="0.094">
    </testcase>
  </testsuite>
  <testsuite name="libs/ui/common/validation/validation-results.component.spec.ts" errors="0" failures="0" skipped="0" timestamp="2019-08-05T19:50:26" time="1.516" tests="4">
    <testcase classname="Validation Results Component should default to not hiding validation messages when empty" name="Validation Results Component should default to not hiding validation messages when empty" time="0.175">
    </testcase>
    <testcase classname="Validation Results Component should not show table when hide if empty is set" name="Validation Results Component should not show table when hide if empty is set" time="0.221">
    </testcase>
    <testcase classname="Validation Results Component should show an empty grid message" name="Validation Results Component should show an empty grid message" time="0.128">
    </testcase>
    <testcase classname="Validation Results Component should show validation results" name="Validation Results Component should show validation results" time="0.154">
    </testcase>
  </testsuite>
  <testsuite name="apps/pf-admin/app/_utilities/containers/pages/select-company/select-company.page.spec.ts" errors="0" failures="0" skipped="0" timestamp="2019-08-05T19:50:26" time="1.749" tests="3">
    <testcase classname="Pf-Admin - Utilities - Select Company Page Should dispatch a LoadCompaniesListIfEmpty action upon Init" name="Pf-Admin - Utilities - Select Company Page Should dispatch a LoadCompaniesListIfEmpty action upon Init" time="0.258">
    </testcase>
    <testcase classname="Pf-Admin - Utilities - Select Company Page Should dispatch a SetCompanyFilter action with a value, when handling the filter changed" name="Pf-Admin - Utilities - Select Company Page Should dispatch a SetCompanyFilter action with a value, when handling the filter changed" time="0.205">
    </testcase>
    <testcase classname="Pf-Admin - Utilities - Select Company Page Should navigate to the default scopes page for the data list item id, when handling a company click" name="Pf-Admin - Utilities - Select Company Page Should navigate to the default scopes page for the data list item id, when handling a company click" time="0.072">
    </testcase>
  </testsuite>
  <testsuite name="apps/project/app/_add-jobs/containers/paymarkets/paymarkets.component.spec.ts" errors="0" failures="0" skipped="0" timestamp="2019-08-05T19:50:25" time="3.437" tests="6">
    <testcase classname="Project - Add Jobs - Paymarkets Component should dispatch a set search term action, when search term changed" name="Project - Add Jobs - Paymarkets Component should dispatch a set search term action, when search term changed" time="0.598">
    </testcase>
    <testcase classname="Project - Add Jobs - Paymarkets Component should dispatch a toggle paymarket action, when paymarket toggled" name="Project - Add Jobs - Paymarkets Component should dispatch a toggle paymarket action, when paymarket toggled" time="0.225">
    </testcase>
    <testcase classname="Project - Add Jobs - Paymarkets Component should show default badge on default paymarket" name="Project - Add Jobs - Paymarkets Component should show default badge on default paymarket" time="0.184">
    </testcase>
    <testcase classname="Project - Add Jobs - Paymarkets Component should be checked if paymarket is selected" name="Project - Add Jobs - Paymarkets Component should be checked if paymarket is selected" time="0.156">
    </testcase>
    <testcase classname="Project - Add Jobs - Paymarkets Component should not show default badge when paymarket is not default" name="Project - Add Jobs - Paymarkets Component should not show default badge when paymarket is not default" time="0.097">
    </testcase>
    <testcase classname="Project - Add Jobs - Paymarkets Component should show no data message when no paymarkets match filter" name="Project - Add Jobs - Paymarkets Component should show no data message when no paymarkets match filter" time="0.275">
    </testcase>
  </testsuite>
  <testsuite name="apps/admin/app/_tickets/containers/company-detail-card/company-detail-card.component.spec.ts" errors="0" failures="0" skipped="0" timestamp="2019-08-05T19:50:27" time="1.121" tests="1">
    <testcase classname="Admin - Tickets - Company Detail Card Should display details about a company" name="Admin - Tickets - Company Detail Card Should display details about a company" time="0.27">
    </testcase>
  </testsuite>
  <testsuite name="apps/pf-admin/app/_companies/containers/companies-list/companies-list.component.spec.ts" errors="0" failures="0" skipped="0" timestamp="2019-08-05T19:50:21" time="7.063" tests="2">
    <testcase classname="Pf-Admin - Companies - Companies List Component Should dispatch a GetGridSkipAmount Action when the grid page is changed" name="Pf-Admin - Companies - Companies List Component Should dispatch a GetGridSkipAmount Action when the grid page is changed" time="0.501">
    </testcase>
    <testcase classname="Pf-Admin - Companies - Companies List Component Should navigate to the company page when the row is clicked" name="Pf-Admin - Companies - Companies List Component Should navigate to the company page when the row is clicked" time="0.438">
    </testcase>
  </testsuite>
  <testsuite name="apps/auth/app/_registration/services/registration-form-validation.service.spec.ts" errors="0" failures="0" skipped="0" timestamp="2019-08-05T19:50:27" time="1.286" tests="14">
    <testcase classname="RegistrationFormValidationService should be created" name="RegistrationFormValidationService should be created" time="0.047">
    </testcase>
    <testcase classname="RegistrationFormValidationService validateName should accept name with only characters" name="RegistrationFormValidationService validateName should accept name with only characters" time="0.019">
    </testcase>
    <testcase classname="RegistrationFormValidationService validateName should accept name with hyphens" name="RegistrationFormValidationService validateName should accept name with hyphens" time="0.049">
    </testcase>
    <testcase classname="RegistrationFormValidationService validateName should accept name with periods" name="RegistrationFormValidationService validateName should accept name with periods" time="0.028">
    </testcase>
    <testcase classname="RegistrationFormValidationService validateName should accept name with apostrophes" name="RegistrationFormValidationService validateName should accept name with apostrophes" time="0.014">
    </testcase>
    <testcase classname="RegistrationFormValidationService validateName should accept name with spaces" name="RegistrationFormValidationService validateName should accept name with spaces" time="0.027">
    </testcase>
    <testcase classname="RegistrationFormValidationService validateName should accept name with commas" name="RegistrationFormValidationService validateName should accept name with commas" time="0.014">
    </testcase>
    <testcase classname="RegistrationFormValidationService validateName should accept name that begins with a space" name="RegistrationFormValidationService validateName should accept name that begins with a space" time="0.022">
    </testcase>
    <testcase classname="RegistrationFormValidationService validateName should reject name with numbers" name="RegistrationFormValidationService validateName should reject name with numbers" time="0.017">
    </testcase>
    <testcase classname="RegistrationFormValidationService validateName should reject name with special characters" name="RegistrationFormValidationService validateName should reject name with special characters" time="0.122">
    </testcase>
    <testcase classname="RegistrationFormValidationService validateWebsite should accept a website without a protocol" name="RegistrationFormValidationService validateWebsite should accept a website without a protocol" time="0.077">
    </testcase>
    <testcase classname="RegistrationFormValidationService validateWebsite should accept a website with a protocol" name="RegistrationFormValidationService validateWebsite should accept a website with a protocol" time="0.011">
    </testcase>
    <testcase classname="RegistrationFormValidationService validateWebsite should accept a website that ends with a space" name="RegistrationFormValidationService validateWebsite should accept a website that ends with a space" time="0.022">
    </testcase>
    <testcase classname="RegistrationFormValidationService validateWebsite should reject a website with spaces in it" name="RegistrationFormValidationService validateWebsite should reject a website with spaces in it" time="0.022">
    </testcase>
  </testsuite>
  <testsuite name="apps/peer/app/_map/containers/save-exchange-scope-modal/save-exchange-scope-modal.component.spec.ts" errors="0" failures="0" skipped="0" timestamp="2019-08-05T19:50:27" time="2.898" tests="3">
    <testcase classname="Peer - Map - Save Exchange Scope Modal should show the form text and no error messages on init" name="Peer - Map - Save Exchange Scope Modal should show the form text and no error messages on init" time="0.932">
    </testcase>
    <testcase classname="Peer - Map - Save Exchange Scope Modal should dispatch an CloseSaveExchangeScopeModal action when handleModalDismissed is called" name="Peer - Map - Save Exchange Scope Modal should dispatch an CloseSaveExchangeScopeModal action when handleModalDismissed is called" time="0.287">
    </testcase>
    <testcase classname="Peer - Map - Save Exchange Scope Modal should emit an upsertExchangeScopeEvent event with exchangeScopeName when handleFormSubmit is called" name="Peer - Map - Save Exchange Scope Modal should emit an upsertExchangeScopeEvent event with exchangeScopeName when handleFormSubmit is called" time="0.224">
    </testcase>
  </testsuite>
  <testsuite name="apps/dashboard/app/_main/components/tile-preview/chart/tile-preview-chart.component.spec.ts" errors="0" failures="0" skipped="0" timestamp="2019-08-05T19:50:26" time="3.714" tests="5">
    <testcase classname="Tile Preview Chart should show chart label" name="Tile Preview Chart should show chart label" time="0.349">
    </testcase>
    <testcase classname="Tile Preview Chart should set chartComponentData on chartBackButtonClick()" name="Tile Preview Chart should set chartComponentData on chartBackButtonClick()" time="0.452">
    </testcase>
    <testcase classname="Tile Preview Chart should load chart detail data on loadChartDetail()" name="Tile Preview Chart should load chart detail data on loadChartDetail()" time="0.607">
    </testcase>
    <testcase classname="Tile Preview Chart should not show kendo chart when model.ChartComponentData.length = 0" name="Tile Preview Chart should not show kendo chart when model.ChartComponentData.length = 0" time="0.233">
    </testcase>
    <testcase classname="Tile Preview Chart should show kendo chart when model.ChartComponentData.length &gt; 0" name="Tile Preview Chart should show kendo chart when model.ChartComponentData.length &gt; 0" time="0.248">
    </testcase>
  </testsuite>
  <testsuite name="apps/dashboard/app/_main/components/tile-preview/list/tile-preview-list.component.spec.ts" errors="0" failures="0" skipped="0" timestamp="2019-08-05T19:50:26" time="3.374" tests="3">
    <testcase classname="TilePreviewList should show data with columns when data is given and showColumnHeadings is true" name="TilePreviewList should show data with columns when data is given and showColumnHeadings is true" time="1.085">
    </testcase>
    <testcase classname="TilePreviewList should show data without columns when data is given and showColumnHeadings is false" name="TilePreviewList should show data without columns when data is given and showColumnHeadings is false" time="0.246">
    </testcase>
    <testcase classname="TilePreviewList should not display main button when main button url is blank" name="TilePreviewList should not display main button when main button url is blank" time="0.447">
    </testcase>
  </testsuite>
  <testsuite name="apps/project/app/_add-jobs/containers/search-results/search-results.component.spec.ts" errors="0" failures="0" skipped="0" timestamp="2019-08-05T19:50:26" time="3.73" tests="3">
    <testcase classname="Project - Add Jobs - Search Results should dispatch job selection toggle action when clicking on a job" name="Project - Add Jobs - Search Results should dispatch job selection toggle action when clicking on a job" time="0.38">
    </testcase>
    <testcase classname="Project - Add Jobs - Search Results should not select a job when canSelectJobs = false" name="Project - Add Jobs - Search Results should not select a job when canSelectJobs = false" time="0.266">
    </testcase>
    <testcase classname="Project - Add Jobs - Search Results should unselect a selected job when canSelectJobs = false" name="Project - Add Jobs - Search Results should unselect a selected job when canSelectJobs = false" time="0.224">
    </testcase>
  </testsuite>
  <testsuite name="apps/project/app/_multi-match/containers/pages/multi-match/multi-match.page.spec.ts" errors="0" failures="0" skipped="0" timestamp="2019-08-05T19:50:25" time="5.04" tests="8">
    <testcase classname="Project - Add Data - Multi Match Page should dispatch a close search page action, when handling cancel clicked" name="Project - Add Data - Multi Match Page should dispatch a close search page action, when handling cancel clicked" time="1.069">
    </testcase>
    <testcase classname="Project - Add Data - Multi Match Page should do nothing, when receiving message with no data" name="Project - Add Data - Multi Match Page should do nothing, when receiving message with no data" time="0.2">
    </testcase>
    <testcase classname="Project - Add Data - Multi Match Page should do nothing, when receiving message with non payfactors data" name="Project - Add Data - Multi Match Page should do nothing, when receiving message with non payfactors data" time="0.293">
    </testcase>
    <testcase classname="Project - Add Data - Multi Match Page should dispatch a save job matches, when handling save clicked" name="Project - Add Data - Multi Match Page should dispatch a save job matches, when handling save clicked" time="0.284">
    </testcase>
    <testcase classname="Project - Add Data - Multi Match Page should dispatch a clear all jobs action, when reset" name="Project - Add Data - Multi Match Page should dispatch a clear all jobs action, when reset" time="0.111">
    </testcase>
    <testcase classname="Project - Add Data - Multi Match Page should dispatch a set context action, when context set" name="Project - Add Data - Multi Match Page should dispatch a set context action, when context set" time="0.046">
    </testcase>
    <testcase classname="Project - Add Data - Multi Match Page should dispatch a get project search context action, when context set" name="Project - Add Data - Multi Match Page should dispatch a get project search context action, when context set" time="0.069">
    </testcase>
    <testcase classname="Project - Add Data - Multi Match Page should dispatch a get project search context action, when context set" name="Project - Add Data - Multi Match Page should dispatch a get project search context action, when context set" time="0.045">
    </testcase>
  </testsuite>
  <testsuite name="apps/jobs/app/_matches-modal/containers/pages/survey-participation.page.spec.ts" errors="0" failures="0" skipped="0" timestamp="2019-08-05T19:50:28" time="2.369" tests="1">
    <testcase classname="SurveyParticipationPageComponent should show survey participation modal page" name="SurveyParticipationPageComponent should show survey participation modal page" time="0.284">
    </testcase>
  </testsuite>
  <testsuite name="apps/admin/app/_peer/containers/deny-request-modal/deny-request-modal.component.spec.ts" errors="0" failures="0" skipped="0" timestamp="2019-08-05T19:50:29" time="2.143" tests="4">
    <testcase classname="Deny Request Modal modal and text area should match the snapshot" name="Deny Request Modal modal and text area should match the snapshot" time="0.224">
    </testcase>
    <testcase classname="Deny Request Modal should emit a closeClicked event, when the handleModalDismissed method is called" name="Deny Request Modal should emit a closeClicked event, when the handleModalDismissed method is called" time="0.137">
    </testcase>
    <testcase classname="Deny Request Modal should emit a denyClicked event, when the deny button is clicked" name="Deny Request Modal should emit a denyClicked event, when the deny button is clicked" time="0.206">
    </testcase>
    <testcase classname="Deny Request Modal should call setPlaceholderOnBlur method, when the textarea focus is changed" name="Deny Request Modal should call setPlaceholderOnBlur method, when the textarea focus is changed" time="0.152">
    </testcase>
  </testsuite>
  <testsuite name="apps/community/app/_main/components/community-job/community-job.component.spec.ts" errors="0" failures="0" skipped="0" timestamp="2019-08-05T19:50:29" time="1.938" tests="2">
    <testcase classname="CommunityJobComponent should show component" name="CommunityJobComponent should show component" time="0.381">
    </testcase>
    <testcase classname="CommunityJobComponent should call DeletingCommunityJob when isCurrentUserJob is true while calling delete" name="CommunityJobComponent should call DeletingCommunityJob when isCurrentUserJob is true while calling delete" time="0.136">
    </testcase>
  </testsuite>
  <testsuite name="apps/peer/app/_dashboard/components/redirect-to-exchange/redirect-to-exchange.component.spec.ts" errors="0" failures="0" skipped="0" timestamp="2019-08-05T19:50:27" time="3.489" tests="3">
    <testcase classname="Peer Dashboard - Redirect to Exchange should navigate to the no exchanges page when there are no exchanges" name="Peer Dashboard - Redirect to Exchange should navigate to the no exchanges page when there are no exchanges" time="0.194">
    </testcase>
    <testcase classname="Peer Dashboard - Redirect to Exchange should navigate to the first exchange when there is no last visited exchange Id" name="Peer Dashboard - Redirect to Exchange should navigate to the first exchange when there is no last visited exchange Id" time="0.196">
    </testcase>
    <testcase classname="Peer Dashboard - Redirect to Exchange should navigate to the first exchange when the last visited exchange Id is not an exchange in the list" name="Peer Dashboard - Redirect to Exchange should navigate to the first exchange when the last visited exchange Id is not an exchange in the list" time="0.116">
    </testcase>
  </testsuite>
  <testsuite name="libs/features/peer/map/containers/map/map.component.spec.ts" errors="0" failures="0" skipped="0" timestamp="2019-08-05T19:50:30" time="1.354" tests="1">
    <testcase classname="Features - Peer - Map Component does not have tests yet" name="Features - Peer - Map Component does not have tests yet" time="0.368">
    </testcase>
  </testsuite>
  <testsuite name="apps/community/app/_main/containers/pages/community-job-postings/community-job-postings.page.spec.ts" errors="0" failures="0" skipped="0" timestamp="2019-08-05T19:50:30" time="1.021" tests="1">
    <testcase classname="CommunityJobPostingsPageComponent should show community job postings page" name="CommunityJobPostingsPageComponent should show community job postings page" time="0.078">
    </testcase>
  </testsuite>
  <testsuite name="apps/peer/app/_dashboard/containers/exchange-revenue-chart/exchange-revenue-chart.component.spec.ts" errors="0" failures="0" skipped="0" timestamp="2019-08-05T19:50:30" time="1.354" tests="2">
    <testcase classname="Peer Dashboard - Revenue Chart should show the revenue chart and title" name="Peer Dashboard - Revenue Chart should show the revenue chart and title" time="0.078">
    </testcase>
    <testcase classname="Peer Dashboard - Revenue Chart should dispatch a LoadDetailChart for the revenue on seriesClick" name="Peer Dashboard - Revenue Chart should dispatch a LoadDetailChart for the revenue on seriesClick" time="0.105">
    </testcase>
  </testsuite>
  <testsuite name="libs/ui/common/terms-conditions-modal/terms-conditions-modal.component.spec.ts" errors="0" failures="0" skipped="0" timestamp="2019-08-05T19:50:30" time="1.513" tests="3">
    <testcase classname="Pf Modal Form should not have modal html when isOpen$ is false" name="Pf Modal Form should not have modal html when isOpen$ is false" time="0.15">
    </testcase>
    <testcase classname="Pf Modal Form should emit an onAccept event, when acceptTermsAndConditions is triggered" name="Pf Modal Form should emit an onAccept event, when acceptTermsAndConditions is triggered" time="0.421">
    </testcase>
    <testcase classname="Pf Modal Form should emit a onDecline event, when declineTermsAndConditions is triggered" name="Pf Modal Form should emit a onDecline event, when declineTermsAndConditions is triggered" time="0.141">
    </testcase>
  </testsuite>
  <testsuite name="apps/dashboard/app/_main/components/tile/tile.component.spec.ts" errors="0" failures="0" skipped="0" timestamp="2019-08-05T19:50:28" time="3.348" tests="5">
    <testcase classname="Tile should show tile preview chart when that type is given" name="Tile should show tile preview chart when that type is given" time="0.238">
    </testcase>
    <testcase classname="Tile should show tile preview icon when that type is given" name="Tile should show tile preview icon when that type is given" time="0.437">
    </testcase>
    <testcase classname="Tile generatePreviewModelForIcon should generate properly with no payload" name="Tile generatePreviewModelForIcon should generate properly with no payload" time="0.118">
    </testcase>
    <testcase classname="Tile generatePreviewModelForIcon should generate properly with payload" name="Tile generatePreviewModelForIcon should generate properly with payload" time="0.097">
    </testcase>
    <testcase classname="Tile should show tile preview list when that type is given" name="Tile should show tile preview list when that type is given" time="0.088">
    </testcase>
  </testsuite>
  <testsuite name="apps/peer/app/_dashboard/containers/exchange-company-count/exchange-company-count.component.spec.ts" errors="0" failures="0" skipped="0" timestamp="2019-08-05T19:50:30" time="1.774" tests="2">
    <testcase classname="Peer Dashboard - Exchange Company Count should display the participating company count and total company count" name="Peer Dashboard - Exchange Company Count should display the participating company count and total company count" time="0.082">
    </testcase>
    <testcase classname="Peer Dashboard - Exchange Company Count should dispatch a LoadDetailChart action of Category &quot;Parcipitating Companies&quot; on participatingCompaniesCountClick" name="Peer Dashboard - Exchange Company Count should dispatch a LoadDetailChart action of Category &quot;Parcipitating Companies&quot; on participatingCompaniesCountClick" time="0.365">
    </testcase>
  </testsuite>
  <testsuite name="apps/community/app/_main/components/community-search-result-header/community-search-result-header.component.spec.ts" errors="0" failures="0" skipped="0" timestamp="2019-08-05T19:50:31" time="1.494" tests="2">
    <testcase classname="CommunitySearchResultHeaderComponent should create" name="CommunitySearchResultHeaderComponent should create" time="0.128">
    </testcase>
    <testcase classname="CommunitySearchResultHeaderComponent should display company name and elapsed time" name="CommunitySearchResultHeaderComponent should display company name and elapsed time" time="0.207">
    </testcase>
  </testsuite>
  <testsuite name="apps/pf-admin/app/_companies/containers/pages/companies-list/companies-list.page.spec.ts" errors="0" failures="0" skipped="0" timestamp="2019-08-05T19:50:31" time="1.488" tests="2">
    <testcase classname="Pf-Admin - Companies - Companies List Page Should dispatch a LoadCompanies Action when the page is loaded" name="Pf-Admin - Companies - Companies List Page Should dispatch a LoadCompanies Action when the page is loaded" time="0.229">
    </testcase>
    <testcase classname="Pf-Admin - Companies - Companies List Page Should dispatch an UpdatedSearchTerm action when updateSearchTerm method is called" name="Pf-Admin - Companies - Companies List Page Should dispatch an UpdatedSearchTerm action when updateSearchTerm method is called" time="0.139">
    </testcase>
  </testsuite>
  <testsuite name="apps/legacy-content/app/_peer/services/doj-guidelines.service.spec.ts" errors="0" failures="0" skipped="0" timestamp="2019-08-05T19:50:31" time="0.894" tests="8">
    <testcase classname="Legacy Content - Peer - DOJ Guidelines Service should return false for hasMinimumCompanies when receiving less than the minCompanies" name="Legacy Content - Peer - DOJ Guidelines Service should return false for hasMinimumCompanies when receiving less than the minCompanies" time="0.049">
    </testcase>
    <testcase classname="Legacy Content - Peer - DOJ Guidelines Service should return true for hasMinimumCompanies when receiving &gt;= to the minCompanies" name="Legacy Content - Peer - DOJ Guidelines Service should return true for hasMinimumCompanies when receiving &gt;= to the minCompanies" time="0.042">
    </testcase>
    <testcase classname="Legacy Content - Peer - DOJ Guidelines Service should return false for hasNoDominatingData when there are companies &gt; dominatingPercentage" name="Legacy Content - Peer - DOJ Guidelines Service should return false for hasNoDominatingData when there are companies &gt; dominatingPercentage" time="0.02">
    </testcase>
    <testcase classname="Legacy Content - Peer - DOJ Guidelines Service should return true for hasNoDominatingData when there are companies &lt;= dominatingPercentage" name="Legacy Content - Peer - DOJ Guidelines Service should return true for hasNoDominatingData when there are companies &lt;= dominatingPercentage" time="0.026">
    </testcase>
    <testcase classname="Legacy Content - Peer - DOJ Guidelines Service should return false for hasNoHardDominatingData when there are companies &gt;= dominatingPercentageHard" name="Legacy Content - Peer - DOJ Guidelines Service should return false for hasNoHardDominatingData when there are companies &gt;= dominatingPercentageHard" time="0.048">
    </testcase>
    <testcase classname="Legacy Content - Peer - DOJ Guidelines Service should return true for hasNoHardDominatingData when there are companies &lt; dominatingPercentageHard" name="Legacy Content - Peer - DOJ Guidelines Service should return true for hasNoHardDominatingData when there are companies &lt; dominatingPercentageHard" time="0.027">
    </testcase>
    <testcase classname="Legacy Content - Peer - DOJ Guidelines Service should return company and formatted percentages for dominatingCompanies when there are companies &gt;= dominatingPercentage" name="Legacy Content - Peer - DOJ Guidelines Service should return company and formatted percentages for dominatingCompanies when there are companies &gt;= dominatingPercentage" time="0.02">
    </testcase>
    <testcase classname="Legacy Content - Peer - DOJ Guidelines Service should expect validDataCut to be true when the lists are not similar" name="Legacy Content - Peer - DOJ Guidelines Service should expect validDataCut to be true when the lists are not similar" time="0.016">
    </testcase>
  </testsuite>
  <testsuite name="apps/admin/app/_company-admin/containers/password-management-settings/password-management-settings.component.spec.ts" errors="0" failures="0" skipped="0" timestamp="2019-08-05T19:50:31" time="1.385" tests="2">
    <testcase classname="PasswordManagementSettingsComponent should create" name="PasswordManagementSettingsComponent should create" time="0.364">
    </testcase>
    <testcase classname="PasswordManagementSettingsComponent should dispatch LoadCompanyAdminPasswordSettings" name="PasswordManagementSettingsComponent should dispatch LoadCompanyAdminPasswordSettings" time="0.215">
    </testcase>
  </testsuite>
  <testsuite name="apps/data-insights/app/_main/components/save-user-workbook-modal/save-user-workbook-modal.component.spec.ts" errors="0" failures="0" skipped="0" timestamp="2019-08-05T19:50:31" time="1.021" tests="3">
    <testcase classname="Data Insights - Save User Workbook Modal Component should use the modal service to open the modal when open is called" name="Data Insights - Save User Workbook Modal Component should use the modal service to open the modal when open is called" time="0.217">
    </testcase>
    <testcase classname="Data Insights - Save User Workbook Modal Component should use the modal service to dismiss the modal, when close is called" name="Data Insights - Save User Workbook Modal Component should use the modal service to dismiss the modal, when close is called" time="0.143">
    </testcase>
    <testcase classname="Data Insights - Save User Workbook Modal Component should emit saveClicked with correct data when save button clicked" name="Data Insights - Save User Workbook Modal Component should emit saveClicked with correct data when save button clicked" time="0.123">
    </testcase>
  </testsuite>
  <testsuite name="apps/dashboard/app/_main/components/tile-preview/chart-with-calendar/tile-preview-chart-with-calendar.component.spec.ts" errors="0" failures="0" skipped="0" timestamp="2019-08-05T19:50:21" time="11.332" tests="6">
    <testcase classname="Tile Preview Chart With Calendar should not show chart without model.component data" name="Tile Preview Chart With Calendar should not show chart without model.component data" time="0.276">
    </testcase>
    <testcase classname="Tile Preview Chart With Calendar should show kendo chart when model.ChartComponentData.length &gt; 0" name="Tile Preview Chart With Calendar should show kendo chart when model.ChartComponentData.length &gt; 0" time="0.239">
    </testcase>
    <testcase classname="Tile Preview Chart With Calendar should dispatch SavingUiPersistenceSetting when datePickerValueChanged is called" name="Tile Preview Chart With Calendar should dispatch SavingUiPersistenceSetting when datePickerValueChanged is called" time="0.17">
    </testcase>
    <testcase classname="Tile Preview Chart With Calendar should call reloadTile on SavingUiPersistenceSettingSuccess" name="Tile Preview Chart With Calendar should call reloadTile on SavingUiPersistenceSettingSuccess" time="0.09">
    </testcase>
    <testcase classname="Tile Preview Chart With Calendar should dispatch LoadingSingleTile when reloadTile is called" name="Tile Preview Chart With Calendar should dispatch LoadingSingleTile when reloadTile is called" time="0.113">
    </testcase>
    <testcase classname="Tile Preview Chart With Calendar should dispatch SaveUiPersistenceSetting when setShouldGetPricingsBeforeEffectiveDate is called" name="Tile Preview Chart With Calendar should dispatch SaveUiPersistenceSetting when setShouldGetPricingsBeforeEffectiveDate is called" time="0.21">
    </testcase>
  </testsuite>
  <testsuite name="libs/features/search/containers/results-header/results-header.component.spec.ts" errors="0" failures="0" skipped="0" timestamp="2019-08-05T19:50:31" time="2.13" tests="7">
    <testcase classname="Search Feature - Results Header should dispatch a ResetAllFilters action, when handling a reset click" name="Search Feature - Results Header should dispatch a ResetAllFilters action, when handling a reset click" time="0.12">
    </testcase>
    <testcase classname="Search Feature - Results Header should dispatch a RemoveFilterValue action for search filters, when handling a clear pill" name="Search Feature - Results Header should dispatch a RemoveFilterValue action for search filters, when handling a clear pill" time="0.066">
    </testcase>
    <testcase classname="Search Feature - Results Header should dispatch a RemoveFilterValue action for the singled filter, when handling a clear pill" name="Search Feature - Results Header should dispatch a RemoveFilterValue action for the singled filter, when handling a clear pill" time="0.127">
    </testcase>
    <testcase classname="Search Feature - Results Header should dispatch a ClearFilter action for search filters, when handling a clear pill group" name="Search Feature - Results Header should dispatch a ClearFilter action for search filters, when handling a clear pill group" time="0.104">
    </testcase>
    <testcase classname="Search Feature - Results Header should dispatch a ClearSelections action for the singled filter, when handling a clear pill group" name="Search Feature - Results Header should dispatch a ClearSelections action for the singled filter, when handling a clear pill group" time="0.09">
    </testcase>
    <testcase classname="Search Feature - Results Header should know when we have a set of filters that contains more than just locked filters" name="Search Feature - Results Header should know when we have a set of filters that contains more than just locked filters" time="0.06">
    </testcase>
    <testcase classname="Search Feature - Results Header should not allow saving when the filter is exempt from saving" name="Search Feature - Results Header should not allow saving when the filter is exempt from saving" time="0.09">
    </testcase>
  </testsuite>
  <testsuite name="apps/community/app/_main/components/community-post-replies/community-post-replies.component.spec.ts" errors="0" failures="0" skipped="0" timestamp="2019-08-05T19:50:32" time="1.291" tests="3">
    <testcase classname="CommunityPostRepliesComponent should show community post replies" name="CommunityPostRepliesComponent should show community post replies" time="0.084">
    </testcase>
    <testcase classname="CommunityPostRepliesComponent should show community post replies loading indicator" name="CommunityPostRepliesComponent should show community post replies loading indicator" time="0.342">
    </testcase>
    <testcase classname="CommunityPostRepliesComponent should emit a replyHashTagClicked event, when hashtag is clicked" name="CommunityPostRepliesComponent should emit a replyHashTagClicked event, when hashtag is clicked" time="0.055">
    </testcase>
  </testsuite>
  <testsuite name="apps/comphub/app/_main/components/paymarket-cards/paymarket-cards.component.spec.ts" errors="0" failures="0" skipped="0" timestamp="2019-08-05T19:50:32" time="1.666" tests="2">
    <testcase classname="Comphub - Main - Paymarket Cards should emit a paymarketChecked event when paymarket toggled" name="Comphub - Main - Paymarket Cards should emit a paymarketChecked event when paymarket toggled" time="0.185">
    </testcase>
    <testcase classname="Comphub - Main - Paymarket Cards should track by the company pay market id" name="Comphub - Main - Paymarket Cards should track by the company pay market id" time="0.477">
    </testcase>
  </testsuite>
  <testsuite name="apps/admin/app/_peer/containers/pages/tag-categories/tag-categories.page.spec.ts" errors="0" failures="0" skipped="0" timestamp="2019-08-05T19:50:31" time="1.849" tests="4">
    <testcase classname="Admin - Tag Categories Page (the page) should match the snapshot" name="Admin - Tag Categories Page (the page) should match the snapshot" time="0.087">
    </testcase>
    <testcase classname="Admin - Tag Categories Page should dispatch an OpenCreateTagCategoryModal action when openCreateTagCategoryModal is called" name="Admin - Tag Categories Page should dispatch an OpenCreateTagCategoryModal action when openCreateTagCategoryModal is called" time="0.09">
    </testcase>
    <testcase classname="Admin - Tag Categories Page should dispatch an UpdateFilter action when updateSearchFilter is called" name="Admin - Tag Categories Page should dispatch an UpdateFilter action when updateSearchFilter is called" time="0.39">
    </testcase>
    <testcase classname="Admin - Tag Categories Page should dispatch an LoadTagCategories action when LoadTagCategories is called" name="Admin - Tag Categories Page should dispatch an LoadTagCategories action when LoadTagCategories is called" time="0.047">
    </testcase>
  </testsuite>
  <testsuite name="apps/community/app/_main/containers/community-post-filtered-reply-view/community-post-filtered-reply-view.component.spec.ts" errors="0" failures="0" skipped="0" timestamp="2019-08-05T19:50:33" time="0.924" tests="1">
    <testcase classname="CommunityPostFilteredReplyViewComponent should show community filter reply view" name="CommunityPostFilteredReplyViewComponent should show community filter reply view" time="0.119">
    </testcase>
  </testsuite>
  <testsuite name="apps/community/app/_main/components/community-post-reply/community-post-reply.component.spec.ts" errors="0" failures="0" skipped="0" timestamp="2019-08-05T19:50:32" time="1.426" tests="2">
    <testcase classname="CommunityPostReplyComponent should show community post reply component" name="CommunityPostReplyComponent should show community post reply component" time="0.189">
    </testcase>
    <testcase classname="CommunityPostReplyComponent should emit a replyHashTagClicked event, when hashtag is clicked" name="CommunityPostReplyComponent should emit a replyHashTagClicked event, when hashtag is clicked" time="0.098">
    </testcase>
  </testsuite>
  <testsuite name="libs/features/user-filter/components/save-filter-modal/save-filter-modal.component.spec.ts" errors="0" failures="0" skipped="0" timestamp="2019-08-05T19:50:32" time="1.782" tests="2">
    <testcase classname="User Filter Feature - Save Filter Modal should emit a dismissed event when handling the modal dismissal" name="User Filter Feature - Save Filter Modal should emit a dismissed event when handling the modal dismissal" time="0.189">
    </testcase>
    <testcase classname="User Filter Feature - Save Filter Modal should emit a save filter event with the form data when handling the modal submit" name="User Filter Feature - Save Filter Modal should emit a save filter event with the form data when handling the modal submit" time="0.468">
    </testcase>
  </testsuite>
  <testsuite name="apps/project/app/survey-search/containers/tooltip-container/tooltip-container.component.spec.ts" errors="0" failures="0" skipped="0" timestamp="2019-08-05T19:50:33" time="1.656" tests="3">
    <testcase classname="TooltipContainerComponent should send get matches details request when matches hovered" name="TooltipContainerComponent should send get matches details request when matches hovered" time="0.152">
    </testcase>
    <testcase classname="TooltipContainerComponent should dispatch close matches tooltip action on mouse leave matches field" name="TooltipContainerComponent should dispatch close matches tooltip action on mouse leave matches field" time="0.041">
    </testcase>
    <testcase classname="TooltipContainerComponent should dispatch open matches details tooltip action when matches details loaded" name="TooltipContainerComponent should dispatch open matches details tooltip action when matches details loaded" time="0.059">
    </testcase>
  </testsuite>
  <testsuite name="apps/community/app/_main/components/community-polls-all-polls-answered/community-polls-all-polls-answered.component.spec.ts" errors="0" failures="0" skipped="0" timestamp="2019-08-05T19:50:33" time="1.281" tests="1">
    <testcase classname="Community Polls All Polls Answered should show the thumbs up icon" name="Community Polls All Polls Answered should show the thumbs up icon" time="0.076">
    </testcase>
  </testsuite>
  <testsuite name="libs/ui/common/error/error-indicator.component.spec.ts" errors="0" failures="0" skipped="0" timestamp="2019-08-05T19:50:33" time="0.882" tests="1">
    <testcase classname="Error Indicator should show the error message" name="Error Indicator should show the error message" time="0.08">
    </testcase>
  </testsuite>
  <testsuite name="libs/ui/layout-wrapper/components/header/header.component.spec.ts" errors="0" failures="0" skipped="0" timestamp="2019-08-05T19:50:33" time="0.939" tests="2">
    <testcase classname="User Menu should show the header" name="User Menu should show the header" time="0.07">
    </testcase>
    <testcase classname="User Menu should show homepage link, when provided" name="User Menu should show homepage link, when provided" time="0.054">
    </testcase>
  </testsuite>
  <testsuite name="apps/job-description-management/app/_job-description/components/modals/save-filter/save-filter-modal.component.spec.ts" errors="0" failures="0" skipped="0" timestamp="2019-08-05T19:50:33" time="1.114" tests="1">
    <testcase classname="Job Description Management - Job Description - Job Description Grid should reset component variables and open the modal, when calling open" name="Job Description Management - Job Description - Job Description Grid should reset component variables and open the modal, when calling open" time="0.183">
    </testcase>
  </testsuite>
  <testsuite name="apps/community/app/_main/containers/community-new-job/community-new-job.component.spec.ts" errors="0" failures="0" skipped="0" timestamp="2019-08-05T19:50:33" time="1.388" tests="1">
    <testcase classname="CommunityNewJobComponent should dispatch SubmittingCommunityJob when calling submit" name="CommunityNewJobComponent should dispatch SubmittingCommunityJob when calling submit" time="0.333">
    </testcase>
  </testsuite>
  <testsuite name="apps/admin/app/_job-description-management/containers/pages/bulk-export-scheduler.page.spec.ts" errors="0" failures="0" skipped="0" timestamp="2019-08-05T19:50:32" time="2.113" tests="3">
    <testcase classname="Admin - Bulk Export Scheduler Page should dispatch a load views action on init" name="Admin - Bulk Export Scheduler Page should dispatch a load views action on init" time="0.329">
    </testcase>
    <testcase classname="Admin - Bulk Export Scheduler Page should dispatch a load filters action on init" name="Admin - Bulk Export Scheduler Page should dispatch a load filters action on init" time="0.084">
    </testcase>
    <testcase classname="Admin - Bulk Export Scheduler Page should dispatch a load schedules action on init" name="Admin - Bulk Export Scheduler Page should dispatch a load schedules action on init" time="0.083">
    </testcase>
  </testsuite>
  <testsuite name="apps/community/app/_main/components/community-tab/community-tab.component.spec.ts" errors="0" failures="0" skipped="0" timestamp="2019-08-05T19:50:34" time="0.913" tests="1">
    <testcase classname="CommunityTabComponent should show component" name="CommunityTabComponent should show component" time="0.105">
    </testcase>
  </testsuite>
  <testsuite name="apps/admin/app/_company-admin/containers/pages/navigation/navigation.page.spec.ts" errors="0" failures="0" skipped="0" timestamp="2019-08-05T19:50:34" time="0.855" tests="1">
    <testcase classname="Admin - Company-Admin - Navigation Page Should dispatch a LoadLinks Action when the page is loaded" name="Admin - Company-Admin - Navigation Page Should dispatch a LoadLinks Action when the page is loaded" time="0.134">
    </testcase>
  </testsuite>
  <testsuite name="apps/admin/app/_peer/containers/pages/exchange-list/exchange-list.page.spec.ts" errors="0" failures="0" skipped="0" timestamp="2019-08-05T19:50:33" time="2.288" tests="2">
    <testcase classname="Admin - Exchange List Page should tell the Router to navigate to the exchange passed to handleCellClick" name="Admin - Exchange List Page should tell the Router to navigate to the exchange passed to handleCellClick" time="0.429">
    </testcase>
    <testcase classname="Admin - Exchange List Page should dispatch an OpenCreateExchangeModal action when openCreateExchangeModal is called" name="Admin - Exchange List Page should dispatch an OpenCreateExchangeModal action when openCreateExchangeModal is called" time="0.32">
    </testcase>
  </testsuite>
  <testsuite name="apps/project/app/survey-search/containers/survey-search-results/survey-search-results.component.spec.ts" errors="0" failures="0" skipped="0" timestamp="2019-08-05T19:50:33" time="2.843" tests="3">
    <testcase classname="Project - Survey Search - Search Results should toggle the data cut selection when cut is selected " name="Project - Survey Search - Search Results should toggle the data cut selection when cut is selected " time="0.706">
    </testcase>
    <testcase classname="Project - Survey Search - Search Results should get survey data results if cuts not already loaded" name="Project - Survey Search - Search Results should get survey data results if cuts not already loaded" time="0.238">
    </testcase>
    <testcase classname="Project - Survey Search - Search Results should not get survey data results when cuts already loaded" name="Project - Survey Search - Search Results should not get survey data results when cuts already loaded" time="0.658">
    </testcase>
  </testsuite>
  <testsuite name="apps/comphub/app/_main/components/salary-trend-chart/salary-trend-chart.component.spec.ts" errors="0" failures="0" skipped="0" timestamp="2019-08-05T19:50:34" time="1.88" tests="3">
    <testcase classname="Comphub - Salary Bar Trend Component should display plus sign when percentage change is positive" name="Comphub - Salary Bar Trend Component should display plus sign when percentage change is positive" time="0.236">
    </testcase>
    <testcase classname="Comphub - Salary Bar Trend Component should display minus sign when percentage change is negative" name="Comphub - Salary Bar Trend Component should display minus sign when percentage change is negative" time="0.244">
    </testcase>
    <testcase classname="Comphub - Salary Bar Trend Component should not display plus or minus sign when percentage change is 0" name="Comphub - Salary Bar Trend Component should not display plus or minus sign when percentage change is 0" time="0.592">
    </testcase>
  </testsuite>
  <testsuite name="apps/peer/app/_manage/containers/delete-mapping-confirmation-modal/delete-mapping-confirmation-modal.spec.ts" errors="0" failures="0" skipped="0" timestamp="2019-08-05T19:50:34" time="2.115" tests="3">
    <testcase classname="Peer - Manage - Delete Confirmation Modal should match snapshot on init" name="Peer - Manage - Delete Confirmation Modal should match snapshot on init" time="0.589">
    </testcase>
    <testcase classname="Peer - Manage - Delete Confirmation Modal should dispatch DeleteMapping action when handleDeleteConfirmed is triggered" name="Peer - Manage - Delete Confirmation Modal should dispatch DeleteMapping action when handleDeleteConfirmed is triggered" time="0.152">
    </testcase>
    <testcase classname="Peer - Manage - Delete Confirmation Modal should dispatch CloseDeleteConfirmationModal action when handleDeleteDenied is triggered" name="Peer - Manage - Delete Confirmation Modal should dispatch CloseDeleteConfirmationModal action when handleDeleteDenied is triggered" time="0.153">
    </testcase>
  </testsuite>
  <testsuite name="libs/features/search/components/search-layout/search-layout.component.spec.ts" errors="0" failures="0" skipped="0" timestamp="2019-08-05T19:50:35" time="1.738" tests="2">
    <testcase classname="Search Feature - Search Layout should show an english formatted results count" name="Search Feature - Search Layout should show an english formatted results count" time="0.143">
    </testcase>
    <testcase classname="Search Feature - Search Layout should not show results count div when results count input = null" name="Search Feature - Search Layout should not show results count div when results count input = null" time="0.061">
    </testcase>
  </testsuite>
  <testsuite name="apps/admin/app/_tickets/components/ticket-detail-card/ticket-detail-card.component.spec.ts" errors="0" failures="0" skipped="0" timestamp="2019-08-05T19:50:35" time="1.898" tests="1">
    <testcase classname="Admin - Tickets - Ticket Detail Card Should display details about a ticket" name="Admin - Tickets - Ticket Detail Card Should display details about a ticket" time="0.148">
    </testcase>
  </testsuite>
  <testsuite name="apps/dashboard/app/_main/containers/dashboard-tc-modal/dashboard-tc-modal.component.spec.ts" errors="0" failures="0" skipped="0" timestamp="2019-08-05T19:50:34" time="2.237" tests="2">
    <testcase classname="Dashboard TC Modal should call loadTCIfFromLogin upon Init" name="Dashboard TC Modal should call loadTCIfFromLogin upon Init" time="0.087">
    </testcase>
    <testcase classname="Dashboard TC Modal should dispatch SubmittingTermsAndConditionsResponse when calling submitTC" name="Dashboard TC Modal should dispatch SubmittingTermsAndConditionsResponse when calling submitTC" time="0.065">
    </testcase>
  </testsuite>
  <testsuite name="libs/features/search/components/filter-types/range-filter/range-filter.component.spec.ts" errors="0" failures="0" skipped="0" timestamp="2019-08-05T19:50:34" time="2.354" tests="1">
    <testcase classname="Search Feature - Range Select Filter should emit an object with a filterId, maxValue and minValue" name="Search Feature - Range Select Filter should emit an object with a filterId, maxValue and minValue" time="0.108">
    </testcase>
  </testsuite>
  <testsuite name="apps/comphub/app/_main/components/card/card.component.spec.ts" errors="0" failures="0" skipped="0" timestamp="2019-08-05T19:50:35" time="1.914" tests="2">
    <testcase classname="Comphub - Accordion Card Layout should emit cardHeaderClick with current card id when current selected card index smaller than card index" name="Comphub - Accordion Card Layout should emit cardHeaderClick with current card id when current selected card index smaller than card index" time="0.142">
    </testcase>
    <testcase classname="Comphub - Accordion Card Layout should emit cardHeaderClick with previous card id when current selected card index greater than or equal to card index" name="Comphub - Accordion Card Layout should emit cardHeaderClick with previous card id when current selected card index greater than or equal to card index" time="0.078">
    </testcase>
  </testsuite>
  <testsuite name="apps/peer/app/_manage/components/company-job-map-result/company-job-map-result.component.spec.ts" errors="0" failures="0" skipped="0" timestamp="2019-08-05T19:50:34" time="2.465" tests="2">
    <testcase classname="Peer - Company Job Map Result should show a No Job Description message for the result, when there is none " name="Peer - Company Job Map Result should show a No Job Description message for the result, when there is none " time="0.254">
    </testcase>
    <testcase classname="Peer - Company Job Map Result should emit an applyMapping event with the companyJobId of the result, when handleApplyMapping is triggered" name="Peer - Company Job Map Result should emit an applyMapping event with the companyJobId of the result, when handleApplyMapping is triggered" time="0.51">
    </testcase>
  </testsuite>
  <testsuite name="apps/data-insights/app/_main/components/search-workbook-result/search-workbook-result.component.spec.ts" errors="0" failures="0" skipped="0" timestamp="2019-08-05T19:50:35" time="1.768" tests="2">
    <testcase classname="Data Insights - Search Workbook Result Component should emit openViewsClicked when open views icon toggled to open" name="Data Insights - Search Workbook Result Component should emit openViewsClicked when open views icon toggled to open" time="0.296">
    </testcase>
    <testcase classname="Data Insights - Search Workbook Result Component should NOT emit openViewsClicked when open views icon toggled to close" name="Data Insights - Search Workbook Result Component should NOT emit openViewsClicked when open views icon toggled to close" time="0.069">
    </testcase>
  </testsuite>
  <testsuite name="apps/admin/app/_data-insights/components/standard-reports-list/standard-reports-list.component.spec.ts" errors="0" failures="0" skipped="0" timestamp="2019-08-05T19:50:36" time="1.211" tests="1">
    <testcase classname="Data Insights Management - Standard Reports List Component should emit editClicked when clicking on Edit button with correct report" name="Data Insights Management - Standard Reports List Component should emit editClicked when clicking on Edit button with correct report" time="0.136">
    </testcase>
  </testsuite>
  <testsuite name="apps/peer/app/_dashboard/containers/exchange-industry-chart/exchange-industry-chart.component.spec.ts" errors="0" failures="0" skipped="0" timestamp="2019-08-05T19:50:35" time="2.76" tests="2">
    <testcase classname="Peer Dashboard - Industry Chart should show the industry chart and title" name="Peer Dashboard - Industry Chart should show the industry chart and title" time="0.102">
    </testcase>
    <testcase classname="Peer Dashboard - Industry Chart should dispatch a LoadDetailChart for the industry on seriesClick" name="Peer Dashboard - Industry Chart should dispatch a LoadDetailChart for the industry on seriesClick" time="0.68">
    </testcase>
  </testsuite>
  <testsuite name="apps/admin/app/_peer/containers/manage-exchange-section-header/manage-exchange-section-header.component.spec.ts" errors="0" failures="0" skipped="0" timestamp="2019-08-05T19:50:37" time="0.724" tests="1">
    <testcase classname="Manage Exchange Section Header should provide correct values to the pf-manage-exchange-section-header" name="Manage Exchange Section Header should provide correct values to the pf-manage-exchange-section-header" time="0.057">
    </testcase>
  </testsuite>
  <testsuite name="apps/data-management/app/_main/containers/data-management-sidebar/data-management-sidebar.component.spec.ts" errors="0" failures="0" skipped="0" timestamp="2019-08-05T19:50:36" time="1.403" tests="1">
    <testcase classname="DataManagementSidebarComponent should create" name="DataManagementSidebarComponent should create" time="0.254">
    </testcase>
  </testsuite>
  <testsuite name="apps/data-management/app/_main/containers/pages/data-alerts/data-alerts.page.spec.ts" errors="0" failures="0" skipped="0" timestamp="2019-08-05T19:50:37" time="0.799" tests="1">
    <testcase classname="DataAlertsPageComponent should create" name="DataAlertsPageComponent should create" time="0.054">
    </testcase>
  </testsuite>
  <testsuite name="apps/community/app/_main/components/community-filters-dropdown/community-filters-dropdown.component.spec.ts" errors="0" failures="0" skipped="0" timestamp="2019-08-05T19:50:37" time="1.611" tests="1">
    <testcase classname="CommunityFiltersDropdownComponent should show community filters" name="CommunityFiltersDropdownComponent should show community filters" time="0.201">
    </testcase>
  </testsuite>
  <testsuite name="apps/admin/app/_org-data-loader/helpers/org-data-filename-pattern-set-factory.spec.ts" errors="0" failures="0" skipped="0" timestamp="2019-08-05T19:50:37" time="1.481" tests="12">
    <testcase classname="OrgDataFilenamePatternSetFactory getConvenction function should return filename pattern convention" name="OrgDataFilenamePatternSetFactory getConvenction function should return filename pattern convention" time="0.002">
    </testcase>
    <testcase classname="OrgDataFilenamePatternSetFactory create function should return convention if given null" name="OrgDataFilenamePatternSetFactory create function should return convention if given null" time="0.001">
    </testcase>
    <testcase classname="OrgDataFilenamePatternSetFactory create function should return convention if given undefined" name="OrgDataFilenamePatternSetFactory create function should return convention if given undefined" time="0">
    </testcase>
    <testcase classname="OrgDataFilenamePatternSetFactory create function should return convention if given empty array" name="OrgDataFilenamePatternSetFactory create function should return convention if given empty array" time="0.001">
    </testcase>
    <testcase classname="OrgDataFilenamePatternSetFactory create function should return employee filename pattern override when setting is present" name="OrgDataFilenamePatternSetFactory create function should return employee filename pattern override when setting is present" time="0.001">
    </testcase>
    <testcase classname="OrgDataFilenamePatternSetFactory create function should return jobs filename pattern override when setting is present" name="OrgDataFilenamePatternSetFactory create function should return jobs filename pattern override when setting is present" time="0.001">
    </testcase>
    <testcase classname="OrgDataFilenamePatternSetFactory create function should return pay markets filename pattern override when setting is present" name="OrgDataFilenamePatternSetFactory create function should return pay markets filename pattern override when setting is present" time="0">
    </testcase>
    <testcase classname="OrgDataFilenamePatternSetFactory create function should return structure mappings filename pattern override when setting is present" name="OrgDataFilenamePatternSetFactory create function should return structure mappings filename pattern override when setting is present" time="0.001">
    </testcase>
    <testcase classname="OrgDataFilenamePatternSetFactory create function should return structures filename pattern override when setting is present" name="OrgDataFilenamePatternSetFactory create function should return structures filename pattern override when setting is present" time="0.001">
    </testcase>
    <testcase classname="OrgDataFilenamePatternSetFactory create function should return pattern that is not start with restricted when override pattern does not begin with a caret" name="OrgDataFilenamePatternSetFactory create function should return pattern that is not start with restricted when override pattern does not begin with a caret" time="0">
    </testcase>
    <testcase classname="OrgDataFilenamePatternSetFactory create function should return pattern that is start with restricted when override pattern begins with a caret" name="OrgDataFilenamePatternSetFactory create function should return pattern that is start with restricted when override pattern begins with a caret" time="0.001">
    </testcase>
    <testcase classname="OrgDataFilenamePatternSetFactory create function should return pattern without caret at start" name="OrgDataFilenamePatternSetFactory create function should return pattern without caret at start" time="0">
    </testcase>
  </testsuite>
  <testsuite name="apps/project/app/survey-search/components/matches-details-tooltip/matches-details-tooltip.component.spec.ts" errors="0" failures="0" skipped="0" timestamp="2019-08-05T19:50:36" time="1.833" tests="2">
    <testcase classname="Project - Survey Search - Matches Details Tooltip should reposition tooltip element when tooltip height is overlapped the window height" name="Project - Survey Search - Matches Details Tooltip should reposition tooltip element when tooltip height is overlapped the window height" time="0.095">
    </testcase>
    <testcase classname="Project - Survey Search - Matches Details Tooltip should not reposition tooltip element when tooltip height is not overlapped the window height" name="Project - Survey Search - Matches Details Tooltip should not reposition tooltip element when tooltip height is not overlapped the window height" time="0.055">
    </testcase>
  </testsuite>
  <testsuite name="libs/ui/common/loading/user-context/loading-user-context.component.spec.ts" errors="0" failures="0" skipped="0" timestamp="2019-08-05T19:50:38" time="0.606" tests="2">
    <testcase classname="Loading User Context should dispatch a GetUserContext action upon Init" name="Loading User Context should dispatch a GetUserContext action upon Init" time="0.052">
    </testcase>
    <testcase classname="Loading User Context should show a router outlet, when we are not getting the user context" name="Loading User Context should show a router outlet, when we are not getting the user context" time="0.035">
    </testcase>
  </testsuite>
  <testsuite name="apps/data-management/app/_main/containers/pages/manage-data/manage-data.page.spec.ts" errors="0" failures="0" skipped="0" timestamp="2019-08-05T19:50:38" time="0.779" tests="1">
    <testcase classname="ManageDataPageComponent should create" name="ManageDataPageComponent should create" time="0.047">
    </testcase>
  </testsuite>
  <testsuite name="apps/comphub/app/_main/components/trending-job-group/trending-job-group.component.spec.ts" errors="0" failures="0" skipped="0" timestamp="2019-08-05T19:50:37" time="1.662" tests="3">
    <testcase classname="Comphub - Main - Trending Job Group should NOT emit a trendingJobClicked event when handling a trending job click, and there is selected text" name="Comphub - Main - Trending Job Group should NOT emit a trendingJobClicked event when handling a trending job click, and there is selected text" time="0.149">
    </testcase>
    <testcase classname="Comphub - Main - Trending Job Group should NOT emit a trendingJobClicked event when handling a trending job click, and the group is disabled" name="Comphub - Main - Trending Job Group should NOT emit a trendingJobClicked event when handling a trending job click, and the group is disabled" time="0.099">
    </testcase>
    <testcase classname="Comphub - Main - Trending Job Group should emit a trendingJobClicked event when handling a trending job click, and there is no selected text" name="Comphub - Main - Trending Job Group should emit a trendingJobClicked event when handling a trending job click, and there is no selected text" time="0.209">
    </testcase>
  </testsuite>
  <testsuite name="apps/data-management/app/_main/containers/pages/transfer-data/transfer-data.page.spec.ts" errors="0" failures="0" skipped="0" timestamp="2019-08-05T19:50:38" time="1.379" tests="1">
    <testcase classname="TransferDataPageComponent should create" name="TransferDataPageComponent should create" time="0.079">
    </testcase>
  </testsuite>
  <testsuite name="apps/peer/app/_manage/components/job-info-container/job-info-container.component.spec.ts" errors="0" failures="0" skipped="0" timestamp="2019-08-05T19:50:37" time="1.62" tests="1">
    <testcase classname="Peer - Job Info Container should show the job code, when showJobCode is true" name="Peer - Job Info Container should show the job code, when showJobCode is true" time="0.256">
    </testcase>
  </testsuite>
  <testsuite name="apps/admin/app/_tickets/containers/ticket/ticket.component.spec.ts" errors="0" failures="0" skipped="0" timestamp="2019-08-05T19:50:37" time="2.318" tests="1">
    <testcase classname="Admin - Tickets - Ticket should dispatch InitializeTicket action upon init. Containing the ticketId assigned to the component" name="Admin - Tickets - Ticket should dispatch InitializeTicket action upon init. Containing the ticketId assigned to the component" time="0.567">
    </testcase>
  </testsuite>
  <testsuite name="apps/peer/app/_dashboard/containers/exchange-dashboard-tc-modal/exchange-dashboard-tc-modal.component.spec.ts" errors="0" failures="0" skipped="0" timestamp="2019-08-05T19:50:37" time="1.88" tests="2">
    <testcase classname="Exchange Dashboard TC Modal should call LoadTermsAndConditions action on init" name="Exchange Dashboard TC Modal should call LoadTermsAndConditions action on init" time="0.092">
    </testcase>
    <testcase classname="Exchange Dashboard TC Modal should dispatch SubmittingTermsAndConditionsResponse when calling submitTC" name="Exchange Dashboard TC Modal should dispatch SubmittingTermsAndConditionsResponse when calling submitTC" time="0.041">
    </testcase>
  </testsuite>
  <testsuite name="apps/admin/app/_org-data-loader/reducers/org-data-filename-patterns.reducer.spec.ts" errors="0" failures="0" skipped="0" timestamp="2019-08-05T19:50:38" time="1.208" tests="7">
    <testcase classname="org-data-filename-patterns-reducer should return initial state given LoadingLoaderSettings action" name="org-data-filename-patterns-reducer should return initial state given LoadingLoaderSettings action" time="0.002">
    </testcase>
    <testcase classname="org-data-filename-patterns-reducer should return initial state given LoadingLoaderSettingsError action" name="org-data-filename-patterns-reducer should return initial state given LoadingLoaderSettingsError action" time="0">
    </testcase>
    <testcase classname="org-data-filename-patterns-reducer should return initial state given SavingLoaderSettings action" name="org-data-filename-patterns-reducer should return initial state given SavingLoaderSettings action" time="0.001">
    </testcase>
    <testcase classname="org-data-filename-patterns-reducer should return initial state given SavingLoaderSettingsError action" name="org-data-filename-patterns-reducer should return initial state given SavingLoaderSettingsError action" time="0">
    </testcase>
    <testcase classname="org-data-filename-patterns-reducer should return initial state given SavingLoaderSettingsSuccess action" name="org-data-filename-patterns-reducer should return initial state given SavingLoaderSettingsSuccess action" time="0.001">
    </testcase>
    <testcase classname="org-data-filename-patterns-reducer Given LoadingLoaderSettingsSuccess action should return current state given null settings" name="org-data-filename-patterns-reducer Given LoadingLoaderSettingsSuccess action should return current state given null settings" time="0">
    </testcase>
    <testcase classname="org-data-filename-patterns-reducer Given LoadingLoaderSettingsSuccess action should call create on the factory" name="org-data-filename-patterns-reducer Given LoadingLoaderSettingsSuccess action should call create on the factory" time="0.001">
    </testcase>
  </testsuite>
  <testsuite name="libs/features/peer/map/components/associated-exchange-job-list/associated-exchange-job-list.component.spec.ts" errors="0" failures="0" skipped="0" timestamp="2019-08-05T19:50:38" time="1.205" tests="1">
    <testcase classname="ExchangeJobComponent should create" name="ExchangeJobComponent should create" time="0.092">
    </testcase>
  </testsuite>
  <testsuite name="libs/data/payfactors-api/integration/integration-api.service.spec.ts" errors="0" failures="0" skipped="0" timestamp="2019-08-05T19:50:38" time="1.296" tests="3">
    <testcase classname="IntegrationApiService should be created" name="IntegrationApiService should be created" time="0.04">
    </testcase>
    <testcase classname="IntegrationApiService should fetch Auth JWTs" name="IntegrationApiService should fetch Auth JWTs" time="0.022">
    </testcase>
    <testcase classname="IntegrationApiService should download composite summary files" name="IntegrationApiService should download composite summary files" time="0.027">
    </testcase>
  </testsuite>
  <testsuite name="apps/dashboard/app/_main/containers/user-voice/user-voice-indicator.component.spec.ts" errors="0" failures="0" skipped="0" timestamp="2019-08-05T19:50:38" time="1.627" tests="2">
    <testcase classname="User Voice Indicator should dispatch a LoadingUserVoice upon Init" name="User Voice Indicator should dispatch a LoadingUserVoice upon Init" time="0.115">
    </testcase>
    <testcase classname="User Voice Indicator should contain user voice url with sidebar Url " name="User Voice Indicator should contain user voice url with sidebar Url " time="0.051">
    </testcase>
  </testsuite>
  <testsuite name="libs/ui/common/error/pages/not-found-error/not-found-error.page.spec.ts" errors="0" failures="0" skipped="0" timestamp="2019-08-05T19:50:47" time="2.072" tests="1">
    <testcase classname="Not Found Error Page should show the error message" name="Not Found Error Page should show the error message" time="0.088">
    </testcase>
  </testsuite>
  <testsuite name="libs/ui/common/content/navigation-links/navigation-links.component.spec.ts" errors="0" failures="0" skipped="0" timestamp="2019-08-05T19:50:47" time="2.2" tests="1">
    <testcase classname="Pf-Admin - Navigation - Navigation Links Should display navigation group items" name="Pf-Admin - Navigation - Navigation Links Should display navigation group items" time="0.239">
    </testcase>
  </testsuite>
  <testsuite name="libs/forms/validators/pf-email-validators.spec.ts" errors="0" failures="0" skipped="0" timestamp="2019-08-05T19:50:47" time="2.204" tests="9">
    <testcase classname="PfEmailValidators emailFormat should correctly validate an email" name="PfEmailValidators emailFormat should correctly validate an email" time="0.004">
    </testcase>
    <testcase classname="PfEmailValidators emailFormat should reject email without a strudel" name="PfEmailValidators emailFormat should reject email without a strudel" time="0.002">
    </testcase>
    <testcase classname="PfEmailValidators emailFormat should reject email without a period" name="PfEmailValidators emailFormat should reject email without a period" time="0">
    </testcase>
    <testcase classname="PfEmailValidators emailFormat should reject email with spaces" name="PfEmailValidators emailFormat should reject email with spaces" time="0.001">
    </testcase>
    <testcase classname="PfEmailValidators emailFormat should accept email with hyphen" name="PfEmailValidators emailFormat should accept email with hyphen" time="0">
    </testcase>
    <testcase classname="PfEmailValidators emailFormat should accept email with apostrophe" name="PfEmailValidators emailFormat should accept email with apostrophe" time="0.001">
    </testcase>
    <testcase classname="PfEmailValidators workEmail should reject email with invalid domain and return domain" name="PfEmailValidators workEmail should reject email with invalid domain and return domain" time="0.001">
    </testcase>
    <testcase classname="PfEmailValidators workEmail should reject email with invalid domain case insensitive and return domain" name="PfEmailValidators workEmail should reject email with invalid domain case insensitive and return domain" time="0">
    </testcase>
    <testcase classname="PfEmailValidators workEmail should accept email with valid domain" name="PfEmailValidators workEmail should accept email with valid domain" time="0">
    </testcase>
  </testsuite>
  <testsuite name="apps/community/app/_main/components/community-back-to-top-navigation/community-back-to-top-navigation.component.spec.ts" errors="0" failures="0" skipped="0" timestamp="2019-08-05T19:50:47" time="2.455" tests="2">
    <testcase classname="CommunityBackToTopNavigationComponent should show back to top button" name="CommunityBackToTopNavigationComponent should show back to top button" time="0.124">
    </testcase>
    <testcase classname="CommunityBackToTopNavigationComponent call onClick should emit back to top" name="CommunityBackToTopNavigationComponent call onClick should emit back to top" time="0.038">
    </testcase>
  </testsuite>
  <testsuite name="apps/dashboard/app/_main/containers/resources/resources.component.spec.ts" errors="0" failures="0" skipped="0" timestamp="2019-08-05T19:50:47" time="2.816" tests="1">
    <testcase classname="ResourcesComponent should create" name="ResourcesComponent should create" time="0.528">
    </testcase>
  </testsuite>
  <testsuite name="apps/community/app/_main/components/radial-text-counter/radial-text-counter.component.spec.ts" errors="0" failures="0" skipped="0" timestamp="2019-08-05T19:50:47" time="3.062" tests="3">
    <testcase classname="CommunityStartDiscussionComponent should show radial text counter" name="CommunityStartDiscussionComponent should show radial text counter" time="0.181">
    </testcase>
    <testcase classname="CommunityStartDiscussionComponent should set radialCounterClass to radial-counter-warn radial-counter-pulse when inputTextLength &gt;= WarningStartNumber " name="CommunityStartDiscussionComponent should set radialCounterClass to radial-counter-warn radial-counter-pulse when inputTextLength &gt;= WarningStartNumber " time="0.439">
    </testcase>
    <testcase classname="CommunityStartDiscussionComponent should set radialCounterClass to radial-counter-danger radial-counter-pulse when inputTextLength &gt;= DangerStartNumber " name="CommunityStartDiscussionComponent should set radialCounterClass to radial-counter-danger radial-counter-pulse when inputTextLength &gt;= DangerStartNumber " time="0.042">
    </testcase>
  </testsuite>
  <testsuite name="apps/community/app/_main/containers/community-post-add-reply-view/community-post-add-reply-view.component.spec.ts" errors="0" failures="0" skipped="0" timestamp="2019-08-05T19:50:47" time="2.938" tests="1">
    <testcase classname="CommunityPostAddReplyViewComponent should show community add reply view" name="CommunityPostAddReplyViewComponent should show community add reply view" time="0.215">
    </testcase>
  </testsuite>
  <testsuite name="apps/dashboard/app/_main/components/tile-preview/chart-with-list/tile-preview-chart-with-list.component.spec.ts" errors="0" failures="0" skipped="0" timestamp="2019-08-05T19:50:47" time="3.214" tests="1">
    <testcase classname="Tile Preview Chart With List should show component" name="Tile Preview Chart With List should show component" time="0.643">
    </testcase>
  </testsuite>
  <testsuite name="apps/dashboard/app/_main/components/tile-preview/icon/tile-preview-icon.component.spec.ts" errors="0" failures="0" skipped="0" timestamp="2019-08-05T19:50:47" time="3.415" tests="2">
    <testcase classname="TilePreviewIcon should show just icon and when no payload is given" name="TilePreviewIcon should show just icon and when no payload is given" time="0.32">
    </testcase>
    <testcase classname="TilePreviewIcon should show more than just an icon and when a payload is given" name="TilePreviewIcon should show more than just an icon and when a payload is given" time="0.41">
    </testcase>
  </testsuite>
  <testsuite name="apps/pf-admin/app/_navigation/containers/pages/navigation/navigation.page.spec.ts" errors="0" failures="0" skipped="0" timestamp="2019-08-05T19:50:47" time="3.388" tests="1">
    <testcase classname="Pf-Admin - Navigation - Navigation Page Should dispatch a LoadLinks Action when the page is loaded" name="Pf-Admin - Navigation - Navigation Page Should dispatch a LoadLinks Action when the page is loaded" time="0.174">
    </testcase>
  </testsuite>
  <testsuite name="libs/ui/common/error/pages/access-denied/access-denied.page.spec.ts" errors="0" failures="0" skipped="0" timestamp="2019-08-05T19:50:49" time="1.199" tests="1">
    <testcase classname="Access Denied Page should show the error message" name="Access Denied Page should show the error message" time="0.067">
    </testcase>
  </testsuite>
  <testsuite name="apps/peer/app/_dashboard/containers/exchange-job-count/exchange-job-count.component.spec.ts" errors="0" failures="0" skipped="0" timestamp="2019-08-05T19:50:49" time="1.299" tests="1">
    <testcase classname="Peer Dashboard - Exchange Job Count should display the job count" name="Peer Dashboard - Exchange Job Count should display the job count" time="0.071">
    </testcase>
  </testsuite>
  <testsuite name="apps/dashboard/app/_main/components/composite-summary-download/composite-summary-download.component.spec.ts" errors="0" failures="0" skipped="0" timestamp="2019-08-05T19:50:47" time="3.476" tests="6">
    <testcase classname="Dashboard - Main - Composite Summary Download should dispatch a CompositeSummaryDownload action on init" name="Dashboard - Main - Composite Summary Download should dispatch a CompositeSummaryDownload action on init" time="0.185">
    </testcase>
    <testcase classname="Dashboard - Main - Composite Summary Download should show an error with an invalid compositeDataLoadExternalId" name="Dashboard - Main - Composite Summary Download should show an error with an invalid compositeDataLoadExternalId" time="0.082">
    </testcase>
    <testcase classname="Dashboard - Main - Composite Summary Download should match query parameter error snapshot" name="Dashboard - Main - Composite Summary Download should match query parameter error snapshot" time="0.053">
    </testcase>
    <testcase classname="Dashboard - Main - Composite Summary Download should match file error snapshot" name="Dashboard - Main - Composite Summary Download should match file error snapshot" time="0.053">
    </testcase>
    <testcase classname="Dashboard - Main - Composite Summary Download should match file download in progress snapshot" name="Dashboard - Main - Composite Summary Download should match file download in progress snapshot" time="0.043">
    </testcase>
    <testcase classname="Dashboard - Main - Composite Summary Download should match file download success snapshot" name="Dashboard - Main - Composite Summary Download should match file download success snapshot" time="0.037">
    </testcase>
  </testsuite>
</testsuites>